[2025-06-04T14:15:01.069+0000] {processor.py:157} INFO - Started process (PID=174) to work on /opt/airflow/dags/airflow_etl.py
[2025-06-04T14:15:01.070+0000] {processor.py:829} INFO - Processing file /opt/airflow/dags/airflow_etl.py for tasks to queue
[2025-06-04T14:15:01.072+0000] {logging_mixin.py:151} INFO - [2025-06-04T14:15:01.071+0000] {dagbag.py:536} INFO - Filling up the DagBag from /opt/airflow/dags/airflow_etl.py
[2025-06-04T14:15:03.160+0000] {processor.py:839} INFO - DAG(s) dict_keys(['Airflow_ETL_DAG']) retrieved from /opt/airflow/dags/airflow_etl.py
[2025-06-04T14:15:03.199+0000] {logging_mixin.py:151} INFO - [2025-06-04T14:15:03.198+0000] {dag.py:2941} INFO - Sync 1 DAGs
[2025-06-04T14:15:03.232+0000] {logging_mixin.py:151} INFO - [2025-06-04T14:15:03.231+0000] {dag.py:3722} INFO - Setting next_dagrun for Airflow_ETL_DAG to None, run_after=None
[2025-06-04T14:15:03.259+0000] {processor.py:179} INFO - Processing /opt/airflow/dags/airflow_etl.py took 2.194 seconds
[2025-06-04T14:15:33.356+0000] {processor.py:157} INFO - Started process (PID=187) to work on /opt/airflow/dags/airflow_etl.py
[2025-06-04T14:15:33.358+0000] {processor.py:829} INFO - Processing file /opt/airflow/dags/airflow_etl.py for tasks to queue
[2025-06-04T14:15:33.359+0000] {logging_mixin.py:151} INFO - [2025-06-04T14:15:33.359+0000] {dagbag.py:536} INFO - Filling up the DagBag from /opt/airflow/dags/airflow_etl.py
[2025-06-04T14:15:33.896+0000] {processor.py:839} INFO - DAG(s) dict_keys(['Airflow_ETL_DAG']) retrieved from /opt/airflow/dags/airflow_etl.py
[2025-06-04T14:15:33.925+0000] {logging_mixin.py:151} INFO - [2025-06-04T14:15:33.924+0000] {dag.py:2941} INFO - Sync 1 DAGs
[2025-06-04T14:15:33.950+0000] {logging_mixin.py:151} INFO - [2025-06-04T14:15:33.950+0000] {dag.py:3722} INFO - Setting next_dagrun for Airflow_ETL_DAG to None, run_after=None
[2025-06-04T14:15:33.993+0000] {processor.py:179} INFO - Processing /opt/airflow/dags/airflow_etl.py took 0.641 seconds
[2025-06-04T14:16:04.742+0000] {processor.py:157} INFO - Started process (PID=198) to work on /opt/airflow/dags/airflow_etl.py
[2025-06-04T14:16:04.743+0000] {processor.py:829} INFO - Processing file /opt/airflow/dags/airflow_etl.py for tasks to queue
[2025-06-04T14:16:04.745+0000] {logging_mixin.py:151} INFO - [2025-06-04T14:16:04.744+0000] {dagbag.py:536} INFO - Filling up the DagBag from /opt/airflow/dags/airflow_etl.py
[2025-06-04T14:16:05.381+0000] {processor.py:839} INFO - DAG(s) dict_keys(['Airflow_ETL_DAG']) retrieved from /opt/airflow/dags/airflow_etl.py
[2025-06-04T14:16:05.404+0000] {logging_mixin.py:151} INFO - [2025-06-04T14:16:05.403+0000] {dag.py:2941} INFO - Sync 1 DAGs
[2025-06-04T14:16:05.423+0000] {logging_mixin.py:151} INFO - [2025-06-04T14:16:05.423+0000] {dag.py:3722} INFO - Setting next_dagrun for Airflow_ETL_DAG to None, run_after=None
[2025-06-04T14:16:05.443+0000] {processor.py:179} INFO - Processing /opt/airflow/dags/airflow_etl.py took 0.707 seconds
[2025-06-04T14:16:36.213+0000] {processor.py:157} INFO - Started process (PID=209) to work on /opt/airflow/dags/airflow_etl.py
[2025-06-04T14:16:36.214+0000] {processor.py:829} INFO - Processing file /opt/airflow/dags/airflow_etl.py for tasks to queue
[2025-06-04T14:16:36.215+0000] {logging_mixin.py:151} INFO - [2025-06-04T14:16:36.214+0000] {dagbag.py:536} INFO - Filling up the DagBag from /opt/airflow/dags/airflow_etl.py
[2025-06-04T14:16:36.723+0000] {processor.py:839} INFO - DAG(s) dict_keys(['Airflow_ETL_DAG']) retrieved from /opt/airflow/dags/airflow_etl.py
[2025-06-04T14:16:36.747+0000] {logging_mixin.py:151} INFO - [2025-06-04T14:16:36.747+0000] {dag.py:2941} INFO - Sync 1 DAGs
[2025-06-04T14:16:36.768+0000] {logging_mixin.py:151} INFO - [2025-06-04T14:16:36.768+0000] {dag.py:3722} INFO - Setting next_dagrun for Airflow_ETL_DAG to None, run_after=None
[2025-06-04T14:16:36.786+0000] {processor.py:179} INFO - Processing /opt/airflow/dags/airflow_etl.py took 0.577 seconds
[2025-06-04T14:17:07.611+0000] {processor.py:157} INFO - Started process (PID=220) to work on /opt/airflow/dags/airflow_etl.py
[2025-06-04T14:17:07.612+0000] {processor.py:829} INFO - Processing file /opt/airflow/dags/airflow_etl.py for tasks to queue
[2025-06-04T14:17:07.613+0000] {logging_mixin.py:151} INFO - [2025-06-04T14:17:07.613+0000] {dagbag.py:536} INFO - Filling up the DagBag from /opt/airflow/dags/airflow_etl.py
[2025-06-04T14:17:08.337+0000] {processor.py:839} INFO - DAG(s) dict_keys(['Airflow_ETL_DAG']) retrieved from /opt/airflow/dags/airflow_etl.py
[2025-06-04T14:17:08.377+0000] {logging_mixin.py:151} INFO - [2025-06-04T14:17:08.376+0000] {dag.py:2941} INFO - Sync 1 DAGs
[2025-06-04T14:17:08.407+0000] {logging_mixin.py:151} INFO - [2025-06-04T14:17:08.407+0000] {dag.py:3722} INFO - Setting next_dagrun for Airflow_ETL_DAG to None, run_after=None
[2025-06-04T14:17:08.453+0000] {processor.py:179} INFO - Processing /opt/airflow/dags/airflow_etl.py took 0.847 seconds
[2025-06-04T14:17:39.081+0000] {processor.py:157} INFO - Started process (PID=231) to work on /opt/airflow/dags/airflow_etl.py
[2025-06-04T14:17:39.082+0000] {processor.py:829} INFO - Processing file /opt/airflow/dags/airflow_etl.py for tasks to queue
[2025-06-04T14:17:39.083+0000] {logging_mixin.py:151} INFO - [2025-06-04T14:17:39.083+0000] {dagbag.py:536} INFO - Filling up the DagBag from /opt/airflow/dags/airflow_etl.py
[2025-06-04T14:17:39.779+0000] {processor.py:839} INFO - DAG(s) dict_keys(['Airflow_ETL_DAG']) retrieved from /opt/airflow/dags/airflow_etl.py
[2025-06-04T14:17:39.804+0000] {logging_mixin.py:151} INFO - [2025-06-04T14:17:39.803+0000] {dag.py:2941} INFO - Sync 1 DAGs
[2025-06-04T14:17:39.824+0000] {logging_mixin.py:151} INFO - [2025-06-04T14:17:39.824+0000] {dag.py:3722} INFO - Setting next_dagrun for Airflow_ETL_DAG to None, run_after=None
[2025-06-04T14:17:39.863+0000] {processor.py:179} INFO - Processing /opt/airflow/dags/airflow_etl.py took 0.787 seconds
[2025-06-04T14:18:10.539+0000] {processor.py:157} INFO - Started process (PID=242) to work on /opt/airflow/dags/airflow_etl.py
[2025-06-04T14:18:10.540+0000] {processor.py:829} INFO - Processing file /opt/airflow/dags/airflow_etl.py for tasks to queue
[2025-06-04T14:18:10.541+0000] {logging_mixin.py:151} INFO - [2025-06-04T14:18:10.541+0000] {dagbag.py:536} INFO - Filling up the DagBag from /opt/airflow/dags/airflow_etl.py
[2025-06-04T14:18:11.017+0000] {processor.py:839} INFO - DAG(s) dict_keys(['Airflow_ETL_DAG']) retrieved from /opt/airflow/dags/airflow_etl.py
[2025-06-04T14:18:11.040+0000] {logging_mixin.py:151} INFO - [2025-06-04T14:18:11.040+0000] {dag.py:2941} INFO - Sync 1 DAGs
[2025-06-04T14:18:11.063+0000] {logging_mixin.py:151} INFO - [2025-06-04T14:18:11.063+0000] {dag.py:3722} INFO - Setting next_dagrun for Airflow_ETL_DAG to None, run_after=None
[2025-06-04T14:18:11.083+0000] {processor.py:179} INFO - Processing /opt/airflow/dags/airflow_etl.py took 0.547 seconds
[2025-06-04T14:18:41.958+0000] {processor.py:157} INFO - Started process (PID=253) to work on /opt/airflow/dags/airflow_etl.py
[2025-06-04T14:18:41.959+0000] {processor.py:829} INFO - Processing file /opt/airflow/dags/airflow_etl.py for tasks to queue
[2025-06-04T14:18:41.960+0000] {logging_mixin.py:151} INFO - [2025-06-04T14:18:41.959+0000] {dagbag.py:536} INFO - Filling up the DagBag from /opt/airflow/dags/airflow_etl.py
[2025-06-04T14:18:42.426+0000] {processor.py:839} INFO - DAG(s) dict_keys(['Airflow_ETL_DAG']) retrieved from /opt/airflow/dags/airflow_etl.py
[2025-06-04T14:18:42.450+0000] {logging_mixin.py:151} INFO - [2025-06-04T14:18:42.450+0000] {dag.py:2941} INFO - Sync 1 DAGs
[2025-06-04T14:18:42.469+0000] {logging_mixin.py:151} INFO - [2025-06-04T14:18:42.469+0000] {dag.py:3722} INFO - Setting next_dagrun for Airflow_ETL_DAG to None, run_after=None
[2025-06-04T14:18:42.487+0000] {processor.py:179} INFO - Processing /opt/airflow/dags/airflow_etl.py took 0.532 seconds
[2025-06-04T14:19:13.303+0000] {processor.py:157} INFO - Started process (PID=264) to work on /opt/airflow/dags/airflow_etl.py
[2025-06-04T14:19:13.305+0000] {processor.py:829} INFO - Processing file /opt/airflow/dags/airflow_etl.py for tasks to queue
[2025-06-04T14:19:13.306+0000] {logging_mixin.py:151} INFO - [2025-06-04T14:19:13.306+0000] {dagbag.py:536} INFO - Filling up the DagBag from /opt/airflow/dags/airflow_etl.py
[2025-06-04T14:19:14.000+0000] {processor.py:839} INFO - DAG(s) dict_keys(['Airflow_ETL_DAG']) retrieved from /opt/airflow/dags/airflow_etl.py
[2025-06-04T14:19:14.030+0000] {logging_mixin.py:151} INFO - [2025-06-04T14:19:14.029+0000] {dag.py:2941} INFO - Sync 1 DAGs
[2025-06-04T14:19:14.051+0000] {logging_mixin.py:151} INFO - [2025-06-04T14:19:14.051+0000] {dag.py:3722} INFO - Setting next_dagrun for Airflow_ETL_DAG to None, run_after=None
[2025-06-04T14:19:14.078+0000] {processor.py:179} INFO - Processing /opt/airflow/dags/airflow_etl.py took 0.781 seconds
[2025-06-04T14:19:44.670+0000] {processor.py:157} INFO - Started process (PID=275) to work on /opt/airflow/dags/airflow_etl.py
[2025-06-04T14:19:44.672+0000] {processor.py:829} INFO - Processing file /opt/airflow/dags/airflow_etl.py for tasks to queue
[2025-06-04T14:19:44.673+0000] {logging_mixin.py:151} INFO - [2025-06-04T14:19:44.673+0000] {dagbag.py:536} INFO - Filling up the DagBag from /opt/airflow/dags/airflow_etl.py
[2025-06-04T14:19:45.329+0000] {processor.py:839} INFO - DAG(s) dict_keys(['Airflow_ETL_DAG']) retrieved from /opt/airflow/dags/airflow_etl.py
[2025-06-04T14:19:45.409+0000] {logging_mixin.py:151} INFO - [2025-06-04T14:19:45.408+0000] {dag.py:2941} INFO - Sync 1 DAGs
[2025-06-04T14:19:45.441+0000] {logging_mixin.py:151} INFO - [2025-06-04T14:19:45.440+0000] {dag.py:3722} INFO - Setting next_dagrun for Airflow_ETL_DAG to None, run_after=None
[2025-06-04T14:19:45.466+0000] {processor.py:179} INFO - Processing /opt/airflow/dags/airflow_etl.py took 0.800 seconds
[2025-06-04T14:20:16.269+0000] {processor.py:157} INFO - Started process (PID=286) to work on /opt/airflow/dags/airflow_etl.py
[2025-06-04T14:20:16.269+0000] {processor.py:829} INFO - Processing file /opt/airflow/dags/airflow_etl.py for tasks to queue
[2025-06-04T14:20:16.270+0000] {logging_mixin.py:151} INFO - [2025-06-04T14:20:16.270+0000] {dagbag.py:536} INFO - Filling up the DagBag from /opt/airflow/dags/airflow_etl.py
[2025-06-04T14:20:16.910+0000] {processor.py:839} INFO - DAG(s) dict_keys(['Airflow_ETL_DAG']) retrieved from /opt/airflow/dags/airflow_etl.py
[2025-06-04T14:20:16.982+0000] {logging_mixin.py:151} INFO - [2025-06-04T14:20:16.981+0000] {dag.py:2941} INFO - Sync 1 DAGs
[2025-06-04T14:20:17.008+0000] {logging_mixin.py:151} INFO - [2025-06-04T14:20:17.007+0000] {dag.py:3722} INFO - Setting next_dagrun for Airflow_ETL_DAG to None, run_after=None
[2025-06-04T14:20:17.070+0000] {processor.py:179} INFO - Processing /opt/airflow/dags/airflow_etl.py took 0.804 seconds
[2025-06-04T14:20:47.718+0000] {processor.py:157} INFO - Started process (PID=297) to work on /opt/airflow/dags/airflow_etl.py
[2025-06-04T14:20:47.719+0000] {processor.py:829} INFO - Processing file /opt/airflow/dags/airflow_etl.py for tasks to queue
[2025-06-04T14:20:47.720+0000] {logging_mixin.py:151} INFO - [2025-06-04T14:20:47.720+0000] {dagbag.py:536} INFO - Filling up the DagBag from /opt/airflow/dags/airflow_etl.py
[2025-06-04T14:20:48.175+0000] {processor.py:839} INFO - DAG(s) dict_keys(['Airflow_ETL_DAG']) retrieved from /opt/airflow/dags/airflow_etl.py
[2025-06-04T14:20:48.204+0000] {logging_mixin.py:151} INFO - [2025-06-04T14:20:48.204+0000] {dag.py:2941} INFO - Sync 1 DAGs
[2025-06-04T14:20:48.224+0000] {logging_mixin.py:151} INFO - [2025-06-04T14:20:48.224+0000] {dag.py:3722} INFO - Setting next_dagrun for Airflow_ETL_DAG to None, run_after=None
[2025-06-04T14:20:48.250+0000] {processor.py:179} INFO - Processing /opt/airflow/dags/airflow_etl.py took 0.536 seconds
[2025-06-04T14:21:18.364+0000] {processor.py:157} INFO - Started process (PID=308) to work on /opt/airflow/dags/airflow_etl.py
[2025-06-04T14:21:18.365+0000] {processor.py:829} INFO - Processing file /opt/airflow/dags/airflow_etl.py for tasks to queue
[2025-06-04T14:21:18.366+0000] {logging_mixin.py:151} INFO - [2025-06-04T14:21:18.366+0000] {dagbag.py:536} INFO - Filling up the DagBag from /opt/airflow/dags/airflow_etl.py
[2025-06-04T14:21:18.840+0000] {processor.py:839} INFO - DAG(s) dict_keys(['Airflow_ETL_DAG']) retrieved from /opt/airflow/dags/airflow_etl.py
[2025-06-04T14:21:18.866+0000] {logging_mixin.py:151} INFO - [2025-06-04T14:21:18.865+0000] {dag.py:2941} INFO - Sync 1 DAGs
[2025-06-04T14:21:18.885+0000] {logging_mixin.py:151} INFO - [2025-06-04T14:21:18.884+0000] {dag.py:3722} INFO - Setting next_dagrun for Airflow_ETL_DAG to None, run_after=None
[2025-06-04T14:21:18.902+0000] {processor.py:179} INFO - Processing /opt/airflow/dags/airflow_etl.py took 0.541 seconds
[2025-06-04T14:21:49.683+0000] {processor.py:157} INFO - Started process (PID=319) to work on /opt/airflow/dags/airflow_etl.py
[2025-06-04T14:21:49.684+0000] {processor.py:829} INFO - Processing file /opt/airflow/dags/airflow_etl.py for tasks to queue
[2025-06-04T14:21:49.685+0000] {logging_mixin.py:151} INFO - [2025-06-04T14:21:49.685+0000] {dagbag.py:536} INFO - Filling up the DagBag from /opt/airflow/dags/airflow_etl.py
[2025-06-04T14:21:50.366+0000] {processor.py:839} INFO - DAG(s) dict_keys(['Airflow_ETL_DAG']) retrieved from /opt/airflow/dags/airflow_etl.py
[2025-06-04T14:21:50.437+0000] {logging_mixin.py:151} INFO - [2025-06-04T14:21:50.436+0000] {dag.py:2941} INFO - Sync 1 DAGs
[2025-06-04T14:21:50.459+0000] {logging_mixin.py:151} INFO - [2025-06-04T14:21:50.458+0000] {dag.py:3722} INFO - Setting next_dagrun for Airflow_ETL_DAG to None, run_after=None
[2025-06-04T14:21:50.522+0000] {processor.py:179} INFO - Processing /opt/airflow/dags/airflow_etl.py took 0.843 seconds
[2025-06-04T14:22:20.834+0000] {processor.py:157} INFO - Started process (PID=330) to work on /opt/airflow/dags/airflow_etl.py
[2025-06-04T14:22:20.835+0000] {processor.py:829} INFO - Processing file /opt/airflow/dags/airflow_etl.py for tasks to queue
[2025-06-04T14:22:20.836+0000] {logging_mixin.py:151} INFO - [2025-06-04T14:22:20.836+0000] {dagbag.py:536} INFO - Filling up the DagBag from /opt/airflow/dags/airflow_etl.py
[2025-06-04T14:22:21.315+0000] {processor.py:839} INFO - DAG(s) dict_keys(['Airflow_ETL_DAG']) retrieved from /opt/airflow/dags/airflow_etl.py
[2025-06-04T14:22:21.342+0000] {logging_mixin.py:151} INFO - [2025-06-04T14:22:21.341+0000] {dag.py:2941} INFO - Sync 1 DAGs
[2025-06-04T14:22:21.363+0000] {logging_mixin.py:151} INFO - [2025-06-04T14:22:21.363+0000] {dag.py:3722} INFO - Setting next_dagrun for Airflow_ETL_DAG to None, run_after=None
[2025-06-04T14:22:21.424+0000] {processor.py:179} INFO - Processing /opt/airflow/dags/airflow_etl.py took 0.593 seconds
[2025-06-04T14:22:51.509+0000] {processor.py:157} INFO - Started process (PID=341) to work on /opt/airflow/dags/airflow_etl.py
[2025-06-04T14:22:51.510+0000] {processor.py:829} INFO - Processing file /opt/airflow/dags/airflow_etl.py for tasks to queue
[2025-06-04T14:22:51.511+0000] {logging_mixin.py:151} INFO - [2025-06-04T14:22:51.511+0000] {dagbag.py:536} INFO - Filling up the DagBag from /opt/airflow/dags/airflow_etl.py
[2025-06-04T14:22:51.958+0000] {processor.py:839} INFO - DAG(s) dict_keys(['Airflow_ETL_DAG']) retrieved from /opt/airflow/dags/airflow_etl.py
[2025-06-04T14:22:51.997+0000] {logging_mixin.py:151} INFO - [2025-06-04T14:22:51.997+0000] {dag.py:2941} INFO - Sync 1 DAGs
[2025-06-04T14:22:52.024+0000] {logging_mixin.py:151} INFO - [2025-06-04T14:22:52.023+0000] {dag.py:3722} INFO - Setting next_dagrun for Airflow_ETL_DAG to None, run_after=None
[2025-06-04T14:22:52.046+0000] {processor.py:179} INFO - Processing /opt/airflow/dags/airflow_etl.py took 0.540 seconds
[2025-06-04T14:23:22.803+0000] {processor.py:157} INFO - Started process (PID=352) to work on /opt/airflow/dags/airflow_etl.py
[2025-06-04T14:23:22.805+0000] {processor.py:829} INFO - Processing file /opt/airflow/dags/airflow_etl.py for tasks to queue
[2025-06-04T14:23:22.806+0000] {logging_mixin.py:151} INFO - [2025-06-04T14:23:22.806+0000] {dagbag.py:536} INFO - Filling up the DagBag from /opt/airflow/dags/airflow_etl.py
[2025-06-04T14:23:23.489+0000] {processor.py:839} INFO - DAG(s) dict_keys(['Airflow_ETL_DAG']) retrieved from /opt/airflow/dags/airflow_etl.py
[2025-06-04T14:23:23.559+0000] {logging_mixin.py:151} INFO - [2025-06-04T14:23:23.559+0000] {dag.py:2941} INFO - Sync 1 DAGs
[2025-06-04T14:23:23.582+0000] {logging_mixin.py:151} INFO - [2025-06-04T14:23:23.582+0000] {dag.py:3722} INFO - Setting next_dagrun for Airflow_ETL_DAG to None, run_after=None
[2025-06-04T14:23:23.644+0000] {processor.py:179} INFO - Processing /opt/airflow/dags/airflow_etl.py took 0.845 seconds
[2025-06-04T14:23:54.299+0000] {processor.py:157} INFO - Started process (PID=363) to work on /opt/airflow/dags/airflow_etl.py
[2025-06-04T14:23:54.300+0000] {processor.py:829} INFO - Processing file /opt/airflow/dags/airflow_etl.py for tasks to queue
[2025-06-04T14:23:54.301+0000] {logging_mixin.py:151} INFO - [2025-06-04T14:23:54.301+0000] {dagbag.py:536} INFO - Filling up the DagBag from /opt/airflow/dags/airflow_etl.py
[2025-06-04T14:23:54.763+0000] {processor.py:839} INFO - DAG(s) dict_keys(['Airflow_ETL_DAG']) retrieved from /opt/airflow/dags/airflow_etl.py
[2025-06-04T14:23:54.787+0000] {logging_mixin.py:151} INFO - [2025-06-04T14:23:54.787+0000] {dag.py:2941} INFO - Sync 1 DAGs
[2025-06-04T14:23:54.807+0000] {logging_mixin.py:151} INFO - [2025-06-04T14:23:54.806+0000] {dag.py:3722} INFO - Setting next_dagrun for Airflow_ETL_DAG to None, run_after=None
[2025-06-04T14:23:54.844+0000] {processor.py:179} INFO - Processing /opt/airflow/dags/airflow_etl.py took 0.549 seconds
[2025-06-04T14:24:25.678+0000] {processor.py:157} INFO - Started process (PID=374) to work on /opt/airflow/dags/airflow_etl.py
[2025-06-04T14:24:25.679+0000] {processor.py:829} INFO - Processing file /opt/airflow/dags/airflow_etl.py for tasks to queue
[2025-06-04T14:24:25.681+0000] {logging_mixin.py:151} INFO - [2025-06-04T14:24:25.680+0000] {dagbag.py:536} INFO - Filling up the DagBag from /opt/airflow/dags/airflow_etl.py
[2025-06-04T14:24:26.231+0000] {processor.py:839} INFO - DAG(s) dict_keys(['Airflow_ETL_DAG']) retrieved from /opt/airflow/dags/airflow_etl.py
[2025-06-04T14:24:26.273+0000] {logging_mixin.py:151} INFO - [2025-06-04T14:24:26.272+0000] {dag.py:2941} INFO - Sync 1 DAGs
[2025-06-04T14:24:26.297+0000] {logging_mixin.py:151} INFO - [2025-06-04T14:24:26.297+0000] {dag.py:3722} INFO - Setting next_dagrun for Airflow_ETL_DAG to None, run_after=None
[2025-06-04T14:24:26.318+0000] {processor.py:179} INFO - Processing /opt/airflow/dags/airflow_etl.py took 0.644 seconds
[2025-06-04T14:24:57.034+0000] {processor.py:157} INFO - Started process (PID=385) to work on /opt/airflow/dags/airflow_etl.py
[2025-06-04T14:24:57.035+0000] {processor.py:829} INFO - Processing file /opt/airflow/dags/airflow_etl.py for tasks to queue
[2025-06-04T14:24:57.036+0000] {logging_mixin.py:151} INFO - [2025-06-04T14:24:57.036+0000] {dagbag.py:536} INFO - Filling up the DagBag from /opt/airflow/dags/airflow_etl.py
[2025-06-04T14:24:57.654+0000] {processor.py:839} INFO - DAG(s) dict_keys(['Airflow_ETL_DAG']) retrieved from /opt/airflow/dags/airflow_etl.py
[2025-06-04T14:24:57.687+0000] {logging_mixin.py:151} INFO - [2025-06-04T14:24:57.686+0000] {dag.py:2941} INFO - Sync 1 DAGs
[2025-06-04T14:24:57.707+0000] {logging_mixin.py:151} INFO - [2025-06-04T14:24:57.707+0000] {dag.py:3722} INFO - Setting next_dagrun for Airflow_ETL_DAG to None, run_after=None
[2025-06-04T14:24:57.726+0000] {processor.py:179} INFO - Processing /opt/airflow/dags/airflow_etl.py took 0.696 seconds
[2025-06-04T14:25:27.804+0000] {processor.py:157} INFO - Started process (PID=396) to work on /opt/airflow/dags/airflow_etl.py
[2025-06-04T14:25:27.805+0000] {processor.py:829} INFO - Processing file /opt/airflow/dags/airflow_etl.py for tasks to queue
[2025-06-04T14:25:27.806+0000] {logging_mixin.py:151} INFO - [2025-06-04T14:25:27.806+0000] {dagbag.py:536} INFO - Filling up the DagBag from /opt/airflow/dags/airflow_etl.py
[2025-06-04T14:25:28.326+0000] {processor.py:839} INFO - DAG(s) dict_keys(['Airflow_ETL_DAG']) retrieved from /opt/airflow/dags/airflow_etl.py
[2025-06-04T14:25:28.357+0000] {logging_mixin.py:151} INFO - [2025-06-04T14:25:28.356+0000] {dag.py:2941} INFO - Sync 1 DAGs
[2025-06-04T14:25:28.382+0000] {logging_mixin.py:151} INFO - [2025-06-04T14:25:28.382+0000] {dag.py:3722} INFO - Setting next_dagrun for Airflow_ETL_DAG to None, run_after=None
[2025-06-04T14:25:28.423+0000] {processor.py:179} INFO - Processing /opt/airflow/dags/airflow_etl.py took 0.622 seconds
[2025-06-04T14:25:59.061+0000] {processor.py:157} INFO - Started process (PID=407) to work on /opt/airflow/dags/airflow_etl.py
[2025-06-04T14:25:59.062+0000] {processor.py:829} INFO - Processing file /opt/airflow/dags/airflow_etl.py for tasks to queue
[2025-06-04T14:25:59.063+0000] {logging_mixin.py:151} INFO - [2025-06-04T14:25:59.063+0000] {dagbag.py:536} INFO - Filling up the DagBag from /opt/airflow/dags/airflow_etl.py
[2025-06-04T14:25:59.540+0000] {processor.py:839} INFO - DAG(s) dict_keys(['Airflow_ETL_DAG']) retrieved from /opt/airflow/dags/airflow_etl.py
[2025-06-04T14:25:59.567+0000] {logging_mixin.py:151} INFO - [2025-06-04T14:25:59.566+0000] {dag.py:2941} INFO - Sync 1 DAGs
[2025-06-04T14:25:59.591+0000] {logging_mixin.py:151} INFO - [2025-06-04T14:25:59.590+0000] {dag.py:3722} INFO - Setting next_dagrun for Airflow_ETL_DAG to None, run_after=None
[2025-06-04T14:25:59.615+0000] {processor.py:179} INFO - Processing /opt/airflow/dags/airflow_etl.py took 0.557 seconds
[2025-06-04T14:26:30.459+0000] {processor.py:157} INFO - Started process (PID=418) to work on /opt/airflow/dags/airflow_etl.py
[2025-06-04T14:26:30.461+0000] {processor.py:829} INFO - Processing file /opt/airflow/dags/airflow_etl.py for tasks to queue
[2025-06-04T14:26:30.462+0000] {logging_mixin.py:151} INFO - [2025-06-04T14:26:30.462+0000] {dagbag.py:536} INFO - Filling up the DagBag from /opt/airflow/dags/airflow_etl.py
[2025-06-04T14:26:31.094+0000] {processor.py:839} INFO - DAG(s) dict_keys(['Airflow_ETL_DAG']) retrieved from /opt/airflow/dags/airflow_etl.py
[2025-06-04T14:26:31.128+0000] {logging_mixin.py:151} INFO - [2025-06-04T14:26:31.127+0000] {dag.py:2941} INFO - Sync 1 DAGs
[2025-06-04T14:26:31.152+0000] {logging_mixin.py:151} INFO - [2025-06-04T14:26:31.151+0000] {dag.py:3722} INFO - Setting next_dagrun for Airflow_ETL_DAG to None, run_after=None
[2025-06-04T14:26:31.175+0000] {processor.py:179} INFO - Processing /opt/airflow/dags/airflow_etl.py took 0.722 seconds
[2025-06-04T14:27:01.812+0000] {processor.py:157} INFO - Started process (PID=429) to work on /opt/airflow/dags/airflow_etl.py
[2025-06-04T14:27:01.814+0000] {processor.py:829} INFO - Processing file /opt/airflow/dags/airflow_etl.py for tasks to queue
[2025-06-04T14:27:01.815+0000] {logging_mixin.py:151} INFO - [2025-06-04T14:27:01.815+0000] {dagbag.py:536} INFO - Filling up the DagBag from /opt/airflow/dags/airflow_etl.py
[2025-06-04T14:27:02.518+0000] {processor.py:839} INFO - DAG(s) dict_keys(['Airflow_ETL_DAG']) retrieved from /opt/airflow/dags/airflow_etl.py
[2025-06-04T14:27:02.560+0000] {logging_mixin.py:151} INFO - [2025-06-04T14:27:02.559+0000] {dag.py:2941} INFO - Sync 1 DAGs
[2025-06-04T14:27:02.591+0000] {logging_mixin.py:151} INFO - [2025-06-04T14:27:02.591+0000] {dag.py:3722} INFO - Setting next_dagrun for Airflow_ETL_DAG to None, run_after=None
[2025-06-04T14:27:02.619+0000] {processor.py:179} INFO - Processing /opt/airflow/dags/airflow_etl.py took 0.810 seconds
[2025-06-04T14:27:33.196+0000] {processor.py:157} INFO - Started process (PID=440) to work on /opt/airflow/dags/airflow_etl.py
[2025-06-04T14:27:33.197+0000] {processor.py:829} INFO - Processing file /opt/airflow/dags/airflow_etl.py for tasks to queue
[2025-06-04T14:27:33.199+0000] {logging_mixin.py:151} INFO - [2025-06-04T14:27:33.198+0000] {dagbag.py:536} INFO - Filling up the DagBag from /opt/airflow/dags/airflow_etl.py
[2025-06-04T14:27:33.945+0000] {processor.py:839} INFO - DAG(s) dict_keys(['Airflow_ETL_DAG']) retrieved from /opt/airflow/dags/airflow_etl.py
[2025-06-04T14:27:33.991+0000] {logging_mixin.py:151} INFO - [2025-06-04T14:27:33.990+0000] {dag.py:2941} INFO - Sync 1 DAGs
[2025-06-04T14:27:34.028+0000] {logging_mixin.py:151} INFO - [2025-06-04T14:27:34.028+0000] {dag.py:3722} INFO - Setting next_dagrun for Airflow_ETL_DAG to None, run_after=None
[2025-06-04T14:27:34.058+0000] {processor.py:179} INFO - Processing /opt/airflow/dags/airflow_etl.py took 0.868 seconds
[2025-06-04T14:28:04.605+0000] {processor.py:157} INFO - Started process (PID=451) to work on /opt/airflow/dags/airflow_etl.py
[2025-06-04T14:28:04.607+0000] {processor.py:829} INFO - Processing file /opt/airflow/dags/airflow_etl.py for tasks to queue
[2025-06-04T14:28:04.610+0000] {logging_mixin.py:151} INFO - [2025-06-04T14:28:04.609+0000] {dagbag.py:536} INFO - Filling up the DagBag from /opt/airflow/dags/airflow_etl.py
[2025-06-04T14:28:05.452+0000] {processor.py:839} INFO - DAG(s) dict_keys(['Airflow_ETL_DAG']) retrieved from /opt/airflow/dags/airflow_etl.py
[2025-06-04T14:28:05.495+0000] {logging_mixin.py:151} INFO - [2025-06-04T14:28:05.494+0000] {dag.py:2941} INFO - Sync 1 DAGs
[2025-06-04T14:28:05.525+0000] {logging_mixin.py:151} INFO - [2025-06-04T14:28:05.525+0000] {dag.py:3722} INFO - Setting next_dagrun for Airflow_ETL_DAG to None, run_after=None
[2025-06-04T14:28:05.545+0000] {processor.py:179} INFO - Processing /opt/airflow/dags/airflow_etl.py took 0.954 seconds
[2025-06-04T14:28:35.850+0000] {processor.py:157} INFO - Started process (PID=462) to work on /opt/airflow/dags/airflow_etl.py
[2025-06-04T14:28:35.852+0000] {processor.py:829} INFO - Processing file /opt/airflow/dags/airflow_etl.py for tasks to queue
[2025-06-04T14:28:35.854+0000] {logging_mixin.py:151} INFO - [2025-06-04T14:28:35.853+0000] {dagbag.py:536} INFO - Filling up the DagBag from /opt/airflow/dags/airflow_etl.py
[2025-06-04T14:28:36.414+0000] {processor.py:839} INFO - DAG(s) dict_keys(['Airflow_ETL_DAG']) retrieved from /opt/airflow/dags/airflow_etl.py
[2025-06-04T14:28:36.449+0000] {logging_mixin.py:151} INFO - [2025-06-04T14:28:36.449+0000] {dag.py:2941} INFO - Sync 1 DAGs
[2025-06-04T14:28:36.474+0000] {logging_mixin.py:151} INFO - [2025-06-04T14:28:36.474+0000] {dag.py:3722} INFO - Setting next_dagrun for Airflow_ETL_DAG to None, run_after=None
[2025-06-04T14:28:36.499+0000] {processor.py:179} INFO - Processing /opt/airflow/dags/airflow_etl.py took 0.659 seconds
[2025-06-04T14:29:07.219+0000] {processor.py:157} INFO - Started process (PID=473) to work on /opt/airflow/dags/airflow_etl.py
[2025-06-04T14:29:07.220+0000] {processor.py:829} INFO - Processing file /opt/airflow/dags/airflow_etl.py for tasks to queue
[2025-06-04T14:29:07.221+0000] {logging_mixin.py:151} INFO - [2025-06-04T14:29:07.221+0000] {dagbag.py:536} INFO - Filling up the DagBag from /opt/airflow/dags/airflow_etl.py
[2025-06-04T14:29:07.744+0000] {processor.py:839} INFO - DAG(s) dict_keys(['Airflow_ETL_DAG']) retrieved from /opt/airflow/dags/airflow_etl.py
[2025-06-04T14:29:07.774+0000] {logging_mixin.py:151} INFO - [2025-06-04T14:29:07.774+0000] {dag.py:2941} INFO - Sync 1 DAGs
[2025-06-04T14:29:07.797+0000] {logging_mixin.py:151} INFO - [2025-06-04T14:29:07.797+0000] {dag.py:3722} INFO - Setting next_dagrun for Airflow_ETL_DAG to None, run_after=None
[2025-06-04T14:29:07.816+0000] {processor.py:179} INFO - Processing /opt/airflow/dags/airflow_etl.py took 0.602 seconds
[2025-06-04T14:29:38.615+0000] {processor.py:157} INFO - Started process (PID=484) to work on /opt/airflow/dags/airflow_etl.py
[2025-06-04T14:29:38.616+0000] {processor.py:829} INFO - Processing file /opt/airflow/dags/airflow_etl.py for tasks to queue
[2025-06-04T14:29:38.618+0000] {logging_mixin.py:151} INFO - [2025-06-04T14:29:38.617+0000] {dagbag.py:536} INFO - Filling up the DagBag from /opt/airflow/dags/airflow_etl.py
[2025-06-04T14:29:39.248+0000] {processor.py:839} INFO - DAG(s) dict_keys(['Airflow_ETL_DAG']) retrieved from /opt/airflow/dags/airflow_etl.py
[2025-06-04T14:29:39.303+0000] {logging_mixin.py:151} INFO - [2025-06-04T14:29:39.303+0000] {dag.py:2941} INFO - Sync 1 DAGs
[2025-06-04T14:29:39.327+0000] {logging_mixin.py:151} INFO - [2025-06-04T14:29:39.327+0000] {dag.py:3722} INFO - Setting next_dagrun for Airflow_ETL_DAG to None, run_after=None
[2025-06-04T14:29:39.348+0000] {processor.py:179} INFO - Processing /opt/airflow/dags/airflow_etl.py took 0.741 seconds
[2025-06-04T14:30:10.204+0000] {processor.py:157} INFO - Started process (PID=495) to work on /opt/airflow/dags/airflow_etl.py
[2025-06-04T14:30:10.205+0000] {processor.py:829} INFO - Processing file /opt/airflow/dags/airflow_etl.py for tasks to queue
[2025-06-04T14:30:10.206+0000] {logging_mixin.py:151} INFO - [2025-06-04T14:30:10.206+0000] {dagbag.py:536} INFO - Filling up the DagBag from /opt/airflow/dags/airflow_etl.py
[2025-06-04T14:30:10.770+0000] {processor.py:839} INFO - DAG(s) dict_keys(['Airflow_ETL_DAG']) retrieved from /opt/airflow/dags/airflow_etl.py
[2025-06-04T14:30:10.795+0000] {logging_mixin.py:151} INFO - [2025-06-04T14:30:10.795+0000] {dag.py:2941} INFO - Sync 1 DAGs
[2025-06-04T14:30:10.820+0000] {logging_mixin.py:151} INFO - [2025-06-04T14:30:10.819+0000] {dag.py:3722} INFO - Setting next_dagrun for Airflow_ETL_DAG to None, run_after=None
[2025-06-04T14:30:10.840+0000] {processor.py:179} INFO - Processing /opt/airflow/dags/airflow_etl.py took 0.640 seconds
[2025-06-04T14:30:41.499+0000] {processor.py:157} INFO - Started process (PID=506) to work on /opt/airflow/dags/airflow_etl.py
[2025-06-04T14:30:41.502+0000] {processor.py:829} INFO - Processing file /opt/airflow/dags/airflow_etl.py for tasks to queue
[2025-06-04T14:30:41.504+0000] {logging_mixin.py:151} INFO - [2025-06-04T14:30:41.504+0000] {dagbag.py:536} INFO - Filling up the DagBag from /opt/airflow/dags/airflow_etl.py
[2025-06-04T14:30:42.131+0000] {processor.py:839} INFO - DAG(s) dict_keys(['Airflow_ETL_DAG']) retrieved from /opt/airflow/dags/airflow_etl.py
[2025-06-04T14:30:42.161+0000] {logging_mixin.py:151} INFO - [2025-06-04T14:30:42.160+0000] {dag.py:2941} INFO - Sync 1 DAGs
[2025-06-04T14:30:42.185+0000] {logging_mixin.py:151} INFO - [2025-06-04T14:30:42.185+0000] {dag.py:3722} INFO - Setting next_dagrun for Airflow_ETL_DAG to None, run_after=None
[2025-06-04T14:30:42.209+0000] {processor.py:179} INFO - Processing /opt/airflow/dags/airflow_etl.py took 0.724 seconds
[2025-06-04T14:31:12.845+0000] {processor.py:157} INFO - Started process (PID=517) to work on /opt/airflow/dags/airflow_etl.py
[2025-06-04T14:31:12.846+0000] {processor.py:829} INFO - Processing file /opt/airflow/dags/airflow_etl.py for tasks to queue
[2025-06-04T14:31:12.848+0000] {logging_mixin.py:151} INFO - [2025-06-04T14:31:12.847+0000] {dagbag.py:536} INFO - Filling up the DagBag from /opt/airflow/dags/airflow_etl.py
[2025-06-04T14:31:13.455+0000] {processor.py:839} INFO - DAG(s) dict_keys(['Airflow_ETL_DAG']) retrieved from /opt/airflow/dags/airflow_etl.py
[2025-06-04T14:31:13.487+0000] {logging_mixin.py:151} INFO - [2025-06-04T14:31:13.486+0000] {dag.py:2941} INFO - Sync 1 DAGs
[2025-06-04T14:31:13.511+0000] {logging_mixin.py:151} INFO - [2025-06-04T14:31:13.511+0000] {dag.py:3722} INFO - Setting next_dagrun for Airflow_ETL_DAG to None, run_after=None
[2025-06-04T14:31:13.534+0000] {processor.py:179} INFO - Processing /opt/airflow/dags/airflow_etl.py took 0.695 seconds
[2025-06-04T14:31:44.200+0000] {processor.py:157} INFO - Started process (PID=531) to work on /opt/airflow/dags/airflow_etl.py
[2025-06-04T14:31:44.202+0000] {processor.py:829} INFO - Processing file /opt/airflow/dags/airflow_etl.py for tasks to queue
[2025-06-04T14:31:44.204+0000] {logging_mixin.py:151} INFO - [2025-06-04T14:31:44.203+0000] {dagbag.py:536} INFO - Filling up the DagBag from /opt/airflow/dags/airflow_etl.py
[2025-06-04T14:31:44.745+0000] {processor.py:839} INFO - DAG(s) dict_keys(['Airflow_ETL_DAG']) retrieved from /opt/airflow/dags/airflow_etl.py
[2025-06-04T14:31:44.780+0000] {logging_mixin.py:151} INFO - [2025-06-04T14:31:44.780+0000] {dag.py:2941} INFO - Sync 1 DAGs
[2025-06-04T14:31:44.814+0000] {logging_mixin.py:151} INFO - [2025-06-04T14:31:44.814+0000] {dag.py:3722} INFO - Setting next_dagrun for Airflow_ETL_DAG to None, run_after=None
[2025-06-04T14:31:44.835+0000] {processor.py:179} INFO - Processing /opt/airflow/dags/airflow_etl.py took 0.638 seconds
[2025-06-04T14:32:15.550+0000] {processor.py:157} INFO - Started process (PID=544) to work on /opt/airflow/dags/airflow_etl.py
[2025-06-04T14:32:15.551+0000] {processor.py:829} INFO - Processing file /opt/airflow/dags/airflow_etl.py for tasks to queue
[2025-06-04T14:32:15.552+0000] {logging_mixin.py:151} INFO - [2025-06-04T14:32:15.551+0000] {dagbag.py:536} INFO - Filling up the DagBag from /opt/airflow/dags/airflow_etl.py
[2025-06-04T14:32:16.153+0000] {processor.py:839} INFO - DAG(s) dict_keys(['Airflow_ETL_DAG']) retrieved from /opt/airflow/dags/airflow_etl.py
[2025-06-04T14:32:16.206+0000] {logging_mixin.py:151} INFO - [2025-06-04T14:32:16.206+0000] {dag.py:2941} INFO - Sync 1 DAGs
[2025-06-04T14:32:16.250+0000] {logging_mixin.py:151} INFO - [2025-06-04T14:32:16.249+0000] {dag.py:3722} INFO - Setting next_dagrun for Airflow_ETL_DAG to None, run_after=None
[2025-06-04T14:32:16.282+0000] {processor.py:179} INFO - Processing /opt/airflow/dags/airflow_etl.py took 0.736 seconds
[2025-06-04T14:32:46.903+0000] {processor.py:157} INFO - Started process (PID=555) to work on /opt/airflow/dags/airflow_etl.py
[2025-06-04T14:32:46.904+0000] {processor.py:829} INFO - Processing file /opt/airflow/dags/airflow_etl.py for tasks to queue
[2025-06-04T14:32:46.905+0000] {logging_mixin.py:151} INFO - [2025-06-04T14:32:46.904+0000] {dagbag.py:536} INFO - Filling up the DagBag from /opt/airflow/dags/airflow_etl.py
[2025-06-04T14:32:47.526+0000] {processor.py:839} INFO - DAG(s) dict_keys(['Airflow_ETL_DAG']) retrieved from /opt/airflow/dags/airflow_etl.py
[2025-06-04T14:32:47.585+0000] {logging_mixin.py:151} INFO - [2025-06-04T14:32:47.584+0000] {dag.py:2941} INFO - Sync 1 DAGs
[2025-06-04T14:32:47.616+0000] {logging_mixin.py:151} INFO - [2025-06-04T14:32:47.616+0000] {dag.py:3722} INFO - Setting next_dagrun for Airflow_ETL_DAG to None, run_after=None
[2025-06-04T14:32:47.640+0000] {processor.py:179} INFO - Processing /opt/airflow/dags/airflow_etl.py took 0.739 seconds
[2025-06-04T14:33:18.284+0000] {processor.py:157} INFO - Started process (PID=566) to work on /opt/airflow/dags/airflow_etl.py
[2025-06-04T14:33:18.285+0000] {processor.py:829} INFO - Processing file /opt/airflow/dags/airflow_etl.py for tasks to queue
[2025-06-04T14:33:18.286+0000] {logging_mixin.py:151} INFO - [2025-06-04T14:33:18.286+0000] {dagbag.py:536} INFO - Filling up the DagBag from /opt/airflow/dags/airflow_etl.py
[2025-06-04T14:33:18.948+0000] {processor.py:839} INFO - DAG(s) dict_keys(['Airflow_ETL_DAG']) retrieved from /opt/airflow/dags/airflow_etl.py
[2025-06-04T14:33:18.982+0000] {logging_mixin.py:151} INFO - [2025-06-04T14:33:18.981+0000] {dag.py:2941} INFO - Sync 1 DAGs
[2025-06-04T14:33:19.007+0000] {logging_mixin.py:151} INFO - [2025-06-04T14:33:19.007+0000] {dag.py:3722} INFO - Setting next_dagrun for Airflow_ETL_DAG to None, run_after=None
[2025-06-04T14:33:19.056+0000] {processor.py:179} INFO - Processing /opt/airflow/dags/airflow_etl.py took 0.775 seconds
[2025-06-04T14:33:49.731+0000] {processor.py:157} INFO - Started process (PID=577) to work on /opt/airflow/dags/airflow_etl.py
[2025-06-04T14:33:49.732+0000] {processor.py:829} INFO - Processing file /opt/airflow/dags/airflow_etl.py for tasks to queue
[2025-06-04T14:33:49.733+0000] {logging_mixin.py:151} INFO - [2025-06-04T14:33:49.732+0000] {dagbag.py:536} INFO - Filling up the DagBag from /opt/airflow/dags/airflow_etl.py
[2025-06-04T14:33:50.199+0000] {processor.py:839} INFO - DAG(s) dict_keys(['Airflow_ETL_DAG']) retrieved from /opt/airflow/dags/airflow_etl.py
[2025-06-04T14:33:50.226+0000] {logging_mixin.py:151} INFO - [2025-06-04T14:33:50.225+0000] {dag.py:2941} INFO - Sync 1 DAGs
[2025-06-04T14:33:50.249+0000] {logging_mixin.py:151} INFO - [2025-06-04T14:33:50.249+0000] {dag.py:3722} INFO - Setting next_dagrun for Airflow_ETL_DAG to None, run_after=None
[2025-06-04T14:33:50.268+0000] {processor.py:179} INFO - Processing /opt/airflow/dags/airflow_etl.py took 0.540 seconds
[2025-06-04T14:34:21.124+0000] {processor.py:157} INFO - Started process (PID=588) to work on /opt/airflow/dags/airflow_etl.py
[2025-06-04T14:34:21.125+0000] {processor.py:829} INFO - Processing file /opt/airflow/dags/airflow_etl.py for tasks to queue
[2025-06-04T14:34:21.126+0000] {logging_mixin.py:151} INFO - [2025-06-04T14:34:21.125+0000] {dagbag.py:536} INFO - Filling up the DagBag from /opt/airflow/dags/airflow_etl.py
[2025-06-04T14:34:21.604+0000] {processor.py:839} INFO - DAG(s) dict_keys(['Airflow_ETL_DAG']) retrieved from /opt/airflow/dags/airflow_etl.py
[2025-06-04T14:34:21.629+0000] {logging_mixin.py:151} INFO - [2025-06-04T14:34:21.628+0000] {dag.py:2941} INFO - Sync 1 DAGs
[2025-06-04T14:34:21.650+0000] {logging_mixin.py:151} INFO - [2025-06-04T14:34:21.650+0000] {dag.py:3722} INFO - Setting next_dagrun for Airflow_ETL_DAG to None, run_after=None
[2025-06-04T14:34:21.678+0000] {processor.py:179} INFO - Processing /opt/airflow/dags/airflow_etl.py took 0.559 seconds
[2025-06-04T14:34:52.499+0000] {processor.py:157} INFO - Started process (PID=599) to work on /opt/airflow/dags/airflow_etl.py
[2025-06-04T14:34:52.500+0000] {processor.py:829} INFO - Processing file /opt/airflow/dags/airflow_etl.py for tasks to queue
[2025-06-04T14:34:52.501+0000] {logging_mixin.py:151} INFO - [2025-06-04T14:34:52.501+0000] {dagbag.py:536} INFO - Filling up the DagBag from /opt/airflow/dags/airflow_etl.py
[2025-06-04T14:34:52.979+0000] {processor.py:839} INFO - DAG(s) dict_keys(['Airflow_ETL_DAG']) retrieved from /opt/airflow/dags/airflow_etl.py
[2025-06-04T14:34:53.005+0000] {logging_mixin.py:151} INFO - [2025-06-04T14:34:53.004+0000] {dag.py:2941} INFO - Sync 1 DAGs
[2025-06-04T14:34:53.025+0000] {logging_mixin.py:151} INFO - [2025-06-04T14:34:53.025+0000] {dag.py:3722} INFO - Setting next_dagrun for Airflow_ETL_DAG to None, run_after=None
[2025-06-04T14:34:53.057+0000] {processor.py:179} INFO - Processing /opt/airflow/dags/airflow_etl.py took 0.562 seconds
[2025-06-04T14:35:23.924+0000] {processor.py:157} INFO - Started process (PID=610) to work on /opt/airflow/dags/airflow_etl.py
[2025-06-04T14:35:23.925+0000] {processor.py:829} INFO - Processing file /opt/airflow/dags/airflow_etl.py for tasks to queue
[2025-06-04T14:35:23.926+0000] {logging_mixin.py:151} INFO - [2025-06-04T14:35:23.926+0000] {dagbag.py:536} INFO - Filling up the DagBag from /opt/airflow/dags/airflow_etl.py
[2025-06-04T14:35:24.590+0000] {processor.py:839} INFO - DAG(s) dict_keys(['Airflow_ETL_DAG']) retrieved from /opt/airflow/dags/airflow_etl.py
[2025-06-04T14:35:24.622+0000] {logging_mixin.py:151} INFO - [2025-06-04T14:35:24.621+0000] {dag.py:2941} INFO - Sync 1 DAGs
[2025-06-04T14:35:24.653+0000] {logging_mixin.py:151} INFO - [2025-06-04T14:35:24.653+0000] {dag.py:3722} INFO - Setting next_dagrun for Airflow_ETL_DAG to None, run_after=None
[2025-06-04T14:35:24.676+0000] {processor.py:179} INFO - Processing /opt/airflow/dags/airflow_etl.py took 0.756 seconds
[2025-06-04T14:35:55.379+0000] {processor.py:157} INFO - Started process (PID=621) to work on /opt/airflow/dags/airflow_etl.py
[2025-06-04T14:35:55.380+0000] {processor.py:829} INFO - Processing file /opt/airflow/dags/airflow_etl.py for tasks to queue
[2025-06-04T14:35:55.381+0000] {logging_mixin.py:151} INFO - [2025-06-04T14:35:55.381+0000] {dagbag.py:536} INFO - Filling up the DagBag from /opt/airflow/dags/airflow_etl.py
[2025-06-04T14:35:56.112+0000] {processor.py:839} INFO - DAG(s) dict_keys(['Airflow_ETL_DAG']) retrieved from /opt/airflow/dags/airflow_etl.py
[2025-06-04T14:35:56.149+0000] {logging_mixin.py:151} INFO - [2025-06-04T14:35:56.149+0000] {dag.py:2941} INFO - Sync 1 DAGs
[2025-06-04T14:35:56.181+0000] {logging_mixin.py:151} INFO - [2025-06-04T14:35:56.181+0000] {dag.py:3722} INFO - Setting next_dagrun for Airflow_ETL_DAG to None, run_after=None
[2025-06-04T14:35:56.209+0000] {processor.py:179} INFO - Processing /opt/airflow/dags/airflow_etl.py took 0.836 seconds
[2025-06-04T14:36:26.803+0000] {processor.py:157} INFO - Started process (PID=632) to work on /opt/airflow/dags/airflow_etl.py
[2025-06-04T14:36:26.804+0000] {processor.py:829} INFO - Processing file /opt/airflow/dags/airflow_etl.py for tasks to queue
[2025-06-04T14:36:26.805+0000] {logging_mixin.py:151} INFO - [2025-06-04T14:36:26.805+0000] {dagbag.py:536} INFO - Filling up the DagBag from /opt/airflow/dags/airflow_etl.py
[2025-06-04T14:36:27.532+0000] {processor.py:839} INFO - DAG(s) dict_keys(['Airflow_ETL_DAG']) retrieved from /opt/airflow/dags/airflow_etl.py
[2025-06-04T14:36:27.565+0000] {logging_mixin.py:151} INFO - [2025-06-04T14:36:27.564+0000] {dag.py:2941} INFO - Sync 1 DAGs
[2025-06-04T14:36:27.593+0000] {logging_mixin.py:151} INFO - [2025-06-04T14:36:27.592+0000] {dag.py:3722} INFO - Setting next_dagrun for Airflow_ETL_DAG to None, run_after=None
[2025-06-04T14:36:27.619+0000] {processor.py:179} INFO - Processing /opt/airflow/dags/airflow_etl.py took 0.820 seconds
[2025-06-04T14:36:58.170+0000] {processor.py:157} INFO - Started process (PID=643) to work on /opt/airflow/dags/airflow_etl.py
[2025-06-04T14:36:58.171+0000] {processor.py:829} INFO - Processing file /opt/airflow/dags/airflow_etl.py for tasks to queue
[2025-06-04T14:36:58.173+0000] {logging_mixin.py:151} INFO - [2025-06-04T14:36:58.173+0000] {dagbag.py:536} INFO - Filling up the DagBag from /opt/airflow/dags/airflow_etl.py
[2025-06-04T14:36:58.648+0000] {processor.py:839} INFO - DAG(s) dict_keys(['Airflow_ETL_DAG']) retrieved from /opt/airflow/dags/airflow_etl.py
[2025-06-04T14:36:58.673+0000] {logging_mixin.py:151} INFO - [2025-06-04T14:36:58.672+0000] {dag.py:2941} INFO - Sync 1 DAGs
[2025-06-04T14:36:58.697+0000] {logging_mixin.py:151} INFO - [2025-06-04T14:36:58.696+0000] {dag.py:3722} INFO - Setting next_dagrun for Airflow_ETL_DAG to None, run_after=None
[2025-06-04T14:36:58.717+0000] {processor.py:179} INFO - Processing /opt/airflow/dags/airflow_etl.py took 0.552 seconds
[2025-06-04T14:37:29.525+0000] {processor.py:157} INFO - Started process (PID=654) to work on /opt/airflow/dags/airflow_etl.py
[2025-06-04T14:37:29.526+0000] {processor.py:829} INFO - Processing file /opt/airflow/dags/airflow_etl.py for tasks to queue
[2025-06-04T14:37:29.527+0000] {logging_mixin.py:151} INFO - [2025-06-04T14:37:29.527+0000] {dagbag.py:536} INFO - Filling up the DagBag from /opt/airflow/dags/airflow_etl.py
[2025-06-04T14:37:30.092+0000] {processor.py:839} INFO - DAG(s) dict_keys(['Airflow_ETL_DAG']) retrieved from /opt/airflow/dags/airflow_etl.py
[2025-06-04T14:37:30.126+0000] {logging_mixin.py:151} INFO - [2025-06-04T14:37:30.125+0000] {dag.py:2941} INFO - Sync 1 DAGs
[2025-06-04T14:37:30.154+0000] {logging_mixin.py:151} INFO - [2025-06-04T14:37:30.153+0000] {dag.py:3722} INFO - Setting next_dagrun for Airflow_ETL_DAG to None, run_after=None
[2025-06-04T14:37:30.180+0000] {processor.py:179} INFO - Processing /opt/airflow/dags/airflow_etl.py took 0.657 seconds
[2025-06-04T14:38:00.930+0000] {processor.py:157} INFO - Started process (PID=665) to work on /opt/airflow/dags/airflow_etl.py
[2025-06-04T14:38:00.939+0000] {processor.py:829} INFO - Processing file /opt/airflow/dags/airflow_etl.py for tasks to queue
[2025-06-04T14:38:00.941+0000] {logging_mixin.py:151} INFO - [2025-06-04T14:38:00.941+0000] {dagbag.py:536} INFO - Filling up the DagBag from /opt/airflow/dags/airflow_etl.py
[2025-06-04T14:38:01.652+0000] {processor.py:839} INFO - DAG(s) dict_keys(['Airflow_ETL_DAG']) retrieved from /opt/airflow/dags/airflow_etl.py
[2025-06-04T14:38:01.698+0000] {logging_mixin.py:151} INFO - [2025-06-04T14:38:01.697+0000] {dag.py:2941} INFO - Sync 1 DAGs
[2025-06-04T14:38:01.731+0000] {logging_mixin.py:151} INFO - [2025-06-04T14:38:01.731+0000] {dag.py:3722} INFO - Setting next_dagrun for Airflow_ETL_DAG to None, run_after=None
[2025-06-04T14:38:01.755+0000] {processor.py:179} INFO - Processing /opt/airflow/dags/airflow_etl.py took 0.830 seconds
[2025-06-04T14:38:32.379+0000] {processor.py:157} INFO - Started process (PID=676) to work on /opt/airflow/dags/airflow_etl.py
[2025-06-04T14:38:32.380+0000] {processor.py:829} INFO - Processing file /opt/airflow/dags/airflow_etl.py for tasks to queue
[2025-06-04T14:38:32.382+0000] {logging_mixin.py:151} INFO - [2025-06-04T14:38:32.381+0000] {dagbag.py:536} INFO - Filling up the DagBag from /opt/airflow/dags/airflow_etl.py
[2025-06-04T14:38:33.009+0000] {processor.py:839} INFO - DAG(s) dict_keys(['Airflow_ETL_DAG']) retrieved from /opt/airflow/dags/airflow_etl.py
[2025-06-04T14:38:33.033+0000] {logging_mixin.py:151} INFO - [2025-06-04T14:38:33.033+0000] {dag.py:2941} INFO - Sync 1 DAGs
[2025-06-04T14:38:33.054+0000] {logging_mixin.py:151} INFO - [2025-06-04T14:38:33.054+0000] {dag.py:3722} INFO - Setting next_dagrun for Airflow_ETL_DAG to None, run_after=None
[2025-06-04T14:38:33.072+0000] {processor.py:179} INFO - Processing /opt/airflow/dags/airflow_etl.py took 0.700 seconds
[2025-06-04T14:39:03.839+0000] {processor.py:157} INFO - Started process (PID=687) to work on /opt/airflow/dags/airflow_etl.py
[2025-06-04T14:39:03.840+0000] {processor.py:829} INFO - Processing file /opt/airflow/dags/airflow_etl.py for tasks to queue
[2025-06-04T14:39:03.841+0000] {logging_mixin.py:151} INFO - [2025-06-04T14:39:03.841+0000] {dagbag.py:536} INFO - Filling up the DagBag from /opt/airflow/dags/airflow_etl.py
[2025-06-04T14:39:04.558+0000] {processor.py:839} INFO - DAG(s) dict_keys(['Airflow_ETL_DAG']) retrieved from /opt/airflow/dags/airflow_etl.py
[2025-06-04T14:39:04.595+0000] {logging_mixin.py:151} INFO - [2025-06-04T14:39:04.594+0000] {dag.py:2941} INFO - Sync 1 DAGs
[2025-06-04T14:39:04.622+0000] {logging_mixin.py:151} INFO - [2025-06-04T14:39:04.622+0000] {dag.py:3722} INFO - Setting next_dagrun for Airflow_ETL_DAG to None, run_after=None
[2025-06-04T14:39:04.653+0000] {processor.py:179} INFO - Processing /opt/airflow/dags/airflow_etl.py took 0.819 seconds
[2025-06-04T14:39:35.276+0000] {processor.py:157} INFO - Started process (PID=698) to work on /opt/airflow/dags/airflow_etl.py
[2025-06-04T14:39:35.277+0000] {processor.py:829} INFO - Processing file /opt/airflow/dags/airflow_etl.py for tasks to queue
[2025-06-04T14:39:35.279+0000] {logging_mixin.py:151} INFO - [2025-06-04T14:39:35.279+0000] {dagbag.py:536} INFO - Filling up the DagBag from /opt/airflow/dags/airflow_etl.py
[2025-06-04T14:39:35.766+0000] {processor.py:839} INFO - DAG(s) dict_keys(['Airflow_ETL_DAG']) retrieved from /opt/airflow/dags/airflow_etl.py
[2025-06-04T14:39:35.798+0000] {logging_mixin.py:151} INFO - [2025-06-04T14:39:35.797+0000] {dag.py:2941} INFO - Sync 1 DAGs
[2025-06-04T14:39:35.824+0000] {logging_mixin.py:151} INFO - [2025-06-04T14:39:35.824+0000] {dag.py:3722} INFO - Setting next_dagrun for Airflow_ETL_DAG to None, run_after=None
[2025-06-04T14:39:35.848+0000] {processor.py:179} INFO - Processing /opt/airflow/dags/airflow_etl.py took 0.576 seconds
[2025-06-04T14:40:06.778+0000] {processor.py:157} INFO - Started process (PID=709) to work on /opt/airflow/dags/airflow_etl.py
[2025-06-04T14:40:06.780+0000] {processor.py:829} INFO - Processing file /opt/airflow/dags/airflow_etl.py for tasks to queue
[2025-06-04T14:40:06.783+0000] {logging_mixin.py:151} INFO - [2025-06-04T14:40:06.782+0000] {dagbag.py:536} INFO - Filling up the DagBag from /opt/airflow/dags/airflow_etl.py
[2025-06-04T14:40:07.543+0000] {processor.py:839} INFO - DAG(s) dict_keys(['Airflow_ETL_DAG']) retrieved from /opt/airflow/dags/airflow_etl.py
[2025-06-04T14:40:07.586+0000] {logging_mixin.py:151} INFO - [2025-06-04T14:40:07.584+0000] {dag.py:2941} INFO - Sync 1 DAGs
[2025-06-04T14:40:07.625+0000] {logging_mixin.py:151} INFO - [2025-06-04T14:40:07.625+0000] {dag.py:3722} INFO - Setting next_dagrun for Airflow_ETL_DAG to None, run_after=None
[2025-06-04T14:40:07.655+0000] {processor.py:179} INFO - Processing /opt/airflow/dags/airflow_etl.py took 0.884 seconds
[2025-06-04T14:40:38.078+0000] {processor.py:157} INFO - Started process (PID=720) to work on /opt/airflow/dags/airflow_etl.py
[2025-06-04T14:40:38.079+0000] {processor.py:829} INFO - Processing file /opt/airflow/dags/airflow_etl.py for tasks to queue
[2025-06-04T14:40:38.080+0000] {logging_mixin.py:151} INFO - [2025-06-04T14:40:38.079+0000] {dagbag.py:536} INFO - Filling up the DagBag from /opt/airflow/dags/airflow_etl.py
[2025-06-04T14:40:38.692+0000] {processor.py:839} INFO - DAG(s) dict_keys(['Airflow_ETL_DAG']) retrieved from /opt/airflow/dags/airflow_etl.py
[2025-06-04T14:40:38.724+0000] {logging_mixin.py:151} INFO - [2025-06-04T14:40:38.724+0000] {dag.py:2941} INFO - Sync 1 DAGs
[2025-06-04T14:40:38.755+0000] {logging_mixin.py:151} INFO - [2025-06-04T14:40:38.754+0000] {dag.py:3722} INFO - Setting next_dagrun for Airflow_ETL_DAG to None, run_after=None
[2025-06-04T14:40:38.781+0000] {processor.py:179} INFO - Processing /opt/airflow/dags/airflow_etl.py took 0.709 seconds
[2025-06-04T14:41:09.418+0000] {processor.py:157} INFO - Started process (PID=731) to work on /opt/airflow/dags/airflow_etl.py
[2025-06-04T14:41:09.419+0000] {processor.py:829} INFO - Processing file /opt/airflow/dags/airflow_etl.py for tasks to queue
[2025-06-04T14:41:09.420+0000] {logging_mixin.py:151} INFO - [2025-06-04T14:41:09.420+0000] {dagbag.py:536} INFO - Filling up the DagBag from /opt/airflow/dags/airflow_etl.py
[2025-06-04T14:41:09.899+0000] {processor.py:839} INFO - DAG(s) dict_keys(['Airflow_ETL_DAG']) retrieved from /opt/airflow/dags/airflow_etl.py
[2025-06-04T14:41:09.929+0000] {logging_mixin.py:151} INFO - [2025-06-04T14:41:09.929+0000] {dag.py:2941} INFO - Sync 1 DAGs
[2025-06-04T14:41:09.950+0000] {logging_mixin.py:151} INFO - [2025-06-04T14:41:09.950+0000] {dag.py:3722} INFO - Setting next_dagrun for Airflow_ETL_DAG to None, run_after=None
[2025-06-04T14:41:09.973+0000] {processor.py:179} INFO - Processing /opt/airflow/dags/airflow_etl.py took 0.558 seconds
[2025-06-04T14:41:40.818+0000] {processor.py:157} INFO - Started process (PID=742) to work on /opt/airflow/dags/airflow_etl.py
[2025-06-04T14:41:40.820+0000] {processor.py:829} INFO - Processing file /opt/airflow/dags/airflow_etl.py for tasks to queue
[2025-06-04T14:41:40.822+0000] {logging_mixin.py:151} INFO - [2025-06-04T14:41:40.821+0000] {dagbag.py:536} INFO - Filling up the DagBag from /opt/airflow/dags/airflow_etl.py
[2025-06-04T14:41:41.690+0000] {processor.py:839} INFO - DAG(s) dict_keys(['Airflow_ETL_DAG']) retrieved from /opt/airflow/dags/airflow_etl.py
[2025-06-04T14:41:41.722+0000] {logging_mixin.py:151} INFO - [2025-06-04T14:41:41.722+0000] {dag.py:2941} INFO - Sync 1 DAGs
[2025-06-04T14:41:41.752+0000] {logging_mixin.py:151} INFO - [2025-06-04T14:41:41.751+0000] {dag.py:3722} INFO - Setting next_dagrun for Airflow_ETL_DAG to None, run_after=None
[2025-06-04T14:41:41.780+0000] {processor.py:179} INFO - Processing /opt/airflow/dags/airflow_etl.py took 0.968 seconds
[2025-06-04T15:08:55.896+0000] {processor.py:157} INFO - Started process (PID=756) to work on /opt/airflow/dags/airflow_etl.py
[2025-06-04T15:08:55.898+0000] {processor.py:829} INFO - Processing file /opt/airflow/dags/airflow_etl.py for tasks to queue
[2025-06-04T15:08:55.901+0000] {logging_mixin.py:151} INFO - [2025-06-04T15:08:55.899+0000] {dagbag.py:536} INFO - Filling up the DagBag from /opt/airflow/dags/airflow_etl.py
[2025-06-04T15:08:58.920+0000] {processor.py:839} INFO - DAG(s) dict_keys(['Airflow_ETL_DAG']) retrieved from /opt/airflow/dags/airflow_etl.py
[2025-06-04T15:08:58.983+0000] {logging_mixin.py:151} INFO - [2025-06-04T15:08:58.982+0000] {dag.py:2941} INFO - Sync 1 DAGs
[2025-06-04T15:08:59.032+0000] {logging_mixin.py:151} INFO - [2025-06-04T15:08:59.032+0000] {dag.py:3722} INFO - Setting next_dagrun for Airflow_ETL_DAG to None, run_after=None
[2025-06-04T15:08:59.107+0000] {processor.py:179} INFO - Processing /opt/airflow/dags/airflow_etl.py took 3.229 seconds
[2025-06-04T15:09:30.010+0000] {processor.py:157} INFO - Started process (PID=771) to work on /opt/airflow/dags/airflow_etl.py
[2025-06-04T15:09:30.011+0000] {processor.py:829} INFO - Processing file /opt/airflow/dags/airflow_etl.py for tasks to queue
[2025-06-04T15:09:30.012+0000] {logging_mixin.py:151} INFO - [2025-06-04T15:09:30.012+0000] {dagbag.py:536} INFO - Filling up the DagBag from /opt/airflow/dags/airflow_etl.py
[2025-06-04T15:09:30.475+0000] {processor.py:839} INFO - DAG(s) dict_keys(['Airflow_ETL_DAG']) retrieved from /opt/airflow/dags/airflow_etl.py
[2025-06-04T15:09:30.503+0000] {logging_mixin.py:151} INFO - [2025-06-04T15:09:30.503+0000] {dag.py:2941} INFO - Sync 1 DAGs
[2025-06-04T15:09:30.526+0000] {logging_mixin.py:151} INFO - [2025-06-04T15:09:30.525+0000] {dag.py:3722} INFO - Setting next_dagrun for Airflow_ETL_DAG to None, run_after=None
[2025-06-04T15:09:30.551+0000] {processor.py:179} INFO - Processing /opt/airflow/dags/airflow_etl.py took 0.544 seconds
[2025-06-04T15:10:01.411+0000] {processor.py:157} INFO - Started process (PID=782) to work on /opt/airflow/dags/airflow_etl.py
[2025-06-04T15:10:01.412+0000] {processor.py:829} INFO - Processing file /opt/airflow/dags/airflow_etl.py for tasks to queue
[2025-06-04T15:10:01.413+0000] {logging_mixin.py:151} INFO - [2025-06-04T15:10:01.412+0000] {dagbag.py:536} INFO - Filling up the DagBag from /opt/airflow/dags/airflow_etl.py
[2025-06-04T15:10:01.932+0000] {processor.py:839} INFO - DAG(s) dict_keys(['Airflow_ETL_DAG']) retrieved from /opt/airflow/dags/airflow_etl.py
[2025-06-04T15:10:01.959+0000] {logging_mixin.py:151} INFO - [2025-06-04T15:10:01.958+0000] {dag.py:2941} INFO - Sync 1 DAGs
[2025-06-04T15:10:01.990+0000] {logging_mixin.py:151} INFO - [2025-06-04T15:10:01.990+0000] {dag.py:3722} INFO - Setting next_dagrun for Airflow_ETL_DAG to None, run_after=None
[2025-06-04T15:10:02.016+0000] {processor.py:179} INFO - Processing /opt/airflow/dags/airflow_etl.py took 0.610 seconds
[2025-06-04T15:10:32.837+0000] {processor.py:157} INFO - Started process (PID=793) to work on /opt/airflow/dags/airflow_etl.py
[2025-06-04T15:10:32.838+0000] {processor.py:829} INFO - Processing file /opt/airflow/dags/airflow_etl.py for tasks to queue
[2025-06-04T15:10:32.839+0000] {logging_mixin.py:151} INFO - [2025-06-04T15:10:32.838+0000] {dagbag.py:536} INFO - Filling up the DagBag from /opt/airflow/dags/airflow_etl.py
[2025-06-04T15:10:33.267+0000] {processor.py:839} INFO - DAG(s) dict_keys(['Airflow_ETL_DAG']) retrieved from /opt/airflow/dags/airflow_etl.py
[2025-06-04T15:10:33.333+0000] {logging_mixin.py:151} INFO - [2025-06-04T15:10:33.332+0000] {dag.py:2941} INFO - Sync 1 DAGs
[2025-06-04T15:10:33.351+0000] {logging_mixin.py:151} INFO - [2025-06-04T15:10:33.351+0000] {dag.py:3722} INFO - Setting next_dagrun for Airflow_ETL_DAG to None, run_after=None
[2025-06-04T15:10:33.411+0000] {processor.py:179} INFO - Processing /opt/airflow/dags/airflow_etl.py took 0.577 seconds
[2025-06-04T15:11:04.219+0000] {processor.py:157} INFO - Started process (PID=804) to work on /opt/airflow/dags/airflow_etl.py
[2025-06-04T15:11:04.220+0000] {processor.py:829} INFO - Processing file /opt/airflow/dags/airflow_etl.py for tasks to queue
[2025-06-04T15:11:04.221+0000] {logging_mixin.py:151} INFO - [2025-06-04T15:11:04.221+0000] {dagbag.py:536} INFO - Filling up the DagBag from /opt/airflow/dags/airflow_etl.py
[2025-06-04T15:11:04.693+0000] {processor.py:839} INFO - DAG(s) dict_keys(['Airflow_ETL_DAG']) retrieved from /opt/airflow/dags/airflow_etl.py
[2025-06-04T15:11:04.754+0000] {logging_mixin.py:151} INFO - [2025-06-04T15:11:04.753+0000] {dag.py:2941} INFO - Sync 1 DAGs
[2025-06-04T15:11:04.774+0000] {logging_mixin.py:151} INFO - [2025-06-04T15:11:04.773+0000] {dag.py:3722} INFO - Setting next_dagrun for Airflow_ETL_DAG to None, run_after=None
[2025-06-04T15:11:04.832+0000] {processor.py:179} INFO - Processing /opt/airflow/dags/airflow_etl.py took 0.616 seconds
[2025-06-04T15:11:35.705+0000] {processor.py:157} INFO - Started process (PID=815) to work on /opt/airflow/dags/airflow_etl.py
[2025-06-04T15:11:35.706+0000] {processor.py:829} INFO - Processing file /opt/airflow/dags/airflow_etl.py for tasks to queue
[2025-06-04T15:11:35.707+0000] {logging_mixin.py:151} INFO - [2025-06-04T15:11:35.707+0000] {dagbag.py:536} INFO - Filling up the DagBag from /opt/airflow/dags/airflow_etl.py
[2025-06-04T15:11:36.186+0000] {processor.py:839} INFO - DAG(s) dict_keys(['Airflow_ETL_DAG']) retrieved from /opt/airflow/dags/airflow_etl.py
[2025-06-04T15:11:36.211+0000] {logging_mixin.py:151} INFO - [2025-06-04T15:11:36.210+0000] {dag.py:2941} INFO - Sync 1 DAGs
[2025-06-04T15:11:36.233+0000] {logging_mixin.py:151} INFO - [2025-06-04T15:11:36.233+0000] {dag.py:3722} INFO - Setting next_dagrun for Airflow_ETL_DAG to None, run_after=None
[2025-06-04T15:11:36.271+0000] {processor.py:179} INFO - Processing /opt/airflow/dags/airflow_etl.py took 0.571 seconds
[2025-06-04T15:12:07.115+0000] {processor.py:157} INFO - Started process (PID=826) to work on /opt/airflow/dags/airflow_etl.py
[2025-06-04T15:12:07.118+0000] {processor.py:829} INFO - Processing file /opt/airflow/dags/airflow_etl.py for tasks to queue
[2025-06-04T15:12:07.120+0000] {logging_mixin.py:151} INFO - [2025-06-04T15:12:07.119+0000] {dagbag.py:536} INFO - Filling up the DagBag from /opt/airflow/dags/airflow_etl.py
[2025-06-04T15:12:07.550+0000] {processor.py:839} INFO - DAG(s) dict_keys(['Airflow_ETL_DAG']) retrieved from /opt/airflow/dags/airflow_etl.py
[2025-06-04T15:12:07.574+0000] {logging_mixin.py:151} INFO - [2025-06-04T15:12:07.573+0000] {dag.py:2941} INFO - Sync 1 DAGs
[2025-06-04T15:12:07.594+0000] {logging_mixin.py:151} INFO - [2025-06-04T15:12:07.594+0000] {dag.py:3722} INFO - Setting next_dagrun for Airflow_ETL_DAG to None, run_after=None
[2025-06-04T15:12:07.613+0000] {processor.py:179} INFO - Processing /opt/airflow/dags/airflow_etl.py took 0.502 seconds
[2025-06-04T15:12:37.681+0000] {processor.py:157} INFO - Started process (PID=837) to work on /opt/airflow/dags/airflow_etl.py
[2025-06-04T15:12:37.682+0000] {processor.py:829} INFO - Processing file /opt/airflow/dags/airflow_etl.py for tasks to queue
[2025-06-04T15:12:37.683+0000] {logging_mixin.py:151} INFO - [2025-06-04T15:12:37.683+0000] {dagbag.py:536} INFO - Filling up the DagBag from /opt/airflow/dags/airflow_etl.py
[2025-06-04T15:12:38.127+0000] {processor.py:839} INFO - DAG(s) dict_keys(['Airflow_ETL_DAG']) retrieved from /opt/airflow/dags/airflow_etl.py
[2025-06-04T15:12:38.153+0000] {logging_mixin.py:151} INFO - [2025-06-04T15:12:38.153+0000] {dag.py:2941} INFO - Sync 1 DAGs
[2025-06-04T15:12:38.174+0000] {logging_mixin.py:151} INFO - [2025-06-04T15:12:38.174+0000] {dag.py:3722} INFO - Setting next_dagrun for Airflow_ETL_DAG to None, run_after=None
[2025-06-04T15:12:38.195+0000] {processor.py:179} INFO - Processing /opt/airflow/dags/airflow_etl.py took 0.516 seconds
[2025-06-04T15:13:08.951+0000] {processor.py:157} INFO - Started process (PID=848) to work on /opt/airflow/dags/airflow_etl.py
[2025-06-04T15:13:08.952+0000] {processor.py:829} INFO - Processing file /opt/airflow/dags/airflow_etl.py for tasks to queue
[2025-06-04T15:13:08.953+0000] {logging_mixin.py:151} INFO - [2025-06-04T15:13:08.952+0000] {dagbag.py:536} INFO - Filling up the DagBag from /opt/airflow/dags/airflow_etl.py
[2025-06-04T15:13:09.606+0000] {processor.py:839} INFO - DAG(s) dict_keys(['Airflow_ETL_DAG']) retrieved from /opt/airflow/dags/airflow_etl.py
[2025-06-04T15:13:09.632+0000] {logging_mixin.py:151} INFO - [2025-06-04T15:13:09.631+0000] {dag.py:2941} INFO - Sync 1 DAGs
[2025-06-04T15:13:09.659+0000] {logging_mixin.py:151} INFO - [2025-06-04T15:13:09.658+0000] {dag.py:3722} INFO - Setting next_dagrun for Airflow_ETL_DAG to None, run_after=None
[2025-06-04T15:13:09.722+0000] {processor.py:179} INFO - Processing /opt/airflow/dags/airflow_etl.py took 0.779 seconds
[2025-06-04T15:13:40.379+0000] {processor.py:157} INFO - Started process (PID=859) to work on /opt/airflow/dags/airflow_etl.py
[2025-06-04T15:13:40.380+0000] {processor.py:829} INFO - Processing file /opt/airflow/dags/airflow_etl.py for tasks to queue
[2025-06-04T15:13:40.381+0000] {logging_mixin.py:151} INFO - [2025-06-04T15:13:40.381+0000] {dagbag.py:536} INFO - Filling up the DagBag from /opt/airflow/dags/airflow_etl.py
[2025-06-04T15:13:41.013+0000] {processor.py:839} INFO - DAG(s) dict_keys(['Airflow_ETL_DAG']) retrieved from /opt/airflow/dags/airflow_etl.py
[2025-06-04T15:13:41.042+0000] {logging_mixin.py:151} INFO - [2025-06-04T15:13:41.041+0000] {dag.py:2941} INFO - Sync 1 DAGs
[2025-06-04T15:13:41.063+0000] {logging_mixin.py:151} INFO - [2025-06-04T15:13:41.063+0000] {dag.py:3722} INFO - Setting next_dagrun for Airflow_ETL_DAG to None, run_after=None
[2025-06-04T15:13:41.130+0000] {processor.py:179} INFO - Processing /opt/airflow/dags/airflow_etl.py took 0.756 seconds
[2025-06-04T15:14:11.854+0000] {processor.py:157} INFO - Started process (PID=870) to work on /opt/airflow/dags/airflow_etl.py
[2025-06-04T15:14:11.855+0000] {processor.py:829} INFO - Processing file /opt/airflow/dags/airflow_etl.py for tasks to queue
[2025-06-04T15:14:11.856+0000] {logging_mixin.py:151} INFO - [2025-06-04T15:14:11.855+0000] {dagbag.py:536} INFO - Filling up the DagBag from /opt/airflow/dags/airflow_etl.py
[2025-06-04T15:14:12.322+0000] {processor.py:839} INFO - DAG(s) dict_keys(['Airflow_ETL_DAG']) retrieved from /opt/airflow/dags/airflow_etl.py
[2025-06-04T15:14:12.356+0000] {logging_mixin.py:151} INFO - [2025-06-04T15:14:12.355+0000] {dag.py:2941} INFO - Sync 1 DAGs
[2025-06-04T15:14:12.376+0000] {logging_mixin.py:151} INFO - [2025-06-04T15:14:12.375+0000] {dag.py:3722} INFO - Setting next_dagrun for Airflow_ETL_DAG to None, run_after=None
[2025-06-04T15:14:12.437+0000] {processor.py:179} INFO - Processing /opt/airflow/dags/airflow_etl.py took 0.587 seconds
[2025-06-04T15:14:43.314+0000] {processor.py:157} INFO - Started process (PID=881) to work on /opt/airflow/dags/airflow_etl.py
[2025-06-04T15:14:43.315+0000] {processor.py:829} INFO - Processing file /opt/airflow/dags/airflow_etl.py for tasks to queue
[2025-06-04T15:14:43.316+0000] {logging_mixin.py:151} INFO - [2025-06-04T15:14:43.316+0000] {dagbag.py:536} INFO - Filling up the DagBag from /opt/airflow/dags/airflow_etl.py
[2025-06-04T15:14:43.864+0000] {processor.py:839} INFO - DAG(s) dict_keys(['Airflow_ETL_DAG']) retrieved from /opt/airflow/dags/airflow_etl.py
[2025-06-04T15:14:43.888+0000] {logging_mixin.py:151} INFO - [2025-06-04T15:14:43.888+0000] {dag.py:2941} INFO - Sync 1 DAGs
[2025-06-04T15:14:43.910+0000] {logging_mixin.py:151} INFO - [2025-06-04T15:14:43.910+0000] {dag.py:3722} INFO - Setting next_dagrun for Airflow_ETL_DAG to None, run_after=None
[2025-06-04T15:14:43.946+0000] {processor.py:179} INFO - Processing /opt/airflow/dags/airflow_etl.py took 0.669 seconds
[2025-06-04T15:15:14.744+0000] {processor.py:157} INFO - Started process (PID=892) to work on /opt/airflow/dags/airflow_etl.py
[2025-06-04T15:15:14.745+0000] {processor.py:829} INFO - Processing file /opt/airflow/dags/airflow_etl.py for tasks to queue
[2025-06-04T15:15:14.746+0000] {logging_mixin.py:151} INFO - [2025-06-04T15:15:14.746+0000] {dagbag.py:536} INFO - Filling up the DagBag from /opt/airflow/dags/airflow_etl.py
[2025-06-04T15:15:15.470+0000] {processor.py:839} INFO - DAG(s) dict_keys(['Airflow_ETL_DAG']) retrieved from /opt/airflow/dags/airflow_etl.py
[2025-06-04T15:15:15.511+0000] {logging_mixin.py:151} INFO - [2025-06-04T15:15:15.510+0000] {dag.py:2941} INFO - Sync 1 DAGs
[2025-06-04T15:15:15.548+0000] {logging_mixin.py:151} INFO - [2025-06-04T15:15:15.547+0000] {dag.py:3722} INFO - Setting next_dagrun for Airflow_ETL_DAG to None, run_after=None
[2025-06-04T15:15:15.576+0000] {processor.py:179} INFO - Processing /opt/airflow/dags/airflow_etl.py took 0.838 seconds
[2025-06-04T15:15:46.240+0000] {processor.py:157} INFO - Started process (PID=903) to work on /opt/airflow/dags/airflow_etl.py
[2025-06-04T15:15:46.241+0000] {processor.py:829} INFO - Processing file /opt/airflow/dags/airflow_etl.py for tasks to queue
[2025-06-04T15:15:46.242+0000] {logging_mixin.py:151} INFO - [2025-06-04T15:15:46.242+0000] {dagbag.py:536} INFO - Filling up the DagBag from /opt/airflow/dags/airflow_etl.py
[2025-06-04T15:15:46.856+0000] {processor.py:839} INFO - DAG(s) dict_keys(['Airflow_ETL_DAG']) retrieved from /opt/airflow/dags/airflow_etl.py
[2025-06-04T15:15:46.923+0000] {logging_mixin.py:151} INFO - [2025-06-04T15:15:46.922+0000] {dag.py:2941} INFO - Sync 1 DAGs
[2025-06-04T15:15:46.949+0000] {logging_mixin.py:151} INFO - [2025-06-04T15:15:46.949+0000] {dag.py:3722} INFO - Setting next_dagrun for Airflow_ETL_DAG to None, run_after=None
[2025-06-04T15:15:47.019+0000] {processor.py:179} INFO - Processing /opt/airflow/dags/airflow_etl.py took 0.783 seconds
[2025-06-04T15:16:17.668+0000] {processor.py:157} INFO - Started process (PID=914) to work on /opt/airflow/dags/airflow_etl.py
[2025-06-04T15:16:17.669+0000] {processor.py:829} INFO - Processing file /opt/airflow/dags/airflow_etl.py for tasks to queue
[2025-06-04T15:16:17.670+0000] {logging_mixin.py:151} INFO - [2025-06-04T15:16:17.670+0000] {dagbag.py:536} INFO - Filling up the DagBag from /opt/airflow/dags/airflow_etl.py
[2025-06-04T15:16:18.213+0000] {processor.py:839} INFO - DAG(s) dict_keys(['Airflow_ETL_DAG']) retrieved from /opt/airflow/dags/airflow_etl.py
[2025-06-04T15:16:18.237+0000] {logging_mixin.py:151} INFO - [2025-06-04T15:16:18.237+0000] {dag.py:2941} INFO - Sync 1 DAGs
[2025-06-04T15:16:18.261+0000] {logging_mixin.py:151} INFO - [2025-06-04T15:16:18.260+0000] {dag.py:3722} INFO - Setting next_dagrun for Airflow_ETL_DAG to None, run_after=None
[2025-06-04T15:16:18.323+0000] {processor.py:179} INFO - Processing /opt/airflow/dags/airflow_etl.py took 0.660 seconds
[2025-06-04T15:16:49.054+0000] {processor.py:157} INFO - Started process (PID=925) to work on /opt/airflow/dags/airflow_etl.py
[2025-06-04T15:16:49.056+0000] {processor.py:829} INFO - Processing file /opt/airflow/dags/airflow_etl.py for tasks to queue
[2025-06-04T15:16:49.057+0000] {logging_mixin.py:151} INFO - [2025-06-04T15:16:49.057+0000] {dagbag.py:536} INFO - Filling up the DagBag from /opt/airflow/dags/airflow_etl.py
[2025-06-04T15:16:49.639+0000] {processor.py:839} INFO - DAG(s) dict_keys(['Airflow_ETL_DAG']) retrieved from /opt/airflow/dags/airflow_etl.py
[2025-06-04T15:16:49.673+0000] {logging_mixin.py:151} INFO - [2025-06-04T15:16:49.672+0000] {dag.py:2941} INFO - Sync 1 DAGs
[2025-06-04T15:16:49.701+0000] {logging_mixin.py:151} INFO - [2025-06-04T15:16:49.701+0000] {dag.py:3722} INFO - Setting next_dagrun for Airflow_ETL_DAG to None, run_after=None
[2025-06-04T15:16:49.770+0000] {processor.py:179} INFO - Processing /opt/airflow/dags/airflow_etl.py took 0.720 seconds
[2025-06-04T15:17:20.520+0000] {processor.py:157} INFO - Started process (PID=936) to work on /opt/airflow/dags/airflow_etl.py
[2025-06-04T15:17:20.521+0000] {processor.py:829} INFO - Processing file /opt/airflow/dags/airflow_etl.py for tasks to queue
[2025-06-04T15:17:20.523+0000] {logging_mixin.py:151} INFO - [2025-06-04T15:17:20.522+0000] {dagbag.py:536} INFO - Filling up the DagBag from /opt/airflow/dags/airflow_etl.py
[2025-06-04T15:17:21.149+0000] {processor.py:839} INFO - DAG(s) dict_keys(['Airflow_ETL_DAG']) retrieved from /opt/airflow/dags/airflow_etl.py
[2025-06-04T15:17:21.180+0000] {logging_mixin.py:151} INFO - [2025-06-04T15:17:21.179+0000] {dag.py:2941} INFO - Sync 1 DAGs
[2025-06-04T15:17:21.206+0000] {logging_mixin.py:151} INFO - [2025-06-04T15:17:21.206+0000] {dag.py:3722} INFO - Setting next_dagrun for Airflow_ETL_DAG to None, run_after=None
[2025-06-04T15:17:21.278+0000] {processor.py:179} INFO - Processing /opt/airflow/dags/airflow_etl.py took 0.762 seconds
[2025-06-04T15:17:52.033+0000] {processor.py:157} INFO - Started process (PID=947) to work on /opt/airflow/dags/airflow_etl.py
[2025-06-04T15:17:52.035+0000] {processor.py:829} INFO - Processing file /opt/airflow/dags/airflow_etl.py for tasks to queue
[2025-06-04T15:17:52.037+0000] {logging_mixin.py:151} INFO - [2025-06-04T15:17:52.036+0000] {dagbag.py:536} INFO - Filling up the DagBag from /opt/airflow/dags/airflow_etl.py
[2025-06-04T15:17:52.704+0000] {processor.py:839} INFO - DAG(s) dict_keys(['Airflow_ETL_DAG']) retrieved from /opt/airflow/dags/airflow_etl.py
[2025-06-04T15:17:52.733+0000] {logging_mixin.py:151} INFO - [2025-06-04T15:17:52.732+0000] {dag.py:2941} INFO - Sync 1 DAGs
[2025-06-04T15:17:52.757+0000] {logging_mixin.py:151} INFO - [2025-06-04T15:17:52.756+0000] {dag.py:3722} INFO - Setting next_dagrun for Airflow_ETL_DAG to None, run_after=None
[2025-06-04T15:17:52.830+0000] {processor.py:179} INFO - Processing /opt/airflow/dags/airflow_etl.py took 0.802 seconds
[2025-06-04T15:18:23.519+0000] {processor.py:157} INFO - Started process (PID=958) to work on /opt/airflow/dags/airflow_etl.py
[2025-06-04T15:18:23.521+0000] {processor.py:829} INFO - Processing file /opt/airflow/dags/airflow_etl.py for tasks to queue
[2025-06-04T15:18:23.522+0000] {logging_mixin.py:151} INFO - [2025-06-04T15:18:23.522+0000] {dagbag.py:536} INFO - Filling up the DagBag from /opt/airflow/dags/airflow_etl.py
[2025-06-04T15:18:24.124+0000] {processor.py:839} INFO - DAG(s) dict_keys(['Airflow_ETL_DAG']) retrieved from /opt/airflow/dags/airflow_etl.py
[2025-06-04T15:18:24.196+0000] {logging_mixin.py:151} INFO - [2025-06-04T15:18:24.195+0000] {dag.py:2941} INFO - Sync 1 DAGs
[2025-06-04T15:18:24.226+0000] {logging_mixin.py:151} INFO - [2025-06-04T15:18:24.226+0000] {dag.py:3722} INFO - Setting next_dagrun for Airflow_ETL_DAG to None, run_after=None
[2025-06-04T15:18:24.289+0000] {processor.py:179} INFO - Processing /opt/airflow/dags/airflow_etl.py took 0.773 seconds
[2025-06-04T15:18:54.955+0000] {processor.py:157} INFO - Started process (PID=969) to work on /opt/airflow/dags/airflow_etl.py
[2025-06-04T15:18:54.957+0000] {processor.py:829} INFO - Processing file /opt/airflow/dags/airflow_etl.py for tasks to queue
[2025-06-04T15:18:54.958+0000] {logging_mixin.py:151} INFO - [2025-06-04T15:18:54.957+0000] {dagbag.py:536} INFO - Filling up the DagBag from /opt/airflow/dags/airflow_etl.py
[2025-06-04T15:18:55.508+0000] {processor.py:839} INFO - DAG(s) dict_keys(['Airflow_ETL_DAG']) retrieved from /opt/airflow/dags/airflow_etl.py
[2025-06-04T15:18:55.575+0000] {logging_mixin.py:151} INFO - [2025-06-04T15:18:55.574+0000] {dag.py:2941} INFO - Sync 1 DAGs
[2025-06-04T15:18:55.599+0000] {logging_mixin.py:151} INFO - [2025-06-04T15:18:55.599+0000] {dag.py:3722} INFO - Setting next_dagrun for Airflow_ETL_DAG to None, run_after=None
[2025-06-04T15:18:55.664+0000] {processor.py:179} INFO - Processing /opt/airflow/dags/airflow_etl.py took 0.712 seconds
[2025-06-04T15:19:26.399+0000] {processor.py:157} INFO - Started process (PID=980) to work on /opt/airflow/dags/airflow_etl.py
[2025-06-04T15:19:26.400+0000] {processor.py:829} INFO - Processing file /opt/airflow/dags/airflow_etl.py for tasks to queue
[2025-06-04T15:19:26.402+0000] {logging_mixin.py:151} INFO - [2025-06-04T15:19:26.401+0000] {dagbag.py:536} INFO - Filling up the DagBag from /opt/airflow/dags/airflow_etl.py
[2025-06-04T15:19:27.217+0000] {processor.py:839} INFO - DAG(s) dict_keys(['Airflow_ETL_DAG']) retrieved from /opt/airflow/dags/airflow_etl.py
[2025-06-04T15:19:27.285+0000] {logging_mixin.py:151} INFO - [2025-06-04T15:19:27.284+0000] {dag.py:2941} INFO - Sync 1 DAGs
[2025-06-04T15:19:27.310+0000] {logging_mixin.py:151} INFO - [2025-06-04T15:19:27.310+0000] {dag.py:3722} INFO - Setting next_dagrun for Airflow_ETL_DAG to None, run_after=None
[2025-06-04T15:19:27.377+0000] {processor.py:179} INFO - Processing /opt/airflow/dags/airflow_etl.py took 0.982 seconds
[2025-06-04T15:19:57.751+0000] {processor.py:157} INFO - Started process (PID=991) to work on /opt/airflow/dags/airflow_etl.py
[2025-06-04T15:19:57.752+0000] {processor.py:829} INFO - Processing file /opt/airflow/dags/airflow_etl.py for tasks to queue
[2025-06-04T15:19:57.753+0000] {logging_mixin.py:151} INFO - [2025-06-04T15:19:57.753+0000] {dagbag.py:536} INFO - Filling up the DagBag from /opt/airflow/dags/airflow_etl.py
[2025-06-04T15:19:58.338+0000] {processor.py:839} INFO - DAG(s) dict_keys(['Airflow_ETL_DAG']) retrieved from /opt/airflow/dags/airflow_etl.py
[2025-06-04T15:19:58.362+0000] {logging_mixin.py:151} INFO - [2025-06-04T15:19:58.362+0000] {dag.py:2941} INFO - Sync 1 DAGs
[2025-06-04T15:19:58.384+0000] {logging_mixin.py:151} INFO - [2025-06-04T15:19:58.383+0000] {dag.py:3722} INFO - Setting next_dagrun for Airflow_ETL_DAG to None, run_after=None
[2025-06-04T15:19:58.445+0000] {processor.py:179} INFO - Processing /opt/airflow/dags/airflow_etl.py took 0.697 seconds
[2025-06-04T15:20:29.198+0000] {processor.py:157} INFO - Started process (PID=1002) to work on /opt/airflow/dags/airflow_etl.py
[2025-06-04T15:20:29.200+0000] {processor.py:829} INFO - Processing file /opt/airflow/dags/airflow_etl.py for tasks to queue
[2025-06-04T15:20:29.201+0000] {logging_mixin.py:151} INFO - [2025-06-04T15:20:29.201+0000] {dagbag.py:536} INFO - Filling up the DagBag from /opt/airflow/dags/airflow_etl.py
[2025-06-04T15:20:29.855+0000] {processor.py:839} INFO - DAG(s) dict_keys(['Airflow_ETL_DAG']) retrieved from /opt/airflow/dags/airflow_etl.py
[2025-06-04T15:20:29.887+0000] {logging_mixin.py:151} INFO - [2025-06-04T15:20:29.887+0000] {dag.py:2941} INFO - Sync 1 DAGs
[2025-06-04T15:20:29.915+0000] {logging_mixin.py:151} INFO - [2025-06-04T15:20:29.915+0000] {dag.py:3722} INFO - Setting next_dagrun for Airflow_ETL_DAG to None, run_after=None
[2025-06-04T15:20:29.982+0000] {processor.py:179} INFO - Processing /opt/airflow/dags/airflow_etl.py took 0.790 seconds
[2025-06-04T15:21:00.702+0000] {processor.py:157} INFO - Started process (PID=1013) to work on /opt/airflow/dags/airflow_etl.py
[2025-06-04T15:21:00.703+0000] {processor.py:829} INFO - Processing file /opt/airflow/dags/airflow_etl.py for tasks to queue
[2025-06-04T15:21:00.705+0000] {logging_mixin.py:151} INFO - [2025-06-04T15:21:00.704+0000] {dagbag.py:536} INFO - Filling up the DagBag from /opt/airflow/dags/airflow_etl.py
[2025-06-04T15:21:01.406+0000] {processor.py:839} INFO - DAG(s) dict_keys(['Airflow_ETL_DAG']) retrieved from /opt/airflow/dags/airflow_etl.py
[2025-06-04T15:21:01.476+0000] {logging_mixin.py:151} INFO - [2025-06-04T15:21:01.475+0000] {dag.py:2941} INFO - Sync 1 DAGs
[2025-06-04T15:21:01.500+0000] {logging_mixin.py:151} INFO - [2025-06-04T15:21:01.500+0000] {dag.py:3722} INFO - Setting next_dagrun for Airflow_ETL_DAG to None, run_after=None
[2025-06-04T15:21:01.563+0000] {processor.py:179} INFO - Processing /opt/airflow/dags/airflow_etl.py took 0.869 seconds
[2025-06-04T15:21:31.877+0000] {processor.py:157} INFO - Started process (PID=1024) to work on /opt/airflow/dags/airflow_etl.py
[2025-06-04T15:21:31.878+0000] {processor.py:829} INFO - Processing file /opt/airflow/dags/airflow_etl.py for tasks to queue
[2025-06-04T15:21:31.879+0000] {logging_mixin.py:151} INFO - [2025-06-04T15:21:31.879+0000] {dagbag.py:536} INFO - Filling up the DagBag from /opt/airflow/dags/airflow_etl.py
[2025-06-04T15:21:32.400+0000] {processor.py:839} INFO - DAG(s) dict_keys(['Airflow_ETL_DAG']) retrieved from /opt/airflow/dags/airflow_etl.py
[2025-06-04T15:21:32.433+0000] {logging_mixin.py:151} INFO - [2025-06-04T15:21:32.432+0000] {dag.py:2941} INFO - Sync 1 DAGs
[2025-06-04T15:21:32.456+0000] {logging_mixin.py:151} INFO - [2025-06-04T15:21:32.456+0000] {dag.py:3722} INFO - Setting next_dagrun for Airflow_ETL_DAG to None, run_after=None
[2025-06-04T15:21:32.520+0000] {processor.py:179} INFO - Processing /opt/airflow/dags/airflow_etl.py took 0.647 seconds
[2025-06-04T15:22:03.295+0000] {processor.py:157} INFO - Started process (PID=1035) to work on /opt/airflow/dags/airflow_etl.py
[2025-06-04T15:22:03.298+0000] {processor.py:829} INFO - Processing file /opt/airflow/dags/airflow_etl.py for tasks to queue
[2025-06-04T15:22:03.299+0000] {logging_mixin.py:151} INFO - [2025-06-04T15:22:03.299+0000] {dagbag.py:536} INFO - Filling up the DagBag from /opt/airflow/dags/airflow_etl.py
[2025-06-04T15:22:03.859+0000] {processor.py:839} INFO - DAG(s) dict_keys(['Airflow_ETL_DAG']) retrieved from /opt/airflow/dags/airflow_etl.py
[2025-06-04T15:22:03.884+0000] {logging_mixin.py:151} INFO - [2025-06-04T15:22:03.884+0000] {dag.py:2941} INFO - Sync 1 DAGs
[2025-06-04T15:22:03.906+0000] {logging_mixin.py:151} INFO - [2025-06-04T15:22:03.906+0000] {dag.py:3722} INFO - Setting next_dagrun for Airflow_ETL_DAG to None, run_after=None
[2025-06-04T15:22:03.970+0000] {processor.py:179} INFO - Processing /opt/airflow/dags/airflow_etl.py took 0.680 seconds
[2025-06-04T15:22:34.689+0000] {processor.py:157} INFO - Started process (PID=1046) to work on /opt/airflow/dags/airflow_etl.py
[2025-06-04T15:22:34.690+0000] {processor.py:829} INFO - Processing file /opt/airflow/dags/airflow_etl.py for tasks to queue
[2025-06-04T15:22:34.691+0000] {logging_mixin.py:151} INFO - [2025-06-04T15:22:34.691+0000] {dagbag.py:536} INFO - Filling up the DagBag from /opt/airflow/dags/airflow_etl.py
[2025-06-04T15:22:35.318+0000] {processor.py:839} INFO - DAG(s) dict_keys(['Airflow_ETL_DAG']) retrieved from /opt/airflow/dags/airflow_etl.py
[2025-06-04T15:22:35.345+0000] {logging_mixin.py:151} INFO - [2025-06-04T15:22:35.344+0000] {dag.py:2941} INFO - Sync 1 DAGs
[2025-06-04T15:22:35.368+0000] {logging_mixin.py:151} INFO - [2025-06-04T15:22:35.368+0000] {dag.py:3722} INFO - Setting next_dagrun for Airflow_ETL_DAG to None, run_after=None
[2025-06-04T15:22:35.430+0000] {processor.py:179} INFO - Processing /opt/airflow/dags/airflow_etl.py took 0.744 seconds
[2025-06-04T15:23:06.161+0000] {processor.py:157} INFO - Started process (PID=1057) to work on /opt/airflow/dags/airflow_etl.py
[2025-06-04T15:23:06.162+0000] {processor.py:829} INFO - Processing file /opt/airflow/dags/airflow_etl.py for tasks to queue
[2025-06-04T15:23:06.165+0000] {logging_mixin.py:151} INFO - [2025-06-04T15:23:06.165+0000] {dagbag.py:536} INFO - Filling up the DagBag from /opt/airflow/dags/airflow_etl.py
[2025-06-04T15:23:06.855+0000] {processor.py:839} INFO - DAG(s) dict_keys(['Airflow_ETL_DAG']) retrieved from /opt/airflow/dags/airflow_etl.py
[2025-06-04T15:23:06.894+0000] {logging_mixin.py:151} INFO - [2025-06-04T15:23:06.893+0000] {dag.py:2941} INFO - Sync 1 DAGs
[2025-06-04T15:23:06.924+0000] {logging_mixin.py:151} INFO - [2025-06-04T15:23:06.923+0000] {dag.py:3722} INFO - Setting next_dagrun for Airflow_ETL_DAG to None, run_after=None
[2025-06-04T15:23:06.951+0000] {processor.py:179} INFO - Processing /opt/airflow/dags/airflow_etl.py took 0.795 seconds
[2025-06-04T15:23:37.556+0000] {processor.py:157} INFO - Started process (PID=1068) to work on /opt/airflow/dags/airflow_etl.py
[2025-06-04T15:23:37.557+0000] {processor.py:829} INFO - Processing file /opt/airflow/dags/airflow_etl.py for tasks to queue
[2025-06-04T15:23:37.558+0000] {logging_mixin.py:151} INFO - [2025-06-04T15:23:37.558+0000] {dagbag.py:536} INFO - Filling up the DagBag from /opt/airflow/dags/airflow_etl.py
[2025-06-04T15:23:38.167+0000] {processor.py:839} INFO - DAG(s) dict_keys(['Airflow_ETL_DAG']) retrieved from /opt/airflow/dags/airflow_etl.py
[2025-06-04T15:23:38.190+0000] {logging_mixin.py:151} INFO - [2025-06-04T15:23:38.189+0000] {dag.py:2941} INFO - Sync 1 DAGs
[2025-06-04T15:23:38.209+0000] {logging_mixin.py:151} INFO - [2025-06-04T15:23:38.209+0000] {dag.py:3722} INFO - Setting next_dagrun for Airflow_ETL_DAG to None, run_after=None
[2025-06-04T15:23:38.272+0000] {processor.py:179} INFO - Processing /opt/airflow/dags/airflow_etl.py took 0.719 seconds
[2025-06-04T15:24:09.204+0000] {processor.py:157} INFO - Started process (PID=1079) to work on /opt/airflow/dags/airflow_etl.py
[2025-06-04T15:24:09.205+0000] {processor.py:829} INFO - Processing file /opt/airflow/dags/airflow_etl.py for tasks to queue
[2025-06-04T15:24:09.206+0000] {logging_mixin.py:151} INFO - [2025-06-04T15:24:09.206+0000] {dagbag.py:536} INFO - Filling up the DagBag from /opt/airflow/dags/airflow_etl.py
[2025-06-04T15:24:09.752+0000] {processor.py:839} INFO - DAG(s) dict_keys(['Airflow_ETL_DAG']) retrieved from /opt/airflow/dags/airflow_etl.py
[2025-06-04T15:24:09.779+0000] {logging_mixin.py:151} INFO - [2025-06-04T15:24:09.778+0000] {dag.py:2941} INFO - Sync 1 DAGs
[2025-06-04T15:24:09.801+0000] {logging_mixin.py:151} INFO - [2025-06-04T15:24:09.801+0000] {dag.py:3722} INFO - Setting next_dagrun for Airflow_ETL_DAG to None, run_after=None
[2025-06-04T15:24:09.875+0000] {processor.py:179} INFO - Processing /opt/airflow/dags/airflow_etl.py took 0.675 seconds
[2025-06-04T15:24:40.536+0000] {processor.py:157} INFO - Started process (PID=1090) to work on /opt/airflow/dags/airflow_etl.py
[2025-06-04T15:24:40.537+0000] {processor.py:829} INFO - Processing file /opt/airflow/dags/airflow_etl.py for tasks to queue
[2025-06-04T15:24:40.539+0000] {logging_mixin.py:151} INFO - [2025-06-04T15:24:40.538+0000] {dagbag.py:536} INFO - Filling up the DagBag from /opt/airflow/dags/airflow_etl.py
[2025-06-04T15:24:41.101+0000] {processor.py:839} INFO - DAG(s) dict_keys(['Airflow_ETL_DAG']) retrieved from /opt/airflow/dags/airflow_etl.py
[2025-06-04T15:24:41.130+0000] {logging_mixin.py:151} INFO - [2025-06-04T15:24:41.129+0000] {dag.py:2941} INFO - Sync 1 DAGs
[2025-06-04T15:24:41.158+0000] {logging_mixin.py:151} INFO - [2025-06-04T15:24:41.157+0000] {dag.py:3722} INFO - Setting next_dagrun for Airflow_ETL_DAG to None, run_after=None
[2025-06-04T15:24:41.219+0000] {processor.py:179} INFO - Processing /opt/airflow/dags/airflow_etl.py took 0.688 seconds
[2025-06-04T15:25:11.490+0000] {processor.py:157} INFO - Started process (PID=1106) to work on /opt/airflow/dags/airflow_etl.py
[2025-06-04T15:25:11.491+0000] {processor.py:829} INFO - Processing file /opt/airflow/dags/airflow_etl.py for tasks to queue
[2025-06-04T15:25:11.493+0000] {logging_mixin.py:151} INFO - [2025-06-04T15:25:11.492+0000] {dagbag.py:536} INFO - Filling up the DagBag from /opt/airflow/dags/airflow_etl.py
[2025-06-04T15:25:12.014+0000] {processor.py:839} INFO - DAG(s) dict_keys(['Airflow_ETL_DAG']) retrieved from /opt/airflow/dags/airflow_etl.py
[2025-06-04T15:25:12.040+0000] {logging_mixin.py:151} INFO - [2025-06-04T15:25:12.039+0000] {dag.py:2941} INFO - Sync 1 DAGs
[2025-06-04T15:25:12.063+0000] {logging_mixin.py:151} INFO - [2025-06-04T15:25:12.063+0000] {dag.py:3722} INFO - Setting next_dagrun for Airflow_ETL_DAG to None, run_after=None
[2025-06-04T15:25:12.124+0000] {processor.py:179} INFO - Processing /opt/airflow/dags/airflow_etl.py took 0.637 seconds
[2025-06-04T15:25:42.773+0000] {processor.py:157} INFO - Started process (PID=1117) to work on /opt/airflow/dags/airflow_etl.py
[2025-06-04T15:25:42.774+0000] {processor.py:829} INFO - Processing file /opt/airflow/dags/airflow_etl.py for tasks to queue
[2025-06-04T15:25:42.775+0000] {logging_mixin.py:151} INFO - [2025-06-04T15:25:42.775+0000] {dagbag.py:536} INFO - Filling up the DagBag from /opt/airflow/dags/airflow_etl.py
[2025-06-04T15:25:43.399+0000] {processor.py:839} INFO - DAG(s) dict_keys(['Airflow_ETL_DAG']) retrieved from /opt/airflow/dags/airflow_etl.py
[2025-06-04T15:25:43.425+0000] {logging_mixin.py:151} INFO - [2025-06-04T15:25:43.425+0000] {dag.py:2941} INFO - Sync 1 DAGs
[2025-06-04T15:25:43.449+0000] {logging_mixin.py:151} INFO - [2025-06-04T15:25:43.448+0000] {dag.py:3722} INFO - Setting next_dagrun for Airflow_ETL_DAG to None, run_after=None
[2025-06-04T15:25:43.511+0000] {processor.py:179} INFO - Processing /opt/airflow/dags/airflow_etl.py took 0.742 seconds
