[2025-06-04T14:15:01.052+0000] {processor.py:157} INFO - Started process (PID=171) to work on /opt/airflow/dags/clean_tables.py
[2025-06-04T14:15:01.054+0000] {processor.py:829} INFO - Processing file /opt/airflow/dags/clean_tables.py for tasks to queue
[2025-06-04T14:15:01.055+0000] {logging_mixin.py:151} INFO - [2025-06-04T14:15:01.055+0000] {dagbag.py:536} INFO - Filling up the DagBag from /opt/airflow/dags/clean_tables.py
[2025-06-04T14:15:01.106+0000] {processor.py:839} INFO - DAG(s) dict_keys(['clean_tables_dag']) retrieved from /opt/airflow/dags/clean_tables.py
[2025-06-04T14:15:01.190+0000] {logging_mixin.py:151} INFO - [2025-06-04T14:15:01.190+0000] {dag.py:2941} INFO - Sync 1 DAGs
[2025-06-04T14:15:01.224+0000] {logging_mixin.py:151} INFO - [2025-06-04T14:15:01.223+0000] {dag.py:3722} INFO - Setting next_dagrun for clean_tables_dag to 2025-03-10T00:00:00+00:00, run_after=2025-03-10T00:00:00+00:00
[2025-06-04T14:15:01.262+0000] {processor.py:179} INFO - Processing /opt/airflow/dags/clean_tables.py took 0.214 seconds
[2025-06-04T14:15:31.318+0000] {processor.py:157} INFO - Started process (PID=182) to work on /opt/airflow/dags/clean_tables.py
[2025-06-04T14:15:31.319+0000] {processor.py:829} INFO - Processing file /opt/airflow/dags/clean_tables.py for tasks to queue
[2025-06-04T14:15:31.321+0000] {logging_mixin.py:151} INFO - [2025-06-04T14:15:31.320+0000] {dagbag.py:536} INFO - Filling up the DagBag from /opt/airflow/dags/clean_tables.py
[2025-06-04T14:15:31.351+0000] {processor.py:839} INFO - DAG(s) dict_keys(['clean_tables_dag']) retrieved from /opt/airflow/dags/clean_tables.py
[2025-06-04T14:15:31.371+0000] {logging_mixin.py:151} INFO - [2025-06-04T14:15:31.370+0000] {dag.py:2941} INFO - Sync 1 DAGs
[2025-06-04T14:15:31.405+0000] {logging_mixin.py:151} INFO - [2025-06-04T14:15:31.405+0000] {dag.py:3722} INFO - Setting next_dagrun for clean_tables_dag to 2025-03-10T00:00:00+00:00, run_after=2025-03-10T00:00:00+00:00
[2025-06-04T14:15:31.427+0000] {processor.py:179} INFO - Processing /opt/airflow/dags/clean_tables.py took 0.114 seconds
[2025-06-04T14:16:01.706+0000] {processor.py:157} INFO - Started process (PID=193) to work on /opt/airflow/dags/clean_tables.py
[2025-06-04T14:16:01.709+0000] {processor.py:829} INFO - Processing file /opt/airflow/dags/clean_tables.py for tasks to queue
[2025-06-04T14:16:01.711+0000] {logging_mixin.py:151} INFO - [2025-06-04T14:16:01.711+0000] {dagbag.py:536} INFO - Filling up the DagBag from /opt/airflow/dags/clean_tables.py
[2025-06-04T14:16:01.746+0000] {processor.py:839} INFO - DAG(s) dict_keys(['clean_tables_dag']) retrieved from /opt/airflow/dags/clean_tables.py
[2025-06-04T14:16:01.802+0000] {logging_mixin.py:151} INFO - [2025-06-04T14:16:01.801+0000] {dag.py:2941} INFO - Sync 1 DAGs
[2025-06-04T14:16:01.854+0000] {logging_mixin.py:151} INFO - [2025-06-04T14:16:01.853+0000] {dag.py:3722} INFO - Setting next_dagrun for clean_tables_dag to 2025-03-10T00:00:00+00:00, run_after=2025-03-10T00:00:00+00:00
[2025-06-04T14:16:01.900+0000] {processor.py:179} INFO - Processing /opt/airflow/dags/clean_tables.py took 0.208 seconds
[2025-06-04T14:16:32.156+0000] {processor.py:157} INFO - Started process (PID=204) to work on /opt/airflow/dags/clean_tables.py
[2025-06-04T14:16:32.157+0000] {processor.py:829} INFO - Processing file /opt/airflow/dags/clean_tables.py for tasks to queue
[2025-06-04T14:16:32.158+0000] {logging_mixin.py:151} INFO - [2025-06-04T14:16:32.158+0000] {dagbag.py:536} INFO - Filling up the DagBag from /opt/airflow/dags/clean_tables.py
[2025-06-04T14:16:32.182+0000] {processor.py:839} INFO - DAG(s) dict_keys(['clean_tables_dag']) retrieved from /opt/airflow/dags/clean_tables.py
[2025-06-04T14:16:32.218+0000] {logging_mixin.py:151} INFO - [2025-06-04T14:16:32.218+0000] {dag.py:2941} INFO - Sync 1 DAGs
[2025-06-04T14:16:32.246+0000] {logging_mixin.py:151} INFO - [2025-06-04T14:16:32.246+0000] {dag.py:3722} INFO - Setting next_dagrun for clean_tables_dag to 2025-03-10T00:00:00+00:00, run_after=2025-03-10T00:00:00+00:00
[2025-06-04T14:16:32.276+0000] {processor.py:179} INFO - Processing /opt/airflow/dags/clean_tables.py took 0.125 seconds
[2025-06-04T14:17:02.545+0000] {processor.py:157} INFO - Started process (PID=215) to work on /opt/airflow/dags/clean_tables.py
[2025-06-04T14:17:02.546+0000] {processor.py:829} INFO - Processing file /opt/airflow/dags/clean_tables.py for tasks to queue
[2025-06-04T14:17:02.547+0000] {logging_mixin.py:151} INFO - [2025-06-04T14:17:02.547+0000] {dagbag.py:536} INFO - Filling up the DagBag from /opt/airflow/dags/clean_tables.py
[2025-06-04T14:17:02.572+0000] {processor.py:839} INFO - DAG(s) dict_keys(['clean_tables_dag']) retrieved from /opt/airflow/dags/clean_tables.py
[2025-06-04T14:17:02.608+0000] {logging_mixin.py:151} INFO - [2025-06-04T14:17:02.608+0000] {dag.py:2941} INFO - Sync 1 DAGs
[2025-06-04T14:17:02.638+0000] {logging_mixin.py:151} INFO - [2025-06-04T14:17:02.638+0000] {dag.py:3722} INFO - Setting next_dagrun for clean_tables_dag to 2025-03-10T00:00:00+00:00, run_after=2025-03-10T00:00:00+00:00
[2025-06-04T14:17:02.677+0000] {processor.py:179} INFO - Processing /opt/airflow/dags/clean_tables.py took 0.136 seconds
[2025-06-04T14:17:33.010+0000] {processor.py:157} INFO - Started process (PID=226) to work on /opt/airflow/dags/clean_tables.py
[2025-06-04T14:17:33.011+0000] {processor.py:829} INFO - Processing file /opt/airflow/dags/clean_tables.py for tasks to queue
[2025-06-04T14:17:33.012+0000] {logging_mixin.py:151} INFO - [2025-06-04T14:17:33.012+0000] {dagbag.py:536} INFO - Filling up the DagBag from /opt/airflow/dags/clean_tables.py
[2025-06-04T14:17:33.036+0000] {processor.py:839} INFO - DAG(s) dict_keys(['clean_tables_dag']) retrieved from /opt/airflow/dags/clean_tables.py
[2025-06-04T14:17:33.071+0000] {logging_mixin.py:151} INFO - [2025-06-04T14:17:33.071+0000] {dag.py:2941} INFO - Sync 1 DAGs
[2025-06-04T14:17:33.099+0000] {logging_mixin.py:151} INFO - [2025-06-04T14:17:33.098+0000] {dag.py:3722} INFO - Setting next_dagrun for clean_tables_dag to 2025-03-10T00:00:00+00:00, run_after=2025-03-10T00:00:00+00:00
[2025-06-04T14:17:33.164+0000] {processor.py:179} INFO - Processing /opt/airflow/dags/clean_tables.py took 0.158 seconds
[2025-06-04T14:18:03.476+0000] {processor.py:157} INFO - Started process (PID=237) to work on /opt/airflow/dags/clean_tables.py
[2025-06-04T14:18:03.477+0000] {processor.py:829} INFO - Processing file /opt/airflow/dags/clean_tables.py for tasks to queue
[2025-06-04T14:18:03.478+0000] {logging_mixin.py:151} INFO - [2025-06-04T14:18:03.478+0000] {dagbag.py:536} INFO - Filling up the DagBag from /opt/airflow/dags/clean_tables.py
[2025-06-04T14:18:03.500+0000] {processor.py:839} INFO - DAG(s) dict_keys(['clean_tables_dag']) retrieved from /opt/airflow/dags/clean_tables.py
[2025-06-04T14:18:03.539+0000] {logging_mixin.py:151} INFO - [2025-06-04T14:18:03.539+0000] {dag.py:2941} INFO - Sync 1 DAGs
[2025-06-04T14:18:03.564+0000] {logging_mixin.py:151} INFO - [2025-06-04T14:18:03.564+0000] {dag.py:3722} INFO - Setting next_dagrun for clean_tables_dag to 2025-03-10T00:00:00+00:00, run_after=2025-03-10T00:00:00+00:00
[2025-06-04T14:18:03.632+0000] {processor.py:179} INFO - Processing /opt/airflow/dags/clean_tables.py took 0.160 seconds
[2025-06-04T14:18:33.885+0000] {processor.py:157} INFO - Started process (PID=248) to work on /opt/airflow/dags/clean_tables.py
[2025-06-04T14:18:33.886+0000] {processor.py:829} INFO - Processing file /opt/airflow/dags/clean_tables.py for tasks to queue
[2025-06-04T14:18:33.887+0000] {logging_mixin.py:151} INFO - [2025-06-04T14:18:33.886+0000] {dagbag.py:536} INFO - Filling up the DagBag from /opt/airflow/dags/clean_tables.py
[2025-06-04T14:18:33.910+0000] {processor.py:839} INFO - DAG(s) dict_keys(['clean_tables_dag']) retrieved from /opt/airflow/dags/clean_tables.py
[2025-06-04T14:18:33.939+0000] {logging_mixin.py:151} INFO - [2025-06-04T14:18:33.939+0000] {dag.py:2941} INFO - Sync 1 DAGs
[2025-06-04T14:18:33.957+0000] {logging_mixin.py:151} INFO - [2025-06-04T14:18:33.956+0000] {dag.py:3722} INFO - Setting next_dagrun for clean_tables_dag to 2025-03-10T00:00:00+00:00, run_after=2025-03-10T00:00:00+00:00
[2025-06-04T14:18:33.975+0000] {processor.py:179} INFO - Processing /opt/airflow/dags/clean_tables.py took 0.094 seconds
[2025-06-04T14:19:04.213+0000] {processor.py:157} INFO - Started process (PID=259) to work on /opt/airflow/dags/clean_tables.py
[2025-06-04T14:19:04.213+0000] {processor.py:829} INFO - Processing file /opt/airflow/dags/clean_tables.py for tasks to queue
[2025-06-04T14:19:04.215+0000] {logging_mixin.py:151} INFO - [2025-06-04T14:19:04.214+0000] {dagbag.py:536} INFO - Filling up the DagBag from /opt/airflow/dags/clean_tables.py
[2025-06-04T14:19:04.236+0000] {processor.py:839} INFO - DAG(s) dict_keys(['clean_tables_dag']) retrieved from /opt/airflow/dags/clean_tables.py
[2025-06-04T14:19:04.262+0000] {logging_mixin.py:151} INFO - [2025-06-04T14:19:04.262+0000] {dag.py:2941} INFO - Sync 1 DAGs
[2025-06-04T14:19:04.283+0000] {logging_mixin.py:151} INFO - [2025-06-04T14:19:04.283+0000] {dag.py:3722} INFO - Setting next_dagrun for clean_tables_dag to 2025-03-10T00:00:00+00:00, run_after=2025-03-10T00:00:00+00:00
[2025-06-04T14:19:04.305+0000] {processor.py:179} INFO - Processing /opt/airflow/dags/clean_tables.py took 0.096 seconds
[2025-06-04T14:19:34.569+0000] {processor.py:157} INFO - Started process (PID=270) to work on /opt/airflow/dags/clean_tables.py
[2025-06-04T14:19:34.570+0000] {processor.py:829} INFO - Processing file /opt/airflow/dags/clean_tables.py for tasks to queue
[2025-06-04T14:19:34.572+0000] {logging_mixin.py:151} INFO - [2025-06-04T14:19:34.571+0000] {dagbag.py:536} INFO - Filling up the DagBag from /opt/airflow/dags/clean_tables.py
[2025-06-04T14:19:34.601+0000] {processor.py:839} INFO - DAG(s) dict_keys(['clean_tables_dag']) retrieved from /opt/airflow/dags/clean_tables.py
[2025-06-04T14:19:34.640+0000] {logging_mixin.py:151} INFO - [2025-06-04T14:19:34.639+0000] {dag.py:2941} INFO - Sync 1 DAGs
[2025-06-04T14:19:34.668+0000] {logging_mixin.py:151} INFO - [2025-06-04T14:19:34.668+0000] {dag.py:3722} INFO - Setting next_dagrun for clean_tables_dag to 2025-03-10T00:00:00+00:00, run_after=2025-03-10T00:00:00+00:00
[2025-06-04T14:19:34.746+0000] {processor.py:179} INFO - Processing /opt/airflow/dags/clean_tables.py took 0.184 seconds
[2025-06-04T14:20:05.159+0000] {processor.py:157} INFO - Started process (PID=281) to work on /opt/airflow/dags/clean_tables.py
[2025-06-04T14:20:05.161+0000] {processor.py:829} INFO - Processing file /opt/airflow/dags/clean_tables.py for tasks to queue
[2025-06-04T14:20:05.162+0000] {logging_mixin.py:151} INFO - [2025-06-04T14:20:05.162+0000] {dagbag.py:536} INFO - Filling up the DagBag from /opt/airflow/dags/clean_tables.py
[2025-06-04T14:20:05.184+0000] {processor.py:839} INFO - DAG(s) dict_keys(['clean_tables_dag']) retrieved from /opt/airflow/dags/clean_tables.py
[2025-06-04T14:20:05.216+0000] {logging_mixin.py:151} INFO - [2025-06-04T14:20:05.216+0000] {dag.py:2941} INFO - Sync 1 DAGs
[2025-06-04T14:20:05.244+0000] {logging_mixin.py:151} INFO - [2025-06-04T14:20:05.244+0000] {dag.py:3722} INFO - Setting next_dagrun for clean_tables_dag to 2025-03-10T00:00:00+00:00, run_after=2025-03-10T00:00:00+00:00
[2025-06-04T14:20:05.306+0000] {processor.py:179} INFO - Processing /opt/airflow/dags/clean_tables.py took 0.150 seconds
[2025-06-04T14:20:35.623+0000] {processor.py:157} INFO - Started process (PID=292) to work on /opt/airflow/dags/clean_tables.py
[2025-06-04T14:20:35.624+0000] {processor.py:829} INFO - Processing file /opt/airflow/dags/clean_tables.py for tasks to queue
[2025-06-04T14:20:35.626+0000] {logging_mixin.py:151} INFO - [2025-06-04T14:20:35.625+0000] {dagbag.py:536} INFO - Filling up the DagBag from /opt/airflow/dags/clean_tables.py
[2025-06-04T14:20:35.657+0000] {processor.py:839} INFO - DAG(s) dict_keys(['clean_tables_dag']) retrieved from /opt/airflow/dags/clean_tables.py
[2025-06-04T14:20:35.697+0000] {logging_mixin.py:151} INFO - [2025-06-04T14:20:35.696+0000] {dag.py:2941} INFO - Sync 1 DAGs
[2025-06-04T14:20:35.730+0000] {logging_mixin.py:151} INFO - [2025-06-04T14:20:35.730+0000] {dag.py:3722} INFO - Setting next_dagrun for clean_tables_dag to 2025-03-10T00:00:00+00:00, run_after=2025-03-10T00:00:00+00:00
[2025-06-04T14:20:35.777+0000] {processor.py:179} INFO - Processing /opt/airflow/dags/clean_tables.py took 0.161 seconds
[2025-06-04T14:21:06.087+0000] {processor.py:157} INFO - Started process (PID=303) to work on /opt/airflow/dags/clean_tables.py
[2025-06-04T14:21:06.088+0000] {processor.py:829} INFO - Processing file /opt/airflow/dags/clean_tables.py for tasks to queue
[2025-06-04T14:21:06.089+0000] {logging_mixin.py:151} INFO - [2025-06-04T14:21:06.089+0000] {dagbag.py:536} INFO - Filling up the DagBag from /opt/airflow/dags/clean_tables.py
[2025-06-04T14:21:06.115+0000] {processor.py:839} INFO - DAG(s) dict_keys(['clean_tables_dag']) retrieved from /opt/airflow/dags/clean_tables.py
[2025-06-04T14:21:06.148+0000] {logging_mixin.py:151} INFO - [2025-06-04T14:21:06.148+0000] {dag.py:2941} INFO - Sync 1 DAGs
[2025-06-04T14:21:06.173+0000] {logging_mixin.py:151} INFO - [2025-06-04T14:21:06.173+0000] {dag.py:3722} INFO - Setting next_dagrun for clean_tables_dag to 2025-03-10T00:00:00+00:00, run_after=2025-03-10T00:00:00+00:00
[2025-06-04T14:21:06.240+0000] {processor.py:179} INFO - Processing /opt/airflow/dags/clean_tables.py took 0.159 seconds
[2025-06-04T14:21:36.512+0000] {processor.py:157} INFO - Started process (PID=314) to work on /opt/airflow/dags/clean_tables.py
[2025-06-04T14:21:36.513+0000] {processor.py:829} INFO - Processing file /opt/airflow/dags/clean_tables.py for tasks to queue
[2025-06-04T14:21:36.514+0000] {logging_mixin.py:151} INFO - [2025-06-04T14:21:36.514+0000] {dagbag.py:536} INFO - Filling up the DagBag from /opt/airflow/dags/clean_tables.py
[2025-06-04T14:21:36.541+0000] {processor.py:839} INFO - DAG(s) dict_keys(['clean_tables_dag']) retrieved from /opt/airflow/dags/clean_tables.py
[2025-06-04T14:21:36.576+0000] {logging_mixin.py:151} INFO - [2025-06-04T14:21:36.576+0000] {dag.py:2941} INFO - Sync 1 DAGs
[2025-06-04T14:21:36.603+0000] {logging_mixin.py:151} INFO - [2025-06-04T14:21:36.603+0000] {dag.py:3722} INFO - Setting next_dagrun for clean_tables_dag to 2025-03-10T00:00:00+00:00, run_after=2025-03-10T00:00:00+00:00
[2025-06-04T14:21:36.669+0000] {processor.py:179} INFO - Processing /opt/airflow/dags/clean_tables.py took 0.161 seconds
[2025-06-04T14:22:06.726+0000] {processor.py:157} INFO - Started process (PID=325) to work on /opt/airflow/dags/clean_tables.py
[2025-06-04T14:22:06.728+0000] {processor.py:829} INFO - Processing file /opt/airflow/dags/clean_tables.py for tasks to queue
[2025-06-04T14:22:06.729+0000] {logging_mixin.py:151} INFO - [2025-06-04T14:22:06.728+0000] {dagbag.py:536} INFO - Filling up the DagBag from /opt/airflow/dags/clean_tables.py
[2025-06-04T14:22:06.758+0000] {processor.py:839} INFO - DAG(s) dict_keys(['clean_tables_dag']) retrieved from /opt/airflow/dags/clean_tables.py
[2025-06-04T14:22:06.797+0000] {logging_mixin.py:151} INFO - [2025-06-04T14:22:06.797+0000] {dag.py:2941} INFO - Sync 1 DAGs
[2025-06-04T14:22:06.821+0000] {logging_mixin.py:151} INFO - [2025-06-04T14:22:06.821+0000] {dag.py:3722} INFO - Setting next_dagrun for clean_tables_dag to 2025-03-10T00:00:00+00:00, run_after=2025-03-10T00:00:00+00:00
[2025-06-04T14:22:06.885+0000] {processor.py:179} INFO - Processing /opt/airflow/dags/clean_tables.py took 0.163 seconds
[2025-06-04T14:22:37.167+0000] {processor.py:157} INFO - Started process (PID=336) to work on /opt/airflow/dags/clean_tables.py
[2025-06-04T14:22:37.168+0000] {processor.py:829} INFO - Processing file /opt/airflow/dags/clean_tables.py for tasks to queue
[2025-06-04T14:22:37.169+0000] {logging_mixin.py:151} INFO - [2025-06-04T14:22:37.168+0000] {dagbag.py:536} INFO - Filling up the DagBag from /opt/airflow/dags/clean_tables.py
[2025-06-04T14:22:37.193+0000] {processor.py:839} INFO - DAG(s) dict_keys(['clean_tables_dag']) retrieved from /opt/airflow/dags/clean_tables.py
[2025-06-04T14:22:37.270+0000] {logging_mixin.py:151} INFO - [2025-06-04T14:22:37.270+0000] {dag.py:2941} INFO - Sync 1 DAGs
[2025-06-04T14:22:37.302+0000] {logging_mixin.py:151} INFO - [2025-06-04T14:22:37.302+0000] {dag.py:3722} INFO - Setting next_dagrun for clean_tables_dag to 2025-03-10T00:00:00+00:00, run_after=2025-03-10T00:00:00+00:00
[2025-06-04T14:22:37.348+0000] {processor.py:179} INFO - Processing /opt/airflow/dags/clean_tables.py took 0.185 seconds
[2025-06-04T14:23:07.640+0000] {processor.py:157} INFO - Started process (PID=347) to work on /opt/airflow/dags/clean_tables.py
[2025-06-04T14:23:07.641+0000] {processor.py:829} INFO - Processing file /opt/airflow/dags/clean_tables.py for tasks to queue
[2025-06-04T14:23:07.643+0000] {logging_mixin.py:151} INFO - [2025-06-04T14:23:07.642+0000] {dagbag.py:536} INFO - Filling up the DagBag from /opt/airflow/dags/clean_tables.py
[2025-06-04T14:23:07.667+0000] {processor.py:839} INFO - DAG(s) dict_keys(['clean_tables_dag']) retrieved from /opt/airflow/dags/clean_tables.py
[2025-06-04T14:23:07.741+0000] {logging_mixin.py:151} INFO - [2025-06-04T14:23:07.741+0000] {dag.py:2941} INFO - Sync 1 DAGs
[2025-06-04T14:23:07.767+0000] {logging_mixin.py:151} INFO - [2025-06-04T14:23:07.767+0000] {dag.py:3722} INFO - Setting next_dagrun for clean_tables_dag to 2025-03-10T00:00:00+00:00, run_after=2025-03-10T00:00:00+00:00
[2025-06-04T14:23:07.833+0000] {processor.py:179} INFO - Processing /opt/airflow/dags/clean_tables.py took 0.197 seconds
[2025-06-04T14:23:38.130+0000] {processor.py:157} INFO - Started process (PID=358) to work on /opt/airflow/dags/clean_tables.py
[2025-06-04T14:23:38.131+0000] {processor.py:829} INFO - Processing file /opt/airflow/dags/clean_tables.py for tasks to queue
[2025-06-04T14:23:38.132+0000] {logging_mixin.py:151} INFO - [2025-06-04T14:23:38.132+0000] {dagbag.py:536} INFO - Filling up the DagBag from /opt/airflow/dags/clean_tables.py
[2025-06-04T14:23:38.157+0000] {processor.py:839} INFO - DAG(s) dict_keys(['clean_tables_dag']) retrieved from /opt/airflow/dags/clean_tables.py
[2025-06-04T14:23:38.194+0000] {logging_mixin.py:151} INFO - [2025-06-04T14:23:38.193+0000] {dag.py:2941} INFO - Sync 1 DAGs
[2025-06-04T14:23:38.218+0000] {logging_mixin.py:151} INFO - [2025-06-04T14:23:38.218+0000] {dag.py:3722} INFO - Setting next_dagrun for clean_tables_dag to 2025-03-10T00:00:00+00:00, run_after=2025-03-10T00:00:00+00:00
[2025-06-04T14:23:38.240+0000] {processor.py:179} INFO - Processing /opt/airflow/dags/clean_tables.py took 0.114 seconds
[2025-06-04T14:24:08.501+0000] {processor.py:157} INFO - Started process (PID=369) to work on /opt/airflow/dags/clean_tables.py
[2025-06-04T14:24:08.502+0000] {processor.py:829} INFO - Processing file /opt/airflow/dags/clean_tables.py for tasks to queue
[2025-06-04T14:24:08.502+0000] {logging_mixin.py:151} INFO - [2025-06-04T14:24:08.502+0000] {dagbag.py:536} INFO - Filling up the DagBag from /opt/airflow/dags/clean_tables.py
[2025-06-04T14:24:08.522+0000] {processor.py:839} INFO - DAG(s) dict_keys(['clean_tables_dag']) retrieved from /opt/airflow/dags/clean_tables.py
[2025-06-04T14:24:08.558+0000] {logging_mixin.py:151} INFO - [2025-06-04T14:24:08.558+0000] {dag.py:2941} INFO - Sync 1 DAGs
[2025-06-04T14:24:08.579+0000] {logging_mixin.py:151} INFO - [2025-06-04T14:24:08.579+0000] {dag.py:3722} INFO - Setting next_dagrun for clean_tables_dag to 2025-03-10T00:00:00+00:00, run_after=2025-03-10T00:00:00+00:00
[2025-06-04T14:24:08.608+0000] {processor.py:179} INFO - Processing /opt/airflow/dags/clean_tables.py took 0.110 seconds
[2025-06-04T14:24:38.867+0000] {processor.py:157} INFO - Started process (PID=380) to work on /opt/airflow/dags/clean_tables.py
[2025-06-04T14:24:38.868+0000] {processor.py:829} INFO - Processing file /opt/airflow/dags/clean_tables.py for tasks to queue
[2025-06-04T14:24:38.869+0000] {logging_mixin.py:151} INFO - [2025-06-04T14:24:38.868+0000] {dagbag.py:536} INFO - Filling up the DagBag from /opt/airflow/dags/clean_tables.py
[2025-06-04T14:24:38.893+0000] {processor.py:839} INFO - DAG(s) dict_keys(['clean_tables_dag']) retrieved from /opt/airflow/dags/clean_tables.py
[2025-06-04T14:24:38.968+0000] {logging_mixin.py:151} INFO - [2025-06-04T14:24:38.968+0000] {dag.py:2941} INFO - Sync 1 DAGs
[2025-06-04T14:24:38.997+0000] {logging_mixin.py:151} INFO - [2025-06-04T14:24:38.997+0000] {dag.py:3722} INFO - Setting next_dagrun for clean_tables_dag to 2025-03-10T00:00:00+00:00, run_after=2025-03-10T00:00:00+00:00
[2025-06-04T14:24:39.063+0000] {processor.py:179} INFO - Processing /opt/airflow/dags/clean_tables.py took 0.200 seconds
[2025-06-04T14:25:09.441+0000] {processor.py:157} INFO - Started process (PID=391) to work on /opt/airflow/dags/clean_tables.py
[2025-06-04T14:25:09.442+0000] {processor.py:829} INFO - Processing file /opt/airflow/dags/clean_tables.py for tasks to queue
[2025-06-04T14:25:09.444+0000] {logging_mixin.py:151} INFO - [2025-06-04T14:25:09.443+0000] {dagbag.py:536} INFO - Filling up the DagBag from /opt/airflow/dags/clean_tables.py
[2025-06-04T14:25:09.471+0000] {processor.py:839} INFO - DAG(s) dict_keys(['clean_tables_dag']) retrieved from /opt/airflow/dags/clean_tables.py
[2025-06-04T14:25:09.512+0000] {logging_mixin.py:151} INFO - [2025-06-04T14:25:09.511+0000] {dag.py:2941} INFO - Sync 1 DAGs
[2025-06-04T14:25:09.543+0000] {logging_mixin.py:151} INFO - [2025-06-04T14:25:09.542+0000] {dag.py:3722} INFO - Setting next_dagrun for clean_tables_dag to 2025-03-10T00:00:00+00:00, run_after=2025-03-10T00:00:00+00:00
[2025-06-04T14:25:09.611+0000] {processor.py:179} INFO - Processing /opt/airflow/dags/clean_tables.py took 0.175 seconds
[2025-06-04T14:25:39.899+0000] {processor.py:157} INFO - Started process (PID=402) to work on /opt/airflow/dags/clean_tables.py
[2025-06-04T14:25:39.900+0000] {processor.py:829} INFO - Processing file /opt/airflow/dags/clean_tables.py for tasks to queue
[2025-06-04T14:25:39.901+0000] {logging_mixin.py:151} INFO - [2025-06-04T14:25:39.901+0000] {dagbag.py:536} INFO - Filling up the DagBag from /opt/airflow/dags/clean_tables.py
[2025-06-04T14:25:39.923+0000] {processor.py:839} INFO - DAG(s) dict_keys(['clean_tables_dag']) retrieved from /opt/airflow/dags/clean_tables.py
[2025-06-04T14:25:39.954+0000] {logging_mixin.py:151} INFO - [2025-06-04T14:25:39.954+0000] {dag.py:2941} INFO - Sync 1 DAGs
[2025-06-04T14:25:39.979+0000] {logging_mixin.py:151} INFO - [2025-06-04T14:25:39.979+0000] {dag.py:3722} INFO - Setting next_dagrun for clean_tables_dag to 2025-03-10T00:00:00+00:00, run_after=2025-03-10T00:00:00+00:00
[2025-06-04T14:25:40.043+0000] {processor.py:179} INFO - Processing /opt/airflow/dags/clean_tables.py took 0.147 seconds
[2025-06-04T14:26:10.308+0000] {processor.py:157} INFO - Started process (PID=413) to work on /opt/airflow/dags/clean_tables.py
[2025-06-04T14:26:10.309+0000] {processor.py:829} INFO - Processing file /opt/airflow/dags/clean_tables.py for tasks to queue
[2025-06-04T14:26:10.310+0000] {logging_mixin.py:151} INFO - [2025-06-04T14:26:10.310+0000] {dagbag.py:536} INFO - Filling up the DagBag from /opt/airflow/dags/clean_tables.py
[2025-06-04T14:26:10.334+0000] {processor.py:839} INFO - DAG(s) dict_keys(['clean_tables_dag']) retrieved from /opt/airflow/dags/clean_tables.py
[2025-06-04T14:26:10.366+0000] {logging_mixin.py:151} INFO - [2025-06-04T14:26:10.366+0000] {dag.py:2941} INFO - Sync 1 DAGs
[2025-06-04T14:26:10.391+0000] {logging_mixin.py:151} INFO - [2025-06-04T14:26:10.390+0000] {dag.py:3722} INFO - Setting next_dagrun for clean_tables_dag to 2025-03-10T00:00:00+00:00, run_after=2025-03-10T00:00:00+00:00
[2025-06-04T14:26:10.415+0000] {processor.py:179} INFO - Processing /opt/airflow/dags/clean_tables.py took 0.114 seconds
[2025-06-04T14:26:40.647+0000] {processor.py:157} INFO - Started process (PID=424) to work on /opt/airflow/dags/clean_tables.py
[2025-06-04T14:26:40.647+0000] {processor.py:829} INFO - Processing file /opt/airflow/dags/clean_tables.py for tasks to queue
[2025-06-04T14:26:40.648+0000] {logging_mixin.py:151} INFO - [2025-06-04T14:26:40.648+0000] {dagbag.py:536} INFO - Filling up the DagBag from /opt/airflow/dags/clean_tables.py
[2025-06-04T14:26:40.671+0000] {processor.py:839} INFO - DAG(s) dict_keys(['clean_tables_dag']) retrieved from /opt/airflow/dags/clean_tables.py
[2025-06-04T14:26:40.703+0000] {logging_mixin.py:151} INFO - [2025-06-04T14:26:40.703+0000] {dag.py:2941} INFO - Sync 1 DAGs
[2025-06-04T14:26:40.726+0000] {logging_mixin.py:151} INFO - [2025-06-04T14:26:40.725+0000] {dag.py:3722} INFO - Setting next_dagrun for clean_tables_dag to 2025-03-10T00:00:00+00:00, run_after=2025-03-10T00:00:00+00:00
[2025-06-04T14:26:40.746+0000] {processor.py:179} INFO - Processing /opt/airflow/dags/clean_tables.py took 0.103 seconds
[2025-06-04T14:27:11.009+0000] {processor.py:157} INFO - Started process (PID=435) to work on /opt/airflow/dags/clean_tables.py
[2025-06-04T14:27:11.010+0000] {processor.py:829} INFO - Processing file /opt/airflow/dags/clean_tables.py for tasks to queue
[2025-06-04T14:27:11.011+0000] {logging_mixin.py:151} INFO - [2025-06-04T14:27:11.011+0000] {dagbag.py:536} INFO - Filling up the DagBag from /opt/airflow/dags/clean_tables.py
[2025-06-04T14:27:11.035+0000] {processor.py:839} INFO - DAG(s) dict_keys(['clean_tables_dag']) retrieved from /opt/airflow/dags/clean_tables.py
[2025-06-04T14:27:11.083+0000] {logging_mixin.py:151} INFO - [2025-06-04T14:27:11.083+0000] {dag.py:2941} INFO - Sync 1 DAGs
[2025-06-04T14:27:11.112+0000] {logging_mixin.py:151} INFO - [2025-06-04T14:27:11.111+0000] {dag.py:3722} INFO - Setting next_dagrun for clean_tables_dag to 2025-03-10T00:00:00+00:00, run_after=2025-03-10T00:00:00+00:00
[2025-06-04T14:27:11.140+0000] {processor.py:179} INFO - Processing /opt/airflow/dags/clean_tables.py took 0.136 seconds
[2025-06-04T14:27:41.419+0000] {processor.py:157} INFO - Started process (PID=446) to work on /opt/airflow/dags/clean_tables.py
[2025-06-04T14:27:41.420+0000] {processor.py:829} INFO - Processing file /opt/airflow/dags/clean_tables.py for tasks to queue
[2025-06-04T14:27:41.421+0000] {logging_mixin.py:151} INFO - [2025-06-04T14:27:41.421+0000] {dagbag.py:536} INFO - Filling up the DagBag from /opt/airflow/dags/clean_tables.py
[2025-06-04T14:27:41.457+0000] {processor.py:839} INFO - DAG(s) dict_keys(['clean_tables_dag']) retrieved from /opt/airflow/dags/clean_tables.py
[2025-06-04T14:27:41.523+0000] {logging_mixin.py:151} INFO - [2025-06-04T14:27:41.523+0000] {dag.py:2941} INFO - Sync 1 DAGs
[2025-06-04T14:27:41.553+0000] {logging_mixin.py:151} INFO - [2025-06-04T14:27:41.553+0000] {dag.py:3722} INFO - Setting next_dagrun for clean_tables_dag to 2025-03-10T00:00:00+00:00, run_after=2025-03-10T00:00:00+00:00
[2025-06-04T14:27:41.583+0000] {processor.py:179} INFO - Processing /opt/airflow/dags/clean_tables.py took 0.168 seconds
[2025-06-04T14:28:11.658+0000] {processor.py:157} INFO - Started process (PID=457) to work on /opt/airflow/dags/clean_tables.py
[2025-06-04T14:28:11.659+0000] {processor.py:829} INFO - Processing file /opt/airflow/dags/clean_tables.py for tasks to queue
[2025-06-04T14:28:11.661+0000] {logging_mixin.py:151} INFO - [2025-06-04T14:28:11.660+0000] {dagbag.py:536} INFO - Filling up the DagBag from /opt/airflow/dags/clean_tables.py
[2025-06-04T14:28:11.681+0000] {processor.py:839} INFO - DAG(s) dict_keys(['clean_tables_dag']) retrieved from /opt/airflow/dags/clean_tables.py
[2025-06-04T14:28:11.709+0000] {logging_mixin.py:151} INFO - [2025-06-04T14:28:11.709+0000] {dag.py:2941} INFO - Sync 1 DAGs
[2025-06-04T14:28:11.732+0000] {logging_mixin.py:151} INFO - [2025-06-04T14:28:11.732+0000] {dag.py:3722} INFO - Setting next_dagrun for clean_tables_dag to 2025-03-10T00:00:00+00:00, run_after=2025-03-10T00:00:00+00:00
[2025-06-04T14:28:11.755+0000] {processor.py:179} INFO - Processing /opt/airflow/dags/clean_tables.py took 0.104 seconds
[2025-06-04T14:28:42.022+0000] {processor.py:157} INFO - Started process (PID=468) to work on /opt/airflow/dags/clean_tables.py
[2025-06-04T14:28:42.023+0000] {processor.py:829} INFO - Processing file /opt/airflow/dags/clean_tables.py for tasks to queue
[2025-06-04T14:28:42.026+0000] {logging_mixin.py:151} INFO - [2025-06-04T14:28:42.025+0000] {dagbag.py:536} INFO - Filling up the DagBag from /opt/airflow/dags/clean_tables.py
[2025-06-04T14:28:42.065+0000] {processor.py:839} INFO - DAG(s) dict_keys(['clean_tables_dag']) retrieved from /opt/airflow/dags/clean_tables.py
[2025-06-04T14:28:42.093+0000] {logging_mixin.py:151} INFO - [2025-06-04T14:28:42.092+0000] {dag.py:2941} INFO - Sync 1 DAGs
[2025-06-04T14:28:42.113+0000] {logging_mixin.py:151} INFO - [2025-06-04T14:28:42.112+0000] {dag.py:3722} INFO - Setting next_dagrun for clean_tables_dag to 2025-03-10T00:00:00+00:00, run_after=2025-03-10T00:00:00+00:00
[2025-06-04T14:28:42.132+0000] {processor.py:179} INFO - Processing /opt/airflow/dags/clean_tables.py took 0.125 seconds
[2025-06-04T14:29:12.406+0000] {processor.py:157} INFO - Started process (PID=479) to work on /opt/airflow/dags/clean_tables.py
[2025-06-04T14:29:12.407+0000] {processor.py:829} INFO - Processing file /opt/airflow/dags/clean_tables.py for tasks to queue
[2025-06-04T14:29:12.408+0000] {logging_mixin.py:151} INFO - [2025-06-04T14:29:12.407+0000] {dagbag.py:536} INFO - Filling up the DagBag from /opt/airflow/dags/clean_tables.py
[2025-06-04T14:29:12.439+0000] {processor.py:839} INFO - DAG(s) dict_keys(['clean_tables_dag']) retrieved from /opt/airflow/dags/clean_tables.py
[2025-06-04T14:29:12.530+0000] {logging_mixin.py:151} INFO - [2025-06-04T14:29:12.530+0000] {dag.py:2941} INFO - Sync 1 DAGs
[2025-06-04T14:29:12.577+0000] {logging_mixin.py:151} INFO - [2025-06-04T14:29:12.577+0000] {dag.py:3722} INFO - Setting next_dagrun for clean_tables_dag to 2025-03-10T00:00:00+00:00, run_after=2025-03-10T00:00:00+00:00
[2025-06-04T14:29:12.622+0000] {processor.py:179} INFO - Processing /opt/airflow/dags/clean_tables.py took 0.221 seconds
[2025-06-04T14:29:42.903+0000] {processor.py:157} INFO - Started process (PID=490) to work on /opt/airflow/dags/clean_tables.py
[2025-06-04T14:29:42.905+0000] {processor.py:829} INFO - Processing file /opt/airflow/dags/clean_tables.py for tasks to queue
[2025-06-04T14:29:42.908+0000] {logging_mixin.py:151} INFO - [2025-06-04T14:29:42.907+0000] {dagbag.py:536} INFO - Filling up the DagBag from /opt/airflow/dags/clean_tables.py
[2025-06-04T14:29:42.935+0000] {processor.py:839} INFO - DAG(s) dict_keys(['clean_tables_dag']) retrieved from /opt/airflow/dags/clean_tables.py
[2025-06-04T14:29:42.968+0000] {logging_mixin.py:151} INFO - [2025-06-04T14:29:42.968+0000] {dag.py:2941} INFO - Sync 1 DAGs
[2025-06-04T14:29:42.992+0000] {logging_mixin.py:151} INFO - [2025-06-04T14:29:42.992+0000] {dag.py:3722} INFO - Setting next_dagrun for clean_tables_dag to 2025-03-10T00:00:00+00:00, run_after=2025-03-10T00:00:00+00:00
[2025-06-04T14:29:43.020+0000] {processor.py:179} INFO - Processing /opt/airflow/dags/clean_tables.py took 0.136 seconds
[2025-06-04T14:30:13.255+0000] {processor.py:157} INFO - Started process (PID=501) to work on /opt/airflow/dags/clean_tables.py
[2025-06-04T14:30:13.256+0000] {processor.py:829} INFO - Processing file /opt/airflow/dags/clean_tables.py for tasks to queue
[2025-06-04T14:30:13.257+0000] {logging_mixin.py:151} INFO - [2025-06-04T14:30:13.257+0000] {dagbag.py:536} INFO - Filling up the DagBag from /opt/airflow/dags/clean_tables.py
[2025-06-04T14:30:13.276+0000] {processor.py:839} INFO - DAG(s) dict_keys(['clean_tables_dag']) retrieved from /opt/airflow/dags/clean_tables.py
[2025-06-04T14:30:13.306+0000] {logging_mixin.py:151} INFO - [2025-06-04T14:30:13.305+0000] {dag.py:2941} INFO - Sync 1 DAGs
[2025-06-04T14:30:13.326+0000] {logging_mixin.py:151} INFO - [2025-06-04T14:30:13.325+0000] {dag.py:3722} INFO - Setting next_dagrun for clean_tables_dag to 2025-03-10T00:00:00+00:00, run_after=2025-03-10T00:00:00+00:00
[2025-06-04T14:30:13.349+0000] {processor.py:179} INFO - Processing /opt/airflow/dags/clean_tables.py took 0.097 seconds
[2025-06-04T14:30:43.612+0000] {processor.py:157} INFO - Started process (PID=512) to work on /opt/airflow/dags/clean_tables.py
[2025-06-04T14:30:43.613+0000] {processor.py:829} INFO - Processing file /opt/airflow/dags/clean_tables.py for tasks to queue
[2025-06-04T14:30:43.614+0000] {logging_mixin.py:151} INFO - [2025-06-04T14:30:43.614+0000] {dagbag.py:536} INFO - Filling up the DagBag from /opt/airflow/dags/clean_tables.py
[2025-06-04T14:30:43.637+0000] {processor.py:839} INFO - DAG(s) dict_keys(['clean_tables_dag']) retrieved from /opt/airflow/dags/clean_tables.py
[2025-06-04T14:30:43.665+0000] {logging_mixin.py:151} INFO - [2025-06-04T14:30:43.665+0000] {dag.py:2941} INFO - Sync 1 DAGs
[2025-06-04T14:30:43.687+0000] {logging_mixin.py:151} INFO - [2025-06-04T14:30:43.687+0000] {dag.py:3722} INFO - Setting next_dagrun for clean_tables_dag to 2025-03-10T00:00:00+00:00, run_after=2025-03-10T00:00:00+00:00
[2025-06-04T14:30:43.713+0000] {processor.py:179} INFO - Processing /opt/airflow/dags/clean_tables.py took 0.104 seconds
[2025-06-04T14:31:13.950+0000] {processor.py:157} INFO - Started process (PID=523) to work on /opt/airflow/dags/clean_tables.py
[2025-06-04T14:31:13.951+0000] {processor.py:829} INFO - Processing file /opt/airflow/dags/clean_tables.py for tasks to queue
[2025-06-04T14:31:13.952+0000] {logging_mixin.py:151} INFO - [2025-06-04T14:31:13.952+0000] {dagbag.py:536} INFO - Filling up the DagBag from /opt/airflow/dags/clean_tables.py
[2025-06-04T14:31:13.973+0000] {processor.py:839} INFO - DAG(s) dict_keys(['clean_tables_dag']) retrieved from /opt/airflow/dags/clean_tables.py
[2025-06-04T14:31:14.000+0000] {logging_mixin.py:151} INFO - [2025-06-04T14:31:13.999+0000] {dag.py:2941} INFO - Sync 1 DAGs
[2025-06-04T14:31:14.021+0000] {logging_mixin.py:151} INFO - [2025-06-04T14:31:14.021+0000] {dag.py:3722} INFO - Setting next_dagrun for clean_tables_dag to 2025-03-10T00:00:00+00:00, run_after=2025-03-10T00:00:00+00:00
[2025-06-04T14:31:14.043+0000] {processor.py:179} INFO - Processing /opt/airflow/dags/clean_tables.py took 0.096 seconds
[2025-06-04T14:31:44.176+0000] {processor.py:157} INFO - Started process (PID=528) to work on /opt/airflow/dags/clean_tables.py
[2025-06-04T14:31:44.177+0000] {processor.py:829} INFO - Processing file /opt/airflow/dags/clean_tables.py for tasks to queue
[2025-06-04T14:31:44.178+0000] {logging_mixin.py:151} INFO - [2025-06-04T14:31:44.178+0000] {dagbag.py:536} INFO - Filling up the DagBag from /opt/airflow/dags/clean_tables.py
[2025-06-04T14:31:44.203+0000] {processor.py:839} INFO - DAG(s) dict_keys(['clean_tables_dag']) retrieved from /opt/airflow/dags/clean_tables.py
[2025-06-04T14:31:44.234+0000] {logging_mixin.py:151} INFO - [2025-06-04T14:31:44.234+0000] {dag.py:2941} INFO - Sync 1 DAGs
[2025-06-04T14:31:44.269+0000] {logging_mixin.py:151} INFO - [2025-06-04T14:31:44.268+0000] {dag.py:3722} INFO - Setting next_dagrun for clean_tables_dag to 2025-03-10T00:00:00+00:00, run_after=2025-03-10T00:00:00+00:00
[2025-06-04T14:31:44.294+0000] {processor.py:179} INFO - Processing /opt/airflow/dags/clean_tables.py took 0.121 seconds
[2025-06-04T14:32:14.532+0000] {processor.py:157} INFO - Started process (PID=539) to work on /opt/airflow/dags/clean_tables.py
[2025-06-04T14:32:14.533+0000] {processor.py:829} INFO - Processing file /opt/airflow/dags/clean_tables.py for tasks to queue
[2025-06-04T14:32:14.534+0000] {logging_mixin.py:151} INFO - [2025-06-04T14:32:14.534+0000] {dagbag.py:536} INFO - Filling up the DagBag from /opt/airflow/dags/clean_tables.py
[2025-06-04T14:32:14.556+0000] {processor.py:839} INFO - DAG(s) dict_keys(['clean_tables_dag']) retrieved from /opt/airflow/dags/clean_tables.py
[2025-06-04T14:32:14.591+0000] {logging_mixin.py:151} INFO - [2025-06-04T14:32:14.591+0000] {dag.py:2941} INFO - Sync 1 DAGs
[2025-06-04T14:32:14.615+0000] {logging_mixin.py:151} INFO - [2025-06-04T14:32:14.615+0000] {dag.py:3722} INFO - Setting next_dagrun for clean_tables_dag to 2025-03-10T00:00:00+00:00, run_after=2025-03-10T00:00:00+00:00
[2025-06-04T14:32:14.638+0000] {processor.py:179} INFO - Processing /opt/airflow/dags/clean_tables.py took 0.109 seconds
[2025-06-04T14:32:44.885+0000] {processor.py:157} INFO - Started process (PID=550) to work on /opt/airflow/dags/clean_tables.py
[2025-06-04T14:32:44.886+0000] {processor.py:829} INFO - Processing file /opt/airflow/dags/clean_tables.py for tasks to queue
[2025-06-04T14:32:44.888+0000] {logging_mixin.py:151} INFO - [2025-06-04T14:32:44.887+0000] {dagbag.py:536} INFO - Filling up the DagBag from /opt/airflow/dags/clean_tables.py
[2025-06-04T14:32:44.908+0000] {processor.py:839} INFO - DAG(s) dict_keys(['clean_tables_dag']) retrieved from /opt/airflow/dags/clean_tables.py
[2025-06-04T14:32:44.936+0000] {logging_mixin.py:151} INFO - [2025-06-04T14:32:44.936+0000] {dag.py:2941} INFO - Sync 1 DAGs
[2025-06-04T14:32:44.958+0000] {logging_mixin.py:151} INFO - [2025-06-04T14:32:44.958+0000] {dag.py:3722} INFO - Setting next_dagrun for clean_tables_dag to 2025-03-10T00:00:00+00:00, run_after=2025-03-10T00:00:00+00:00
[2025-06-04T14:32:44.979+0000] {processor.py:179} INFO - Processing /opt/airflow/dags/clean_tables.py took 0.097 seconds
[2025-06-04T14:33:15.247+0000] {processor.py:157} INFO - Started process (PID=561) to work on /opt/airflow/dags/clean_tables.py
[2025-06-04T14:33:15.248+0000] {processor.py:829} INFO - Processing file /opt/airflow/dags/clean_tables.py for tasks to queue
[2025-06-04T14:33:15.250+0000] {logging_mixin.py:151} INFO - [2025-06-04T14:33:15.250+0000] {dagbag.py:536} INFO - Filling up the DagBag from /opt/airflow/dags/clean_tables.py
[2025-06-04T14:33:15.287+0000] {processor.py:839} INFO - DAG(s) dict_keys(['clean_tables_dag']) retrieved from /opt/airflow/dags/clean_tables.py
[2025-06-04T14:33:15.336+0000] {logging_mixin.py:151} INFO - [2025-06-04T14:33:15.336+0000] {dag.py:2941} INFO - Sync 1 DAGs
[2025-06-04T14:33:15.378+0000] {logging_mixin.py:151} INFO - [2025-06-04T14:33:15.378+0000] {dag.py:3722} INFO - Setting next_dagrun for clean_tables_dag to 2025-03-10T00:00:00+00:00, run_after=2025-03-10T00:00:00+00:00
[2025-06-04T14:33:15.408+0000] {processor.py:179} INFO - Processing /opt/airflow/dags/clean_tables.py took 0.167 seconds
[2025-06-04T14:33:45.703+0000] {processor.py:157} INFO - Started process (PID=572) to work on /opt/airflow/dags/clean_tables.py
[2025-06-04T14:33:45.704+0000] {processor.py:829} INFO - Processing file /opt/airflow/dags/clean_tables.py for tasks to queue
[2025-06-04T14:33:45.706+0000] {logging_mixin.py:151} INFO - [2025-06-04T14:33:45.705+0000] {dagbag.py:536} INFO - Filling up the DagBag from /opt/airflow/dags/clean_tables.py
[2025-06-04T14:33:45.731+0000] {processor.py:839} INFO - DAG(s) dict_keys(['clean_tables_dag']) retrieved from /opt/airflow/dags/clean_tables.py
[2025-06-04T14:33:45.762+0000] {logging_mixin.py:151} INFO - [2025-06-04T14:33:45.761+0000] {dag.py:2941} INFO - Sync 1 DAGs
[2025-06-04T14:33:45.791+0000] {logging_mixin.py:151} INFO - [2025-06-04T14:33:45.790+0000] {dag.py:3722} INFO - Setting next_dagrun for clean_tables_dag to 2025-03-10T00:00:00+00:00, run_after=2025-03-10T00:00:00+00:00
[2025-06-04T14:33:45.815+0000] {processor.py:179} INFO - Processing /opt/airflow/dags/clean_tables.py took 0.116 seconds
[2025-06-04T14:34:16.077+0000] {processor.py:157} INFO - Started process (PID=583) to work on /opt/airflow/dags/clean_tables.py
[2025-06-04T14:34:16.079+0000] {processor.py:829} INFO - Processing file /opt/airflow/dags/clean_tables.py for tasks to queue
[2025-06-04T14:34:16.080+0000] {logging_mixin.py:151} INFO - [2025-06-04T14:34:16.080+0000] {dagbag.py:536} INFO - Filling up the DagBag from /opt/airflow/dags/clean_tables.py
[2025-06-04T14:34:16.105+0000] {processor.py:839} INFO - DAG(s) dict_keys(['clean_tables_dag']) retrieved from /opt/airflow/dags/clean_tables.py
[2025-06-04T14:34:16.140+0000] {logging_mixin.py:151} INFO - [2025-06-04T14:34:16.139+0000] {dag.py:2941} INFO - Sync 1 DAGs
[2025-06-04T14:34:16.164+0000] {logging_mixin.py:151} INFO - [2025-06-04T14:34:16.163+0000] {dag.py:3722} INFO - Setting next_dagrun for clean_tables_dag to 2025-03-10T00:00:00+00:00, run_after=2025-03-10T00:00:00+00:00
[2025-06-04T14:34:16.186+0000] {processor.py:179} INFO - Processing /opt/airflow/dags/clean_tables.py took 0.114 seconds
[2025-06-04T14:34:46.441+0000] {processor.py:157} INFO - Started process (PID=594) to work on /opt/airflow/dags/clean_tables.py
[2025-06-04T14:34:46.442+0000] {processor.py:829} INFO - Processing file /opt/airflow/dags/clean_tables.py for tasks to queue
[2025-06-04T14:34:46.443+0000] {logging_mixin.py:151} INFO - [2025-06-04T14:34:46.442+0000] {dagbag.py:536} INFO - Filling up the DagBag from /opt/airflow/dags/clean_tables.py
[2025-06-04T14:34:46.467+0000] {processor.py:839} INFO - DAG(s) dict_keys(['clean_tables_dag']) retrieved from /opt/airflow/dags/clean_tables.py
[2025-06-04T14:34:46.499+0000] {logging_mixin.py:151} INFO - [2025-06-04T14:34:46.498+0000] {dag.py:2941} INFO - Sync 1 DAGs
[2025-06-04T14:34:46.526+0000] {logging_mixin.py:151} INFO - [2025-06-04T14:34:46.525+0000] {dag.py:3722} INFO - Setting next_dagrun for clean_tables_dag to 2025-03-10T00:00:00+00:00, run_after=2025-03-10T00:00:00+00:00
[2025-06-04T14:34:46.553+0000] {processor.py:179} INFO - Processing /opt/airflow/dags/clean_tables.py took 0.117 seconds
[2025-06-04T14:35:16.850+0000] {processor.py:157} INFO - Started process (PID=605) to work on /opt/airflow/dags/clean_tables.py
[2025-06-04T14:35:16.851+0000] {processor.py:829} INFO - Processing file /opt/airflow/dags/clean_tables.py for tasks to queue
[2025-06-04T14:35:16.854+0000] {logging_mixin.py:151} INFO - [2025-06-04T14:35:16.853+0000] {dagbag.py:536} INFO - Filling up the DagBag from /opt/airflow/dags/clean_tables.py
[2025-06-04T14:35:16.886+0000] {processor.py:839} INFO - DAG(s) dict_keys(['clean_tables_dag']) retrieved from /opt/airflow/dags/clean_tables.py
[2025-06-04T14:35:16.938+0000] {logging_mixin.py:151} INFO - [2025-06-04T14:35:16.938+0000] {dag.py:2941} INFO - Sync 1 DAGs
[2025-06-04T14:35:16.976+0000] {logging_mixin.py:151} INFO - [2025-06-04T14:35:16.976+0000] {dag.py:3722} INFO - Setting next_dagrun for clean_tables_dag to 2025-03-10T00:00:00+00:00, run_after=2025-03-10T00:00:00+00:00
[2025-06-04T14:35:17.010+0000] {processor.py:179} INFO - Processing /opt/airflow/dags/clean_tables.py took 0.166 seconds
[2025-06-04T14:35:47.296+0000] {processor.py:157} INFO - Started process (PID=616) to work on /opt/airflow/dags/clean_tables.py
[2025-06-04T14:35:47.298+0000] {processor.py:829} INFO - Processing file /opt/airflow/dags/clean_tables.py for tasks to queue
[2025-06-04T14:35:47.300+0000] {logging_mixin.py:151} INFO - [2025-06-04T14:35:47.299+0000] {dagbag.py:536} INFO - Filling up the DagBag from /opt/airflow/dags/clean_tables.py
[2025-06-04T14:35:47.340+0000] {processor.py:839} INFO - DAG(s) dict_keys(['clean_tables_dag']) retrieved from /opt/airflow/dags/clean_tables.py
[2025-06-04T14:35:47.385+0000] {logging_mixin.py:151} INFO - [2025-06-04T14:35:47.385+0000] {dag.py:2941} INFO - Sync 1 DAGs
[2025-06-04T14:35:47.423+0000] {logging_mixin.py:151} INFO - [2025-06-04T14:35:47.423+0000] {dag.py:3722} INFO - Setting next_dagrun for clean_tables_dag to 2025-03-10T00:00:00+00:00, run_after=2025-03-10T00:00:00+00:00
[2025-06-04T14:35:47.453+0000] {processor.py:179} INFO - Processing /opt/airflow/dags/clean_tables.py took 0.171 seconds
[2025-06-04T14:36:17.728+0000] {processor.py:157} INFO - Started process (PID=627) to work on /opt/airflow/dags/clean_tables.py
[2025-06-04T14:36:17.730+0000] {processor.py:829} INFO - Processing file /opt/airflow/dags/clean_tables.py for tasks to queue
[2025-06-04T14:36:17.733+0000] {logging_mixin.py:151} INFO - [2025-06-04T14:36:17.732+0000] {dagbag.py:536} INFO - Filling up the DagBag from /opt/airflow/dags/clean_tables.py
[2025-06-04T14:36:17.765+0000] {processor.py:839} INFO - DAG(s) dict_keys(['clean_tables_dag']) retrieved from /opt/airflow/dags/clean_tables.py
[2025-06-04T14:36:17.800+0000] {logging_mixin.py:151} INFO - [2025-06-04T14:36:17.799+0000] {dag.py:2941} INFO - Sync 1 DAGs
[2025-06-04T14:36:17.821+0000] {logging_mixin.py:151} INFO - [2025-06-04T14:36:17.821+0000] {dag.py:3722} INFO - Setting next_dagrun for clean_tables_dag to 2025-03-10T00:00:00+00:00, run_after=2025-03-10T00:00:00+00:00
[2025-06-04T14:36:17.839+0000] {processor.py:179} INFO - Processing /opt/airflow/dags/clean_tables.py took 0.121 seconds
[2025-06-04T14:36:48.080+0000] {processor.py:157} INFO - Started process (PID=638) to work on /opt/airflow/dags/clean_tables.py
[2025-06-04T14:36:48.082+0000] {processor.py:829} INFO - Processing file /opt/airflow/dags/clean_tables.py for tasks to queue
[2025-06-04T14:36:48.084+0000] {logging_mixin.py:151} INFO - [2025-06-04T14:36:48.083+0000] {dagbag.py:536} INFO - Filling up the DagBag from /opt/airflow/dags/clean_tables.py
[2025-06-04T14:36:48.113+0000] {processor.py:839} INFO - DAG(s) dict_keys(['clean_tables_dag']) retrieved from /opt/airflow/dags/clean_tables.py
[2025-06-04T14:36:48.144+0000] {logging_mixin.py:151} INFO - [2025-06-04T14:36:48.144+0000] {dag.py:2941} INFO - Sync 1 DAGs
[2025-06-04T14:36:48.168+0000] {logging_mixin.py:151} INFO - [2025-06-04T14:36:48.168+0000] {dag.py:3722} INFO - Setting next_dagrun for clean_tables_dag to 2025-03-10T00:00:00+00:00, run_after=2025-03-10T00:00:00+00:00
[2025-06-04T14:36:48.187+0000] {processor.py:179} INFO - Processing /opt/airflow/dags/clean_tables.py took 0.113 seconds
[2025-06-04T14:37:18.441+0000] {processor.py:157} INFO - Started process (PID=649) to work on /opt/airflow/dags/clean_tables.py
[2025-06-04T14:37:18.442+0000] {processor.py:829} INFO - Processing file /opt/airflow/dags/clean_tables.py for tasks to queue
[2025-06-04T14:37:18.444+0000] {logging_mixin.py:151} INFO - [2025-06-04T14:37:18.443+0000] {dagbag.py:536} INFO - Filling up the DagBag from /opt/airflow/dags/clean_tables.py
[2025-06-04T14:37:18.472+0000] {processor.py:839} INFO - DAG(s) dict_keys(['clean_tables_dag']) retrieved from /opt/airflow/dags/clean_tables.py
[2025-06-04T14:37:18.505+0000] {logging_mixin.py:151} INFO - [2025-06-04T14:37:18.504+0000] {dag.py:2941} INFO - Sync 1 DAGs
[2025-06-04T14:37:18.531+0000] {logging_mixin.py:151} INFO - [2025-06-04T14:37:18.531+0000] {dag.py:3722} INFO - Setting next_dagrun for clean_tables_dag to 2025-03-10T00:00:00+00:00, run_after=2025-03-10T00:00:00+00:00
[2025-06-04T14:37:18.551+0000] {processor.py:179} INFO - Processing /opt/airflow/dags/clean_tables.py took 0.116 seconds
[2025-06-04T14:37:48.829+0000] {processor.py:157} INFO - Started process (PID=660) to work on /opt/airflow/dags/clean_tables.py
[2025-06-04T14:37:48.831+0000] {processor.py:829} INFO - Processing file /opt/airflow/dags/clean_tables.py for tasks to queue
[2025-06-04T14:37:48.832+0000] {logging_mixin.py:151} INFO - [2025-06-04T14:37:48.832+0000] {dagbag.py:536} INFO - Filling up the DagBag from /opt/airflow/dags/clean_tables.py
[2025-06-04T14:37:48.871+0000] {processor.py:839} INFO - DAG(s) dict_keys(['clean_tables_dag']) retrieved from /opt/airflow/dags/clean_tables.py
[2025-06-04T14:37:48.920+0000] {logging_mixin.py:151} INFO - [2025-06-04T14:37:48.920+0000] {dag.py:2941} INFO - Sync 1 DAGs
[2025-06-04T14:37:48.957+0000] {logging_mixin.py:151} INFO - [2025-06-04T14:37:48.957+0000] {dag.py:3722} INFO - Setting next_dagrun for clean_tables_dag to 2025-03-10T00:00:00+00:00, run_after=2025-03-10T00:00:00+00:00
[2025-06-04T14:37:48.989+0000] {processor.py:179} INFO - Processing /opt/airflow/dags/clean_tables.py took 0.166 seconds
[2025-06-04T14:38:19.269+0000] {processor.py:157} INFO - Started process (PID=671) to work on /opt/airflow/dags/clean_tables.py
[2025-06-04T14:38:19.270+0000] {processor.py:829} INFO - Processing file /opt/airflow/dags/clean_tables.py for tasks to queue
[2025-06-04T14:38:19.272+0000] {logging_mixin.py:151} INFO - [2025-06-04T14:38:19.271+0000] {dagbag.py:536} INFO - Filling up the DagBag from /opt/airflow/dags/clean_tables.py
[2025-06-04T14:38:19.312+0000] {processor.py:839} INFO - DAG(s) dict_keys(['clean_tables_dag']) retrieved from /opt/airflow/dags/clean_tables.py
[2025-06-04T14:38:19.370+0000] {logging_mixin.py:151} INFO - [2025-06-04T14:38:19.370+0000] {dag.py:2941} INFO - Sync 1 DAGs
[2025-06-04T14:38:19.414+0000] {logging_mixin.py:151} INFO - [2025-06-04T14:38:19.413+0000] {dag.py:3722} INFO - Setting next_dagrun for clean_tables_dag to 2025-03-10T00:00:00+00:00, run_after=2025-03-10T00:00:00+00:00
[2025-06-04T14:38:19.451+0000] {processor.py:179} INFO - Processing /opt/airflow/dags/clean_tables.py took 0.189 seconds
[2025-06-04T14:38:49.724+0000] {processor.py:157} INFO - Started process (PID=682) to work on /opt/airflow/dags/clean_tables.py
[2025-06-04T14:38:49.725+0000] {processor.py:829} INFO - Processing file /opt/airflow/dags/clean_tables.py for tasks to queue
[2025-06-04T14:38:49.726+0000] {logging_mixin.py:151} INFO - [2025-06-04T14:38:49.726+0000] {dagbag.py:536} INFO - Filling up the DagBag from /opt/airflow/dags/clean_tables.py
[2025-06-04T14:38:49.760+0000] {processor.py:839} INFO - DAG(s) dict_keys(['clean_tables_dag']) retrieved from /opt/airflow/dags/clean_tables.py
[2025-06-04T14:38:49.816+0000] {logging_mixin.py:151} INFO - [2025-06-04T14:38:49.815+0000] {dag.py:2941} INFO - Sync 1 DAGs
[2025-06-04T14:38:49.859+0000] {logging_mixin.py:151} INFO - [2025-06-04T14:38:49.858+0000] {dag.py:3722} INFO - Setting next_dagrun for clean_tables_dag to 2025-03-10T00:00:00+00:00, run_after=2025-03-10T00:00:00+00:00
[2025-06-04T14:38:49.887+0000] {processor.py:179} INFO - Processing /opt/airflow/dags/clean_tables.py took 0.168 seconds
[2025-06-04T14:39:20.150+0000] {processor.py:157} INFO - Started process (PID=693) to work on /opt/airflow/dags/clean_tables.py
[2025-06-04T14:39:20.150+0000] {processor.py:829} INFO - Processing file /opt/airflow/dags/clean_tables.py for tasks to queue
[2025-06-04T14:39:20.152+0000] {logging_mixin.py:151} INFO - [2025-06-04T14:39:20.151+0000] {dagbag.py:536} INFO - Filling up the DagBag from /opt/airflow/dags/clean_tables.py
[2025-06-04T14:39:20.174+0000] {processor.py:839} INFO - DAG(s) dict_keys(['clean_tables_dag']) retrieved from /opt/airflow/dags/clean_tables.py
[2025-06-04T14:39:20.200+0000] {logging_mixin.py:151} INFO - [2025-06-04T14:39:20.200+0000] {dag.py:2941} INFO - Sync 1 DAGs
[2025-06-04T14:39:20.223+0000] {logging_mixin.py:151} INFO - [2025-06-04T14:39:20.223+0000] {dag.py:3722} INFO - Setting next_dagrun for clean_tables_dag to 2025-03-10T00:00:00+00:00, run_after=2025-03-10T00:00:00+00:00
[2025-06-04T14:39:20.248+0000] {processor.py:179} INFO - Processing /opt/airflow/dags/clean_tables.py took 0.102 seconds
[2025-06-04T14:39:50.526+0000] {processor.py:157} INFO - Started process (PID=704) to work on /opt/airflow/dags/clean_tables.py
[2025-06-04T14:39:50.527+0000] {processor.py:829} INFO - Processing file /opt/airflow/dags/clean_tables.py for tasks to queue
[2025-06-04T14:39:50.528+0000] {logging_mixin.py:151} INFO - [2025-06-04T14:39:50.528+0000] {dagbag.py:536} INFO - Filling up the DagBag from /opt/airflow/dags/clean_tables.py
[2025-06-04T14:39:50.561+0000] {processor.py:839} INFO - DAG(s) dict_keys(['clean_tables_dag']) retrieved from /opt/airflow/dags/clean_tables.py
[2025-06-04T14:39:50.603+0000] {logging_mixin.py:151} INFO - [2025-06-04T14:39:50.603+0000] {dag.py:2941} INFO - Sync 1 DAGs
[2025-06-04T14:39:50.640+0000] {logging_mixin.py:151} INFO - [2025-06-04T14:39:50.640+0000] {dag.py:3722} INFO - Setting next_dagrun for clean_tables_dag to 2025-03-10T00:00:00+00:00, run_after=2025-03-10T00:00:00+00:00
[2025-06-04T14:39:50.675+0000] {processor.py:179} INFO - Processing /opt/airflow/dags/clean_tables.py took 0.154 seconds
[2025-06-04T14:40:20.843+0000] {processor.py:157} INFO - Started process (PID=715) to work on /opt/airflow/dags/clean_tables.py
[2025-06-04T14:40:20.845+0000] {processor.py:829} INFO - Processing file /opt/airflow/dags/clean_tables.py for tasks to queue
[2025-06-04T14:40:20.846+0000] {logging_mixin.py:151} INFO - [2025-06-04T14:40:20.846+0000] {dagbag.py:536} INFO - Filling up the DagBag from /opt/airflow/dags/clean_tables.py
[2025-06-04T14:40:20.879+0000] {processor.py:839} INFO - DAG(s) dict_keys(['clean_tables_dag']) retrieved from /opt/airflow/dags/clean_tables.py
[2025-06-04T14:40:20.925+0000] {logging_mixin.py:151} INFO - [2025-06-04T14:40:20.925+0000] {dag.py:2941} INFO - Sync 1 DAGs
[2025-06-04T14:40:20.998+0000] {logging_mixin.py:151} INFO - [2025-06-04T14:40:20.998+0000] {dag.py:3722} INFO - Setting next_dagrun for clean_tables_dag to 2025-03-10T00:00:00+00:00, run_after=2025-03-10T00:00:00+00:00
[2025-06-04T14:40:21.030+0000] {processor.py:179} INFO - Processing /opt/airflow/dags/clean_tables.py took 0.191 seconds
[2025-06-04T14:40:51.284+0000] {processor.py:157} INFO - Started process (PID=726) to work on /opt/airflow/dags/clean_tables.py
[2025-06-04T14:40:51.284+0000] {processor.py:829} INFO - Processing file /opt/airflow/dags/clean_tables.py for tasks to queue
[2025-06-04T14:40:51.286+0000] {logging_mixin.py:151} INFO - [2025-06-04T14:40:51.285+0000] {dagbag.py:536} INFO - Filling up the DagBag from /opt/airflow/dags/clean_tables.py
[2025-06-04T14:40:51.305+0000] {processor.py:839} INFO - DAG(s) dict_keys(['clean_tables_dag']) retrieved from /opt/airflow/dags/clean_tables.py
[2025-06-04T14:40:51.335+0000] {logging_mixin.py:151} INFO - [2025-06-04T14:40:51.334+0000] {dag.py:2941} INFO - Sync 1 DAGs
[2025-06-04T14:40:51.374+0000] {logging_mixin.py:151} INFO - [2025-06-04T14:40:51.373+0000] {dag.py:3722} INFO - Setting next_dagrun for clean_tables_dag to 2025-03-10T00:00:00+00:00, run_after=2025-03-10T00:00:00+00:00
[2025-06-04T14:40:51.396+0000] {processor.py:179} INFO - Processing /opt/airflow/dags/clean_tables.py took 0.116 seconds
[2025-06-04T14:41:21.644+0000] {processor.py:157} INFO - Started process (PID=737) to work on /opt/airflow/dags/clean_tables.py
[2025-06-04T14:41:21.645+0000] {processor.py:829} INFO - Processing file /opt/airflow/dags/clean_tables.py for tasks to queue
[2025-06-04T14:41:21.646+0000] {logging_mixin.py:151} INFO - [2025-06-04T14:41:21.646+0000] {dagbag.py:536} INFO - Filling up the DagBag from /opt/airflow/dags/clean_tables.py
[2025-06-04T14:41:21.669+0000] {processor.py:839} INFO - DAG(s) dict_keys(['clean_tables_dag']) retrieved from /opt/airflow/dags/clean_tables.py
[2025-06-04T14:41:21.700+0000] {logging_mixin.py:151} INFO - [2025-06-04T14:41:21.700+0000] {dag.py:2941} INFO - Sync 1 DAGs
[2025-06-04T14:41:21.721+0000] {logging_mixin.py:151} INFO - [2025-06-04T14:41:21.720+0000] {dag.py:3722} INFO - Setting next_dagrun for clean_tables_dag to 2025-03-10T00:00:00+00:00, run_after=2025-03-10T00:00:00+00:00
[2025-06-04T14:41:21.741+0000] {processor.py:179} INFO - Processing /opt/airflow/dags/clean_tables.py took 0.100 seconds
[2025-06-04T14:41:51.898+0000] {processor.py:157} INFO - Started process (PID=748) to work on /opt/airflow/dags/clean_tables.py
[2025-06-04T14:41:51.899+0000] {processor.py:829} INFO - Processing file /opt/airflow/dags/clean_tables.py for tasks to queue
[2025-06-04T14:41:51.900+0000] {logging_mixin.py:151} INFO - [2025-06-04T14:41:51.900+0000] {dagbag.py:536} INFO - Filling up the DagBag from /opt/airflow/dags/clean_tables.py
[2025-06-04T14:41:51.920+0000] {processor.py:839} INFO - DAG(s) dict_keys(['clean_tables_dag']) retrieved from /opt/airflow/dags/clean_tables.py
[2025-06-04T14:41:51.943+0000] {logging_mixin.py:151} INFO - [2025-06-04T14:41:51.943+0000] {dag.py:2941} INFO - Sync 1 DAGs
[2025-06-04T14:41:51.964+0000] {logging_mixin.py:151} INFO - [2025-06-04T14:41:51.964+0000] {dag.py:3722} INFO - Setting next_dagrun for clean_tables_dag to 2025-03-10T00:00:00+00:00, run_after=2025-03-10T00:00:00+00:00
[2025-06-04T14:41:51.985+0000] {processor.py:179} INFO - Processing /opt/airflow/dags/clean_tables.py took 0.089 seconds
[2025-06-04T15:08:55.818+0000] {processor.py:157} INFO - Started process (PID=753) to work on /opt/airflow/dags/clean_tables.py
[2025-06-04T15:08:55.820+0000] {processor.py:829} INFO - Processing file /opt/airflow/dags/clean_tables.py for tasks to queue
[2025-06-04T15:08:55.829+0000] {logging_mixin.py:151} INFO - [2025-06-04T15:08:55.828+0000] {dagbag.py:536} INFO - Filling up the DagBag from /opt/airflow/dags/clean_tables.py
[2025-06-04T15:08:55.917+0000] {processor.py:839} INFO - DAG(s) dict_keys(['clean_tables_dag']) retrieved from /opt/airflow/dags/clean_tables.py
[2025-06-04T15:08:56.799+0000] {logging_mixin.py:151} INFO - [2025-06-04T15:08:56.788+0000] {dag.py:2941} INFO - Sync 1 DAGs
[2025-06-04T15:08:57.239+0000] {logging_mixin.py:151} INFO - [2025-06-04T15:08:57.238+0000] {dag.py:3722} INFO - Setting next_dagrun for clean_tables_dag to 2025-03-10T00:00:00+00:00, run_after=2025-03-10T00:00:00+00:00
[2025-06-04T15:08:57.419+0000] {processor.py:179} INFO - Processing /opt/airflow/dags/clean_tables.py took 1.625 seconds
[2025-06-04T15:09:27.984+0000] {processor.py:157} INFO - Started process (PID=766) to work on /opt/airflow/dags/clean_tables.py
[2025-06-04T15:09:27.985+0000] {processor.py:829} INFO - Processing file /opt/airflow/dags/clean_tables.py for tasks to queue
[2025-06-04T15:09:27.986+0000] {logging_mixin.py:151} INFO - [2025-06-04T15:09:27.986+0000] {dagbag.py:536} INFO - Filling up the DagBag from /opt/airflow/dags/clean_tables.py
[2025-06-04T15:09:28.007+0000] {processor.py:839} INFO - DAG(s) dict_keys(['clean_tables_dag']) retrieved from /opt/airflow/dags/clean_tables.py
[2025-06-04T15:09:28.045+0000] {logging_mixin.py:151} INFO - [2025-06-04T15:09:28.045+0000] {dag.py:2941} INFO - Sync 1 DAGs
[2025-06-04T15:09:28.069+0000] {logging_mixin.py:151} INFO - [2025-06-04T15:09:28.069+0000] {dag.py:3722} INFO - Setting next_dagrun for clean_tables_dag to 2025-03-10T00:00:00+00:00, run_after=2025-03-10T00:00:00+00:00
[2025-06-04T15:09:28.092+0000] {processor.py:179} INFO - Processing /opt/airflow/dags/clean_tables.py took 0.112 seconds
[2025-06-04T15:09:58.400+0000] {processor.py:157} INFO - Started process (PID=777) to work on /opt/airflow/dags/clean_tables.py
[2025-06-04T15:09:58.400+0000] {processor.py:829} INFO - Processing file /opt/airflow/dags/clean_tables.py for tasks to queue
[2025-06-04T15:09:58.402+0000] {logging_mixin.py:151} INFO - [2025-06-04T15:09:58.401+0000] {dagbag.py:536} INFO - Filling up the DagBag from /opt/airflow/dags/clean_tables.py
[2025-06-04T15:09:58.424+0000] {processor.py:839} INFO - DAG(s) dict_keys(['clean_tables_dag']) retrieved from /opt/airflow/dags/clean_tables.py
[2025-06-04T15:09:58.451+0000] {logging_mixin.py:151} INFO - [2025-06-04T15:09:58.451+0000] {dag.py:2941} INFO - Sync 1 DAGs
[2025-06-04T15:09:58.476+0000] {logging_mixin.py:151} INFO - [2025-06-04T15:09:58.476+0000] {dag.py:3722} INFO - Setting next_dagrun for clean_tables_dag to 2025-03-10T00:00:00+00:00, run_after=2025-03-10T00:00:00+00:00
[2025-06-04T15:09:58.500+0000] {processor.py:179} INFO - Processing /opt/airflow/dags/clean_tables.py took 0.111 seconds
[2025-06-04T15:10:28.753+0000] {processor.py:157} INFO - Started process (PID=788) to work on /opt/airflow/dags/clean_tables.py
[2025-06-04T15:10:28.753+0000] {processor.py:829} INFO - Processing file /opt/airflow/dags/clean_tables.py for tasks to queue
[2025-06-04T15:10:28.754+0000] {logging_mixin.py:151} INFO - [2025-06-04T15:10:28.754+0000] {dagbag.py:536} INFO - Filling up the DagBag from /opt/airflow/dags/clean_tables.py
[2025-06-04T15:10:28.776+0000] {processor.py:839} INFO - DAG(s) dict_keys(['clean_tables_dag']) retrieved from /opt/airflow/dags/clean_tables.py
[2025-06-04T15:10:28.806+0000] {logging_mixin.py:151} INFO - [2025-06-04T15:10:28.806+0000] {dag.py:2941} INFO - Sync 1 DAGs
[2025-06-04T15:10:28.831+0000] {logging_mixin.py:151} INFO - [2025-06-04T15:10:28.831+0000] {dag.py:3722} INFO - Setting next_dagrun for clean_tables_dag to 2025-03-10T00:00:00+00:00, run_after=2025-03-10T00:00:00+00:00
[2025-06-04T15:10:28.889+0000] {processor.py:179} INFO - Processing /opt/airflow/dags/clean_tables.py took 0.140 seconds
[2025-06-04T15:10:59.178+0000] {processor.py:157} INFO - Started process (PID=799) to work on /opt/airflow/dags/clean_tables.py
[2025-06-04T15:10:59.179+0000] {processor.py:829} INFO - Processing file /opt/airflow/dags/clean_tables.py for tasks to queue
[2025-06-04T15:10:59.180+0000] {logging_mixin.py:151} INFO - [2025-06-04T15:10:59.180+0000] {dagbag.py:536} INFO - Filling up the DagBag from /opt/airflow/dags/clean_tables.py
[2025-06-04T15:10:59.202+0000] {processor.py:839} INFO - DAG(s) dict_keys(['clean_tables_dag']) retrieved from /opt/airflow/dags/clean_tables.py
[2025-06-04T15:10:59.271+0000] {logging_mixin.py:151} INFO - [2025-06-04T15:10:59.271+0000] {dag.py:2941} INFO - Sync 1 DAGs
[2025-06-04T15:10:59.292+0000] {logging_mixin.py:151} INFO - [2025-06-04T15:10:59.292+0000] {dag.py:3722} INFO - Setting next_dagrun for clean_tables_dag to 2025-03-10T00:00:00+00:00, run_after=2025-03-10T00:00:00+00:00
[2025-06-04T15:10:59.357+0000] {processor.py:179} INFO - Processing /opt/airflow/dags/clean_tables.py took 0.186 seconds
[2025-06-04T15:11:29.651+0000] {processor.py:157} INFO - Started process (PID=810) to work on /opt/airflow/dags/clean_tables.py
[2025-06-04T15:11:29.652+0000] {processor.py:829} INFO - Processing file /opt/airflow/dags/clean_tables.py for tasks to queue
[2025-06-04T15:11:29.654+0000] {logging_mixin.py:151} INFO - [2025-06-04T15:11:29.654+0000] {dagbag.py:536} INFO - Filling up the DagBag from /opt/airflow/dags/clean_tables.py
[2025-06-04T15:11:29.680+0000] {processor.py:839} INFO - DAG(s) dict_keys(['clean_tables_dag']) retrieved from /opt/airflow/dags/clean_tables.py
[2025-06-04T15:11:29.719+0000] {logging_mixin.py:151} INFO - [2025-06-04T15:11:29.719+0000] {dag.py:2941} INFO - Sync 1 DAGs
[2025-06-04T15:11:29.754+0000] {logging_mixin.py:151} INFO - [2025-06-04T15:11:29.754+0000] {dag.py:3722} INFO - Setting next_dagrun for clean_tables_dag to 2025-03-10T00:00:00+00:00, run_after=2025-03-10T00:00:00+00:00
[2025-06-04T15:11:29.786+0000] {processor.py:179} INFO - Processing /opt/airflow/dags/clean_tables.py took 0.141 seconds
[2025-06-04T15:12:00.053+0000] {processor.py:157} INFO - Started process (PID=821) to work on /opt/airflow/dags/clean_tables.py
[2025-06-04T15:12:00.055+0000] {processor.py:829} INFO - Processing file /opt/airflow/dags/clean_tables.py for tasks to queue
[2025-06-04T15:12:00.056+0000] {logging_mixin.py:151} INFO - [2025-06-04T15:12:00.056+0000] {dagbag.py:536} INFO - Filling up the DagBag from /opt/airflow/dags/clean_tables.py
[2025-06-04T15:12:00.077+0000] {processor.py:839} INFO - DAG(s) dict_keys(['clean_tables_dag']) retrieved from /opt/airflow/dags/clean_tables.py
[2025-06-04T15:12:00.103+0000] {logging_mixin.py:151} INFO - [2025-06-04T15:12:00.103+0000] {dag.py:2941} INFO - Sync 1 DAGs
[2025-06-04T15:12:00.125+0000] {logging_mixin.py:151} INFO - [2025-06-04T15:12:00.125+0000] {dag.py:3722} INFO - Setting next_dagrun for clean_tables_dag to 2025-03-10T00:00:00+00:00, run_after=2025-03-10T00:00:00+00:00
[2025-06-04T15:12:00.182+0000] {processor.py:179} INFO - Processing /opt/airflow/dags/clean_tables.py took 0.132 seconds
[2025-06-04T15:12:30.411+0000] {processor.py:157} INFO - Started process (PID=832) to work on /opt/airflow/dags/clean_tables.py
[2025-06-04T15:12:30.412+0000] {processor.py:829} INFO - Processing file /opt/airflow/dags/clean_tables.py for tasks to queue
[2025-06-04T15:12:30.413+0000] {logging_mixin.py:151} INFO - [2025-06-04T15:12:30.413+0000] {dagbag.py:536} INFO - Filling up the DagBag from /opt/airflow/dags/clean_tables.py
[2025-06-04T15:12:30.436+0000] {processor.py:839} INFO - DAG(s) dict_keys(['clean_tables_dag']) retrieved from /opt/airflow/dags/clean_tables.py
[2025-06-04T15:12:30.513+0000] {logging_mixin.py:151} INFO - [2025-06-04T15:12:30.513+0000] {dag.py:2941} INFO - Sync 1 DAGs
[2025-06-04T15:12:30.534+0000] {logging_mixin.py:151} INFO - [2025-06-04T15:12:30.534+0000] {dag.py:3722} INFO - Setting next_dagrun for clean_tables_dag to 2025-03-10T00:00:00+00:00, run_after=2025-03-10T00:00:00+00:00
[2025-06-04T15:12:30.590+0000] {processor.py:179} INFO - Processing /opt/airflow/dags/clean_tables.py took 0.183 seconds
[2025-06-04T15:13:00.852+0000] {processor.py:157} INFO - Started process (PID=843) to work on /opt/airflow/dags/clean_tables.py
[2025-06-04T15:13:00.853+0000] {processor.py:829} INFO - Processing file /opt/airflow/dags/clean_tables.py for tasks to queue
[2025-06-04T15:13:00.855+0000] {logging_mixin.py:151} INFO - [2025-06-04T15:13:00.854+0000] {dagbag.py:536} INFO - Filling up the DagBag from /opt/airflow/dags/clean_tables.py
[2025-06-04T15:13:00.879+0000] {processor.py:839} INFO - DAG(s) dict_keys(['clean_tables_dag']) retrieved from /opt/airflow/dags/clean_tables.py
[2025-06-04T15:13:00.910+0000] {logging_mixin.py:151} INFO - [2025-06-04T15:13:00.909+0000] {dag.py:2941} INFO - Sync 1 DAGs
[2025-06-04T15:13:00.935+0000] {logging_mixin.py:151} INFO - [2025-06-04T15:13:00.935+0000] {dag.py:3722} INFO - Setting next_dagrun for clean_tables_dag to 2025-03-10T00:00:00+00:00, run_after=2025-03-10T00:00:00+00:00
[2025-06-04T15:13:00.999+0000] {processor.py:179} INFO - Processing /opt/airflow/dags/clean_tables.py took 0.151 seconds
[2025-06-04T15:13:31.289+0000] {processor.py:157} INFO - Started process (PID=854) to work on /opt/airflow/dags/clean_tables.py
[2025-06-04T15:13:31.291+0000] {processor.py:829} INFO - Processing file /opt/airflow/dags/clean_tables.py for tasks to queue
[2025-06-04T15:13:31.292+0000] {logging_mixin.py:151} INFO - [2025-06-04T15:13:31.292+0000] {dagbag.py:536} INFO - Filling up the DagBag from /opt/airflow/dags/clean_tables.py
[2025-06-04T15:13:31.322+0000] {processor.py:839} INFO - DAG(s) dict_keys(['clean_tables_dag']) retrieved from /opt/airflow/dags/clean_tables.py
[2025-06-04T15:13:31.371+0000] {logging_mixin.py:151} INFO - [2025-06-04T15:13:31.371+0000] {dag.py:2941} INFO - Sync 1 DAGs
[2025-06-04T15:13:31.399+0000] {logging_mixin.py:151} INFO - [2025-06-04T15:13:31.399+0000] {dag.py:3722} INFO - Setting next_dagrun for clean_tables_dag to 2025-03-10T00:00:00+00:00, run_after=2025-03-10T00:00:00+00:00
[2025-06-04T15:13:31.474+0000] {processor.py:179} INFO - Processing /opt/airflow/dags/clean_tables.py took 0.191 seconds
[2025-06-04T15:14:01.770+0000] {processor.py:157} INFO - Started process (PID=865) to work on /opt/airflow/dags/clean_tables.py
[2025-06-04T15:14:01.771+0000] {processor.py:829} INFO - Processing file /opt/airflow/dags/clean_tables.py for tasks to queue
[2025-06-04T15:14:01.772+0000] {logging_mixin.py:151} INFO - [2025-06-04T15:14:01.772+0000] {dagbag.py:536} INFO - Filling up the DagBag from /opt/airflow/dags/clean_tables.py
[2025-06-04T15:14:01.794+0000] {processor.py:839} INFO - DAG(s) dict_keys(['clean_tables_dag']) retrieved from /opt/airflow/dags/clean_tables.py
[2025-06-04T15:14:01.826+0000] {logging_mixin.py:151} INFO - [2025-06-04T15:14:01.826+0000] {dag.py:2941} INFO - Sync 1 DAGs
[2025-06-04T15:14:01.849+0000] {logging_mixin.py:151} INFO - [2025-06-04T15:14:01.849+0000] {dag.py:3722} INFO - Setting next_dagrun for clean_tables_dag to 2025-03-10T00:00:00+00:00, run_after=2025-03-10T00:00:00+00:00
[2025-06-04T15:14:01.915+0000] {processor.py:179} INFO - Processing /opt/airflow/dags/clean_tables.py took 0.150 seconds
[2025-06-04T15:14:32.186+0000] {processor.py:157} INFO - Started process (PID=876) to work on /opt/airflow/dags/clean_tables.py
[2025-06-04T15:14:32.187+0000] {processor.py:829} INFO - Processing file /opt/airflow/dags/clean_tables.py for tasks to queue
[2025-06-04T15:14:32.189+0000] {logging_mixin.py:151} INFO - [2025-06-04T15:14:32.188+0000] {dagbag.py:536} INFO - Filling up the DagBag from /opt/airflow/dags/clean_tables.py
[2025-06-04T15:14:32.254+0000] {processor.py:839} INFO - DAG(s) dict_keys(['clean_tables_dag']) retrieved from /opt/airflow/dags/clean_tables.py
[2025-06-04T15:14:32.279+0000] {logging_mixin.py:151} INFO - [2025-06-04T15:14:32.279+0000] {dag.py:2941} INFO - Sync 1 DAGs
[2025-06-04T15:14:32.298+0000] {logging_mixin.py:151} INFO - [2025-06-04T15:14:32.298+0000] {dag.py:3722} INFO - Setting next_dagrun for clean_tables_dag to 2025-03-10T00:00:00+00:00, run_after=2025-03-10T00:00:00+00:00
[2025-06-04T15:14:32.359+0000] {processor.py:179} INFO - Processing /opt/airflow/dags/clean_tables.py took 0.177 seconds
[2025-06-04T15:15:02.630+0000] {processor.py:157} INFO - Started process (PID=887) to work on /opt/airflow/dags/clean_tables.py
[2025-06-04T15:15:02.632+0000] {processor.py:829} INFO - Processing file /opt/airflow/dags/clean_tables.py for tasks to queue
[2025-06-04T15:15:02.633+0000] {logging_mixin.py:151} INFO - [2025-06-04T15:15:02.633+0000] {dagbag.py:536} INFO - Filling up the DagBag from /opt/airflow/dags/clean_tables.py
[2025-06-04T15:15:02.704+0000] {processor.py:839} INFO - DAG(s) dict_keys(['clean_tables_dag']) retrieved from /opt/airflow/dags/clean_tables.py
[2025-06-04T15:15:02.749+0000] {logging_mixin.py:151} INFO - [2025-06-04T15:15:02.748+0000] {dag.py:2941} INFO - Sync 1 DAGs
[2025-06-04T15:15:02.781+0000] {logging_mixin.py:151} INFO - [2025-06-04T15:15:02.780+0000] {dag.py:3722} INFO - Setting next_dagrun for clean_tables_dag to 2025-03-10T00:00:00+00:00, run_after=2025-03-10T00:00:00+00:00
[2025-06-04T15:15:02.836+0000] {processor.py:179} INFO - Processing /opt/airflow/dags/clean_tables.py took 0.211 seconds
[2025-06-04T15:15:33.115+0000] {processor.py:157} INFO - Started process (PID=898) to work on /opt/airflow/dags/clean_tables.py
[2025-06-04T15:15:33.116+0000] {processor.py:829} INFO - Processing file /opt/airflow/dags/clean_tables.py for tasks to queue
[2025-06-04T15:15:33.118+0000] {logging_mixin.py:151} INFO - [2025-06-04T15:15:33.117+0000] {dagbag.py:536} INFO - Filling up the DagBag from /opt/airflow/dags/clean_tables.py
[2025-06-04T15:15:33.144+0000] {processor.py:839} INFO - DAG(s) dict_keys(['clean_tables_dag']) retrieved from /opt/airflow/dags/clean_tables.py
[2025-06-04T15:15:33.179+0000] {logging_mixin.py:151} INFO - [2025-06-04T15:15:33.178+0000] {dag.py:2941} INFO - Sync 1 DAGs
[2025-06-04T15:15:33.202+0000] {logging_mixin.py:151} INFO - [2025-06-04T15:15:33.202+0000] {dag.py:3722} INFO - Setting next_dagrun for clean_tables_dag to 2025-03-10T00:00:00+00:00, run_after=2025-03-10T00:00:00+00:00
[2025-06-04T15:15:33.256+0000] {processor.py:179} INFO - Processing /opt/airflow/dags/clean_tables.py took 0.145 seconds
[2025-06-04T15:16:03.528+0000] {processor.py:157} INFO - Started process (PID=909) to work on /opt/airflow/dags/clean_tables.py
[2025-06-04T15:16:03.529+0000] {processor.py:829} INFO - Processing file /opt/airflow/dags/clean_tables.py for tasks to queue
[2025-06-04T15:16:03.531+0000] {logging_mixin.py:151} INFO - [2025-06-04T15:16:03.530+0000] {dagbag.py:536} INFO - Filling up the DagBag from /opt/airflow/dags/clean_tables.py
[2025-06-04T15:16:03.552+0000] {processor.py:839} INFO - DAG(s) dict_keys(['clean_tables_dag']) retrieved from /opt/airflow/dags/clean_tables.py
[2025-06-04T15:16:03.589+0000] {logging_mixin.py:151} INFO - [2025-06-04T15:16:03.589+0000] {dag.py:2941} INFO - Sync 1 DAGs
[2025-06-04T15:16:03.615+0000] {logging_mixin.py:151} INFO - [2025-06-04T15:16:03.614+0000] {dag.py:3722} INFO - Setting next_dagrun for clean_tables_dag to 2025-03-10T00:00:00+00:00, run_after=2025-03-10T00:00:00+00:00
[2025-06-04T15:16:03.646+0000] {processor.py:179} INFO - Processing /opt/airflow/dags/clean_tables.py took 0.120 seconds
[2025-06-04T15:16:33.906+0000] {processor.py:157} INFO - Started process (PID=920) to work on /opt/airflow/dags/clean_tables.py
[2025-06-04T15:16:33.907+0000] {processor.py:829} INFO - Processing file /opt/airflow/dags/clean_tables.py for tasks to queue
[2025-06-04T15:16:33.909+0000] {logging_mixin.py:151} INFO - [2025-06-04T15:16:33.908+0000] {dagbag.py:536} INFO - Filling up the DagBag from /opt/airflow/dags/clean_tables.py
[2025-06-04T15:16:33.934+0000] {processor.py:839} INFO - DAG(s) dict_keys(['clean_tables_dag']) retrieved from /opt/airflow/dags/clean_tables.py
[2025-06-04T15:16:33.970+0000] {logging_mixin.py:151} INFO - [2025-06-04T15:16:33.969+0000] {dag.py:2941} INFO - Sync 1 DAGs
[2025-06-04T15:16:33.998+0000] {logging_mixin.py:151} INFO - [2025-06-04T15:16:33.998+0000] {dag.py:3722} INFO - Setting next_dagrun for clean_tables_dag to 2025-03-10T00:00:00+00:00, run_after=2025-03-10T00:00:00+00:00
[2025-06-04T15:16:34.028+0000] {processor.py:179} INFO - Processing /opt/airflow/dags/clean_tables.py took 0.126 seconds
[2025-06-04T15:17:04.368+0000] {processor.py:157} INFO - Started process (PID=931) to work on /opt/airflow/dags/clean_tables.py
[2025-06-04T15:17:04.369+0000] {processor.py:829} INFO - Processing file /opt/airflow/dags/clean_tables.py for tasks to queue
[2025-06-04T15:17:04.371+0000] {logging_mixin.py:151} INFO - [2025-06-04T15:17:04.370+0000] {dagbag.py:536} INFO - Filling up the DagBag from /opt/airflow/dags/clean_tables.py
[2025-06-04T15:17:04.403+0000] {processor.py:839} INFO - DAG(s) dict_keys(['clean_tables_dag']) retrieved from /opt/airflow/dags/clean_tables.py
[2025-06-04T15:17:04.441+0000] {logging_mixin.py:151} INFO - [2025-06-04T15:17:04.441+0000] {dag.py:2941} INFO - Sync 1 DAGs
[2025-06-04T15:17:04.470+0000] {logging_mixin.py:151} INFO - [2025-06-04T15:17:04.470+0000] {dag.py:3722} INFO - Setting next_dagrun for clean_tables_dag to 2025-03-10T00:00:00+00:00, run_after=2025-03-10T00:00:00+00:00
[2025-06-04T15:17:04.535+0000] {processor.py:179} INFO - Processing /opt/airflow/dags/clean_tables.py took 0.171 seconds
[2025-06-04T15:17:34.871+0000] {processor.py:157} INFO - Started process (PID=942) to work on /opt/airflow/dags/clean_tables.py
[2025-06-04T15:17:34.872+0000] {processor.py:829} INFO - Processing file /opt/airflow/dags/clean_tables.py for tasks to queue
[2025-06-04T15:17:34.873+0000] {logging_mixin.py:151} INFO - [2025-06-04T15:17:34.872+0000] {dagbag.py:536} INFO - Filling up the DagBag from /opt/airflow/dags/clean_tables.py
[2025-06-04T15:17:34.894+0000] {processor.py:839} INFO - DAG(s) dict_keys(['clean_tables_dag']) retrieved from /opt/airflow/dags/clean_tables.py
[2025-06-04T15:17:34.927+0000] {logging_mixin.py:151} INFO - [2025-06-04T15:17:34.927+0000] {dag.py:2941} INFO - Sync 1 DAGs
[2025-06-04T15:17:34.952+0000] {logging_mixin.py:151} INFO - [2025-06-04T15:17:34.952+0000] {dag.py:3722} INFO - Setting next_dagrun for clean_tables_dag to 2025-03-10T00:00:00+00:00, run_after=2025-03-10T00:00:00+00:00
[2025-06-04T15:17:35.018+0000] {processor.py:179} INFO - Processing /opt/airflow/dags/clean_tables.py took 0.152 seconds
[2025-06-04T15:18:05.401+0000] {processor.py:157} INFO - Started process (PID=953) to work on /opt/airflow/dags/clean_tables.py
[2025-06-04T15:18:05.402+0000] {processor.py:829} INFO - Processing file /opt/airflow/dags/clean_tables.py for tasks to queue
[2025-06-04T15:18:05.404+0000] {logging_mixin.py:151} INFO - [2025-06-04T15:18:05.404+0000] {dagbag.py:536} INFO - Filling up the DagBag from /opt/airflow/dags/clean_tables.py
[2025-06-04T15:18:05.427+0000] {processor.py:839} INFO - DAG(s) dict_keys(['clean_tables_dag']) retrieved from /opt/airflow/dags/clean_tables.py
[2025-06-04T15:18:05.465+0000] {logging_mixin.py:151} INFO - [2025-06-04T15:18:05.465+0000] {dag.py:2941} INFO - Sync 1 DAGs
[2025-06-04T15:18:05.505+0000] {logging_mixin.py:151} INFO - [2025-06-04T15:18:05.504+0000] {dag.py:3722} INFO - Setting next_dagrun for clean_tables_dag to 2025-03-10T00:00:00+00:00, run_after=2025-03-10T00:00:00+00:00
[2025-06-04T15:18:05.525+0000] {processor.py:179} INFO - Processing /opt/airflow/dags/clean_tables.py took 0.129 seconds
[2025-06-04T15:18:35.768+0000] {processor.py:157} INFO - Started process (PID=964) to work on /opt/airflow/dags/clean_tables.py
[2025-06-04T15:18:35.770+0000] {processor.py:829} INFO - Processing file /opt/airflow/dags/clean_tables.py for tasks to queue
[2025-06-04T15:18:35.772+0000] {logging_mixin.py:151} INFO - [2025-06-04T15:18:35.771+0000] {dagbag.py:536} INFO - Filling up the DagBag from /opt/airflow/dags/clean_tables.py
[2025-06-04T15:18:35.790+0000] {processor.py:839} INFO - DAG(s) dict_keys(['clean_tables_dag']) retrieved from /opt/airflow/dags/clean_tables.py
[2025-06-04T15:18:35.856+0000] {logging_mixin.py:151} INFO - [2025-06-04T15:18:35.855+0000] {dag.py:2941} INFO - Sync 1 DAGs
[2025-06-04T15:18:35.877+0000] {logging_mixin.py:151} INFO - [2025-06-04T15:18:35.877+0000] {dag.py:3722} INFO - Setting next_dagrun for clean_tables_dag to 2025-03-10T00:00:00+00:00, run_after=2025-03-10T00:00:00+00:00
[2025-06-04T15:18:35.943+0000] {processor.py:179} INFO - Processing /opt/airflow/dags/clean_tables.py took 0.179 seconds
[2025-06-04T15:19:06.229+0000] {processor.py:157} INFO - Started process (PID=975) to work on /opt/airflow/dags/clean_tables.py
[2025-06-04T15:19:06.230+0000] {processor.py:829} INFO - Processing file /opt/airflow/dags/clean_tables.py for tasks to queue
[2025-06-04T15:19:06.231+0000] {logging_mixin.py:151} INFO - [2025-06-04T15:19:06.231+0000] {dagbag.py:536} INFO - Filling up the DagBag from /opt/airflow/dags/clean_tables.py
[2025-06-04T15:19:06.259+0000] {processor.py:839} INFO - DAG(s) dict_keys(['clean_tables_dag']) retrieved from /opt/airflow/dags/clean_tables.py
[2025-06-04T15:19:06.291+0000] {logging_mixin.py:151} INFO - [2025-06-04T15:19:06.291+0000] {dag.py:2941} INFO - Sync 1 DAGs
[2025-06-04T15:19:06.320+0000] {logging_mixin.py:151} INFO - [2025-06-04T15:19:06.320+0000] {dag.py:3722} INFO - Setting next_dagrun for clean_tables_dag to 2025-03-10T00:00:00+00:00, run_after=2025-03-10T00:00:00+00:00
[2025-06-04T15:19:06.385+0000] {processor.py:179} INFO - Processing /opt/airflow/dags/clean_tables.py took 0.160 seconds
[2025-06-04T15:19:36.524+0000] {processor.py:157} INFO - Started process (PID=986) to work on /opt/airflow/dags/clean_tables.py
[2025-06-04T15:19:36.525+0000] {processor.py:829} INFO - Processing file /opt/airflow/dags/clean_tables.py for tasks to queue
[2025-06-04T15:19:36.526+0000] {logging_mixin.py:151} INFO - [2025-06-04T15:19:36.525+0000] {dagbag.py:536} INFO - Filling up the DagBag from /opt/airflow/dags/clean_tables.py
[2025-06-04T15:19:36.549+0000] {processor.py:839} INFO - DAG(s) dict_keys(['clean_tables_dag']) retrieved from /opt/airflow/dags/clean_tables.py
[2025-06-04T15:19:36.581+0000] {logging_mixin.py:151} INFO - [2025-06-04T15:19:36.581+0000] {dag.py:2941} INFO - Sync 1 DAGs
[2025-06-04T15:19:36.610+0000] {logging_mixin.py:151} INFO - [2025-06-04T15:19:36.609+0000] {dag.py:3722} INFO - Setting next_dagrun for clean_tables_dag to 2025-03-10T00:00:00+00:00, run_after=2025-03-10T00:00:00+00:00
[2025-06-04T15:19:36.676+0000] {processor.py:179} INFO - Processing /opt/airflow/dags/clean_tables.py took 0.156 seconds
[2025-06-04T15:20:07.005+0000] {processor.py:157} INFO - Started process (PID=997) to work on /opt/airflow/dags/clean_tables.py
[2025-06-04T15:20:07.006+0000] {processor.py:829} INFO - Processing file /opt/airflow/dags/clean_tables.py for tasks to queue
[2025-06-04T15:20:07.008+0000] {logging_mixin.py:151} INFO - [2025-06-04T15:20:07.007+0000] {dagbag.py:536} INFO - Filling up the DagBag from /opt/airflow/dags/clean_tables.py
[2025-06-04T15:20:07.032+0000] {processor.py:839} INFO - DAG(s) dict_keys(['clean_tables_dag']) retrieved from /opt/airflow/dags/clean_tables.py
[2025-06-04T15:20:07.111+0000] {logging_mixin.py:151} INFO - [2025-06-04T15:20:07.111+0000] {dag.py:2941} INFO - Sync 1 DAGs
[2025-06-04T15:20:07.144+0000] {logging_mixin.py:151} INFO - [2025-06-04T15:20:07.143+0000] {dag.py:3722} INFO - Setting next_dagrun for clean_tables_dag to 2025-03-10T00:00:00+00:00, run_after=2025-03-10T00:00:00+00:00
[2025-06-04T15:20:07.209+0000] {processor.py:179} INFO - Processing /opt/airflow/dags/clean_tables.py took 0.208 seconds
[2025-06-04T15:20:37.485+0000] {processor.py:157} INFO - Started process (PID=1008) to work on /opt/airflow/dags/clean_tables.py
[2025-06-04T15:20:37.486+0000] {processor.py:829} INFO - Processing file /opt/airflow/dags/clean_tables.py for tasks to queue
[2025-06-04T15:20:37.487+0000] {logging_mixin.py:151} INFO - [2025-06-04T15:20:37.487+0000] {dagbag.py:536} INFO - Filling up the DagBag from /opt/airflow/dags/clean_tables.py
[2025-06-04T15:20:37.510+0000] {processor.py:839} INFO - DAG(s) dict_keys(['clean_tables_dag']) retrieved from /opt/airflow/dags/clean_tables.py
[2025-06-04T15:20:37.546+0000] {logging_mixin.py:151} INFO - [2025-06-04T15:20:37.546+0000] {dag.py:2941} INFO - Sync 1 DAGs
[2025-06-04T15:20:37.574+0000] {logging_mixin.py:151} INFO - [2025-06-04T15:20:37.573+0000] {dag.py:3722} INFO - Setting next_dagrun for clean_tables_dag to 2025-03-10T00:00:00+00:00, run_after=2025-03-10T00:00:00+00:00
[2025-06-04T15:20:37.600+0000] {processor.py:179} INFO - Processing /opt/airflow/dags/clean_tables.py took 0.120 seconds
[2025-06-04T15:21:07.672+0000] {processor.py:157} INFO - Started process (PID=1019) to work on /opt/airflow/dags/clean_tables.py
[2025-06-04T15:21:07.674+0000] {processor.py:829} INFO - Processing file /opt/airflow/dags/clean_tables.py for tasks to queue
[2025-06-04T15:21:07.676+0000] {logging_mixin.py:151} INFO - [2025-06-04T15:21:07.675+0000] {dagbag.py:536} INFO - Filling up the DagBag from /opt/airflow/dags/clean_tables.py
[2025-06-04T15:21:07.696+0000] {processor.py:839} INFO - DAG(s) dict_keys(['clean_tables_dag']) retrieved from /opt/airflow/dags/clean_tables.py
[2025-06-04T15:21:07.722+0000] {logging_mixin.py:151} INFO - [2025-06-04T15:21:07.722+0000] {dag.py:2941} INFO - Sync 1 DAGs
[2025-06-04T15:21:07.748+0000] {logging_mixin.py:151} INFO - [2025-06-04T15:21:07.748+0000] {dag.py:3722} INFO - Setting next_dagrun for clean_tables_dag to 2025-03-10T00:00:00+00:00, run_after=2025-03-10T00:00:00+00:00
[2025-06-04T15:21:07.810+0000] {processor.py:179} INFO - Processing /opt/airflow/dags/clean_tables.py took 0.146 seconds
[2025-06-04T15:21:38.058+0000] {processor.py:157} INFO - Started process (PID=1030) to work on /opt/airflow/dags/clean_tables.py
[2025-06-04T15:21:38.059+0000] {processor.py:829} INFO - Processing file /opt/airflow/dags/clean_tables.py for tasks to queue
[2025-06-04T15:21:38.060+0000] {logging_mixin.py:151} INFO - [2025-06-04T15:21:38.060+0000] {dagbag.py:536} INFO - Filling up the DagBag from /opt/airflow/dags/clean_tables.py
[2025-06-04T15:21:38.089+0000] {processor.py:839} INFO - DAG(s) dict_keys(['clean_tables_dag']) retrieved from /opt/airflow/dags/clean_tables.py
[2025-06-04T15:21:38.116+0000] {logging_mixin.py:151} INFO - [2025-06-04T15:21:38.116+0000] {dag.py:2941} INFO - Sync 1 DAGs
[2025-06-04T15:21:38.139+0000] {logging_mixin.py:151} INFO - [2025-06-04T15:21:38.139+0000] {dag.py:3722} INFO - Setting next_dagrun for clean_tables_dag to 2025-03-10T00:00:00+00:00, run_after=2025-03-10T00:00:00+00:00
[2025-06-04T15:21:38.201+0000] {processor.py:179} INFO - Processing /opt/airflow/dags/clean_tables.py took 0.145 seconds
[2025-06-04T15:22:08.452+0000] {processor.py:157} INFO - Started process (PID=1041) to work on /opt/airflow/dags/clean_tables.py
[2025-06-04T15:22:08.454+0000] {processor.py:829} INFO - Processing file /opt/airflow/dags/clean_tables.py for tasks to queue
[2025-06-04T15:22:08.455+0000] {logging_mixin.py:151} INFO - [2025-06-04T15:22:08.454+0000] {dagbag.py:536} INFO - Filling up the DagBag from /opt/airflow/dags/clean_tables.py
[2025-06-04T15:22:08.513+0000] {processor.py:839} INFO - DAG(s) dict_keys(['clean_tables_dag']) retrieved from /opt/airflow/dags/clean_tables.py
[2025-06-04T15:22:08.541+0000] {logging_mixin.py:151} INFO - [2025-06-04T15:22:08.541+0000] {dag.py:2941} INFO - Sync 1 DAGs
[2025-06-04T15:22:08.563+0000] {logging_mixin.py:151} INFO - [2025-06-04T15:22:08.563+0000] {dag.py:3722} INFO - Setting next_dagrun for clean_tables_dag to 2025-03-10T00:00:00+00:00, run_after=2025-03-10T00:00:00+00:00
[2025-06-04T15:22:08.625+0000] {processor.py:179} INFO - Processing /opt/airflow/dags/clean_tables.py took 0.176 seconds
[2025-06-04T15:22:38.883+0000] {processor.py:157} INFO - Started process (PID=1052) to work on /opt/airflow/dags/clean_tables.py
[2025-06-04T15:22:38.884+0000] {processor.py:829} INFO - Processing file /opt/airflow/dags/clean_tables.py for tasks to queue
[2025-06-04T15:22:38.885+0000] {logging_mixin.py:151} INFO - [2025-06-04T15:22:38.884+0000] {dagbag.py:536} INFO - Filling up the DagBag from /opt/airflow/dags/clean_tables.py
[2025-06-04T15:22:38.910+0000] {processor.py:839} INFO - DAG(s) dict_keys(['clean_tables_dag']) retrieved from /opt/airflow/dags/clean_tables.py
[2025-06-04T15:22:38.942+0000] {logging_mixin.py:151} INFO - [2025-06-04T15:22:38.942+0000] {dag.py:2941} INFO - Sync 1 DAGs
[2025-06-04T15:22:38.968+0000] {logging_mixin.py:151} INFO - [2025-06-04T15:22:38.967+0000] {dag.py:3722} INFO - Setting next_dagrun for clean_tables_dag to 2025-03-10T00:00:00+00:00, run_after=2025-03-10T00:00:00+00:00
[2025-06-04T15:22:39.033+0000] {processor.py:179} INFO - Processing /opt/airflow/dags/clean_tables.py took 0.154 seconds
[2025-06-04T15:23:09.301+0000] {processor.py:157} INFO - Started process (PID=1063) to work on /opt/airflow/dags/clean_tables.py
[2025-06-04T15:23:09.302+0000] {processor.py:829} INFO - Processing file /opt/airflow/dags/clean_tables.py for tasks to queue
[2025-06-04T15:23:09.303+0000] {logging_mixin.py:151} INFO - [2025-06-04T15:23:09.303+0000] {dagbag.py:536} INFO - Filling up the DagBag from /opt/airflow/dags/clean_tables.py
[2025-06-04T15:23:09.336+0000] {processor.py:839} INFO - DAG(s) dict_keys(['clean_tables_dag']) retrieved from /opt/airflow/dags/clean_tables.py
[2025-06-04T15:23:09.375+0000] {logging_mixin.py:151} INFO - [2025-06-04T15:23:09.375+0000] {dag.py:2941} INFO - Sync 1 DAGs
[2025-06-04T15:23:09.422+0000] {logging_mixin.py:151} INFO - [2025-06-04T15:23:09.422+0000] {dag.py:3722} INFO - Setting next_dagrun for clean_tables_dag to 2025-03-10T00:00:00+00:00, run_after=2025-03-10T00:00:00+00:00
[2025-06-04T15:23:09.497+0000] {processor.py:179} INFO - Processing /opt/airflow/dags/clean_tables.py took 0.200 seconds
[2025-06-04T15:23:39.866+0000] {processor.py:157} INFO - Started process (PID=1074) to work on /opt/airflow/dags/clean_tables.py
[2025-06-04T15:23:39.867+0000] {processor.py:829} INFO - Processing file /opt/airflow/dags/clean_tables.py for tasks to queue
[2025-06-04T15:23:39.868+0000] {logging_mixin.py:151} INFO - [2025-06-04T15:23:39.868+0000] {dagbag.py:536} INFO - Filling up the DagBag from /opt/airflow/dags/clean_tables.py
[2025-06-04T15:23:39.892+0000] {processor.py:839} INFO - DAG(s) dict_keys(['clean_tables_dag']) retrieved from /opt/airflow/dags/clean_tables.py
[2025-06-04T15:23:39.918+0000] {logging_mixin.py:151} INFO - [2025-06-04T15:23:39.918+0000] {dag.py:2941} INFO - Sync 1 DAGs
[2025-06-04T15:23:39.938+0000] {logging_mixin.py:151} INFO - [2025-06-04T15:23:39.938+0000] {dag.py:3722} INFO - Setting next_dagrun for clean_tables_dag to 2025-03-10T00:00:00+00:00, run_after=2025-03-10T00:00:00+00:00
[2025-06-04T15:23:40.011+0000] {processor.py:179} INFO - Processing /opt/airflow/dags/clean_tables.py took 0.147 seconds
[2025-06-04T15:24:10.332+0000] {processor.py:157} INFO - Started process (PID=1085) to work on /opt/airflow/dags/clean_tables.py
[2025-06-04T15:24:10.333+0000] {processor.py:829} INFO - Processing file /opt/airflow/dags/clean_tables.py for tasks to queue
[2025-06-04T15:24:10.334+0000] {logging_mixin.py:151} INFO - [2025-06-04T15:24:10.334+0000] {dagbag.py:536} INFO - Filling up the DagBag from /opt/airflow/dags/clean_tables.py
[2025-06-04T15:24:10.357+0000] {processor.py:839} INFO - DAG(s) dict_keys(['clean_tables_dag']) retrieved from /opt/airflow/dags/clean_tables.py
[2025-06-04T15:24:10.394+0000] {logging_mixin.py:151} INFO - [2025-06-04T15:24:10.394+0000] {dag.py:2941} INFO - Sync 1 DAGs
[2025-06-04T15:24:10.426+0000] {logging_mixin.py:151} INFO - [2025-06-04T15:24:10.425+0000] {dag.py:3722} INFO - Setting next_dagrun for clean_tables_dag to 2025-03-10T00:00:00+00:00, run_after=2025-03-10T00:00:00+00:00
[2025-06-04T15:24:10.497+0000] {processor.py:179} INFO - Processing /opt/airflow/dags/clean_tables.py took 0.170 seconds
[2025-06-04T15:24:40.820+0000] {processor.py:157} INFO - Started process (PID=1094) to work on /opt/airflow/dags/clean_tables.py
[2025-06-04T15:24:40.822+0000] {processor.py:829} INFO - Processing file /opt/airflow/dags/clean_tables.py for tasks to queue
[2025-06-04T15:24:40.823+0000] {logging_mixin.py:151} INFO - [2025-06-04T15:24:40.823+0000] {dagbag.py:536} INFO - Filling up the DagBag from /opt/airflow/dags/clean_tables.py
[2025-06-04T15:24:40.850+0000] {processor.py:839} INFO - DAG(s) dict_keys(['clean_tables_dag']) retrieved from /opt/airflow/dags/clean_tables.py
[2025-06-04T15:24:40.887+0000] {logging_mixin.py:151} INFO - [2025-06-04T15:24:40.887+0000] {dag.py:2941} INFO - Sync 1 DAGs
[2025-06-04T15:24:40.915+0000] {logging_mixin.py:151} INFO - [2025-06-04T15:24:40.915+0000] {dag.py:3722} INFO - Setting next_dagrun for clean_tables_dag to 2025-03-10T00:00:00+00:00, run_after=2025-03-10T00:00:00+00:00
[2025-06-04T15:24:40.984+0000] {processor.py:179} INFO - Processing /opt/airflow/dags/clean_tables.py took 0.169 seconds
[2025-06-04T15:25:11.285+0000] {processor.py:157} INFO - Started process (PID=1101) to work on /opt/airflow/dags/clean_tables.py
[2025-06-04T15:25:11.286+0000] {processor.py:829} INFO - Processing file /opt/airflow/dags/clean_tables.py for tasks to queue
[2025-06-04T15:25:11.288+0000] {logging_mixin.py:151} INFO - [2025-06-04T15:25:11.287+0000] {dagbag.py:536} INFO - Filling up the DagBag from /opt/airflow/dags/clean_tables.py
[2025-06-04T15:25:11.316+0000] {processor.py:839} INFO - DAG(s) dict_keys(['clean_tables_dag']) retrieved from /opt/airflow/dags/clean_tables.py
[2025-06-04T15:25:11.355+0000] {logging_mixin.py:151} INFO - [2025-06-04T15:25:11.355+0000] {dag.py:2941} INFO - Sync 1 DAGs
[2025-06-04T15:25:11.386+0000] {logging_mixin.py:151} INFO - [2025-06-04T15:25:11.385+0000] {dag.py:3722} INFO - Setting next_dagrun for clean_tables_dag to 2025-03-10T00:00:00+00:00, run_after=2025-03-10T00:00:00+00:00
[2025-06-04T15:25:11.426+0000] {processor.py:179} INFO - Processing /opt/airflow/dags/clean_tables.py took 0.146 seconds
[2025-06-04T15:25:41.783+0000] {processor.py:157} INFO - Started process (PID=1112) to work on /opt/airflow/dags/clean_tables.py
[2025-06-04T15:25:41.784+0000] {processor.py:829} INFO - Processing file /opt/airflow/dags/clean_tables.py for tasks to queue
[2025-06-04T15:25:41.786+0000] {logging_mixin.py:151} INFO - [2025-06-04T15:25:41.785+0000] {dagbag.py:536} INFO - Filling up the DagBag from /opt/airflow/dags/clean_tables.py
[2025-06-04T15:25:41.811+0000] {processor.py:839} INFO - DAG(s) dict_keys(['clean_tables_dag']) retrieved from /opt/airflow/dags/clean_tables.py
[2025-06-04T15:25:41.846+0000] {logging_mixin.py:151} INFO - [2025-06-04T15:25:41.846+0000] {dag.py:2941} INFO - Sync 1 DAGs
[2025-06-04T15:25:41.887+0000] {logging_mixin.py:151} INFO - [2025-06-04T15:25:41.886+0000] {dag.py:3722} INFO - Setting next_dagrun for clean_tables_dag to 2025-03-10T00:00:00+00:00, run_after=2025-03-10T00:00:00+00:00
[2025-06-04T15:25:41.953+0000] {processor.py:179} INFO - Processing /opt/airflow/dags/clean_tables.py took 0.175 seconds
