[2025-03-14T14:51:44.364+0000] {taskinstance.py:1159} INFO - Dependencies all met for dep_context=non-requeueable deps ti=<TaskInstance: Airflow_ETL_DAG.insert_viruses scheduled__2025-03-10T00:00:00+00:00 [queued]>
[2025-03-14T14:51:44.378+0000] {taskinstance.py:1159} INFO - Dependencies all met for dep_context=requeueable deps ti=<TaskInstance: Airflow_ETL_DAG.insert_viruses scheduled__2025-03-10T00:00:00+00:00 [queued]>
[2025-03-14T14:51:44.378+0000] {taskinstance.py:1361} INFO - Starting attempt 1 of 2
[2025-03-14T14:51:44.396+0000] {taskinstance.py:1382} INFO - Executing <Task(PythonOperator): insert_viruses> on 2025-03-10 00:00:00+00:00
[2025-03-14T14:51:44.404+0000] {standard_task_runner.py:57} INFO - Started process 296 to run task
[2025-03-14T14:51:44.407+0000] {standard_task_runner.py:84} INFO - Running: ['airflow', 'tasks', 'run', 'Airflow_ETL_DAG', 'insert_viruses', 'scheduled__2025-03-10T00:00:00+00:00', '--job-id', '16', '--raw', '--subdir', 'DAGS_FOLDER/airflow_etl.py', '--cfg-path', '/tmp/tmpu3w9ddsu']
[2025-03-14T14:51:44.411+0000] {standard_task_runner.py:85} INFO - Job 16: Subtask insert_viruses
[2025-03-14T14:51:44.470+0000] {task_command.py:416} INFO - Running <TaskInstance: Airflow_ETL_DAG.insert_viruses scheduled__2025-03-10T00:00:00+00:00 [running]> on host 587afbd7d2b9
[2025-03-14T14:51:44.563+0000] {taskinstance.py:1662} INFO - Exporting env vars: AIRFLOW_CTX_DAG_OWNER='airflow' AIRFLOW_CTX_DAG_ID='Airflow_ETL_DAG' AIRFLOW_CTX_TASK_ID='insert_viruses' AIRFLOW_CTX_EXECUTION_DATE='2025-03-10T00:00:00+00:00' AIRFLOW_CTX_TRY_NUMBER='1' AIRFLOW_CTX_DAG_RUN_ID='scheduled__2025-03-10T00:00:00+00:00'
[2025-03-14T14:51:44.623+0000] {logging_mixin.py:151} INFO - Insertion des virus terminée.
[2025-03-14T14:51:44.624+0000] {python.py:194} INFO - Done. Returned value was: None
[2025-03-14T14:51:44.634+0000] {taskinstance.py:1400} INFO - Marking task as SUCCESS. dag_id=Airflow_ETL_DAG, task_id=insert_viruses, execution_date=20250310T000000, start_date=20250314T145144, end_date=20250314T145144
[2025-03-14T14:51:44.662+0000] {local_task_job_runner.py:228} INFO - Task exited with return code 0
[2025-03-14T14:51:44.685+0000] {taskinstance.py:2778} INFO - 1 downstream tasks scheduled from follow-on schedule check
[2025-03-14T15:24:39.270+0000] {taskinstance.py:1159} INFO - Dependencies all met for dep_context=non-requeueable deps ti=<TaskInstance: Airflow_ETL_DAG.insert_viruses scheduled__2025-03-10T00:00:00+00:00 [queued]>
[2025-03-14T15:24:39.280+0000] {taskinstance.py:1159} INFO - Dependencies all met for dep_context=requeueable deps ti=<TaskInstance: Airflow_ETL_DAG.insert_viruses scheduled__2025-03-10T00:00:00+00:00 [queued]>
[2025-03-14T15:24:39.281+0000] {taskinstance.py:1361} INFO - Starting attempt 1 of 2
[2025-03-14T15:24:39.297+0000] {taskinstance.py:1382} INFO - Executing <Task(PythonOperator): insert_viruses> on 2025-03-10 00:00:00+00:00
[2025-03-14T15:24:39.303+0000] {standard_task_runner.py:57} INFO - Started process 209 to run task
[2025-03-14T15:24:39.307+0000] {standard_task_runner.py:84} INFO - Running: ['airflow', 'tasks', 'run', 'Airflow_ETL_DAG', 'insert_viruses', 'scheduled__2025-03-10T00:00:00+00:00', '--job-id', '3', '--raw', '--subdir', 'DAGS_FOLDER/airflow_etl.py', '--cfg-path', '/tmp/tmpx5ahjwij']
[2025-03-14T15:24:39.309+0000] {standard_task_runner.py:85} INFO - Job 3: Subtask insert_viruses
[2025-03-14T15:24:39.358+0000] {task_command.py:416} INFO - Running <TaskInstance: Airflow_ETL_DAG.insert_viruses scheduled__2025-03-10T00:00:00+00:00 [running]> on host 409e4a022234
[2025-03-14T15:24:39.461+0000] {taskinstance.py:1662} INFO - Exporting env vars: AIRFLOW_CTX_DAG_OWNER='airflow' AIRFLOW_CTX_DAG_ID='Airflow_ETL_DAG' AIRFLOW_CTX_TASK_ID='insert_viruses' AIRFLOW_CTX_EXECUTION_DATE='2025-03-10T00:00:00+00:00' AIRFLOW_CTX_TRY_NUMBER='1' AIRFLOW_CTX_DAG_RUN_ID='scheduled__2025-03-10T00:00:00+00:00'
[2025-03-14T15:24:39.528+0000] {logging_mixin.py:151} INFO - Insertion des virus terminée.
[2025-03-14T15:24:39.529+0000] {python.py:194} INFO - Done. Returned value was: None
[2025-03-14T15:24:39.540+0000] {taskinstance.py:1400} INFO - Marking task as SUCCESS. dag_id=Airflow_ETL_DAG, task_id=insert_viruses, execution_date=20250310T000000, start_date=20250314T152439, end_date=20250314T152439
[2025-03-14T15:24:39.600+0000] {local_task_job_runner.py:228} INFO - Task exited with return code 0
[2025-03-14T15:24:39.625+0000] {taskinstance.py:2778} INFO - 1 downstream tasks scheduled from follow-on schedule check
[2025-03-16T12:05:37.484+0000] {taskinstance.py:1159} INFO - Dependencies all met for dep_context=non-requeueable deps ti=<TaskInstance: Airflow_ETL_DAG.insert_viruses scheduled__2025-03-10T00:00:00+00:00 [queued]>
[2025-03-16T12:05:37.505+0000] {taskinstance.py:1159} INFO - Dependencies all met for dep_context=requeueable deps ti=<TaskInstance: Airflow_ETL_DAG.insert_viruses scheduled__2025-03-10T00:00:00+00:00 [queued]>
[2025-03-16T12:05:37.506+0000] {taskinstance.py:1361} INFO - Starting attempt 1 of 2
[2025-03-16T12:05:37.526+0000] {taskinstance.py:1382} INFO - Executing <Task(PythonOperator): insert_viruses> on 2025-03-10 00:00:00+00:00
[2025-03-16T12:05:37.536+0000] {standard_task_runner.py:57} INFO - Started process 231 to run task
[2025-03-16T12:05:37.541+0000] {standard_task_runner.py:84} INFO - Running: ['airflow', 'tasks', 'run', 'Airflow_ETL_DAG', 'insert_viruses', 'scheduled__2025-03-10T00:00:00+00:00', '--job-id', '4', '--raw', '--subdir', 'DAGS_FOLDER/airflow_etl.py', '--cfg-path', '/tmp/tmpkr_d61oj']
[2025-03-16T12:05:37.549+0000] {standard_task_runner.py:85} INFO - Job 4: Subtask insert_viruses
[2025-03-16T12:05:37.621+0000] {task_command.py:416} INFO - Running <TaskInstance: Airflow_ETL_DAG.insert_viruses scheduled__2025-03-10T00:00:00+00:00 [running]> on host 87ae174c8f0e
[2025-03-16T12:05:37.730+0000] {taskinstance.py:1662} INFO - Exporting env vars: AIRFLOW_CTX_DAG_OWNER='airflow' AIRFLOW_CTX_DAG_ID='Airflow_ETL_DAG' AIRFLOW_CTX_TASK_ID='insert_viruses' AIRFLOW_CTX_EXECUTION_DATE='2025-03-10T00:00:00+00:00' AIRFLOW_CTX_TRY_NUMBER='1' AIRFLOW_CTX_DAG_RUN_ID='scheduled__2025-03-10T00:00:00+00:00'
[2025-03-16T12:05:37.795+0000] {logging_mixin.py:151} INFO - Insertion des virus terminée.
[2025-03-16T12:05:37.796+0000] {python.py:194} INFO - Done. Returned value was: None
[2025-03-16T12:05:37.809+0000] {taskinstance.py:1400} INFO - Marking task as SUCCESS. dag_id=Airflow_ETL_DAG, task_id=insert_viruses, execution_date=20250310T000000, start_date=20250316T120537, end_date=20250316T120537
[2025-03-16T12:05:37.837+0000] {local_task_job_runner.py:228} INFO - Task exited with return code 0
[2025-03-16T12:05:37.864+0000] {taskinstance.py:2778} INFO - 1 downstream tasks scheduled from follow-on schedule check
