[2025-03-14T14:51:42.212+0000] {taskinstance.py:1159} INFO - Dependencies all met for dep_context=non-requeueable deps ti=<TaskInstance: Airflow_ETL_DAG.insert_locations scheduled__2025-03-10T00:00:00+00:00 [queued]>
[2025-03-14T14:51:42.223+0000] {taskinstance.py:1159} INFO - Dependencies all met for dep_context=requeueable deps ti=<TaskInstance: Airflow_ETL_DAG.insert_locations scheduled__2025-03-10T00:00:00+00:00 [queued]>
[2025-03-14T14:51:42.224+0000] {taskinstance.py:1361} INFO - Starting attempt 1 of 2
[2025-03-14T14:51:42.244+0000] {taskinstance.py:1382} INFO - Executing <Task(PythonOperator): insert_locations> on 2025-03-10 00:00:00+00:00
[2025-03-14T14:51:42.250+0000] {standard_task_runner.py:57} INFO - Started process 289 to run task
[2025-03-14T14:51:42.254+0000] {standard_task_runner.py:84} INFO - Running: ['airflow', 'tasks', 'run', 'Airflow_ETL_DAG', 'insert_locations', 'scheduled__2025-03-10T00:00:00+00:00', '--job-id', '14', '--raw', '--subdir', 'DAGS_FOLDER/airflow_etl.py', '--cfg-path', '/tmp/tmp0c1m8aqt']
[2025-03-14T14:51:42.258+0000] {standard_task_runner.py:85} INFO - Job 14: Subtask insert_locations
[2025-03-14T14:51:42.327+0000] {task_command.py:416} INFO - Running <TaskInstance: Airflow_ETL_DAG.insert_locations scheduled__2025-03-10T00:00:00+00:00 [running]> on host 587afbd7d2b9
[2025-03-14T14:51:42.424+0000] {taskinstance.py:1662} INFO - Exporting env vars: AIRFLOW_CTX_DAG_OWNER='airflow' AIRFLOW_CTX_DAG_ID='Airflow_ETL_DAG' AIRFLOW_CTX_TASK_ID='insert_locations' AIRFLOW_CTX_EXECUTION_DATE='2025-03-10T00:00:00+00:00' AIRFLOW_CTX_TRY_NUMBER='1' AIRFLOW_CTX_DAG_RUN_ID='scheduled__2025-03-10T00:00:00+00:00'
[2025-03-14T14:51:43.137+0000] {logging_mixin.py:151} INFO - Insertion des locations terminée.
[2025-03-14T14:51:43.139+0000] {python.py:194} INFO - Done. Returned value was: None
[2025-03-14T14:51:43.150+0000] {taskinstance.py:1400} INFO - Marking task as SUCCESS. dag_id=Airflow_ETL_DAG, task_id=insert_locations, execution_date=20250310T000000, start_date=20250314T145142, end_date=20250314T145143
[2025-03-14T14:51:43.191+0000] {local_task_job_runner.py:228} INFO - Task exited with return code 0
[2025-03-14T14:51:43.220+0000] {taskinstance.py:2778} INFO - 1 downstream tasks scheduled from follow-on schedule check
[2025-03-14T15:24:37.269+0000] {taskinstance.py:1159} INFO - Dependencies all met for dep_context=non-requeueable deps ti=<TaskInstance: Airflow_ETL_DAG.insert_locations scheduled__2025-03-10T00:00:00+00:00 [queued]>
[2025-03-14T15:24:37.284+0000] {taskinstance.py:1159} INFO - Dependencies all met for dep_context=requeueable deps ti=<TaskInstance: Airflow_ETL_DAG.insert_locations scheduled__2025-03-10T00:00:00+00:00 [queued]>
[2025-03-14T15:24:37.285+0000] {taskinstance.py:1361} INFO - Starting attempt 1 of 2
[2025-03-14T15:24:37.298+0000] {taskinstance.py:1382} INFO - Executing <Task(PythonOperator): insert_locations> on 2025-03-10 00:00:00+00:00
[2025-03-14T15:24:37.306+0000] {standard_task_runner.py:57} INFO - Started process 204 to run task
[2025-03-14T15:24:37.309+0000] {standard_task_runner.py:84} INFO - Running: ['airflow', 'tasks', 'run', 'Airflow_ETL_DAG', 'insert_locations', 'scheduled__2025-03-10T00:00:00+00:00', '--job-id', '2', '--raw', '--subdir', 'DAGS_FOLDER/airflow_etl.py', '--cfg-path', '/tmp/tmp26nav7ap']
[2025-03-14T15:24:37.312+0000] {standard_task_runner.py:85} INFO - Job 2: Subtask insert_locations
[2025-03-14T15:24:37.382+0000] {task_command.py:416} INFO - Running <TaskInstance: Airflow_ETL_DAG.insert_locations scheduled__2025-03-10T00:00:00+00:00 [running]> on host 409e4a022234
[2025-03-14T15:24:37.497+0000] {taskinstance.py:1662} INFO - Exporting env vars: AIRFLOW_CTX_DAG_OWNER='airflow' AIRFLOW_CTX_DAG_ID='Airflow_ETL_DAG' AIRFLOW_CTX_TASK_ID='insert_locations' AIRFLOW_CTX_EXECUTION_DATE='2025-03-10T00:00:00+00:00' AIRFLOW_CTX_TRY_NUMBER='1' AIRFLOW_CTX_DAG_RUN_ID='scheduled__2025-03-10T00:00:00+00:00'
[2025-03-14T15:24:38.192+0000] {logging_mixin.py:151} INFO - Insertion des locations terminée.
[2025-03-14T15:24:38.195+0000] {python.py:194} INFO - Done. Returned value was: None
[2025-03-14T15:24:38.205+0000] {taskinstance.py:1400} INFO - Marking task as SUCCESS. dag_id=Airflow_ETL_DAG, task_id=insert_locations, execution_date=20250310T000000, start_date=20250314T152437, end_date=20250314T152438
[2025-03-14T15:24:38.247+0000] {local_task_job_runner.py:228} INFO - Task exited with return code 0
[2025-03-14T15:24:38.273+0000] {taskinstance.py:2778} INFO - 1 downstream tasks scheduled from follow-on schedule check
[2025-03-16T12:05:35.394+0000] {taskinstance.py:1159} INFO - Dependencies all met for dep_context=non-requeueable deps ti=<TaskInstance: Airflow_ETL_DAG.insert_locations scheduled__2025-03-10T00:00:00+00:00 [queued]>
[2025-03-16T12:05:35.405+0000] {taskinstance.py:1159} INFO - Dependencies all met for dep_context=requeueable deps ti=<TaskInstance: Airflow_ETL_DAG.insert_locations scheduled__2025-03-10T00:00:00+00:00 [queued]>
[2025-03-16T12:05:35.406+0000] {taskinstance.py:1361} INFO - Starting attempt 1 of 2
[2025-03-16T12:05:35.427+0000] {taskinstance.py:1382} INFO - Executing <Task(PythonOperator): insert_locations> on 2025-03-10 00:00:00+00:00
[2025-03-16T12:05:35.435+0000] {standard_task_runner.py:57} INFO - Started process 228 to run task
[2025-03-16T12:05:35.440+0000] {standard_task_runner.py:84} INFO - Running: ['airflow', 'tasks', 'run', 'Airflow_ETL_DAG', 'insert_locations', 'scheduled__2025-03-10T00:00:00+00:00', '--job-id', '3', '--raw', '--subdir', 'DAGS_FOLDER/airflow_etl.py', '--cfg-path', '/tmp/tmps7083tjr']
[2025-03-16T12:05:35.443+0000] {standard_task_runner.py:85} INFO - Job 3: Subtask insert_locations
[2025-03-16T12:05:35.504+0000] {task_command.py:416} INFO - Running <TaskInstance: Airflow_ETL_DAG.insert_locations scheduled__2025-03-10T00:00:00+00:00 [running]> on host 87ae174c8f0e
[2025-03-16T12:05:35.603+0000] {taskinstance.py:1662} INFO - Exporting env vars: AIRFLOW_CTX_DAG_OWNER='airflow' AIRFLOW_CTX_DAG_ID='Airflow_ETL_DAG' AIRFLOW_CTX_TASK_ID='insert_locations' AIRFLOW_CTX_EXECUTION_DATE='2025-03-10T00:00:00+00:00' AIRFLOW_CTX_TRY_NUMBER='1' AIRFLOW_CTX_DAG_RUN_ID='scheduled__2025-03-10T00:00:00+00:00'
[2025-03-16T12:05:36.265+0000] {logging_mixin.py:151} INFO - Insertion des locations terminée.
[2025-03-16T12:05:36.268+0000] {python.py:194} INFO - Done. Returned value was: None
[2025-03-16T12:05:36.279+0000] {taskinstance.py:1400} INFO - Marking task as SUCCESS. dag_id=Airflow_ETL_DAG, task_id=insert_locations, execution_date=20250310T000000, start_date=20250316T120535, end_date=20250316T120536
[2025-03-16T12:05:36.336+0000] {local_task_job_runner.py:228} INFO - Task exited with return code 0
[2025-03-16T12:05:36.363+0000] {taskinstance.py:2778} INFO - 1 downstream tasks scheduled from follow-on schedule check
