[2025-03-15T17:35:41.657+0000] {processor.py:157} INFO - Started process (PID=174) to work on /opt/airflow/dags/airflow_etl.py
[2025-03-15T17:35:41.659+0000] {processor.py:829} INFO - Processing file /opt/airflow/dags/airflow_etl.py for tasks to queue
[2025-03-15T17:35:41.660+0000] {logging_mixin.py:151} INFO - [2025-03-15T17:35:41.660+0000] {dagbag.py:536} INFO - Filling up the DagBag from /opt/airflow/dags/airflow_etl.py
[2025-03-15T17:35:43.190+0000] {processor.py:839} INFO - DAG(s) dict_keys(['Airflow_ETL_DAG']) retrieved from /opt/airflow/dags/airflow_etl.py
[2025-03-15T17:35:43.217+0000] {logging_mixin.py:151} INFO - [2025-03-15T17:35:43.216+0000] {dag.py:2941} INFO - Sync 1 DAGs
[2025-03-15T17:35:43.240+0000] {logging_mixin.py:151} INFO - [2025-03-15T17:35:43.239+0000] {dag.py:3722} INFO - Setting next_dagrun for Airflow_ETL_DAG to None, run_after=None
[2025-03-15T17:35:43.263+0000] {processor.py:179} INFO - Processing /opt/airflow/dags/airflow_etl.py took 1.611 seconds
[2025-03-15T17:36:14.083+0000] {processor.py:157} INFO - Started process (PID=187) to work on /opt/airflow/dags/airflow_etl.py
[2025-03-15T17:36:14.084+0000] {processor.py:829} INFO - Processing file /opt/airflow/dags/airflow_etl.py for tasks to queue
[2025-03-15T17:36:14.085+0000] {logging_mixin.py:151} INFO - [2025-03-15T17:36:14.085+0000] {dagbag.py:536} INFO - Filling up the DagBag from /opt/airflow/dags/airflow_etl.py
[2025-03-15T17:36:14.522+0000] {processor.py:839} INFO - DAG(s) dict_keys(['Airflow_ETL_DAG']) retrieved from /opt/airflow/dags/airflow_etl.py
[2025-03-15T17:36:14.545+0000] {logging_mixin.py:151} INFO - [2025-03-15T17:36:14.544+0000] {dag.py:2941} INFO - Sync 1 DAGs
[2025-03-15T17:36:14.563+0000] {logging_mixin.py:151} INFO - [2025-03-15T17:36:14.563+0000] {dag.py:3722} INFO - Setting next_dagrun for Airflow_ETL_DAG to None, run_after=None
[2025-03-15T17:36:14.581+0000] {processor.py:179} INFO - Processing /opt/airflow/dags/airflow_etl.py took 0.502 seconds
[2025-03-15T17:36:45.400+0000] {processor.py:157} INFO - Started process (PID=198) to work on /opt/airflow/dags/airflow_etl.py
[2025-03-15T17:36:45.401+0000] {processor.py:829} INFO - Processing file /opt/airflow/dags/airflow_etl.py for tasks to queue
[2025-03-15T17:36:45.403+0000] {logging_mixin.py:151} INFO - [2025-03-15T17:36:45.402+0000] {dagbag.py:536} INFO - Filling up the DagBag from /opt/airflow/dags/airflow_etl.py
[2025-03-15T17:36:45.843+0000] {processor.py:839} INFO - DAG(s) dict_keys(['Airflow_ETL_DAG']) retrieved from /opt/airflow/dags/airflow_etl.py
[2025-03-15T17:36:45.866+0000] {logging_mixin.py:151} INFO - [2025-03-15T17:36:45.865+0000] {dag.py:2941} INFO - Sync 1 DAGs
[2025-03-15T17:36:45.883+0000] {logging_mixin.py:151} INFO - [2025-03-15T17:36:45.883+0000] {dag.py:3722} INFO - Setting next_dagrun for Airflow_ETL_DAG to None, run_after=None
[2025-03-15T17:36:45.901+0000] {processor.py:179} INFO - Processing /opt/airflow/dags/airflow_etl.py took 0.505 seconds
[2025-03-15T17:37:16.734+0000] {processor.py:157} INFO - Started process (PID=209) to work on /opt/airflow/dags/airflow_etl.py
[2025-03-15T17:37:16.735+0000] {processor.py:829} INFO - Processing file /opt/airflow/dags/airflow_etl.py for tasks to queue
[2025-03-15T17:37:16.736+0000] {logging_mixin.py:151} INFO - [2025-03-15T17:37:16.735+0000] {dagbag.py:536} INFO - Filling up the DagBag from /opt/airflow/dags/airflow_etl.py
[2025-03-15T17:37:17.118+0000] {processor.py:839} INFO - DAG(s) dict_keys(['Airflow_ETL_DAG']) retrieved from /opt/airflow/dags/airflow_etl.py
[2025-03-15T17:37:17.145+0000] {logging_mixin.py:151} INFO - [2025-03-15T17:37:17.145+0000] {dag.py:2941} INFO - Sync 1 DAGs
[2025-03-15T17:37:17.168+0000] {logging_mixin.py:151} INFO - [2025-03-15T17:37:17.168+0000] {dag.py:3722} INFO - Setting next_dagrun for Airflow_ETL_DAG to None, run_after=None
[2025-03-15T17:37:17.188+0000] {processor.py:179} INFO - Processing /opt/airflow/dags/airflow_etl.py took 0.457 seconds
[2025-03-15T17:37:48.124+0000] {processor.py:157} INFO - Started process (PID=220) to work on /opt/airflow/dags/airflow_etl.py
[2025-03-15T17:37:48.125+0000] {processor.py:829} INFO - Processing file /opt/airflow/dags/airflow_etl.py for tasks to queue
[2025-03-15T17:37:48.125+0000] {logging_mixin.py:151} INFO - [2025-03-15T17:37:48.125+0000] {dagbag.py:536} INFO - Filling up the DagBag from /opt/airflow/dags/airflow_etl.py
[2025-03-15T17:37:48.520+0000] {processor.py:839} INFO - DAG(s) dict_keys(['Airflow_ETL_DAG']) retrieved from /opt/airflow/dags/airflow_etl.py
[2025-03-15T17:37:48.544+0000] {logging_mixin.py:151} INFO - [2025-03-15T17:37:48.543+0000] {dag.py:2941} INFO - Sync 1 DAGs
[2025-03-15T17:37:48.562+0000] {logging_mixin.py:151} INFO - [2025-03-15T17:37:48.562+0000] {dag.py:3722} INFO - Setting next_dagrun for Airflow_ETL_DAG to None, run_after=None
[2025-03-15T17:37:48.579+0000] {processor.py:179} INFO - Processing /opt/airflow/dags/airflow_etl.py took 0.458 seconds
[2025-03-15T17:38:19.442+0000] {processor.py:157} INFO - Started process (PID=231) to work on /opt/airflow/dags/airflow_etl.py
[2025-03-15T17:38:19.443+0000] {processor.py:829} INFO - Processing file /opt/airflow/dags/airflow_etl.py for tasks to queue
[2025-03-15T17:38:19.444+0000] {logging_mixin.py:151} INFO - [2025-03-15T17:38:19.444+0000] {dagbag.py:536} INFO - Filling up the DagBag from /opt/airflow/dags/airflow_etl.py
[2025-03-15T17:38:19.846+0000] {processor.py:839} INFO - DAG(s) dict_keys(['Airflow_ETL_DAG']) retrieved from /opt/airflow/dags/airflow_etl.py
[2025-03-15T17:38:19.870+0000] {logging_mixin.py:151} INFO - [2025-03-15T17:38:19.870+0000] {dag.py:2941} INFO - Sync 1 DAGs
[2025-03-15T17:38:19.888+0000] {logging_mixin.py:151} INFO - [2025-03-15T17:38:19.888+0000] {dag.py:3722} INFO - Setting next_dagrun for Airflow_ETL_DAG to None, run_after=None
[2025-03-15T17:38:19.906+0000] {processor.py:179} INFO - Processing /opt/airflow/dags/airflow_etl.py took 0.467 seconds
[2025-03-15T17:38:50.741+0000] {processor.py:157} INFO - Started process (PID=242) to work on /opt/airflow/dags/airflow_etl.py
[2025-03-15T17:38:50.743+0000] {processor.py:829} INFO - Processing file /opt/airflow/dags/airflow_etl.py for tasks to queue
[2025-03-15T17:38:50.745+0000] {logging_mixin.py:151} INFO - [2025-03-15T17:38:50.745+0000] {dagbag.py:536} INFO - Filling up the DagBag from /opt/airflow/dags/airflow_etl.py
[2025-03-15T17:38:51.117+0000] {processor.py:839} INFO - DAG(s) dict_keys(['Airflow_ETL_DAG']) retrieved from /opt/airflow/dags/airflow_etl.py
[2025-03-15T17:38:51.141+0000] {logging_mixin.py:151} INFO - [2025-03-15T17:38:51.140+0000] {dag.py:2941} INFO - Sync 1 DAGs
[2025-03-15T17:38:51.162+0000] {logging_mixin.py:151} INFO - [2025-03-15T17:38:51.161+0000] {dag.py:3722} INFO - Setting next_dagrun for Airflow_ETL_DAG to None, run_after=None
[2025-03-15T17:38:51.180+0000] {processor.py:179} INFO - Processing /opt/airflow/dags/airflow_etl.py took 0.442 seconds
[2025-03-15T17:39:22.067+0000] {processor.py:157} INFO - Started process (PID=253) to work on /opt/airflow/dags/airflow_etl.py
[2025-03-15T17:39:22.068+0000] {processor.py:829} INFO - Processing file /opt/airflow/dags/airflow_etl.py for tasks to queue
[2025-03-15T17:39:22.068+0000] {logging_mixin.py:151} INFO - [2025-03-15T17:39:22.068+0000] {dagbag.py:536} INFO - Filling up the DagBag from /opt/airflow/dags/airflow_etl.py
[2025-03-15T17:39:22.439+0000] {processor.py:839} INFO - DAG(s) dict_keys(['Airflow_ETL_DAG']) retrieved from /opt/airflow/dags/airflow_etl.py
[2025-03-15T17:39:22.460+0000] {logging_mixin.py:151} INFO - [2025-03-15T17:39:22.460+0000] {dag.py:2941} INFO - Sync 1 DAGs
[2025-03-15T17:39:22.477+0000] {logging_mixin.py:151} INFO - [2025-03-15T17:39:22.477+0000] {dag.py:3722} INFO - Setting next_dagrun for Airflow_ETL_DAG to None, run_after=None
[2025-03-15T17:39:22.494+0000] {processor.py:179} INFO - Processing /opt/airflow/dags/airflow_etl.py took 0.429 seconds
[2025-03-15T17:39:53.366+0000] {processor.py:157} INFO - Started process (PID=264) to work on /opt/airflow/dags/airflow_etl.py
[2025-03-15T17:39:53.367+0000] {processor.py:829} INFO - Processing file /opt/airflow/dags/airflow_etl.py for tasks to queue
[2025-03-15T17:39:53.368+0000] {logging_mixin.py:151} INFO - [2025-03-15T17:39:53.368+0000] {dagbag.py:536} INFO - Filling up the DagBag from /opt/airflow/dags/airflow_etl.py
[2025-03-15T17:39:53.756+0000] {processor.py:839} INFO - DAG(s) dict_keys(['Airflow_ETL_DAG']) retrieved from /opt/airflow/dags/airflow_etl.py
[2025-03-15T17:39:53.776+0000] {logging_mixin.py:151} INFO - [2025-03-15T17:39:53.776+0000] {dag.py:2941} INFO - Sync 1 DAGs
[2025-03-15T17:39:53.795+0000] {logging_mixin.py:151} INFO - [2025-03-15T17:39:53.795+0000] {dag.py:3722} INFO - Setting next_dagrun for Airflow_ETL_DAG to None, run_after=None
[2025-03-15T17:39:53.813+0000] {processor.py:179} INFO - Processing /opt/airflow/dags/airflow_etl.py took 0.449 seconds
[2025-03-15T17:40:24.649+0000] {processor.py:157} INFO - Started process (PID=275) to work on /opt/airflow/dags/airflow_etl.py
[2025-03-15T17:40:24.650+0000] {processor.py:829} INFO - Processing file /opt/airflow/dags/airflow_etl.py for tasks to queue
[2025-03-15T17:40:24.651+0000] {logging_mixin.py:151} INFO - [2025-03-15T17:40:24.650+0000] {dagbag.py:536} INFO - Filling up the DagBag from /opt/airflow/dags/airflow_etl.py
[2025-03-15T17:40:25.075+0000] {processor.py:839} INFO - DAG(s) dict_keys(['Airflow_ETL_DAG']) retrieved from /opt/airflow/dags/airflow_etl.py
[2025-03-15T17:40:25.101+0000] {logging_mixin.py:151} INFO - [2025-03-15T17:40:25.100+0000] {dag.py:2941} INFO - Sync 1 DAGs
[2025-03-15T17:40:25.124+0000] {logging_mixin.py:151} INFO - [2025-03-15T17:40:25.124+0000] {dag.py:3722} INFO - Setting next_dagrun for Airflow_ETL_DAG to None, run_after=None
[2025-03-15T17:40:25.148+0000] {processor.py:179} INFO - Processing /opt/airflow/dags/airflow_etl.py took 0.502 seconds
[2025-03-15T17:40:55.983+0000] {processor.py:157} INFO - Started process (PID=286) to work on /opt/airflow/dags/airflow_etl.py
[2025-03-15T17:40:55.984+0000] {processor.py:829} INFO - Processing file /opt/airflow/dags/airflow_etl.py for tasks to queue
[2025-03-15T17:40:55.985+0000] {logging_mixin.py:151} INFO - [2025-03-15T17:40:55.985+0000] {dagbag.py:536} INFO - Filling up the DagBag from /opt/airflow/dags/airflow_etl.py
[2025-03-15T17:40:56.399+0000] {processor.py:839} INFO - DAG(s) dict_keys(['Airflow_ETL_DAG']) retrieved from /opt/airflow/dags/airflow_etl.py
[2025-03-15T17:40:56.422+0000] {logging_mixin.py:151} INFO - [2025-03-15T17:40:56.421+0000] {dag.py:2941} INFO - Sync 1 DAGs
[2025-03-15T17:40:56.439+0000] {logging_mixin.py:151} INFO - [2025-03-15T17:40:56.439+0000] {dag.py:3722} INFO - Setting next_dagrun for Airflow_ETL_DAG to None, run_after=None
[2025-03-15T17:40:56.455+0000] {processor.py:179} INFO - Processing /opt/airflow/dags/airflow_etl.py took 0.475 seconds
[2025-03-15T17:41:27.284+0000] {processor.py:157} INFO - Started process (PID=297) to work on /opt/airflow/dags/airflow_etl.py
[2025-03-15T17:41:27.285+0000] {processor.py:829} INFO - Processing file /opt/airflow/dags/airflow_etl.py for tasks to queue
[2025-03-15T17:41:27.286+0000] {logging_mixin.py:151} INFO - [2025-03-15T17:41:27.286+0000] {dagbag.py:536} INFO - Filling up the DagBag from /opt/airflow/dags/airflow_etl.py
[2025-03-15T17:41:27.665+0000] {processor.py:839} INFO - DAG(s) dict_keys(['Airflow_ETL_DAG']) retrieved from /opt/airflow/dags/airflow_etl.py
[2025-03-15T17:41:27.688+0000] {logging_mixin.py:151} INFO - [2025-03-15T17:41:27.687+0000] {dag.py:2941} INFO - Sync 1 DAGs
[2025-03-15T17:41:27.705+0000] {logging_mixin.py:151} INFO - [2025-03-15T17:41:27.705+0000] {dag.py:3722} INFO - Setting next_dagrun for Airflow_ETL_DAG to None, run_after=None
[2025-03-15T17:41:27.722+0000] {processor.py:179} INFO - Processing /opt/airflow/dags/airflow_etl.py took 0.440 seconds
[2025-03-15T17:41:58.592+0000] {processor.py:157} INFO - Started process (PID=308) to work on /opt/airflow/dags/airflow_etl.py
[2025-03-15T17:41:58.593+0000] {processor.py:829} INFO - Processing file /opt/airflow/dags/airflow_etl.py for tasks to queue
[2025-03-15T17:41:58.594+0000] {logging_mixin.py:151} INFO - [2025-03-15T17:41:58.594+0000] {dagbag.py:536} INFO - Filling up the DagBag from /opt/airflow/dags/airflow_etl.py
[2025-03-15T17:41:59.065+0000] {processor.py:839} INFO - DAG(s) dict_keys(['Airflow_ETL_DAG']) retrieved from /opt/airflow/dags/airflow_etl.py
[2025-03-15T17:41:59.095+0000] {logging_mixin.py:151} INFO - [2025-03-15T17:41:59.094+0000] {dag.py:2941} INFO - Sync 1 DAGs
[2025-03-15T17:41:59.118+0000] {logging_mixin.py:151} INFO - [2025-03-15T17:41:59.118+0000] {dag.py:3722} INFO - Setting next_dagrun for Airflow_ETL_DAG to None, run_after=None
[2025-03-15T17:41:59.142+0000] {processor.py:179} INFO - Processing /opt/airflow/dags/airflow_etl.py took 0.554 seconds
[2025-03-15T17:42:29.894+0000] {processor.py:157} INFO - Started process (PID=319) to work on /opt/airflow/dags/airflow_etl.py
[2025-03-15T17:42:29.896+0000] {processor.py:829} INFO - Processing file /opt/airflow/dags/airflow_etl.py for tasks to queue
[2025-03-15T17:42:29.897+0000] {logging_mixin.py:151} INFO - [2025-03-15T17:42:29.897+0000] {dagbag.py:536} INFO - Filling up the DagBag from /opt/airflow/dags/airflow_etl.py
[2025-03-15T17:42:30.289+0000] {processor.py:839} INFO - DAG(s) dict_keys(['Airflow_ETL_DAG']) retrieved from /opt/airflow/dags/airflow_etl.py
[2025-03-15T17:42:30.314+0000] {logging_mixin.py:151} INFO - [2025-03-15T17:42:30.314+0000] {dag.py:2941} INFO - Sync 1 DAGs
[2025-03-15T17:42:30.335+0000] {logging_mixin.py:151} INFO - [2025-03-15T17:42:30.335+0000] {dag.py:3722} INFO - Setting next_dagrun for Airflow_ETL_DAG to None, run_after=None
[2025-03-15T17:42:30.357+0000] {processor.py:179} INFO - Processing /opt/airflow/dags/airflow_etl.py took 0.468 seconds
[2025-03-15T17:43:01.201+0000] {processor.py:157} INFO - Started process (PID=330) to work on /opt/airflow/dags/airflow_etl.py
[2025-03-15T17:43:01.202+0000] {processor.py:829} INFO - Processing file /opt/airflow/dags/airflow_etl.py for tasks to queue
[2025-03-15T17:43:01.203+0000] {logging_mixin.py:151} INFO - [2025-03-15T17:43:01.203+0000] {dagbag.py:536} INFO - Filling up the DagBag from /opt/airflow/dags/airflow_etl.py
[2025-03-15T17:43:01.605+0000] {processor.py:839} INFO - DAG(s) dict_keys(['Airflow_ETL_DAG']) retrieved from /opt/airflow/dags/airflow_etl.py
[2025-03-15T17:43:01.626+0000] {logging_mixin.py:151} INFO - [2025-03-15T17:43:01.625+0000] {dag.py:2941} INFO - Sync 1 DAGs
[2025-03-15T17:43:01.643+0000] {logging_mixin.py:151} INFO - [2025-03-15T17:43:01.642+0000] {dag.py:3722} INFO - Setting next_dagrun for Airflow_ETL_DAG to None, run_after=None
[2025-03-15T17:43:01.660+0000] {processor.py:179} INFO - Processing /opt/airflow/dags/airflow_etl.py took 0.461 seconds
[2025-03-15T17:43:32.499+0000] {processor.py:157} INFO - Started process (PID=341) to work on /opt/airflow/dags/airflow_etl.py
[2025-03-15T17:43:32.500+0000] {processor.py:829} INFO - Processing file /opt/airflow/dags/airflow_etl.py for tasks to queue
[2025-03-15T17:43:32.502+0000] {logging_mixin.py:151} INFO - [2025-03-15T17:43:32.501+0000] {dagbag.py:536} INFO - Filling up the DagBag from /opt/airflow/dags/airflow_etl.py
[2025-03-15T17:43:32.936+0000] {processor.py:839} INFO - DAG(s) dict_keys(['Airflow_ETL_DAG']) retrieved from /opt/airflow/dags/airflow_etl.py
[2025-03-15T17:43:32.963+0000] {logging_mixin.py:151} INFO - [2025-03-15T17:43:32.962+0000] {dag.py:2941} INFO - Sync 1 DAGs
[2025-03-15T17:43:32.983+0000] {logging_mixin.py:151} INFO - [2025-03-15T17:43:32.983+0000] {dag.py:3722} INFO - Setting next_dagrun for Airflow_ETL_DAG to None, run_after=None
[2025-03-15T17:43:33.005+0000] {processor.py:179} INFO - Processing /opt/airflow/dags/airflow_etl.py took 0.508 seconds
[2025-03-15T17:44:03.798+0000] {processor.py:157} INFO - Started process (PID=352) to work on /opt/airflow/dags/airflow_etl.py
[2025-03-15T17:44:03.799+0000] {processor.py:829} INFO - Processing file /opt/airflow/dags/airflow_etl.py for tasks to queue
[2025-03-15T17:44:03.800+0000] {logging_mixin.py:151} INFO - [2025-03-15T17:44:03.800+0000] {dagbag.py:536} INFO - Filling up the DagBag from /opt/airflow/dags/airflow_etl.py
[2025-03-15T17:44:04.198+0000] {processor.py:839} INFO - DAG(s) dict_keys(['Airflow_ETL_DAG']) retrieved from /opt/airflow/dags/airflow_etl.py
[2025-03-15T17:44:04.219+0000] {logging_mixin.py:151} INFO - [2025-03-15T17:44:04.219+0000] {dag.py:2941} INFO - Sync 1 DAGs
[2025-03-15T17:44:04.240+0000] {logging_mixin.py:151} INFO - [2025-03-15T17:44:04.239+0000] {dag.py:3722} INFO - Setting next_dagrun for Airflow_ETL_DAG to None, run_after=None
[2025-03-15T17:44:04.259+0000] {processor.py:179} INFO - Processing /opt/airflow/dags/airflow_etl.py took 0.465 seconds
[2025-03-15T17:44:35.142+0000] {processor.py:157} INFO - Started process (PID=363) to work on /opt/airflow/dags/airflow_etl.py
[2025-03-15T17:44:35.143+0000] {processor.py:829} INFO - Processing file /opt/airflow/dags/airflow_etl.py for tasks to queue
[2025-03-15T17:44:35.144+0000] {logging_mixin.py:151} INFO - [2025-03-15T17:44:35.144+0000] {dagbag.py:536} INFO - Filling up the DagBag from /opt/airflow/dags/airflow_etl.py
[2025-03-15T17:44:35.536+0000] {processor.py:839} INFO - DAG(s) dict_keys(['Airflow_ETL_DAG']) retrieved from /opt/airflow/dags/airflow_etl.py
[2025-03-15T17:44:35.555+0000] {logging_mixin.py:151} INFO - [2025-03-15T17:44:35.555+0000] {dag.py:2941} INFO - Sync 1 DAGs
[2025-03-15T17:44:35.575+0000] {logging_mixin.py:151} INFO - [2025-03-15T17:44:35.574+0000] {dag.py:3722} INFO - Setting next_dagrun for Airflow_ETL_DAG to None, run_after=None
[2025-03-15T17:44:35.591+0000] {processor.py:179} INFO - Processing /opt/airflow/dags/airflow_etl.py took 0.453 seconds
[2025-03-15T17:45:06.495+0000] {processor.py:157} INFO - Started process (PID=374) to work on /opt/airflow/dags/airflow_etl.py
[2025-03-15T17:45:06.497+0000] {processor.py:829} INFO - Processing file /opt/airflow/dags/airflow_etl.py for tasks to queue
[2025-03-15T17:45:06.498+0000] {logging_mixin.py:151} INFO - [2025-03-15T17:45:06.497+0000] {dagbag.py:536} INFO - Filling up the DagBag from /opt/airflow/dags/airflow_etl.py
[2025-03-15T17:45:06.953+0000] {processor.py:839} INFO - DAG(s) dict_keys(['Airflow_ETL_DAG']) retrieved from /opt/airflow/dags/airflow_etl.py
[2025-03-15T17:45:06.977+0000] {logging_mixin.py:151} INFO - [2025-03-15T17:45:06.976+0000] {dag.py:2941} INFO - Sync 1 DAGs
[2025-03-15T17:45:06.993+0000] {logging_mixin.py:151} INFO - [2025-03-15T17:45:06.993+0000] {dag.py:3722} INFO - Setting next_dagrun for Airflow_ETL_DAG to None, run_after=None
[2025-03-15T17:45:07.011+0000] {processor.py:179} INFO - Processing /opt/airflow/dags/airflow_etl.py took 0.518 seconds
[2025-03-15T17:45:37.792+0000] {processor.py:157} INFO - Started process (PID=385) to work on /opt/airflow/dags/airflow_etl.py
[2025-03-15T17:45:37.794+0000] {processor.py:829} INFO - Processing file /opt/airflow/dags/airflow_etl.py for tasks to queue
[2025-03-15T17:45:37.795+0000] {logging_mixin.py:151} INFO - [2025-03-15T17:45:37.795+0000] {dagbag.py:536} INFO - Filling up the DagBag from /opt/airflow/dags/airflow_etl.py
[2025-03-15T17:45:38.266+0000] {processor.py:839} INFO - DAG(s) dict_keys(['Airflow_ETL_DAG']) retrieved from /opt/airflow/dags/airflow_etl.py
[2025-03-15T17:45:38.296+0000] {logging_mixin.py:151} INFO - [2025-03-15T17:45:38.296+0000] {dag.py:2941} INFO - Sync 1 DAGs
[2025-03-15T17:45:38.325+0000] {logging_mixin.py:151} INFO - [2025-03-15T17:45:38.325+0000] {dag.py:3722} INFO - Setting next_dagrun for Airflow_ETL_DAG to None, run_after=None
[2025-03-15T17:45:38.357+0000] {processor.py:179} INFO - Processing /opt/airflow/dags/airflow_etl.py took 0.570 seconds
[2025-03-15T17:46:09.139+0000] {processor.py:157} INFO - Started process (PID=396) to work on /opt/airflow/dags/airflow_etl.py
[2025-03-15T17:46:09.140+0000] {processor.py:829} INFO - Processing file /opt/airflow/dags/airflow_etl.py for tasks to queue
[2025-03-15T17:46:09.141+0000] {logging_mixin.py:151} INFO - [2025-03-15T17:46:09.141+0000] {dagbag.py:536} INFO - Filling up the DagBag from /opt/airflow/dags/airflow_etl.py
[2025-03-15T17:46:09.585+0000] {processor.py:839} INFO - DAG(s) dict_keys(['Airflow_ETL_DAG']) retrieved from /opt/airflow/dags/airflow_etl.py
[2025-03-15T17:46:09.607+0000] {logging_mixin.py:151} INFO - [2025-03-15T17:46:09.606+0000] {dag.py:2941} INFO - Sync 1 DAGs
[2025-03-15T17:46:09.756+0000] {logging_mixin.py:151} INFO - [2025-03-15T17:46:09.755+0000] {dag.py:3722} INFO - Setting next_dagrun for Airflow_ETL_DAG to None, run_after=None
[2025-03-15T17:46:09.776+0000] {processor.py:179} INFO - Processing /opt/airflow/dags/airflow_etl.py took 0.639 seconds
[2025-03-15T17:46:40.413+0000] {processor.py:157} INFO - Started process (PID=407) to work on /opt/airflow/dags/airflow_etl.py
[2025-03-15T17:46:40.415+0000] {processor.py:829} INFO - Processing file /opt/airflow/dags/airflow_etl.py for tasks to queue
[2025-03-15T17:46:40.417+0000] {logging_mixin.py:151} INFO - [2025-03-15T17:46:40.416+0000] {dagbag.py:536} INFO - Filling up the DagBag from /opt/airflow/dags/airflow_etl.py
[2025-03-15T17:46:40.821+0000] {processor.py:839} INFO - DAG(s) dict_keys(['Airflow_ETL_DAG']) retrieved from /opt/airflow/dags/airflow_etl.py
[2025-03-15T17:46:40.845+0000] {logging_mixin.py:151} INFO - [2025-03-15T17:46:40.844+0000] {dag.py:2941} INFO - Sync 1 DAGs
[2025-03-15T17:46:40.865+0000] {logging_mixin.py:151} INFO - [2025-03-15T17:46:40.865+0000] {dag.py:3722} INFO - Setting next_dagrun for Airflow_ETL_DAG to None, run_after=None
[2025-03-15T17:46:40.885+0000] {processor.py:179} INFO - Processing /opt/airflow/dags/airflow_etl.py took 0.476 seconds
[2025-03-15T17:47:11.716+0000] {processor.py:157} INFO - Started process (PID=418) to work on /opt/airflow/dags/airflow_etl.py
[2025-03-15T17:47:11.718+0000] {processor.py:829} INFO - Processing file /opt/airflow/dags/airflow_etl.py for tasks to queue
[2025-03-15T17:47:11.719+0000] {logging_mixin.py:151} INFO - [2025-03-15T17:47:11.719+0000] {dagbag.py:536} INFO - Filling up the DagBag from /opt/airflow/dags/airflow_etl.py
[2025-03-15T17:47:12.134+0000] {processor.py:839} INFO - DAG(s) dict_keys(['Airflow_ETL_DAG']) retrieved from /opt/airflow/dags/airflow_etl.py
[2025-03-15T17:47:12.161+0000] {logging_mixin.py:151} INFO - [2025-03-15T17:47:12.161+0000] {dag.py:2941} INFO - Sync 1 DAGs
[2025-03-15T17:47:12.182+0000] {logging_mixin.py:151} INFO - [2025-03-15T17:47:12.182+0000] {dag.py:3722} INFO - Setting next_dagrun for Airflow_ETL_DAG to None, run_after=None
[2025-03-15T17:47:12.204+0000] {processor.py:179} INFO - Processing /opt/airflow/dags/airflow_etl.py took 0.492 seconds
[2025-03-15T17:47:43.027+0000] {processor.py:157} INFO - Started process (PID=429) to work on /opt/airflow/dags/airflow_etl.py
[2025-03-15T17:47:43.028+0000] {processor.py:829} INFO - Processing file /opt/airflow/dags/airflow_etl.py for tasks to queue
[2025-03-15T17:47:43.029+0000] {logging_mixin.py:151} INFO - [2025-03-15T17:47:43.028+0000] {dagbag.py:536} INFO - Filling up the DagBag from /opt/airflow/dags/airflow_etl.py
[2025-03-15T17:47:43.518+0000] {processor.py:839} INFO - DAG(s) dict_keys(['Airflow_ETL_DAG']) retrieved from /opt/airflow/dags/airflow_etl.py
[2025-03-15T17:47:43.546+0000] {logging_mixin.py:151} INFO - [2025-03-15T17:47:43.545+0000] {dag.py:2941} INFO - Sync 1 DAGs
[2025-03-15T17:47:43.575+0000] {logging_mixin.py:151} INFO - [2025-03-15T17:47:43.575+0000] {dag.py:3722} INFO - Setting next_dagrun for Airflow_ETL_DAG to None, run_after=None
[2025-03-15T17:47:43.594+0000] {processor.py:179} INFO - Processing /opt/airflow/dags/airflow_etl.py took 0.571 seconds
[2025-03-15T17:48:14.341+0000] {processor.py:157} INFO - Started process (PID=440) to work on /opt/airflow/dags/airflow_etl.py
[2025-03-15T17:48:14.342+0000] {processor.py:829} INFO - Processing file /opt/airflow/dags/airflow_etl.py for tasks to queue
[2025-03-15T17:48:14.343+0000] {logging_mixin.py:151} INFO - [2025-03-15T17:48:14.343+0000] {dagbag.py:536} INFO - Filling up the DagBag from /opt/airflow/dags/airflow_etl.py
[2025-03-15T17:48:14.809+0000] {processor.py:839} INFO - DAG(s) dict_keys(['Airflow_ETL_DAG']) retrieved from /opt/airflow/dags/airflow_etl.py
[2025-03-15T17:48:14.838+0000] {logging_mixin.py:151} INFO - [2025-03-15T17:48:14.837+0000] {dag.py:2941} INFO - Sync 1 DAGs
[2025-03-15T17:48:14.861+0000] {logging_mixin.py:151} INFO - [2025-03-15T17:48:14.860+0000] {dag.py:3722} INFO - Setting next_dagrun for Airflow_ETL_DAG to None, run_after=None
[2025-03-15T17:48:14.882+0000] {processor.py:179} INFO - Processing /opt/airflow/dags/airflow_etl.py took 0.544 seconds
[2025-03-15T17:48:45.641+0000] {processor.py:157} INFO - Started process (PID=451) to work on /opt/airflow/dags/airflow_etl.py
[2025-03-15T17:48:45.642+0000] {processor.py:829} INFO - Processing file /opt/airflow/dags/airflow_etl.py for tasks to queue
[2025-03-15T17:48:45.643+0000] {logging_mixin.py:151} INFO - [2025-03-15T17:48:45.643+0000] {dagbag.py:536} INFO - Filling up the DagBag from /opt/airflow/dags/airflow_etl.py
[2025-03-15T17:48:46.093+0000] {processor.py:839} INFO - DAG(s) dict_keys(['Airflow_ETL_DAG']) retrieved from /opt/airflow/dags/airflow_etl.py
[2025-03-15T17:48:46.120+0000] {logging_mixin.py:151} INFO - [2025-03-15T17:48:46.119+0000] {dag.py:2941} INFO - Sync 1 DAGs
[2025-03-15T17:48:46.141+0000] {logging_mixin.py:151} INFO - [2025-03-15T17:48:46.141+0000] {dag.py:3722} INFO - Setting next_dagrun for Airflow_ETL_DAG to None, run_after=None
[2025-03-15T17:48:46.162+0000] {processor.py:179} INFO - Processing /opt/airflow/dags/airflow_etl.py took 0.525 seconds
[2025-03-15T17:49:16.953+0000] {processor.py:157} INFO - Started process (PID=462) to work on /opt/airflow/dags/airflow_etl.py
[2025-03-15T17:49:16.956+0000] {processor.py:829} INFO - Processing file /opt/airflow/dags/airflow_etl.py for tasks to queue
[2025-03-15T17:49:16.958+0000] {logging_mixin.py:151} INFO - [2025-03-15T17:49:16.957+0000] {dagbag.py:536} INFO - Filling up the DagBag from /opt/airflow/dags/airflow_etl.py
[2025-03-15T17:49:17.385+0000] {processor.py:839} INFO - DAG(s) dict_keys(['Airflow_ETL_DAG']) retrieved from /opt/airflow/dags/airflow_etl.py
[2025-03-15T17:49:17.404+0000] {logging_mixin.py:151} INFO - [2025-03-15T17:49:17.404+0000] {dag.py:2941} INFO - Sync 1 DAGs
[2025-03-15T17:49:17.421+0000] {logging_mixin.py:151} INFO - [2025-03-15T17:49:17.420+0000] {dag.py:3722} INFO - Setting next_dagrun for Airflow_ETL_DAG to None, run_after=None
[2025-03-15T17:49:17.435+0000] {processor.py:179} INFO - Processing /opt/airflow/dags/airflow_etl.py took 0.487 seconds
[2025-03-15T17:49:48.280+0000] {processor.py:157} INFO - Started process (PID=473) to work on /opt/airflow/dags/airflow_etl.py
[2025-03-15T17:49:48.282+0000] {processor.py:829} INFO - Processing file /opt/airflow/dags/airflow_etl.py for tasks to queue
[2025-03-15T17:49:48.283+0000] {logging_mixin.py:151} INFO - [2025-03-15T17:49:48.283+0000] {dagbag.py:536} INFO - Filling up the DagBag from /opt/airflow/dags/airflow_etl.py
[2025-03-15T17:49:48.685+0000] {processor.py:839} INFO - DAG(s) dict_keys(['Airflow_ETL_DAG']) retrieved from /opt/airflow/dags/airflow_etl.py
[2025-03-15T17:49:48.707+0000] {logging_mixin.py:151} INFO - [2025-03-15T17:49:48.707+0000] {dag.py:2941} INFO - Sync 1 DAGs
[2025-03-15T17:49:48.724+0000] {logging_mixin.py:151} INFO - [2025-03-15T17:49:48.724+0000] {dag.py:3722} INFO - Setting next_dagrun for Airflow_ETL_DAG to None, run_after=None
[2025-03-15T17:49:48.741+0000] {processor.py:179} INFO - Processing /opt/airflow/dags/airflow_etl.py took 0.466 seconds
[2025-03-15T17:50:19.611+0000] {processor.py:157} INFO - Started process (PID=484) to work on /opt/airflow/dags/airflow_etl.py
[2025-03-15T17:50:19.612+0000] {processor.py:829} INFO - Processing file /opt/airflow/dags/airflow_etl.py for tasks to queue
[2025-03-15T17:50:19.613+0000] {logging_mixin.py:151} INFO - [2025-03-15T17:50:19.613+0000] {dagbag.py:536} INFO - Filling up the DagBag from /opt/airflow/dags/airflow_etl.py
[2025-03-15T17:50:20.036+0000] {processor.py:839} INFO - DAG(s) dict_keys(['Airflow_ETL_DAG']) retrieved from /opt/airflow/dags/airflow_etl.py
[2025-03-15T17:50:20.069+0000] {logging_mixin.py:151} INFO - [2025-03-15T17:50:20.068+0000] {dag.py:2941} INFO - Sync 1 DAGs
[2025-03-15T17:50:20.099+0000] {logging_mixin.py:151} INFO - [2025-03-15T17:50:20.098+0000] {dag.py:3722} INFO - Setting next_dagrun for Airflow_ETL_DAG to None, run_after=None
[2025-03-15T17:50:20.126+0000] {processor.py:179} INFO - Processing /opt/airflow/dags/airflow_etl.py took 0.517 seconds
[2025-03-15T17:50:50.961+0000] {processor.py:157} INFO - Started process (PID=498) to work on /opt/airflow/dags/airflow_etl.py
[2025-03-15T17:50:50.962+0000] {processor.py:829} INFO - Processing file /opt/airflow/dags/airflow_etl.py for tasks to queue
[2025-03-15T17:50:50.963+0000] {logging_mixin.py:151} INFO - [2025-03-15T17:50:50.963+0000] {dagbag.py:536} INFO - Filling up the DagBag from /opt/airflow/dags/airflow_etl.py
[2025-03-15T17:50:51.376+0000] {processor.py:839} INFO - DAG(s) dict_keys(['Airflow_ETL_DAG']) retrieved from /opt/airflow/dags/airflow_etl.py
[2025-03-15T17:50:51.398+0000] {logging_mixin.py:151} INFO - [2025-03-15T17:50:51.397+0000] {dag.py:2941} INFO - Sync 1 DAGs
[2025-03-15T17:50:51.415+0000] {logging_mixin.py:151} INFO - [2025-03-15T17:50:51.414+0000] {dag.py:3722} INFO - Setting next_dagrun for Airflow_ETL_DAG to None, run_after=None
[2025-03-15T17:50:51.432+0000] {processor.py:179} INFO - Processing /opt/airflow/dags/airflow_etl.py took 0.477 seconds
[2025-03-15T17:51:22.331+0000] {processor.py:157} INFO - Started process (PID=511) to work on /opt/airflow/dags/airflow_etl.py
[2025-03-15T17:51:22.332+0000] {processor.py:829} INFO - Processing file /opt/airflow/dags/airflow_etl.py for tasks to queue
[2025-03-15T17:51:22.333+0000] {logging_mixin.py:151} INFO - [2025-03-15T17:51:22.333+0000] {dagbag.py:536} INFO - Filling up the DagBag from /opt/airflow/dags/airflow_etl.py
[2025-03-15T17:51:22.732+0000] {processor.py:839} INFO - DAG(s) dict_keys(['Airflow_ETL_DAG']) retrieved from /opt/airflow/dags/airflow_etl.py
[2025-03-15T17:51:22.753+0000] {logging_mixin.py:151} INFO - [2025-03-15T17:51:22.753+0000] {dag.py:2941} INFO - Sync 1 DAGs
[2025-03-15T17:51:22.770+0000] {logging_mixin.py:151} INFO - [2025-03-15T17:51:22.770+0000] {dag.py:3722} INFO - Setting next_dagrun for Airflow_ETL_DAG to None, run_after=None
[2025-03-15T17:51:22.789+0000] {processor.py:179} INFO - Processing /opt/airflow/dags/airflow_etl.py took 0.461 seconds
[2025-03-15T17:51:53.682+0000] {processor.py:157} INFO - Started process (PID=522) to work on /opt/airflow/dags/airflow_etl.py
[2025-03-15T17:51:53.683+0000] {processor.py:829} INFO - Processing file /opt/airflow/dags/airflow_etl.py for tasks to queue
[2025-03-15T17:51:53.684+0000] {logging_mixin.py:151} INFO - [2025-03-15T17:51:53.683+0000] {dagbag.py:536} INFO - Filling up the DagBag from /opt/airflow/dags/airflow_etl.py
[2025-03-15T17:51:54.071+0000] {processor.py:839} INFO - DAG(s) dict_keys(['Airflow_ETL_DAG']) retrieved from /opt/airflow/dags/airflow_etl.py
[2025-03-15T17:51:54.092+0000] {logging_mixin.py:151} INFO - [2025-03-15T17:51:54.092+0000] {dag.py:2941} INFO - Sync 1 DAGs
[2025-03-15T17:51:54.110+0000] {logging_mixin.py:151} INFO - [2025-03-15T17:51:54.110+0000] {dag.py:3722} INFO - Setting next_dagrun for Airflow_ETL_DAG to None, run_after=None
[2025-03-15T17:51:54.128+0000] {processor.py:179} INFO - Processing /opt/airflow/dags/airflow_etl.py took 0.448 seconds
[2025-03-15T17:52:25.003+0000] {processor.py:157} INFO - Started process (PID=533) to work on /opt/airflow/dags/airflow_etl.py
[2025-03-15T17:52:25.003+0000] {processor.py:829} INFO - Processing file /opt/airflow/dags/airflow_etl.py for tasks to queue
[2025-03-15T17:52:25.005+0000] {logging_mixin.py:151} INFO - [2025-03-15T17:52:25.004+0000] {dagbag.py:536} INFO - Filling up the DagBag from /opt/airflow/dags/airflow_etl.py
[2025-03-15T17:52:25.417+0000] {processor.py:839} INFO - DAG(s) dict_keys(['Airflow_ETL_DAG']) retrieved from /opt/airflow/dags/airflow_etl.py
[2025-03-15T17:52:25.439+0000] {logging_mixin.py:151} INFO - [2025-03-15T17:52:25.439+0000] {dag.py:2941} INFO - Sync 1 DAGs
[2025-03-15T17:52:25.456+0000] {logging_mixin.py:151} INFO - [2025-03-15T17:52:25.456+0000] {dag.py:3722} INFO - Setting next_dagrun for Airflow_ETL_DAG to None, run_after=None
[2025-03-15T17:52:25.473+0000] {processor.py:179} INFO - Processing /opt/airflow/dags/airflow_etl.py took 0.473 seconds
[2025-03-15T17:52:56.306+0000] {processor.py:157} INFO - Started process (PID=544) to work on /opt/airflow/dags/airflow_etl.py
[2025-03-15T17:52:56.307+0000] {processor.py:829} INFO - Processing file /opt/airflow/dags/airflow_etl.py for tasks to queue
[2025-03-15T17:52:56.308+0000] {logging_mixin.py:151} INFO - [2025-03-15T17:52:56.308+0000] {dagbag.py:536} INFO - Filling up the DagBag from /opt/airflow/dags/airflow_etl.py
[2025-03-15T17:52:56.670+0000] {processor.py:839} INFO - DAG(s) dict_keys(['Airflow_ETL_DAG']) retrieved from /opt/airflow/dags/airflow_etl.py
[2025-03-15T17:52:56.689+0000] {logging_mixin.py:151} INFO - [2025-03-15T17:52:56.689+0000] {dag.py:2941} INFO - Sync 1 DAGs
[2025-03-15T17:52:56.708+0000] {logging_mixin.py:151} INFO - [2025-03-15T17:52:56.707+0000] {dag.py:3722} INFO - Setting next_dagrun for Airflow_ETL_DAG to None, run_after=None
[2025-03-15T17:52:56.726+0000] {processor.py:179} INFO - Processing /opt/airflow/dags/airflow_etl.py took 0.422 seconds
[2025-03-15T17:53:27.621+0000] {processor.py:157} INFO - Started process (PID=555) to work on /opt/airflow/dags/airflow_etl.py
[2025-03-15T17:53:27.622+0000] {processor.py:829} INFO - Processing file /opt/airflow/dags/airflow_etl.py for tasks to queue
[2025-03-15T17:53:27.623+0000] {logging_mixin.py:151} INFO - [2025-03-15T17:53:27.623+0000] {dagbag.py:536} INFO - Filling up the DagBag from /opt/airflow/dags/airflow_etl.py
[2025-03-15T17:53:28.002+0000] {processor.py:839} INFO - DAG(s) dict_keys(['Airflow_ETL_DAG']) retrieved from /opt/airflow/dags/airflow_etl.py
[2025-03-15T17:53:28.021+0000] {logging_mixin.py:151} INFO - [2025-03-15T17:53:28.021+0000] {dag.py:2941} INFO - Sync 1 DAGs
[2025-03-15T17:53:28.040+0000] {logging_mixin.py:151} INFO - [2025-03-15T17:53:28.040+0000] {dag.py:3722} INFO - Setting next_dagrun for Airflow_ETL_DAG to None, run_after=None
[2025-03-15T17:53:28.057+0000] {processor.py:179} INFO - Processing /opt/airflow/dags/airflow_etl.py took 0.438 seconds
[2025-03-15T17:53:58.946+0000] {processor.py:157} INFO - Started process (PID=566) to work on /opt/airflow/dags/airflow_etl.py
[2025-03-15T17:53:58.947+0000] {processor.py:829} INFO - Processing file /opt/airflow/dags/airflow_etl.py for tasks to queue
[2025-03-15T17:53:58.948+0000] {logging_mixin.py:151} INFO - [2025-03-15T17:53:58.947+0000] {dagbag.py:536} INFO - Filling up the DagBag from /opt/airflow/dags/airflow_etl.py
[2025-03-15T17:53:59.308+0000] {processor.py:839} INFO - DAG(s) dict_keys(['Airflow_ETL_DAG']) retrieved from /opt/airflow/dags/airflow_etl.py
[2025-03-15T17:53:59.329+0000] {logging_mixin.py:151} INFO - [2025-03-15T17:53:59.328+0000] {dag.py:2941} INFO - Sync 1 DAGs
[2025-03-15T17:53:59.344+0000] {logging_mixin.py:151} INFO - [2025-03-15T17:53:59.344+0000] {dag.py:3722} INFO - Setting next_dagrun for Airflow_ETL_DAG to None, run_after=None
[2025-03-15T17:53:59.360+0000] {processor.py:179} INFO - Processing /opt/airflow/dags/airflow_etl.py took 0.417 seconds
[2025-03-15T17:54:29.425+0000] {processor.py:157} INFO - Started process (PID=577) to work on /opt/airflow/dags/airflow_etl.py
[2025-03-15T17:54:29.426+0000] {processor.py:829} INFO - Processing file /opt/airflow/dags/airflow_etl.py for tasks to queue
[2025-03-15T17:54:29.427+0000] {logging_mixin.py:151} INFO - [2025-03-15T17:54:29.427+0000] {dagbag.py:536} INFO - Filling up the DagBag from /opt/airflow/dags/airflow_etl.py
[2025-03-15T17:54:29.851+0000] {processor.py:839} INFO - DAG(s) dict_keys(['Airflow_ETL_DAG']) retrieved from /opt/airflow/dags/airflow_etl.py
[2025-03-15T17:54:29.877+0000] {logging_mixin.py:151} INFO - [2025-03-15T17:54:29.877+0000] {dag.py:2941} INFO - Sync 1 DAGs
[2025-03-15T17:54:29.895+0000] {logging_mixin.py:151} INFO - [2025-03-15T17:54:29.895+0000] {dag.py:3722} INFO - Setting next_dagrun for Airflow_ETL_DAG to None, run_after=None
[2025-03-15T17:54:29.913+0000] {processor.py:179} INFO - Processing /opt/airflow/dags/airflow_etl.py took 0.490 seconds
[2025-03-15T17:55:00.637+0000] {processor.py:157} INFO - Started process (PID=588) to work on /opt/airflow/dags/airflow_etl.py
[2025-03-15T17:55:00.638+0000] {processor.py:829} INFO - Processing file /opt/airflow/dags/airflow_etl.py for tasks to queue
[2025-03-15T17:55:00.639+0000] {logging_mixin.py:151} INFO - [2025-03-15T17:55:00.639+0000] {dagbag.py:536} INFO - Filling up the DagBag from /opt/airflow/dags/airflow_etl.py
[2025-03-15T17:55:01.023+0000] {processor.py:839} INFO - DAG(s) dict_keys(['Airflow_ETL_DAG']) retrieved from /opt/airflow/dags/airflow_etl.py
[2025-03-15T17:55:01.051+0000] {logging_mixin.py:151} INFO - [2025-03-15T17:55:01.050+0000] {dag.py:2941} INFO - Sync 1 DAGs
[2025-03-15T17:55:01.072+0000] {logging_mixin.py:151} INFO - [2025-03-15T17:55:01.072+0000] {dag.py:3722} INFO - Setting next_dagrun for Airflow_ETL_DAG to None, run_after=None
[2025-03-15T17:55:01.097+0000] {processor.py:179} INFO - Processing /opt/airflow/dags/airflow_etl.py took 0.464 seconds
