[2025-03-15T17:35:41.643+0000] {processor.py:157} INFO - Started process (PID=171) to work on /opt/airflow/dags/clean_tables.py
[2025-03-15T17:35:41.645+0000] {processor.py:829} INFO - Processing file /opt/airflow/dags/clean_tables.py for tasks to queue
[2025-03-15T17:35:41.646+0000] {logging_mixin.py:151} INFO - [2025-03-15T17:35:41.646+0000] {dagbag.py:536} INFO - Filling up the DagBag from /opt/airflow/dags/clean_tables.py
[2025-03-15T17:35:41.697+0000] {processor.py:839} INFO - DAG(s) dict_keys(['clean_tables_dag']) retrieved from /opt/airflow/dags/clean_tables.py
[2025-03-15T17:35:41.766+0000] {logging_mixin.py:151} INFO - [2025-03-15T17:35:41.765+0000] {dag.py:2941} INFO - Sync 1 DAGs
[2025-03-15T17:35:41.801+0000] {logging_mixin.py:151} INFO - [2025-03-15T17:35:41.801+0000] {dag.py:3722} INFO - Setting next_dagrun for clean_tables_dag to 2025-03-10T00:00:00+00:00, run_after=2025-03-10T00:00:00+00:00
[2025-03-15T17:35:41.829+0000] {processor.py:179} INFO - Processing /opt/airflow/dags/clean_tables.py took 0.193 seconds
[2025-03-15T17:36:12.054+0000] {processor.py:157} INFO - Started process (PID=182) to work on /opt/airflow/dags/clean_tables.py
[2025-03-15T17:36:12.055+0000] {processor.py:829} INFO - Processing file /opt/airflow/dags/clean_tables.py for tasks to queue
[2025-03-15T17:36:12.056+0000] {logging_mixin.py:151} INFO - [2025-03-15T17:36:12.056+0000] {dagbag.py:536} INFO - Filling up the DagBag from /opt/airflow/dags/clean_tables.py
[2025-03-15T17:36:12.081+0000] {processor.py:839} INFO - DAG(s) dict_keys(['clean_tables_dag']) retrieved from /opt/airflow/dags/clean_tables.py
[2025-03-15T17:36:12.099+0000] {logging_mixin.py:151} INFO - [2025-03-15T17:36:12.099+0000] {dag.py:2941} INFO - Sync 1 DAGs
[2025-03-15T17:36:12.127+0000] {logging_mixin.py:151} INFO - [2025-03-15T17:36:12.127+0000] {dag.py:3722} INFO - Setting next_dagrun for clean_tables_dag to 2025-03-10T00:00:00+00:00, run_after=2025-03-10T00:00:00+00:00
[2025-03-15T17:36:12.151+0000] {processor.py:179} INFO - Processing /opt/airflow/dags/clean_tables.py took 0.101 seconds
[2025-03-15T17:36:42.372+0000] {processor.py:157} INFO - Started process (PID=193) to work on /opt/airflow/dags/clean_tables.py
[2025-03-15T17:36:42.374+0000] {processor.py:829} INFO - Processing file /opt/airflow/dags/clean_tables.py for tasks to queue
[2025-03-15T17:36:42.375+0000] {logging_mixin.py:151} INFO - [2025-03-15T17:36:42.375+0000] {dagbag.py:536} INFO - Filling up the DagBag from /opt/airflow/dags/clean_tables.py
[2025-03-15T17:36:42.397+0000] {processor.py:839} INFO - DAG(s) dict_keys(['clean_tables_dag']) retrieved from /opt/airflow/dags/clean_tables.py
[2025-03-15T17:36:42.425+0000] {logging_mixin.py:151} INFO - [2025-03-15T17:36:42.424+0000] {dag.py:2941} INFO - Sync 1 DAGs
[2025-03-15T17:36:42.446+0000] {logging_mixin.py:151} INFO - [2025-03-15T17:36:42.446+0000] {dag.py:3722} INFO - Setting next_dagrun for clean_tables_dag to 2025-03-10T00:00:00+00:00, run_after=2025-03-10T00:00:00+00:00
[2025-03-15T17:36:42.466+0000] {processor.py:179} INFO - Processing /opt/airflow/dags/clean_tables.py took 0.098 seconds
[2025-03-15T17:37:12.691+0000] {processor.py:157} INFO - Started process (PID=204) to work on /opt/airflow/dags/clean_tables.py
[2025-03-15T17:37:12.691+0000] {processor.py:829} INFO - Processing file /opt/airflow/dags/clean_tables.py for tasks to queue
[2025-03-15T17:37:12.692+0000] {logging_mixin.py:151} INFO - [2025-03-15T17:37:12.692+0000] {dagbag.py:536} INFO - Filling up the DagBag from /opt/airflow/dags/clean_tables.py
[2025-03-15T17:37:12.708+0000] {processor.py:839} INFO - DAG(s) dict_keys(['clean_tables_dag']) retrieved from /opt/airflow/dags/clean_tables.py
[2025-03-15T17:37:12.734+0000] {logging_mixin.py:151} INFO - [2025-03-15T17:37:12.733+0000] {dag.py:2941} INFO - Sync 1 DAGs
[2025-03-15T17:37:12.753+0000] {logging_mixin.py:151} INFO - [2025-03-15T17:37:12.752+0000] {dag.py:3722} INFO - Setting next_dagrun for clean_tables_dag to 2025-03-10T00:00:00+00:00, run_after=2025-03-10T00:00:00+00:00
[2025-03-15T17:37:12.837+0000] {processor.py:179} INFO - Processing /opt/airflow/dags/clean_tables.py took 0.149 seconds
[2025-03-15T17:37:43.077+0000] {processor.py:157} INFO - Started process (PID=215) to work on /opt/airflow/dags/clean_tables.py
[2025-03-15T17:37:43.078+0000] {processor.py:829} INFO - Processing file /opt/airflow/dags/clean_tables.py for tasks to queue
[2025-03-15T17:37:43.079+0000] {logging_mixin.py:151} INFO - [2025-03-15T17:37:43.079+0000] {dagbag.py:536} INFO - Filling up the DagBag from /opt/airflow/dags/clean_tables.py
[2025-03-15T17:37:43.094+0000] {processor.py:839} INFO - DAG(s) dict_keys(['clean_tables_dag']) retrieved from /opt/airflow/dags/clean_tables.py
[2025-03-15T17:37:43.118+0000] {logging_mixin.py:151} INFO - [2025-03-15T17:37:43.118+0000] {dag.py:2941} INFO - Sync 1 DAGs
[2025-03-15T17:37:43.136+0000] {logging_mixin.py:151} INFO - [2025-03-15T17:37:43.136+0000] {dag.py:3722} INFO - Setting next_dagrun for clean_tables_dag to 2025-03-10T00:00:00+00:00, run_after=2025-03-10T00:00:00+00:00
[2025-03-15T17:37:43.162+0000] {processor.py:179} INFO - Processing /opt/airflow/dags/clean_tables.py took 0.087 seconds
[2025-03-15T17:38:13.390+0000] {processor.py:157} INFO - Started process (PID=226) to work on /opt/airflow/dags/clean_tables.py
[2025-03-15T17:38:13.391+0000] {processor.py:829} INFO - Processing file /opt/airflow/dags/clean_tables.py for tasks to queue
[2025-03-15T17:38:13.392+0000] {logging_mixin.py:151} INFO - [2025-03-15T17:38:13.392+0000] {dagbag.py:536} INFO - Filling up the DagBag from /opt/airflow/dags/clean_tables.py
[2025-03-15T17:38:13.409+0000] {processor.py:839} INFO - DAG(s) dict_keys(['clean_tables_dag']) retrieved from /opt/airflow/dags/clean_tables.py
[2025-03-15T17:38:13.431+0000] {logging_mixin.py:151} INFO - [2025-03-15T17:38:13.431+0000] {dag.py:2941} INFO - Sync 1 DAGs
[2025-03-15T17:38:13.450+0000] {logging_mixin.py:151} INFO - [2025-03-15T17:38:13.450+0000] {dag.py:3722} INFO - Setting next_dagrun for clean_tables_dag to 2025-03-10T00:00:00+00:00, run_after=2025-03-10T00:00:00+00:00
[2025-03-15T17:38:13.465+0000] {processor.py:179} INFO - Processing /opt/airflow/dags/clean_tables.py took 0.077 seconds
[2025-03-15T17:38:43.685+0000] {processor.py:157} INFO - Started process (PID=237) to work on /opt/airflow/dags/clean_tables.py
[2025-03-15T17:38:43.686+0000] {processor.py:829} INFO - Processing file /opt/airflow/dags/clean_tables.py for tasks to queue
[2025-03-15T17:38:43.686+0000] {logging_mixin.py:151} INFO - [2025-03-15T17:38:43.686+0000] {dagbag.py:536} INFO - Filling up the DagBag from /opt/airflow/dags/clean_tables.py
[2025-03-15T17:38:43.704+0000] {processor.py:839} INFO - DAG(s) dict_keys(['clean_tables_dag']) retrieved from /opt/airflow/dags/clean_tables.py
[2025-03-15T17:38:43.727+0000] {logging_mixin.py:151} INFO - [2025-03-15T17:38:43.727+0000] {dag.py:2941} INFO - Sync 1 DAGs
[2025-03-15T17:38:43.749+0000] {logging_mixin.py:151} INFO - [2025-03-15T17:38:43.749+0000] {dag.py:3722} INFO - Setting next_dagrun for clean_tables_dag to 2025-03-10T00:00:00+00:00, run_after=2025-03-10T00:00:00+00:00
[2025-03-15T17:38:43.782+0000] {processor.py:179} INFO - Processing /opt/airflow/dags/clean_tables.py took 0.100 seconds
[2025-03-15T17:39:13.998+0000] {processor.py:157} INFO - Started process (PID=248) to work on /opt/airflow/dags/clean_tables.py
[2025-03-15T17:39:13.998+0000] {processor.py:829} INFO - Processing file /opt/airflow/dags/clean_tables.py for tasks to queue
[2025-03-15T17:39:13.999+0000] {logging_mixin.py:151} INFO - [2025-03-15T17:39:13.999+0000] {dagbag.py:536} INFO - Filling up the DagBag from /opt/airflow/dags/clean_tables.py
[2025-03-15T17:39:14.017+0000] {processor.py:839} INFO - DAG(s) dict_keys(['clean_tables_dag']) retrieved from /opt/airflow/dags/clean_tables.py
[2025-03-15T17:39:14.040+0000] {logging_mixin.py:151} INFO - [2025-03-15T17:39:14.039+0000] {dag.py:2941} INFO - Sync 1 DAGs
[2025-03-15T17:39:14.057+0000] {logging_mixin.py:151} INFO - [2025-03-15T17:39:14.057+0000] {dag.py:3722} INFO - Setting next_dagrun for clean_tables_dag to 2025-03-10T00:00:00+00:00, run_after=2025-03-10T00:00:00+00:00
[2025-03-15T17:39:14.075+0000] {processor.py:179} INFO - Processing /opt/airflow/dags/clean_tables.py took 0.080 seconds
[2025-03-15T17:39:44.294+0000] {processor.py:157} INFO - Started process (PID=259) to work on /opt/airflow/dags/clean_tables.py
[2025-03-15T17:39:44.295+0000] {processor.py:829} INFO - Processing file /opt/airflow/dags/clean_tables.py for tasks to queue
[2025-03-15T17:39:44.296+0000] {logging_mixin.py:151} INFO - [2025-03-15T17:39:44.296+0000] {dagbag.py:536} INFO - Filling up the DagBag from /opt/airflow/dags/clean_tables.py
[2025-03-15T17:39:44.312+0000] {processor.py:839} INFO - DAG(s) dict_keys(['clean_tables_dag']) retrieved from /opt/airflow/dags/clean_tables.py
[2025-03-15T17:39:44.332+0000] {logging_mixin.py:151} INFO - [2025-03-15T17:39:44.332+0000] {dag.py:2941} INFO - Sync 1 DAGs
[2025-03-15T17:39:44.348+0000] {logging_mixin.py:151} INFO - [2025-03-15T17:39:44.347+0000] {dag.py:3722} INFO - Setting next_dagrun for clean_tables_dag to 2025-03-10T00:00:00+00:00, run_after=2025-03-10T00:00:00+00:00
[2025-03-15T17:39:44.364+0000] {processor.py:179} INFO - Processing /opt/airflow/dags/clean_tables.py took 0.071 seconds
[2025-03-15T17:40:14.569+0000] {processor.py:157} INFO - Started process (PID=270) to work on /opt/airflow/dags/clean_tables.py
[2025-03-15T17:40:14.570+0000] {processor.py:829} INFO - Processing file /opt/airflow/dags/clean_tables.py for tasks to queue
[2025-03-15T17:40:14.571+0000] {logging_mixin.py:151} INFO - [2025-03-15T17:40:14.571+0000] {dagbag.py:536} INFO - Filling up the DagBag from /opt/airflow/dags/clean_tables.py
[2025-03-15T17:40:14.588+0000] {processor.py:839} INFO - DAG(s) dict_keys(['clean_tables_dag']) retrieved from /opt/airflow/dags/clean_tables.py
[2025-03-15T17:40:14.609+0000] {logging_mixin.py:151} INFO - [2025-03-15T17:40:14.608+0000] {dag.py:2941} INFO - Sync 1 DAGs
[2025-03-15T17:40:14.628+0000] {logging_mixin.py:151} INFO - [2025-03-15T17:40:14.628+0000] {dag.py:3722} INFO - Setting next_dagrun for clean_tables_dag to 2025-03-10T00:00:00+00:00, run_after=2025-03-10T00:00:00+00:00
[2025-03-15T17:40:14.646+0000] {processor.py:179} INFO - Processing /opt/airflow/dags/clean_tables.py took 0.078 seconds
[2025-03-15T17:40:44.903+0000] {processor.py:157} INFO - Started process (PID=281) to work on /opt/airflow/dags/clean_tables.py
[2025-03-15T17:40:44.904+0000] {processor.py:829} INFO - Processing file /opt/airflow/dags/clean_tables.py for tasks to queue
[2025-03-15T17:40:44.905+0000] {logging_mixin.py:151} INFO - [2025-03-15T17:40:44.905+0000] {dagbag.py:536} INFO - Filling up the DagBag from /opt/airflow/dags/clean_tables.py
[2025-03-15T17:40:44.923+0000] {processor.py:839} INFO - DAG(s) dict_keys(['clean_tables_dag']) retrieved from /opt/airflow/dags/clean_tables.py
[2025-03-15T17:40:44.944+0000] {logging_mixin.py:151} INFO - [2025-03-15T17:40:44.944+0000] {dag.py:2941} INFO - Sync 1 DAGs
[2025-03-15T17:40:44.961+0000] {logging_mixin.py:151} INFO - [2025-03-15T17:40:44.961+0000] {dag.py:3722} INFO - Setting next_dagrun for clean_tables_dag to 2025-03-10T00:00:00+00:00, run_after=2025-03-10T00:00:00+00:00
[2025-03-15T17:40:44.978+0000] {processor.py:179} INFO - Processing /opt/airflow/dags/clean_tables.py took 0.077 seconds
[2025-03-15T17:41:15.190+0000] {processor.py:157} INFO - Started process (PID=292) to work on /opt/airflow/dags/clean_tables.py
[2025-03-15T17:41:15.192+0000] {processor.py:829} INFO - Processing file /opt/airflow/dags/clean_tables.py for tasks to queue
[2025-03-15T17:41:15.193+0000] {logging_mixin.py:151} INFO - [2025-03-15T17:41:15.193+0000] {dagbag.py:536} INFO - Filling up the DagBag from /opt/airflow/dags/clean_tables.py
[2025-03-15T17:41:15.212+0000] {processor.py:839} INFO - DAG(s) dict_keys(['clean_tables_dag']) retrieved from /opt/airflow/dags/clean_tables.py
[2025-03-15T17:41:15.240+0000] {logging_mixin.py:151} INFO - [2025-03-15T17:41:15.240+0000] {dag.py:2941} INFO - Sync 1 DAGs
[2025-03-15T17:41:15.261+0000] {logging_mixin.py:151} INFO - [2025-03-15T17:41:15.261+0000] {dag.py:3722} INFO - Setting next_dagrun for clean_tables_dag to 2025-03-10T00:00:00+00:00, run_after=2025-03-10T00:00:00+00:00
[2025-03-15T17:41:15.278+0000] {processor.py:179} INFO - Processing /opt/airflow/dags/clean_tables.py took 0.091 seconds
[2025-03-15T17:41:45.497+0000] {processor.py:157} INFO - Started process (PID=303) to work on /opt/airflow/dags/clean_tables.py
[2025-03-15T17:41:45.498+0000] {processor.py:829} INFO - Processing file /opt/airflow/dags/clean_tables.py for tasks to queue
[2025-03-15T17:41:45.499+0000] {logging_mixin.py:151} INFO - [2025-03-15T17:41:45.499+0000] {dagbag.py:536} INFO - Filling up the DagBag from /opt/airflow/dags/clean_tables.py
[2025-03-15T17:41:45.517+0000] {processor.py:839} INFO - DAG(s) dict_keys(['clean_tables_dag']) retrieved from /opt/airflow/dags/clean_tables.py
[2025-03-15T17:41:45.541+0000] {logging_mixin.py:151} INFO - [2025-03-15T17:41:45.541+0000] {dag.py:2941} INFO - Sync 1 DAGs
[2025-03-15T17:41:45.564+0000] {logging_mixin.py:151} INFO - [2025-03-15T17:41:45.563+0000] {dag.py:3722} INFO - Setting next_dagrun for clean_tables_dag to 2025-03-10T00:00:00+00:00, run_after=2025-03-10T00:00:00+00:00
[2025-03-15T17:41:45.584+0000] {processor.py:179} INFO - Processing /opt/airflow/dags/clean_tables.py took 0.089 seconds
[2025-03-15T17:42:15.792+0000] {processor.py:157} INFO - Started process (PID=314) to work on /opt/airflow/dags/clean_tables.py
[2025-03-15T17:42:15.793+0000] {processor.py:829} INFO - Processing file /opt/airflow/dags/clean_tables.py for tasks to queue
[2025-03-15T17:42:15.794+0000] {logging_mixin.py:151} INFO - [2025-03-15T17:42:15.793+0000] {dagbag.py:536} INFO - Filling up the DagBag from /opt/airflow/dags/clean_tables.py
[2025-03-15T17:42:15.816+0000] {processor.py:839} INFO - DAG(s) dict_keys(['clean_tables_dag']) retrieved from /opt/airflow/dags/clean_tables.py
[2025-03-15T17:42:15.837+0000] {logging_mixin.py:151} INFO - [2025-03-15T17:42:15.836+0000] {dag.py:2941} INFO - Sync 1 DAGs
[2025-03-15T17:42:15.854+0000] {logging_mixin.py:151} INFO - [2025-03-15T17:42:15.854+0000] {dag.py:3722} INFO - Setting next_dagrun for clean_tables_dag to 2025-03-10T00:00:00+00:00, run_after=2025-03-10T00:00:00+00:00
[2025-03-15T17:42:15.872+0000] {processor.py:179} INFO - Processing /opt/airflow/dags/clean_tables.py took 0.084 seconds
[2025-03-15T17:42:46.091+0000] {processor.py:157} INFO - Started process (PID=325) to work on /opt/airflow/dags/clean_tables.py
[2025-03-15T17:42:46.092+0000] {processor.py:829} INFO - Processing file /opt/airflow/dags/clean_tables.py for tasks to queue
[2025-03-15T17:42:46.094+0000] {logging_mixin.py:151} INFO - [2025-03-15T17:42:46.093+0000] {dagbag.py:536} INFO - Filling up the DagBag from /opt/airflow/dags/clean_tables.py
[2025-03-15T17:42:46.110+0000] {processor.py:839} INFO - DAG(s) dict_keys(['clean_tables_dag']) retrieved from /opt/airflow/dags/clean_tables.py
[2025-03-15T17:42:46.132+0000] {logging_mixin.py:151} INFO - [2025-03-15T17:42:46.132+0000] {dag.py:2941} INFO - Sync 1 DAGs
[2025-03-15T17:42:46.152+0000] {logging_mixin.py:151} INFO - [2025-03-15T17:42:46.151+0000] {dag.py:3722} INFO - Setting next_dagrun for clean_tables_dag to 2025-03-10T00:00:00+00:00, run_after=2025-03-10T00:00:00+00:00
[2025-03-15T17:42:46.170+0000] {processor.py:179} INFO - Processing /opt/airflow/dags/clean_tables.py took 0.083 seconds
[2025-03-15T17:43:16.381+0000] {processor.py:157} INFO - Started process (PID=336) to work on /opt/airflow/dags/clean_tables.py
[2025-03-15T17:43:16.382+0000] {processor.py:829} INFO - Processing file /opt/airflow/dags/clean_tables.py for tasks to queue
[2025-03-15T17:43:16.383+0000] {logging_mixin.py:151} INFO - [2025-03-15T17:43:16.383+0000] {dagbag.py:536} INFO - Filling up the DagBag from /opt/airflow/dags/clean_tables.py
[2025-03-15T17:43:16.403+0000] {processor.py:839} INFO - DAG(s) dict_keys(['clean_tables_dag']) retrieved from /opt/airflow/dags/clean_tables.py
[2025-03-15T17:43:16.425+0000] {logging_mixin.py:151} INFO - [2025-03-15T17:43:16.425+0000] {dag.py:2941} INFO - Sync 1 DAGs
[2025-03-15T17:43:16.443+0000] {logging_mixin.py:151} INFO - [2025-03-15T17:43:16.443+0000] {dag.py:3722} INFO - Setting next_dagrun for clean_tables_dag to 2025-03-10T00:00:00+00:00, run_after=2025-03-10T00:00:00+00:00
[2025-03-15T17:43:16.465+0000] {processor.py:179} INFO - Processing /opt/airflow/dags/clean_tables.py took 0.087 seconds
[2025-03-15T17:43:46.679+0000] {processor.py:157} INFO - Started process (PID=347) to work on /opt/airflow/dags/clean_tables.py
[2025-03-15T17:43:46.680+0000] {processor.py:829} INFO - Processing file /opt/airflow/dags/clean_tables.py for tasks to queue
[2025-03-15T17:43:46.682+0000] {logging_mixin.py:151} INFO - [2025-03-15T17:43:46.681+0000] {dagbag.py:536} INFO - Filling up the DagBag from /opt/airflow/dags/clean_tables.py
[2025-03-15T17:43:46.708+0000] {processor.py:839} INFO - DAG(s) dict_keys(['clean_tables_dag']) retrieved from /opt/airflow/dags/clean_tables.py
[2025-03-15T17:43:46.738+0000] {logging_mixin.py:151} INFO - [2025-03-15T17:43:46.737+0000] {dag.py:2941} INFO - Sync 1 DAGs
[2025-03-15T17:43:46.765+0000] {logging_mixin.py:151} INFO - [2025-03-15T17:43:46.765+0000] {dag.py:3722} INFO - Setting next_dagrun for clean_tables_dag to 2025-03-10T00:00:00+00:00, run_after=2025-03-10T00:00:00+00:00
[2025-03-15T17:43:46.793+0000] {processor.py:179} INFO - Processing /opt/airflow/dags/clean_tables.py took 0.119 seconds
[2025-03-15T17:44:17.011+0000] {processor.py:157} INFO - Started process (PID=358) to work on /opt/airflow/dags/clean_tables.py
[2025-03-15T17:44:17.012+0000] {processor.py:829} INFO - Processing file /opt/airflow/dags/clean_tables.py for tasks to queue
[2025-03-15T17:44:17.013+0000] {logging_mixin.py:151} INFO - [2025-03-15T17:44:17.013+0000] {dagbag.py:536} INFO - Filling up the DagBag from /opt/airflow/dags/clean_tables.py
[2025-03-15T17:44:17.040+0000] {processor.py:839} INFO - DAG(s) dict_keys(['clean_tables_dag']) retrieved from /opt/airflow/dags/clean_tables.py
[2025-03-15T17:44:17.075+0000] {logging_mixin.py:151} INFO - [2025-03-15T17:44:17.075+0000] {dag.py:2941} INFO - Sync 1 DAGs
[2025-03-15T17:44:17.108+0000] {logging_mixin.py:151} INFO - [2025-03-15T17:44:17.108+0000] {dag.py:3722} INFO - Setting next_dagrun for clean_tables_dag to 2025-03-10T00:00:00+00:00, run_after=2025-03-10T00:00:00+00:00
[2025-03-15T17:44:17.140+0000] {processor.py:179} INFO - Processing /opt/airflow/dags/clean_tables.py took 0.132 seconds
[2025-03-15T17:44:47.358+0000] {processor.py:157} INFO - Started process (PID=369) to work on /opt/airflow/dags/clean_tables.py
[2025-03-15T17:44:47.359+0000] {processor.py:829} INFO - Processing file /opt/airflow/dags/clean_tables.py for tasks to queue
[2025-03-15T17:44:47.360+0000] {logging_mixin.py:151} INFO - [2025-03-15T17:44:47.360+0000] {dagbag.py:536} INFO - Filling up the DagBag from /opt/airflow/dags/clean_tables.py
[2025-03-15T17:44:47.378+0000] {processor.py:839} INFO - DAG(s) dict_keys(['clean_tables_dag']) retrieved from /opt/airflow/dags/clean_tables.py
[2025-03-15T17:44:47.399+0000] {logging_mixin.py:151} INFO - [2025-03-15T17:44:47.399+0000] {dag.py:2941} INFO - Sync 1 DAGs
[2025-03-15T17:44:47.417+0000] {logging_mixin.py:151} INFO - [2025-03-15T17:44:47.417+0000] {dag.py:3722} INFO - Setting next_dagrun for clean_tables_dag to 2025-03-10T00:00:00+00:00, run_after=2025-03-10T00:00:00+00:00
[2025-03-15T17:44:47.435+0000] {processor.py:179} INFO - Processing /opt/airflow/dags/clean_tables.py took 0.081 seconds
[2025-03-15T17:45:17.645+0000] {processor.py:157} INFO - Started process (PID=380) to work on /opt/airflow/dags/clean_tables.py
[2025-03-15T17:45:17.646+0000] {processor.py:829} INFO - Processing file /opt/airflow/dags/clean_tables.py for tasks to queue
[2025-03-15T17:45:17.648+0000] {logging_mixin.py:151} INFO - [2025-03-15T17:45:17.647+0000] {dagbag.py:536} INFO - Filling up the DagBag from /opt/airflow/dags/clean_tables.py
[2025-03-15T17:45:17.665+0000] {processor.py:839} INFO - DAG(s) dict_keys(['clean_tables_dag']) retrieved from /opt/airflow/dags/clean_tables.py
[2025-03-15T17:45:17.687+0000] {logging_mixin.py:151} INFO - [2025-03-15T17:45:17.687+0000] {dag.py:2941} INFO - Sync 1 DAGs
[2025-03-15T17:45:17.705+0000] {logging_mixin.py:151} INFO - [2025-03-15T17:45:17.705+0000] {dag.py:3722} INFO - Setting next_dagrun for clean_tables_dag to 2025-03-10T00:00:00+00:00, run_after=2025-03-10T00:00:00+00:00
[2025-03-15T17:45:17.723+0000] {processor.py:179} INFO - Processing /opt/airflow/dags/clean_tables.py took 0.080 seconds
[2025-03-15T17:45:47.985+0000] {processor.py:157} INFO - Started process (PID=391) to work on /opt/airflow/dags/clean_tables.py
[2025-03-15T17:45:47.985+0000] {processor.py:829} INFO - Processing file /opt/airflow/dags/clean_tables.py for tasks to queue
[2025-03-15T17:45:47.986+0000] {logging_mixin.py:151} INFO - [2025-03-15T17:45:47.986+0000] {dagbag.py:536} INFO - Filling up the DagBag from /opt/airflow/dags/clean_tables.py
[2025-03-15T17:45:48.002+0000] {processor.py:839} INFO - DAG(s) dict_keys(['clean_tables_dag']) retrieved from /opt/airflow/dags/clean_tables.py
[2025-03-15T17:45:48.025+0000] {logging_mixin.py:151} INFO - [2025-03-15T17:45:48.024+0000] {dag.py:2941} INFO - Sync 1 DAGs
[2025-03-15T17:45:48.043+0000] {logging_mixin.py:151} INFO - [2025-03-15T17:45:48.043+0000] {dag.py:3722} INFO - Setting next_dagrun for clean_tables_dag to 2025-03-10T00:00:00+00:00, run_after=2025-03-10T00:00:00+00:00
[2025-03-15T17:45:48.058+0000] {processor.py:179} INFO - Processing /opt/airflow/dags/clean_tables.py took 0.076 seconds
[2025-03-15T17:46:18.255+0000] {processor.py:157} INFO - Started process (PID=402) to work on /opt/airflow/dags/clean_tables.py
[2025-03-15T17:46:18.256+0000] {processor.py:829} INFO - Processing file /opt/airflow/dags/clean_tables.py for tasks to queue
[2025-03-15T17:46:18.257+0000] {logging_mixin.py:151} INFO - [2025-03-15T17:46:18.257+0000] {dagbag.py:536} INFO - Filling up the DagBag from /opt/airflow/dags/clean_tables.py
[2025-03-15T17:46:18.280+0000] {processor.py:839} INFO - DAG(s) dict_keys(['clean_tables_dag']) retrieved from /opt/airflow/dags/clean_tables.py
[2025-03-15T17:46:18.303+0000] {logging_mixin.py:151} INFO - [2025-03-15T17:46:18.303+0000] {dag.py:2941} INFO - Sync 1 DAGs
[2025-03-15T17:46:18.322+0000] {logging_mixin.py:151} INFO - [2025-03-15T17:46:18.322+0000] {dag.py:3722} INFO - Setting next_dagrun for clean_tables_dag to 2025-03-10T00:00:00+00:00, run_after=2025-03-10T00:00:00+00:00
[2025-03-15T17:46:18.344+0000] {processor.py:179} INFO - Processing /opt/airflow/dags/clean_tables.py took 0.092 seconds
[2025-03-15T17:46:48.552+0000] {processor.py:157} INFO - Started process (PID=413) to work on /opt/airflow/dags/clean_tables.py
[2025-03-15T17:46:48.553+0000] {processor.py:829} INFO - Processing file /opt/airflow/dags/clean_tables.py for tasks to queue
[2025-03-15T17:46:48.554+0000] {logging_mixin.py:151} INFO - [2025-03-15T17:46:48.554+0000] {dagbag.py:536} INFO - Filling up the DagBag from /opt/airflow/dags/clean_tables.py
[2025-03-15T17:46:48.572+0000] {processor.py:839} INFO - DAG(s) dict_keys(['clean_tables_dag']) retrieved from /opt/airflow/dags/clean_tables.py
[2025-03-15T17:46:48.599+0000] {logging_mixin.py:151} INFO - [2025-03-15T17:46:48.598+0000] {dag.py:2941} INFO - Sync 1 DAGs
[2025-03-15T17:46:48.622+0000] {logging_mixin.py:151} INFO - [2025-03-15T17:46:48.622+0000] {dag.py:3722} INFO - Setting next_dagrun for clean_tables_dag to 2025-03-10T00:00:00+00:00, run_after=2025-03-10T00:00:00+00:00
[2025-03-15T17:46:48.639+0000] {processor.py:179} INFO - Processing /opt/airflow/dags/clean_tables.py took 0.091 seconds
[2025-03-15T17:47:18.859+0000] {processor.py:157} INFO - Started process (PID=424) to work on /opt/airflow/dags/clean_tables.py
[2025-03-15T17:47:18.860+0000] {processor.py:829} INFO - Processing file /opt/airflow/dags/clean_tables.py for tasks to queue
[2025-03-15T17:47:18.862+0000] {logging_mixin.py:151} INFO - [2025-03-15T17:47:18.861+0000] {dagbag.py:536} INFO - Filling up the DagBag from /opt/airflow/dags/clean_tables.py
[2025-03-15T17:47:18.885+0000] {processor.py:839} INFO - DAG(s) dict_keys(['clean_tables_dag']) retrieved from /opt/airflow/dags/clean_tables.py
[2025-03-15T17:47:18.912+0000] {logging_mixin.py:151} INFO - [2025-03-15T17:47:18.912+0000] {dag.py:2941} INFO - Sync 1 DAGs
[2025-03-15T17:47:18.936+0000] {logging_mixin.py:151} INFO - [2025-03-15T17:47:18.935+0000] {dag.py:3722} INFO - Setting next_dagrun for clean_tables_dag to 2025-03-10T00:00:00+00:00, run_after=2025-03-10T00:00:00+00:00
[2025-03-15T17:47:18.959+0000] {processor.py:179} INFO - Processing /opt/airflow/dags/clean_tables.py took 0.105 seconds
[2025-03-15T17:47:49.168+0000] {processor.py:157} INFO - Started process (PID=435) to work on /opt/airflow/dags/clean_tables.py
[2025-03-15T17:47:49.169+0000] {processor.py:829} INFO - Processing file /opt/airflow/dags/clean_tables.py for tasks to queue
[2025-03-15T17:47:49.171+0000] {logging_mixin.py:151} INFO - [2025-03-15T17:47:49.170+0000] {dagbag.py:536} INFO - Filling up the DagBag from /opt/airflow/dags/clean_tables.py
[2025-03-15T17:47:49.194+0000] {processor.py:839} INFO - DAG(s) dict_keys(['clean_tables_dag']) retrieved from /opt/airflow/dags/clean_tables.py
[2025-03-15T17:47:49.218+0000] {logging_mixin.py:151} INFO - [2025-03-15T17:47:49.218+0000] {dag.py:2941} INFO - Sync 1 DAGs
[2025-03-15T17:47:49.239+0000] {logging_mixin.py:151} INFO - [2025-03-15T17:47:49.238+0000] {dag.py:3722} INFO - Setting next_dagrun for clean_tables_dag to 2025-03-10T00:00:00+00:00, run_after=2025-03-10T00:00:00+00:00
[2025-03-15T17:47:49.259+0000] {processor.py:179} INFO - Processing /opt/airflow/dags/clean_tables.py took 0.094 seconds
[2025-03-15T17:48:19.457+0000] {processor.py:157} INFO - Started process (PID=446) to work on /opt/airflow/dags/clean_tables.py
[2025-03-15T17:48:19.458+0000] {processor.py:829} INFO - Processing file /opt/airflow/dags/clean_tables.py for tasks to queue
[2025-03-15T17:48:19.459+0000] {logging_mixin.py:151} INFO - [2025-03-15T17:48:19.459+0000] {dagbag.py:536} INFO - Filling up the DagBag from /opt/airflow/dags/clean_tables.py
[2025-03-15T17:48:19.477+0000] {processor.py:839} INFO - DAG(s) dict_keys(['clean_tables_dag']) retrieved from /opt/airflow/dags/clean_tables.py
[2025-03-15T17:48:19.505+0000] {logging_mixin.py:151} INFO - [2025-03-15T17:48:19.505+0000] {dag.py:2941} INFO - Sync 1 DAGs
[2025-03-15T17:48:19.523+0000] {logging_mixin.py:151} INFO - [2025-03-15T17:48:19.523+0000] {dag.py:3722} INFO - Setting next_dagrun for clean_tables_dag to 2025-03-10T00:00:00+00:00, run_after=2025-03-10T00:00:00+00:00
[2025-03-15T17:48:19.540+0000] {processor.py:179} INFO - Processing /opt/airflow/dags/clean_tables.py took 0.085 seconds
[2025-03-15T17:48:49.753+0000] {processor.py:157} INFO - Started process (PID=457) to work on /opt/airflow/dags/clean_tables.py
[2025-03-15T17:48:49.754+0000] {processor.py:829} INFO - Processing file /opt/airflow/dags/clean_tables.py for tasks to queue
[2025-03-15T17:48:49.755+0000] {logging_mixin.py:151} INFO - [2025-03-15T17:48:49.754+0000] {dagbag.py:536} INFO - Filling up the DagBag from /opt/airflow/dags/clean_tables.py
[2025-03-15T17:48:49.774+0000] {processor.py:839} INFO - DAG(s) dict_keys(['clean_tables_dag']) retrieved from /opt/airflow/dags/clean_tables.py
[2025-03-15T17:48:49.808+0000] {logging_mixin.py:151} INFO - [2025-03-15T17:48:49.808+0000] {dag.py:2941} INFO - Sync 1 DAGs
[2025-03-15T17:48:49.841+0000] {logging_mixin.py:151} INFO - [2025-03-15T17:48:49.840+0000] {dag.py:3722} INFO - Setting next_dagrun for clean_tables_dag to 2025-03-10T00:00:00+00:00, run_after=2025-03-10T00:00:00+00:00
[2025-03-15T17:48:49.864+0000] {processor.py:179} INFO - Processing /opt/airflow/dags/clean_tables.py took 0.114 seconds
[2025-03-15T17:49:20.100+0000] {processor.py:157} INFO - Started process (PID=468) to work on /opt/airflow/dags/clean_tables.py
[2025-03-15T17:49:20.101+0000] {processor.py:829} INFO - Processing file /opt/airflow/dags/clean_tables.py for tasks to queue
[2025-03-15T17:49:20.102+0000] {logging_mixin.py:151} INFO - [2025-03-15T17:49:20.101+0000] {dagbag.py:536} INFO - Filling up the DagBag from /opt/airflow/dags/clean_tables.py
[2025-03-15T17:49:20.121+0000] {processor.py:839} INFO - DAG(s) dict_keys(['clean_tables_dag']) retrieved from /opt/airflow/dags/clean_tables.py
[2025-03-15T17:49:20.169+0000] {logging_mixin.py:151} INFO - [2025-03-15T17:49:20.169+0000] {dag.py:2941} INFO - Sync 1 DAGs
[2025-03-15T17:49:20.189+0000] {logging_mixin.py:151} INFO - [2025-03-15T17:49:20.188+0000] {dag.py:3722} INFO - Setting next_dagrun for clean_tables_dag to 2025-03-10T00:00:00+00:00, run_after=2025-03-10T00:00:00+00:00
[2025-03-15T17:49:20.210+0000] {processor.py:179} INFO - Processing /opt/airflow/dags/clean_tables.py took 0.118 seconds
[2025-03-15T17:49:50.426+0000] {processor.py:157} INFO - Started process (PID=479) to work on /opt/airflow/dags/clean_tables.py
[2025-03-15T17:49:50.427+0000] {processor.py:829} INFO - Processing file /opt/airflow/dags/clean_tables.py for tasks to queue
[2025-03-15T17:49:50.427+0000] {logging_mixin.py:151} INFO - [2025-03-15T17:49:50.427+0000] {dagbag.py:536} INFO - Filling up the DagBag from /opt/airflow/dags/clean_tables.py
[2025-03-15T17:49:50.447+0000] {processor.py:839} INFO - DAG(s) dict_keys(['clean_tables_dag']) retrieved from /opt/airflow/dags/clean_tables.py
[2025-03-15T17:49:50.486+0000] {logging_mixin.py:151} INFO - [2025-03-15T17:49:50.486+0000] {dag.py:2941} INFO - Sync 1 DAGs
[2025-03-15T17:49:50.505+0000] {logging_mixin.py:151} INFO - [2025-03-15T17:49:50.505+0000] {dag.py:3722} INFO - Setting next_dagrun for clean_tables_dag to 2025-03-10T00:00:00+00:00, run_after=2025-03-10T00:00:00+00:00
[2025-03-15T17:49:50.522+0000] {processor.py:179} INFO - Processing /opt/airflow/dags/clean_tables.py took 0.104 seconds
[2025-03-15T17:50:20.721+0000] {processor.py:157} INFO - Started process (PID=490) to work on /opt/airflow/dags/clean_tables.py
[2025-03-15T17:50:20.722+0000] {processor.py:829} INFO - Processing file /opt/airflow/dags/clean_tables.py for tasks to queue
[2025-03-15T17:50:20.723+0000] {logging_mixin.py:151} INFO - [2025-03-15T17:50:20.722+0000] {dagbag.py:536} INFO - Filling up the DagBag from /opt/airflow/dags/clean_tables.py
[2025-03-15T17:50:20.744+0000] {processor.py:839} INFO - DAG(s) dict_keys(['clean_tables_dag']) retrieved from /opt/airflow/dags/clean_tables.py
[2025-03-15T17:50:20.773+0000] {logging_mixin.py:151} INFO - [2025-03-15T17:50:20.772+0000] {dag.py:2941} INFO - Sync 1 DAGs
[2025-03-15T17:50:20.791+0000] {logging_mixin.py:151} INFO - [2025-03-15T17:50:20.791+0000] {dag.py:3722} INFO - Setting next_dagrun for clean_tables_dag to 2025-03-10T00:00:00+00:00, run_after=2025-03-10T00:00:00+00:00
[2025-03-15T17:50:20.808+0000] {processor.py:179} INFO - Processing /opt/airflow/dags/clean_tables.py took 0.090 seconds
[2025-03-15T17:50:50.945+0000] {processor.py:157} INFO - Started process (PID=495) to work on /opt/airflow/dags/clean_tables.py
[2025-03-15T17:50:50.948+0000] {processor.py:829} INFO - Processing file /opt/airflow/dags/clean_tables.py for tasks to queue
[2025-03-15T17:50:50.950+0000] {logging_mixin.py:151} INFO - [2025-03-15T17:50:50.950+0000] {dagbag.py:536} INFO - Filling up the DagBag from /opt/airflow/dags/clean_tables.py
[2025-03-15T17:50:50.978+0000] {processor.py:839} INFO - DAG(s) dict_keys(['clean_tables_dag']) retrieved from /opt/airflow/dags/clean_tables.py
[2025-03-15T17:50:51.017+0000] {logging_mixin.py:151} INFO - [2025-03-15T17:50:51.017+0000] {dag.py:2941} INFO - Sync 1 DAGs
[2025-03-15T17:50:51.049+0000] {logging_mixin.py:151} INFO - [2025-03-15T17:50:51.049+0000] {dag.py:3722} INFO - Setting next_dagrun for clean_tables_dag to 2025-03-10T00:00:00+00:00, run_after=2025-03-10T00:00:00+00:00
[2025-03-15T17:50:51.079+0000] {processor.py:179} INFO - Processing /opt/airflow/dags/clean_tables.py took 0.145 seconds
[2025-03-15T17:51:21.314+0000] {processor.py:157} INFO - Started process (PID=506) to work on /opt/airflow/dags/clean_tables.py
[2025-03-15T17:51:21.315+0000] {processor.py:829} INFO - Processing file /opt/airflow/dags/clean_tables.py for tasks to queue
[2025-03-15T17:51:21.316+0000] {logging_mixin.py:151} INFO - [2025-03-15T17:51:21.316+0000] {dagbag.py:536} INFO - Filling up the DagBag from /opt/airflow/dags/clean_tables.py
[2025-03-15T17:51:21.338+0000] {processor.py:839} INFO - DAG(s) dict_keys(['clean_tables_dag']) retrieved from /opt/airflow/dags/clean_tables.py
[2025-03-15T17:51:21.365+0000] {logging_mixin.py:151} INFO - [2025-03-15T17:51:21.365+0000] {dag.py:2941} INFO - Sync 1 DAGs
[2025-03-15T17:51:21.385+0000] {logging_mixin.py:151} INFO - [2025-03-15T17:51:21.385+0000] {dag.py:3722} INFO - Setting next_dagrun for clean_tables_dag to 2025-03-10T00:00:00+00:00, run_after=2025-03-10T00:00:00+00:00
[2025-03-15T17:51:21.414+0000] {processor.py:179} INFO - Processing /opt/airflow/dags/clean_tables.py took 0.104 seconds
[2025-03-15T17:51:51.657+0000] {processor.py:157} INFO - Started process (PID=517) to work on /opt/airflow/dags/clean_tables.py
[2025-03-15T17:51:51.658+0000] {processor.py:829} INFO - Processing file /opt/airflow/dags/clean_tables.py for tasks to queue
[2025-03-15T17:51:51.659+0000] {logging_mixin.py:151} INFO - [2025-03-15T17:51:51.658+0000] {dagbag.py:536} INFO - Filling up the DagBag from /opt/airflow/dags/clean_tables.py
[2025-03-15T17:51:51.680+0000] {processor.py:839} INFO - DAG(s) dict_keys(['clean_tables_dag']) retrieved from /opt/airflow/dags/clean_tables.py
[2025-03-15T17:51:51.705+0000] {logging_mixin.py:151} INFO - [2025-03-15T17:51:51.704+0000] {dag.py:2941} INFO - Sync 1 DAGs
[2025-03-15T17:51:51.730+0000] {logging_mixin.py:151} INFO - [2025-03-15T17:51:51.730+0000] {dag.py:3722} INFO - Setting next_dagrun for clean_tables_dag to 2025-03-10T00:00:00+00:00, run_after=2025-03-10T00:00:00+00:00
[2025-03-15T17:51:51.748+0000] {processor.py:179} INFO - Processing /opt/airflow/dags/clean_tables.py took 0.094 seconds
[2025-03-15T17:52:21.969+0000] {processor.py:157} INFO - Started process (PID=528) to work on /opt/airflow/dags/clean_tables.py
[2025-03-15T17:52:21.970+0000] {processor.py:829} INFO - Processing file /opt/airflow/dags/clean_tables.py for tasks to queue
[2025-03-15T17:52:21.971+0000] {logging_mixin.py:151} INFO - [2025-03-15T17:52:21.970+0000] {dagbag.py:536} INFO - Filling up the DagBag from /opt/airflow/dags/clean_tables.py
[2025-03-15T17:52:21.991+0000] {processor.py:839} INFO - DAG(s) dict_keys(['clean_tables_dag']) retrieved from /opt/airflow/dags/clean_tables.py
[2025-03-15T17:52:22.016+0000] {logging_mixin.py:151} INFO - [2025-03-15T17:52:22.016+0000] {dag.py:2941} INFO - Sync 1 DAGs
[2025-03-15T17:52:22.036+0000] {logging_mixin.py:151} INFO - [2025-03-15T17:52:22.035+0000] {dag.py:3722} INFO - Setting next_dagrun for clean_tables_dag to 2025-03-10T00:00:00+00:00, run_after=2025-03-10T00:00:00+00:00
[2025-03-15T17:52:22.052+0000] {processor.py:179} INFO - Processing /opt/airflow/dags/clean_tables.py took 0.086 seconds
[2025-03-15T17:52:52.266+0000] {processor.py:157} INFO - Started process (PID=539) to work on /opt/airflow/dags/clean_tables.py
[2025-03-15T17:52:52.267+0000] {processor.py:829} INFO - Processing file /opt/airflow/dags/clean_tables.py for tasks to queue
[2025-03-15T17:52:52.268+0000] {logging_mixin.py:151} INFO - [2025-03-15T17:52:52.268+0000] {dagbag.py:536} INFO - Filling up the DagBag from /opt/airflow/dags/clean_tables.py
[2025-03-15T17:52:52.288+0000] {processor.py:839} INFO - DAG(s) dict_keys(['clean_tables_dag']) retrieved from /opt/airflow/dags/clean_tables.py
[2025-03-15T17:52:52.317+0000] {logging_mixin.py:151} INFO - [2025-03-15T17:52:52.317+0000] {dag.py:2941} INFO - Sync 1 DAGs
[2025-03-15T17:52:52.336+0000] {logging_mixin.py:151} INFO - [2025-03-15T17:52:52.336+0000] {dag.py:3722} INFO - Setting next_dagrun for clean_tables_dag to 2025-03-10T00:00:00+00:00, run_after=2025-03-10T00:00:00+00:00
[2025-03-15T17:52:52.353+0000] {processor.py:179} INFO - Processing /opt/airflow/dags/clean_tables.py took 0.090 seconds
[2025-03-15T17:53:22.572+0000] {processor.py:157} INFO - Started process (PID=550) to work on /opt/airflow/dags/clean_tables.py
[2025-03-15T17:53:22.573+0000] {processor.py:829} INFO - Processing file /opt/airflow/dags/clean_tables.py for tasks to queue
[2025-03-15T17:53:22.575+0000] {logging_mixin.py:151} INFO - [2025-03-15T17:53:22.574+0000] {dagbag.py:536} INFO - Filling up the DagBag from /opt/airflow/dags/clean_tables.py
[2025-03-15T17:53:22.598+0000] {processor.py:839} INFO - DAG(s) dict_keys(['clean_tables_dag']) retrieved from /opt/airflow/dags/clean_tables.py
[2025-03-15T17:53:22.623+0000] {logging_mixin.py:151} INFO - [2025-03-15T17:53:22.623+0000] {dag.py:2941} INFO - Sync 1 DAGs
[2025-03-15T17:53:22.644+0000] {logging_mixin.py:151} INFO - [2025-03-15T17:53:22.643+0000] {dag.py:3722} INFO - Setting next_dagrun for clean_tables_dag to 2025-03-10T00:00:00+00:00, run_after=2025-03-10T00:00:00+00:00
[2025-03-15T17:53:22.660+0000] {processor.py:179} INFO - Processing /opt/airflow/dags/clean_tables.py took 0.091 seconds
[2025-03-15T17:53:52.903+0000] {processor.py:157} INFO - Started process (PID=561) to work on /opt/airflow/dags/clean_tables.py
[2025-03-15T17:53:52.904+0000] {processor.py:829} INFO - Processing file /opt/airflow/dags/clean_tables.py for tasks to queue
[2025-03-15T17:53:52.905+0000] {logging_mixin.py:151} INFO - [2025-03-15T17:53:52.904+0000] {dagbag.py:536} INFO - Filling up the DagBag from /opt/airflow/dags/clean_tables.py
[2025-03-15T17:53:52.940+0000] {processor.py:839} INFO - DAG(s) dict_keys(['clean_tables_dag']) retrieved from /opt/airflow/dags/clean_tables.py
[2025-03-15T17:53:52.971+0000] {logging_mixin.py:151} INFO - [2025-03-15T17:53:52.971+0000] {dag.py:2941} INFO - Sync 1 DAGs
[2025-03-15T17:53:52.992+0000] {logging_mixin.py:151} INFO - [2025-03-15T17:53:52.992+0000] {dag.py:3722} INFO - Setting next_dagrun for clean_tables_dag to 2025-03-10T00:00:00+00:00, run_after=2025-03-10T00:00:00+00:00
[2025-03-15T17:53:53.008+0000] {processor.py:179} INFO - Processing /opt/airflow/dags/clean_tables.py took 0.113 seconds
[2025-03-15T17:54:23.244+0000] {processor.py:157} INFO - Started process (PID=572) to work on /opt/airflow/dags/clean_tables.py
[2025-03-15T17:54:23.245+0000] {processor.py:829} INFO - Processing file /opt/airflow/dags/clean_tables.py for tasks to queue
[2025-03-15T17:54:23.247+0000] {logging_mixin.py:151} INFO - [2025-03-15T17:54:23.246+0000] {dagbag.py:536} INFO - Filling up the DagBag from /opt/airflow/dags/clean_tables.py
[2025-03-15T17:54:23.271+0000] {processor.py:839} INFO - DAG(s) dict_keys(['clean_tables_dag']) retrieved from /opt/airflow/dags/clean_tables.py
[2025-03-15T17:54:23.309+0000] {logging_mixin.py:151} INFO - [2025-03-15T17:54:23.309+0000] {dag.py:2941} INFO - Sync 1 DAGs
[2025-03-15T17:54:23.331+0000] {logging_mixin.py:151} INFO - [2025-03-15T17:54:23.331+0000] {dag.py:3722} INFO - Setting next_dagrun for clean_tables_dag to 2025-03-10T00:00:00+00:00, run_after=2025-03-10T00:00:00+00:00
[2025-03-15T17:54:23.354+0000] {processor.py:179} INFO - Processing /opt/airflow/dags/clean_tables.py took 0.114 seconds
[2025-03-15T17:54:53.573+0000] {processor.py:157} INFO - Started process (PID=583) to work on /opt/airflow/dags/clean_tables.py
[2025-03-15T17:54:53.574+0000] {processor.py:829} INFO - Processing file /opt/airflow/dags/clean_tables.py for tasks to queue
[2025-03-15T17:54:53.575+0000] {logging_mixin.py:151} INFO - [2025-03-15T17:54:53.575+0000] {dagbag.py:536} INFO - Filling up the DagBag from /opt/airflow/dags/clean_tables.py
[2025-03-15T17:54:53.597+0000] {processor.py:839} INFO - DAG(s) dict_keys(['clean_tables_dag']) retrieved from /opt/airflow/dags/clean_tables.py
[2025-03-15T17:54:53.622+0000] {logging_mixin.py:151} INFO - [2025-03-15T17:54:53.621+0000] {dag.py:2941} INFO - Sync 1 DAGs
[2025-03-15T17:54:53.643+0000] {logging_mixin.py:151} INFO - [2025-03-15T17:54:53.642+0000] {dag.py:3722} INFO - Setting next_dagrun for clean_tables_dag to 2025-03-10T00:00:00+00:00, run_after=2025-03-10T00:00:00+00:00
[2025-03-15T17:54:53.661+0000] {processor.py:179} INFO - Processing /opt/airflow/dags/clean_tables.py took 0.091 seconds
[2025-03-15T17:55:23.913+0000] {processor.py:157} INFO - Started process (PID=594) to work on /opt/airflow/dags/clean_tables.py
[2025-03-15T17:55:23.914+0000] {processor.py:829} INFO - Processing file /opt/airflow/dags/clean_tables.py for tasks to queue
[2025-03-15T17:55:23.916+0000] {logging_mixin.py:151} INFO - [2025-03-15T17:55:23.915+0000] {dagbag.py:536} INFO - Filling up the DagBag from /opt/airflow/dags/clean_tables.py
[2025-03-15T17:55:23.938+0000] {processor.py:839} INFO - DAG(s) dict_keys(['clean_tables_dag']) retrieved from /opt/airflow/dags/clean_tables.py
[2025-03-15T17:55:23.970+0000] {logging_mixin.py:151} INFO - [2025-03-15T17:55:23.970+0000] {dag.py:2941} INFO - Sync 1 DAGs
[2025-03-15T17:55:23.994+0000] {logging_mixin.py:151} INFO - [2025-03-15T17:55:23.994+0000] {dag.py:3722} INFO - Setting next_dagrun for clean_tables_dag to 2025-03-10T00:00:00+00:00, run_after=2025-03-10T00:00:00+00:00
[2025-03-15T17:55:24.021+0000] {processor.py:179} INFO - Processing /opt/airflow/dags/clean_tables.py took 0.114 seconds
