[2025-06-07T13:30:19.536+0000] {taskinstance.py:1159} INFO - Dependencies all met for dep_context=non-requeueable deps ti=<TaskInstance: Airflow_ETL_DAG.create_tables scheduled__2025-03-10T00:00:00+00:00 [queued]>
[2025-06-07T13:30:19.545+0000] {taskinstance.py:1159} INFO - Dependencies all met for dep_context=requeueable deps ti=<TaskInstance: Airflow_ETL_DAG.create_tables scheduled__2025-03-10T00:00:00+00:00 [queued]>
[2025-06-07T13:30:19.546+0000] {taskinstance.py:1361} INFO - Starting attempt 1 of 2
[2025-06-07T13:30:19.603+0000] {taskinstance.py:1382} INFO - Executing <Task(PythonOperator): create_tables> on 2025-03-10 00:00:00+00:00
[2025-06-07T13:30:19.610+0000] {standard_task_runner.py:57} INFO - Started process 197 to run task
[2025-06-07T13:30:19.614+0000] {standard_task_runner.py:84} INFO - Running: ['airflow', 'tasks', 'run', 'Airflow_ETL_DAG', 'create_tables', 'scheduled__2025-03-10T00:00:00+00:00', '--job-id', '7', '--raw', '--subdir', 'DAGS_FOLDER/airflow_etl.py', '--cfg-path', '/tmp/tmpi_1fa4eh']
[2025-06-07T13:30:19.617+0000] {standard_task_runner.py:85} INFO - Job 7: Subtask create_tables
[2025-06-07T13:30:19.684+0000] {task_command.py:416} INFO - Running <TaskInstance: Airflow_ETL_DAG.create_tables scheduled__2025-03-10T00:00:00+00:00 [running]> on host 2d493ff3eb0a
[2025-06-07T13:30:19.862+0000] {taskinstance.py:1662} INFO - Exporting env vars: AIRFLOW_CTX_DAG_OWNER='airflow' AIRFLOW_CTX_DAG_ID='Airflow_ETL_DAG' AIRFLOW_CTX_TASK_ID='create_tables' AIRFLOW_CTX_EXECUTION_DATE='2025-03-10T00:00:00+00:00' AIRFLOW_CTX_TRY_NUMBER='1' AIRFLOW_CTX_DAG_RUN_ID='scheduled__2025-03-10T00:00:00+00:00'
[2025-06-07T13:30:19.877+0000] {logging_mixin.py:151} INFO - Erreur lors de l'exécution de la commande SQL: 'Connection' object has no attribute 'commit'
[2025-06-07T13:30:19.877+0000] {logging_mixin.py:151} INFO - Commande: CREATE SCHEMA IF NOT EXISTS pandemics;
[2025-06-07T13:30:19.879+0000] {logging_mixin.py:151} INFO - Erreur lors de l'exécution de la commande SQL: 'Connection' object has no attribute 'commit'
[2025-06-07T13:30:19.880+0000] {logging_mixin.py:151} INFO - Commande: 
        CREATE TABLE IF NOT EXISTS pandemics.location
        (
            id
            SERIAL
            PRIMARY
            KEY,
            name
            VARCHAR
        (
            45
        ) NOT NULL,
            iso_code VARCHAR
        (
            45
        )
            );
        
[2025-06-07T13:30:19.881+0000] {logging_mixin.py:151} INFO - Erreur lors de l'exécution de la commande SQL: 'Connection' object has no attribute 'commit'
[2025-06-07T13:30:19.881+0000] {logging_mixin.py:151} INFO - Commande: 
        CREATE TABLE IF NOT EXISTS pandemics.virus
        (
            id
            INT
            PRIMARY
            KEY,
            name
            VARCHAR
        (
            45
        ) NOT NULL
            );
        
[2025-06-07T13:30:19.883+0000] {logging_mixin.py:151} INFO - Erreur lors de l'exécution de la commande SQL: 'Connection' object has no attribute 'commit'
[2025-06-07T13:30:19.884+0000] {logging_mixin.py:151} INFO - Commande: 
        CREATE TABLE IF NOT EXISTS pandemics.worldmeter
        (
            id
            SERIAL,
            date
            DATE,
            total_cases
            BIGINT,
            total_deaths
            BIGINT,
            new_cases
            BIGINT,
            new_deaths
            BIGINT,
            new_cases_smoothed
            NUMERIC,
            new_deaths_smoothed
            NUMERIC,
            new_cases_per_million
            NUMERIC,
            total_cases_per_million
            NUMERIC,
            new_cases_smoothed_per_million
            NUMERIC,
            new_deaths_per_million
            NUMERIC,
            total_deaths_per_million
            NUMERIC,
            new_deaths_smoothed_per_million
            NUMERIC,
            location_id
            INT
            NOT
            NULL,
            virus_id
            INT
            NOT
            NULL,
            PRIMARY
            KEY
        (
            id
        ),
            CONSTRAINT unique_date_location_virus UNIQUE
        (
            date,
            location_id,
            virus_id
        ),
            CONSTRAINT fk_worldmeter_location
            FOREIGN KEY
        (
            location_id
        )
            REFERENCES pandemics.location
        (
            id
        )
            ON DELETE NO ACTION
            ON UPDATE NO ACTION,
            CONSTRAINT fk_worldmeter_virus
            FOREIGN KEY
        (
            virus_id
        )
            REFERENCES pandemics.virus
        (
            id
        )
            ON DELETE NO ACTION
            ON UPDATE NO ACTION
            );
        
[2025-06-07T13:30:19.884+0000] {logging_mixin.py:151} INFO - Création des tables terminée.
[2025-06-07T13:30:19.885+0000] {python.py:194} INFO - Done. Returned value was: None
[2025-06-07T13:30:19.896+0000] {taskinstance.py:1400} INFO - Marking task as SUCCESS. dag_id=Airflow_ETL_DAG, task_id=create_tables, execution_date=20250310T000000, start_date=20250607T133019, end_date=20250607T133019
[2025-06-07T13:30:19.948+0000] {local_task_job_runner.py:228} INFO - Task exited with return code 0
[2025-06-07T13:30:19.979+0000] {taskinstance.py:2778} INFO - 1 downstream tasks scheduled from follow-on schedule check
