[2025-04-28T06:45:24.466+0000] {taskinstance.py:1159} INFO - Dependencies all met for dep_context=non-requeueable deps ti=<TaskInstance: Airflow_ETL_DAG.insert_locations scheduled__2025-03-10T00:00:00+00:00 [queued]>
[2025-04-28T06:45:24.476+0000] {taskinstance.py:1159} INFO - Dependencies all met for dep_context=requeueable deps ti=<TaskInstance: Airflow_ETL_DAG.insert_locations scheduled__2025-03-10T00:00:00+00:00 [queued]>
[2025-04-28T06:45:24.476+0000] {taskinstance.py:1361} INFO - Starting attempt 1 of 2
[2025-04-28T06:45:24.494+0000] {taskinstance.py:1382} INFO - Executing <Task(PythonOperator): insert_locations> on 2025-03-10 00:00:00+00:00
[2025-04-28T06:45:24.503+0000] {standard_task_runner.py:57} INFO - Started process 363 to run task
[2025-04-28T06:45:24.509+0000] {standard_task_runner.py:84} INFO - Running: ['airflow', 'tasks', 'run', 'Airflow_ETL_DAG', 'insert_locations', 'scheduled__2025-03-10T00:00:00+00:00', '--job-id', '3', '--raw', '--subdir', 'DAGS_FOLDER/airflow_etl.py', '--cfg-path', '/tmp/tmpo5jyuk7d']
[2025-04-28T06:45:24.512+0000] {standard_task_runner.py:85} INFO - Job 3: Subtask insert_locations
[2025-04-28T06:45:24.613+0000] {task_command.py:416} INFO - Running <TaskInstance: Airflow_ETL_DAG.insert_locations scheduled__2025-03-10T00:00:00+00:00 [running]> on host 77b690a9fde8
[2025-04-28T06:45:24.767+0000] {taskinstance.py:1662} INFO - Exporting env vars: AIRFLOW_CTX_DAG_OWNER='airflow' AIRFLOW_CTX_DAG_ID='Airflow_ETL_DAG' AIRFLOW_CTX_TASK_ID='insert_locations' AIRFLOW_CTX_EXECUTION_DATE='2025-03-10T00:00:00+00:00' AIRFLOW_CTX_TRY_NUMBER='1' AIRFLOW_CTX_DAG_RUN_ID='scheduled__2025-03-10T00:00:00+00:00'
[2025-04-28T06:45:25.810+0000] {logging_mixin.py:151} INFO - Insertion des locations terminée.
[2025-04-28T06:45:25.814+0000] {python.py:194} INFO - Done. Returned value was: None
[2025-04-28T06:45:25.835+0000] {taskinstance.py:1400} INFO - Marking task as SUCCESS. dag_id=Airflow_ETL_DAG, task_id=insert_locations, execution_date=20250310T000000, start_date=20250428T064524, end_date=20250428T064525
[2025-04-28T06:45:25.933+0000] {local_task_job_runner.py:228} INFO - Task exited with return code 0
[2025-04-28T06:45:25.982+0000] {taskinstance.py:2778} INFO - 1 downstream tasks scheduled from follow-on schedule check
[2025-05-03T07:22:07.995+0000] {logging_mixin.py:151} INFO - Changing /opt/airflow/logs/dag_id=Airflow_ETL_DAG/run_id=scheduled__2025-03-10T00:00:00+00:00/task_id=insert_locations permission to 509
[2025-05-03T07:22:07.996+0000] {logging_mixin.py:151} INFO - Failed to change /opt/airflow/logs/dag_id=Airflow_ETL_DAG/run_id=scheduled__2025-03-10T00:00:00+00:00/task_id=insert_locations permission to 509: [Errno 1] Operation not permitted: '/opt/airflow/logs/dag_id=Airflow_ETL_DAG/run_id=scheduled__2025-03-10T00:00:00+00:00/task_id=insert_locations'
[2025-05-03T07:22:08.036+0000] {logging_mixin.py:151} INFO - Changing /opt/airflow/logs/dag_id=Airflow_ETL_DAG/run_id=scheduled__2025-03-10T00:00:00+00:00/task_id=insert_locations permission to 509
[2025-05-03T07:22:08.036+0000] {logging_mixin.py:151} INFO - Failed to change /opt/airflow/logs/dag_id=Airflow_ETL_DAG/run_id=scheduled__2025-03-10T00:00:00+00:00/task_id=insert_locations permission to 509: [Errno 1] Operation not permitted: '/opt/airflow/logs/dag_id=Airflow_ETL_DAG/run_id=scheduled__2025-03-10T00:00:00+00:00/task_id=insert_locations'
[2025-05-03T07:22:08.080+0000] {taskinstance.py:1159} INFO - Dependencies all met for dep_context=non-requeueable deps ti=<TaskInstance: Airflow_ETL_DAG.insert_locations scheduled__2025-03-10T00:00:00+00:00 [queued]>
[2025-05-03T07:22:08.090+0000] {taskinstance.py:1159} INFO - Dependencies all met for dep_context=requeueable deps ti=<TaskInstance: Airflow_ETL_DAG.insert_locations scheduled__2025-03-10T00:00:00+00:00 [queued]>
[2025-05-03T07:22:08.091+0000] {taskinstance.py:1361} INFO - Starting attempt 1 of 2
[2025-05-03T07:22:08.103+0000] {taskinstance.py:1382} INFO - Executing <Task(PythonOperator): insert_locations> on 2025-03-10 00:00:00+00:00
[2025-05-03T07:22:08.110+0000] {standard_task_runner.py:57} INFO - Started process 250 to run task
[2025-05-03T07:22:08.113+0000] {standard_task_runner.py:84} INFO - Running: ['airflow', 'tasks', 'run', 'Airflow_ETL_DAG', 'insert_locations', 'scheduled__2025-03-10T00:00:00+00:00', '--job-id', '2', '--raw', '--subdir', 'DAGS_FOLDER/airflow_etl.py', '--cfg-path', '/tmp/tmpooi0r1bk']
[2025-05-03T07:22:08.116+0000] {standard_task_runner.py:85} INFO - Job 2: Subtask insert_locations
[2025-05-03T07:22:08.174+0000] {logging_mixin.py:151} INFO - Changing /opt/airflow/logs/dag_id=Airflow_ETL_DAG/run_id=scheduled__2025-03-10T00:00:00+00:00/task_id=insert_locations permission to 509
[2025-05-03T07:22:08.175+0000] {logging_mixin.py:151} INFO - Failed to change /opt/airflow/logs/dag_id=Airflow_ETL_DAG/run_id=scheduled__2025-03-10T00:00:00+00:00/task_id=insert_locations permission to 509: [Errno 1] Operation not permitted: '/opt/airflow/logs/dag_id=Airflow_ETL_DAG/run_id=scheduled__2025-03-10T00:00:00+00:00/task_id=insert_locations'
[2025-05-03T07:22:08.176+0000] {task_command.py:416} INFO - Running <TaskInstance: Airflow_ETL_DAG.insert_locations scheduled__2025-03-10T00:00:00+00:00 [running]> on host f2b491f5d506
[2025-05-03T07:22:08.259+0000] {taskinstance.py:1662} INFO - Exporting env vars: AIRFLOW_CTX_DAG_OWNER='airflow' AIRFLOW_CTX_DAG_ID='Airflow_ETL_DAG' AIRFLOW_CTX_TASK_ID='insert_locations' AIRFLOW_CTX_EXECUTION_DATE='2025-03-10T00:00:00+00:00' AIRFLOW_CTX_TRY_NUMBER='1' AIRFLOW_CTX_DAG_RUN_ID='scheduled__2025-03-10T00:00:00+00:00'
[2025-05-03T07:22:08.948+0000] {logging_mixin.py:151} INFO - Insertion des locations terminée.
[2025-05-03T07:22:08.951+0000] {python.py:194} INFO - Done. Returned value was: None
[2025-05-03T07:22:08.963+0000] {taskinstance.py:1400} INFO - Marking task as SUCCESS. dag_id=Airflow_ETL_DAG, task_id=insert_locations, execution_date=20250310T000000, start_date=20250503T072208, end_date=20250503T072208
[2025-05-03T07:22:09.009+0000] {local_task_job_runner.py:228} INFO - Task exited with return code 0
[2025-05-03T07:22:09.034+0000] {taskinstance.py:2778} INFO - 1 downstream tasks scheduled from follow-on schedule check
