[2025-06-23T12:40:08.253+0000] {taskinstance.py:1159} INFO - Dependencies all met for dep_context=non-requeueable deps ti=<TaskInstance: Airflow_ETL_DAG_with_Population.insert_locations_with_population manual__2025-06-23T12:32:08.445187+00:00 [queued]>
[2025-06-23T12:40:08.261+0000] {taskinstance.py:1159} INFO - Dependencies all met for dep_context=requeueable deps ti=<TaskInstance: Airflow_ETL_DAG_with_Population.insert_locations_with_population manual__2025-06-23T12:32:08.445187+00:00 [queued]>
[2025-06-23T12:40:08.262+0000] {taskinstance.py:1361} INFO - Starting attempt 3 of 4
[2025-06-23T12:40:08.279+0000] {taskinstance.py:1382} INFO - Executing <Task(PythonOperator): insert_locations_with_population> on 2025-06-23 12:32:08.445187+00:00
[2025-06-23T12:40:08.307+0000] {standard_task_runner.py:57} INFO - Started process 432 to run task
[2025-06-23T12:40:08.311+0000] {standard_task_runner.py:84} INFO - Running: ['airflow', 'tasks', 'run', 'Airflow_ETL_DAG_with_Population', 'insert_locations_with_population', 'manual__2025-06-23T12:32:08.445187+00:00', '--job-id', '14', '--raw', '--subdir', 'DAGS_FOLDER/airflow_etl.py', '--cfg-path', '/tmp/tmpb78z8zh5']
[2025-06-23T12:40:08.314+0000] {standard_task_runner.py:85} INFO - Job 14: Subtask insert_locations_with_population
[2025-06-23T12:40:08.394+0000] {task_command.py:416} INFO - Running <TaskInstance: Airflow_ETL_DAG_with_Population.insert_locations_with_population manual__2025-06-23T12:32:08.445187+00:00 [running]> on host efd474e5dada
[2025-06-23T12:40:08.509+0000] {taskinstance.py:1662} INFO - Exporting env vars: AIRFLOW_CTX_DAG_OWNER='airflow' AIRFLOW_CTX_DAG_ID='Airflow_ETL_DAG_with_Population' AIRFLOW_CTX_TASK_ID='insert_locations_with_population' AIRFLOW_CTX_EXECUTION_DATE='2025-06-23T12:32:08.445187+00:00' AIRFLOW_CTX_TRY_NUMBER='3' AIRFLOW_CTX_DAG_RUN_ID='manual__2025-06-23T12:32:08.445187+00:00'
[2025-06-23T12:40:08.778+0000] {logging_mixin.py:151} INFO - Table utilisée: pandemics.location
[2025-06-23T12:40:09.050+0000] {logging_mixin.py:151} INFO - Données de population chargées: 238 pays
[2025-06-23T12:40:09.073+0000] {logging_mixin.py:151} INFO - Mis à jour population pour: Africa
[2025-06-23T12:40:09.075+0000] {logging_mixin.py:151} INFO - Mis à jour population pour: Andorra
[2025-06-23T12:40:09.077+0000] {logging_mixin.py:151} INFO - Mis à jour population pour: Argentina
[2025-06-23T12:40:09.079+0000] {logging_mixin.py:151} INFO - Mis à jour population pour: Aruba
[2025-06-23T12:40:09.081+0000] {logging_mixin.py:151} INFO - Mis à jour population pour: Asia
[2025-06-23T12:40:09.083+0000] {logging_mixin.py:151} INFO - Mis à jour population pour: Australia
[2025-06-23T12:40:09.085+0000] {logging_mixin.py:151} INFO - Mis à jour population pour: Austria
[2025-06-23T12:40:09.087+0000] {logging_mixin.py:151} INFO - Mis à jour population pour: Bahamas
[2025-06-23T12:40:09.089+0000] {logging_mixin.py:151} INFO - Mis à jour population pour: Bahrain
[2025-06-23T12:40:09.091+0000] {logging_mixin.py:151} INFO - Mis à jour population pour: Barbados
[2025-06-23T12:40:09.092+0000] {logging_mixin.py:151} INFO - Mis à jour population pour: Belgium
[2025-06-23T12:40:09.094+0000] {logging_mixin.py:151} INFO - Mis à jour population pour: Benin
[2025-06-23T12:40:09.096+0000] {logging_mixin.py:151} INFO - Mis à jour population pour: Bermuda
[2025-06-23T12:40:09.098+0000] {logging_mixin.py:151} INFO - Mis à jour population pour: Bolivia
[2025-06-23T12:40:09.100+0000] {logging_mixin.py:151} INFO - Mis à jour population pour: Bosnia and Herzegovina
[2025-06-23T12:40:09.102+0000] {logging_mixin.py:151} INFO - Mis à jour population pour: Brazil
[2025-06-23T12:40:09.104+0000] {logging_mixin.py:151} INFO - Mis à jour population pour: Bulgaria
[2025-06-23T12:40:09.105+0000] {logging_mixin.py:151} INFO - Mis à jour population pour: Cameroon
[2025-06-23T12:40:09.107+0000] {logging_mixin.py:151} INFO - Mis à jour population pour: Canada
[2025-06-23T12:40:09.108+0000] {logging_mixin.py:151} INFO - Mis à jour population pour: Central African Republic
[2025-06-23T12:40:09.110+0000] {logging_mixin.py:151} INFO - Mis à jour population pour: Chile
[2025-06-23T12:40:09.112+0000] {logging_mixin.py:151} INFO - Mis à jour population pour: China
[2025-06-23T12:40:09.113+0000] {logging_mixin.py:151} INFO - Mis à jour population pour: Colombia
[2025-06-23T12:40:09.116+0000] {logging_mixin.py:151} INFO - Mis à jour population pour: Congo
[2025-06-23T12:40:09.119+0000] {logging_mixin.py:151} INFO - Mis à jour population pour: Costa Rica
[2025-06-23T12:40:09.120+0000] {logging_mixin.py:151} INFO - Mis à jour population pour: Croatia
[2025-06-23T12:40:09.122+0000] {logging_mixin.py:151} INFO - Mis à jour population pour: Cuba
[2025-06-23T12:40:09.124+0000] {logging_mixin.py:151} INFO - Mis à jour population pour: Curacao
[2025-06-23T12:40:09.126+0000] {logging_mixin.py:151} INFO - Mis à jour population pour: Cyprus
[2025-06-23T12:40:09.127+0000] {logging_mixin.py:151} INFO - Mis à jour population pour: Czechia
[2025-06-23T12:40:09.129+0000] {logging_mixin.py:151} INFO - Mis à jour population pour: Democratic Republic of Congo
[2025-06-23T12:40:09.131+0000] {logging_mixin.py:151} INFO - Mis à jour population pour: Denmark
[2025-06-23T12:40:09.133+0000] {logging_mixin.py:151} INFO - Mis à jour population pour: Dominican Republic
[2025-06-23T12:40:09.136+0000] {logging_mixin.py:151} INFO - Mis à jour population pour: Ecuador
[2025-06-23T12:40:09.137+0000] {logging_mixin.py:151} INFO - Mis à jour population pour: Egypt
[2025-06-23T12:40:09.139+0000] {logging_mixin.py:151} INFO - Mis à jour population pour: El Salvador
[2025-06-23T12:40:09.140+0000] {logging_mixin.py:151} INFO - Mis à jour population pour: Estonia
[2025-06-23T12:40:09.142+0000] {logging_mixin.py:151} INFO - Mis à jour population pour: Europe
[2025-06-23T12:40:09.144+0000] {logging_mixin.py:151} INFO - Mis à jour population pour: Finland
[2025-06-23T12:40:09.145+0000] {logging_mixin.py:151} INFO - Mis à jour population pour: France
[2025-06-23T12:40:09.148+0000] {logging_mixin.py:151} INFO - Mis à jour population pour: Georgia
[2025-06-23T12:40:09.150+0000] {logging_mixin.py:151} INFO - Mis à jour population pour: Germany
[2025-06-23T12:40:09.152+0000] {logging_mixin.py:151} INFO - Mis à jour population pour: Ghana
[2025-06-23T12:40:09.154+0000] {logging_mixin.py:151} INFO - Mis à jour population pour: Gibraltar
[2025-06-23T12:40:09.157+0000] {logging_mixin.py:151} INFO - Mis à jour population pour: Greece
[2025-06-23T12:40:09.158+0000] {logging_mixin.py:151} INFO - Mis à jour population pour: Greenland
[2025-06-23T12:40:09.160+0000] {logging_mixin.py:151} INFO - Mis à jour population pour: Guadeloupe
[2025-06-23T12:40:09.162+0000] {logging_mixin.py:151} INFO - Mis à jour population pour: Guam
[2025-06-23T12:40:09.165+0000] {logging_mixin.py:151} INFO - Mis à jour population pour: Guatemala
[2025-06-23T12:40:09.167+0000] {logging_mixin.py:151} INFO - Mis à jour population pour: Guyana
[2025-06-23T12:40:09.169+0000] {logging_mixin.py:151} INFO - Mis à jour population pour: Honduras
[2025-06-23T12:40:09.171+0000] {logging_mixin.py:151} INFO - Mis à jour population pour: Hungary
[2025-06-23T12:40:09.173+0000] {logging_mixin.py:151} INFO - Mis à jour population pour: Iceland
[2025-06-23T12:40:09.175+0000] {logging_mixin.py:151} INFO - Mis à jour population pour: India
[2025-06-23T12:40:09.177+0000] {logging_mixin.py:151} INFO - Mis à jour population pour: Indonesia
[2025-06-23T12:40:09.179+0000] {logging_mixin.py:151} INFO - Mis à jour population pour: Iran
[2025-06-23T12:40:09.182+0000] {logging_mixin.py:151} INFO - Mis à jour population pour: Ireland
[2025-06-23T12:40:09.185+0000] {logging_mixin.py:151} INFO - Mis à jour population pour: Israel
[2025-06-23T12:40:09.187+0000] {logging_mixin.py:151} INFO - Mis à jour population pour: Italy
[2025-06-23T12:40:09.189+0000] {logging_mixin.py:151} INFO - Mis à jour population pour: Jamaica
[2025-06-23T12:40:09.191+0000] {logging_mixin.py:151} INFO - Mis à jour population pour: Japan
[2025-06-23T12:40:09.193+0000] {logging_mixin.py:151} INFO - Mis à jour population pour: Jordan
[2025-06-23T12:40:09.195+0000] {logging_mixin.py:151} INFO - Mis à jour population pour: Latvia
[2025-06-23T12:40:09.197+0000] {logging_mixin.py:151} INFO - Mis à jour population pour: Lebanon
[2025-06-23T12:40:09.200+0000] {logging_mixin.py:151} INFO - Mis à jour population pour: Liberia
[2025-06-23T12:40:09.202+0000] {logging_mixin.py:151} INFO - Mis à jour population pour: Lithuania
[2025-06-23T12:40:09.204+0000] {logging_mixin.py:151} INFO - Mis à jour population pour: Luxembourg
[2025-06-23T12:40:09.206+0000] {logging_mixin.py:151} INFO - Mis à jour population pour: Malta
[2025-06-23T12:40:09.208+0000] {logging_mixin.py:151} INFO - Mis à jour population pour: Martinique
[2025-06-23T12:40:09.210+0000] {logging_mixin.py:151} INFO - Mis à jour population pour: Mexico
[2025-06-23T12:40:09.212+0000] {logging_mixin.py:151} INFO - Mis à jour population pour: Moldova
[2025-06-23T12:40:09.214+0000] {logging_mixin.py:151} INFO - Mis à jour population pour: Monaco
[2025-06-23T12:40:09.217+0000] {logging_mixin.py:151} INFO - Mis à jour population pour: Montenegro
[2025-06-23T12:40:09.219+0000] {logging_mixin.py:151} INFO - Mis à jour population pour: Morocco
[2025-06-23T12:40:09.221+0000] {logging_mixin.py:151} INFO - Mis à jour population pour: Mozambique
[2025-06-23T12:40:09.223+0000] {logging_mixin.py:151} INFO - Mis à jour population pour: Netherlands
[2025-06-23T12:40:09.225+0000] {logging_mixin.py:151} INFO - Mis à jour population pour: New Caledonia
[2025-06-23T12:40:09.227+0000] {logging_mixin.py:151} INFO - Mis à jour population pour: New Zealand
[2025-06-23T12:40:09.229+0000] {logging_mixin.py:151} INFO - Mis à jour population pour: Nigeria
[2025-06-23T12:40:09.231+0000] {logging_mixin.py:151} INFO - Mis à jour population pour: North America
[2025-06-23T12:40:09.234+0000] {logging_mixin.py:151} INFO - Mis à jour population pour: Norway
[2025-06-23T12:40:09.236+0000] {logging_mixin.py:151} INFO - Mis à jour population pour: Oceania
[2025-06-23T12:40:09.238+0000] {logging_mixin.py:151} INFO - Mis à jour population pour: Pakistan
[2025-06-23T12:40:09.240+0000] {logging_mixin.py:151} INFO - Mis à jour population pour: Panama
[2025-06-23T12:40:09.242+0000] {logging_mixin.py:151} INFO - Mis à jour population pour: Paraguay
[2025-06-23T12:40:09.244+0000] {logging_mixin.py:151} INFO - Mis à jour population pour: Peru
[2025-06-23T12:40:09.245+0000] {logging_mixin.py:151} INFO - Mis à jour population pour: Philippines
[2025-06-23T12:40:09.248+0000] {logging_mixin.py:151} INFO - Mis à jour population pour: Poland
[2025-06-23T12:40:09.250+0000] {logging_mixin.py:151} INFO - Mis à jour population pour: Portugal
[2025-06-23T12:40:09.252+0000] {logging_mixin.py:151} INFO - Mis à jour population pour: Puerto Rico
[2025-06-23T12:40:09.254+0000] {logging_mixin.py:151} INFO - Mis à jour population pour: Qatar
[2025-06-23T12:40:09.255+0000] {logging_mixin.py:151} INFO - Mis à jour population pour: Romania
[2025-06-23T12:40:09.258+0000] {logging_mixin.py:151} INFO - Mis à jour population pour: Russia
[2025-06-23T12:40:09.260+0000] {logging_mixin.py:151} INFO - Mis à jour population pour: Saint Martin (French part)
[2025-06-23T12:40:09.263+0000] {logging_mixin.py:151} INFO - Mis à jour population pour: San Marino
[2025-06-23T12:40:09.265+0000] {logging_mixin.py:151} INFO - Mis à jour population pour: Saudi Arabia
[2025-06-23T12:40:09.268+0000] {logging_mixin.py:151} INFO - Mis à jour population pour: Serbia
[2025-06-23T12:40:09.269+0000] {logging_mixin.py:151} INFO - Mis à jour population pour: Singapore
[2025-06-23T12:40:09.271+0000] {logging_mixin.py:151} INFO - Mis à jour population pour: Slovakia
[2025-06-23T12:40:09.273+0000] {logging_mixin.py:151} INFO - Mis à jour population pour: Slovenia
[2025-06-23T12:40:09.275+0000] {logging_mixin.py:151} INFO - Mis à jour population pour: South Africa
[2025-06-23T12:40:09.277+0000] {logging_mixin.py:151} INFO - Mis à jour population pour: South America
[2025-06-23T12:40:09.278+0000] {logging_mixin.py:151} INFO - Mis à jour population pour: South Korea
[2025-06-23T12:40:09.281+0000] {logging_mixin.py:151} INFO - Mis à jour population pour: Spain
[2025-06-23T12:40:09.284+0000] {logging_mixin.py:151} INFO - Mis à jour population pour: Sri Lanka
[2025-06-23T12:40:09.285+0000] {logging_mixin.py:151} INFO - Mis à jour population pour: Sudan
[2025-06-23T12:40:09.288+0000] {logging_mixin.py:151} INFO - Mis à jour population pour: Sweden
[2025-06-23T12:40:09.290+0000] {logging_mixin.py:151} INFO - Mis à jour population pour: Switzerland
[2025-06-23T12:40:09.291+0000] {logging_mixin.py:151} INFO - Mis à jour population pour: Thailand
[2025-06-23T12:40:09.293+0000] {logging_mixin.py:151} INFO - Mis à jour population pour: Turkey
[2025-06-23T12:40:09.295+0000] {logging_mixin.py:151} INFO - Mis à jour population pour: Ukraine
[2025-06-23T12:40:09.297+0000] {logging_mixin.py:151} INFO - Mis à jour population pour: United Arab Emirates
[2025-06-23T12:40:09.300+0000] {logging_mixin.py:151} INFO - Mis à jour population pour: United Kingdom
[2025-06-23T12:40:09.302+0000] {logging_mixin.py:151} INFO - Mis à jour population pour: United States
[2025-06-23T12:40:09.305+0000] {logging_mixin.py:151} INFO - Mis à jour population pour: Uruguay
[2025-06-23T12:40:09.307+0000] {logging_mixin.py:151} INFO - Mis à jour population pour: Venezuela
[2025-06-23T12:40:09.309+0000] {logging_mixin.py:151} INFO - Mis à jour population pour: Vietnam
[2025-06-23T12:40:09.311+0000] {logging_mixin.py:151} INFO - Mis à jour population pour: World
[2025-06-23T12:40:09.313+0000] {logging_mixin.py:151} INFO - Mis à jour population pour: Afghanistan
[2025-06-23T12:40:09.318+0000] {logging_mixin.py:151} INFO - Mis à jour population pour: Albania
[2025-06-23T12:40:09.320+0000] {logging_mixin.py:151} INFO - Mis à jour population pour: Algeria
[2025-06-23T12:40:09.322+0000] {logging_mixin.py:151} INFO - Mis à jour population pour: Angola
[2025-06-23T12:40:09.324+0000] {logging_mixin.py:151} INFO - Mis à jour population pour: Anguilla
[2025-06-23T12:40:09.326+0000] {logging_mixin.py:151} INFO - Mis à jour population pour: Antigua And Barbuda
[2025-06-23T12:40:09.327+0000] {logging_mixin.py:151} INFO - Mis à jour population pour: Armenia
[2025-06-23T12:40:09.330+0000] {logging_mixin.py:151} INFO - Mis à jour population pour: Azerbaijan
[2025-06-23T12:40:09.333+0000] {logging_mixin.py:151} INFO - Mis à jour population pour: Bangladesh
[2025-06-23T12:40:09.335+0000] {logging_mixin.py:151} INFO - Mis à jour population pour: Belarus
[2025-06-23T12:40:09.337+0000] {logging_mixin.py:151} INFO - Mis à jour population pour: Belize
[2025-06-23T12:40:09.339+0000] {logging_mixin.py:151} INFO - Mis à jour population pour: Bhutan
[2025-06-23T12:40:09.340+0000] {logging_mixin.py:151} INFO - Mis à jour population pour: Bosnia And Herzegovina
[2025-06-23T12:40:09.342+0000] {logging_mixin.py:151} INFO - Mis à jour population pour: Botswana
[2025-06-23T12:40:09.344+0000] {logging_mixin.py:151} INFO - Mis à jour population pour: British Virgin Islands
[2025-06-23T12:40:09.346+0000] {logging_mixin.py:151} INFO - Mis à jour population pour: Brunei Darussalam
[2025-06-23T12:40:09.348+0000] {logging_mixin.py:151} INFO - Mis à jour population pour: Burkina Faso
[2025-06-23T12:40:09.351+0000] {logging_mixin.py:151} INFO - Mis à jour population pour: Burundi
[2025-06-23T12:40:09.353+0000] {logging_mixin.py:151} INFO - Mis à jour population pour: Cabo Verde
[2025-06-23T12:40:09.355+0000] {logging_mixin.py:151} INFO - Mis à jour population pour: Cambodia
[2025-06-23T12:40:09.356+0000] {logging_mixin.py:151} INFO - Mis à jour population pour: Caribbean Netherlands
[2025-06-23T12:40:09.358+0000] {logging_mixin.py:151} INFO - Mis à jour population pour: Cayman Islands
[2025-06-23T12:40:09.360+0000] {logging_mixin.py:151} INFO - Mis à jour population pour: Chad
[2025-06-23T12:40:09.361+0000] {logging_mixin.py:151} INFO - Mis à jour population pour: Channel Islands
[2025-06-23T12:40:09.363+0000] {logging_mixin.py:151} INFO - Mis à jour population pour: China Hong Kong Sar
[2025-06-23T12:40:09.366+0000] {logging_mixin.py:151} INFO - Mis à jour population pour: China Macao Sar
[2025-06-23T12:40:09.368+0000] {logging_mixin.py:151} INFO - Mis à jour population pour: Comoros
[2025-06-23T12:40:09.370+0000] {logging_mixin.py:151} INFO - Mis à jour population pour: Cook Islands
[2025-06-23T12:40:09.372+0000] {logging_mixin.py:151} INFO - Mis à jour population pour: Cote D Ivoire
[2025-06-23T12:40:09.374+0000] {logging_mixin.py:151} INFO - Mis à jour population pour: Czech Republic
[2025-06-23T12:40:09.375+0000] {logging_mixin.py:151} INFO - Mis à jour population pour: Democratic Republic Of The Congo
[2025-06-23T12:40:09.377+0000] {logging_mixin.py:151} INFO - Mis à jour population pour: Djibouti
[2025-06-23T12:40:09.378+0000] {logging_mixin.py:151} INFO - Mis à jour population pour: Dominica
[2025-06-23T12:40:09.380+0000] {logging_mixin.py:151} INFO - Mis à jour population pour: Equatorial Guinea
[2025-06-23T12:40:09.383+0000] {logging_mixin.py:151} INFO - Mis à jour population pour: Eritrea
[2025-06-23T12:40:09.385+0000] {logging_mixin.py:151} INFO - Mis à jour population pour: Ethiopia
[2025-06-23T12:40:09.387+0000] {logging_mixin.py:151} INFO - Mis à jour population pour: Faeroe Islands
[2025-06-23T12:40:09.389+0000] {logging_mixin.py:151} INFO - Mis à jour population pour: Falkland Islands Malvinas
[2025-06-23T12:40:09.391+0000] {logging_mixin.py:151} INFO - Mis à jour population pour: Fiji
[2025-06-23T12:40:09.392+0000] {logging_mixin.py:151} INFO - Mis à jour population pour: French Guiana
[2025-06-23T12:40:09.394+0000] {logging_mixin.py:151} INFO - Mis à jour population pour: French Polynesia
[2025-06-23T12:40:09.395+0000] {logging_mixin.py:151} INFO - Mis à jour population pour: Gabon
[2025-06-23T12:40:09.397+0000] {logging_mixin.py:151} INFO - Mis à jour population pour: Gambia
[2025-06-23T12:40:09.400+0000] {logging_mixin.py:151} INFO - Mis à jour population pour: Grenada
[2025-06-23T12:40:09.402+0000] {logging_mixin.py:151} INFO - Mis à jour population pour: Guinea Bissau
[2025-06-23T12:40:09.403+0000] {logging_mixin.py:151} INFO - Mis à jour population pour: Guinea
[2025-06-23T12:40:09.405+0000] {logging_mixin.py:151} INFO - Mis à jour population pour: Haiti
[2025-06-23T12:40:09.407+0000] {logging_mixin.py:151} INFO - Mis à jour population pour: Holy See
[2025-06-23T12:40:09.408+0000] {logging_mixin.py:151} INFO - Mis à jour population pour: Iraq
[2025-06-23T12:40:09.410+0000] {logging_mixin.py:151} INFO - Mis à jour population pour: Isle Of Man
[2025-06-23T12:40:09.412+0000] {logging_mixin.py:151} INFO - Mis à jour population pour: Kazakhstan
[2025-06-23T12:40:09.414+0000] {logging_mixin.py:151} INFO - Mis à jour population pour: Kenya
[2025-06-23T12:40:09.416+0000] {logging_mixin.py:151} INFO - Mis à jour population pour: Kiribati
[2025-06-23T12:40:09.418+0000] {logging_mixin.py:151} INFO - Mis à jour population pour: Kuwait
[2025-06-23T12:40:09.420+0000] {logging_mixin.py:151} INFO - Mis à jour population pour: Kyrgyzstan
[2025-06-23T12:40:09.422+0000] {logging_mixin.py:151} INFO - Mis à jour population pour: Laos
[2025-06-23T12:40:09.423+0000] {logging_mixin.py:151} INFO - Mis à jour population pour: Lesotho
[2025-06-23T12:40:09.425+0000] {logging_mixin.py:151} INFO - Mis à jour population pour: Libya
[2025-06-23T12:40:09.427+0000] {logging_mixin.py:151} INFO - Mis à jour population pour: Liechtenstein
[2025-06-23T12:40:09.428+0000] {logging_mixin.py:151} INFO - Mis à jour population pour: Macedonia
[2025-06-23T12:40:09.431+0000] {logging_mixin.py:151} INFO - Mis à jour population pour: Madagascar
[2025-06-23T12:40:09.433+0000] {logging_mixin.py:151} INFO - Mis à jour population pour: Malawi
[2025-06-23T12:40:09.435+0000] {logging_mixin.py:151} INFO - Mis à jour population pour: Malaysia
[2025-06-23T12:40:09.437+0000] {logging_mixin.py:151} INFO - Mis à jour population pour: Maldives
[2025-06-23T12:40:09.439+0000] {logging_mixin.py:151} INFO - Mis à jour population pour: Mali
[2025-06-23T12:40:09.441+0000] {logging_mixin.py:151} INFO - Mis à jour population pour: Marshall Islands
[2025-06-23T12:40:09.443+0000] {logging_mixin.py:151} INFO - Mis à jour population pour: Mauritania
[2025-06-23T12:40:09.445+0000] {logging_mixin.py:151} INFO - Mis à jour population pour: Mauritius
[2025-06-23T12:40:09.447+0000] {logging_mixin.py:151} INFO - Mis à jour population pour: Mayotte
[2025-06-23T12:40:09.450+0000] {logging_mixin.py:151} INFO - Mis à jour population pour: Micronesia
[2025-06-23T12:40:09.452+0000] {logging_mixin.py:151} INFO - Mis à jour population pour: Mongolia
[2025-06-23T12:40:09.453+0000] {logging_mixin.py:151} INFO - Mis à jour population pour: Montserrat
[2025-06-23T12:40:09.455+0000] {logging_mixin.py:151} INFO - Mis à jour population pour: Myanmar
[2025-06-23T12:40:09.457+0000] {logging_mixin.py:151} INFO - Mis à jour population pour: Namibia
[2025-06-23T12:40:09.459+0000] {logging_mixin.py:151} INFO - Mis à jour population pour: Nauru
[2025-06-23T12:40:09.460+0000] {logging_mixin.py:151} INFO - Mis à jour population pour: Nepal
[2025-06-23T12:40:09.462+0000] {logging_mixin.py:151} INFO - Mis à jour population pour: Nicaragua
[2025-06-23T12:40:09.465+0000] {logging_mixin.py:151} INFO - Mis à jour population pour: Niger
[2025-06-23T12:40:09.467+0000] {logging_mixin.py:151} INFO - Mis à jour population pour: Niue
[2025-06-23T12:40:09.469+0000] {logging_mixin.py:151} INFO - Mis à jour population pour: Oman
[2025-06-23T12:40:09.471+0000] {logging_mixin.py:151} INFO - Mis à jour population pour: Palau
[2025-06-23T12:40:09.472+0000] {logging_mixin.py:151} INFO - Mis à jour population pour: Papua New Guinea
[2025-06-23T12:40:09.474+0000] {logging_mixin.py:151} INFO - Mis à jour population pour: Reunion
[2025-06-23T12:40:09.476+0000] {logging_mixin.py:151} INFO - Mis à jour population pour: Rwanda
[2025-06-23T12:40:09.478+0000] {logging_mixin.py:151} INFO - Mis à jour population pour: Saint Barthelemy
[2025-06-23T12:40:09.480+0000] {logging_mixin.py:151} INFO - Mis à jour population pour: Saint Helena
[2025-06-23T12:40:09.482+0000] {logging_mixin.py:151} INFO - Mis à jour population pour: Saint Kitts And Nevis
[2025-06-23T12:40:09.484+0000] {logging_mixin.py:151} INFO - Mis à jour population pour: Saint Lucia
[2025-06-23T12:40:09.486+0000] {logging_mixin.py:151} INFO - Mis à jour population pour: Saint Martin
[2025-06-23T12:40:09.488+0000] {logging_mixin.py:151} INFO - Mis à jour population pour: Saint Pierre And Miquelon
[2025-06-23T12:40:09.490+0000] {logging_mixin.py:151} INFO - Mis à jour population pour: Saint Vincent And The Grenadines
[2025-06-23T12:40:09.492+0000] {logging_mixin.py:151} INFO - Mis à jour population pour: Samoa
[2025-06-23T12:40:09.493+0000] {logging_mixin.py:151} INFO - Mis à jour population pour: Sao Tome And Principe
[2025-06-23T12:40:09.495+0000] {logging_mixin.py:151} INFO - Mis à jour population pour: Senegal
[2025-06-23T12:40:09.498+0000] {logging_mixin.py:151} INFO - Mis à jour population pour: Seychelles
[2025-06-23T12:40:09.500+0000] {logging_mixin.py:151} INFO - Mis à jour population pour: Sierra Leone
[2025-06-23T12:40:09.502+0000] {logging_mixin.py:151} INFO - Mis à jour population pour: Sint Maarten
[2025-06-23T12:40:09.504+0000] {logging_mixin.py:151} INFO - Mis à jour population pour: Solomon Islands
[2025-06-23T12:40:09.506+0000] {logging_mixin.py:151} INFO - Mis à jour population pour: Somalia
[2025-06-23T12:40:09.508+0000] {logging_mixin.py:151} INFO - Mis à jour population pour: South Sudan
[2025-06-23T12:40:09.510+0000] {logging_mixin.py:151} INFO - Mis à jour population pour: State Of Palestine
[2025-06-23T12:40:09.512+0000] {logging_mixin.py:151} INFO - Mis à jour population pour: Suriname
[2025-06-23T12:40:09.514+0000] {logging_mixin.py:151} INFO - Mis à jour population pour: Swaziland
[2025-06-23T12:40:09.516+0000] {logging_mixin.py:151} INFO - Mis à jour population pour: Syria
[2025-06-23T12:40:09.519+0000] {logging_mixin.py:151} INFO - Mis à jour population pour: Taiwan
[2025-06-23T12:40:09.521+0000] {logging_mixin.py:151} INFO - Mis à jour population pour: Tajikistan
[2025-06-23T12:40:09.523+0000] {logging_mixin.py:151} INFO - Mis à jour population pour: Tanzania
[2025-06-23T12:40:09.524+0000] {logging_mixin.py:151} INFO - Mis à jour population pour: Timor Leste
[2025-06-23T12:40:09.526+0000] {logging_mixin.py:151} INFO - Mis à jour population pour: Togo
[2025-06-23T12:40:09.528+0000] {logging_mixin.py:151} INFO - Mis à jour population pour: Tonga
[2025-06-23T12:40:09.530+0000] {logging_mixin.py:151} INFO - Mis à jour population pour: Trinidad And Tobago
[2025-06-23T12:40:09.533+0000] {logging_mixin.py:151} INFO - Mis à jour population pour: Tunisia
[2025-06-23T12:40:09.536+0000] {logging_mixin.py:151} INFO - Mis à jour population pour: Turks And Caicos Islands
[2025-06-23T12:40:09.538+0000] {logging_mixin.py:151} INFO - Mis à jour population pour: Uganda
[2025-06-23T12:40:09.540+0000] {logging_mixin.py:151} INFO - Mis à jour population pour: UK
[2025-06-23T12:40:09.542+0000] {logging_mixin.py:151} INFO - Mis à jour population pour: USA
[2025-06-23T12:40:09.544+0000] {logging_mixin.py:151} INFO - Mis à jour population pour: Uzbekistan
[2025-06-23T12:40:09.546+0000] {logging_mixin.py:151} INFO - Mis à jour population pour: Vanuatu
[2025-06-23T12:40:09.549+0000] {logging_mixin.py:151} INFO - Mis à jour population pour: Viet Nam
[2025-06-23T12:40:09.551+0000] {logging_mixin.py:151} INFO - Mis à jour population pour: Wallis And Futuna Islands
[2025-06-23T12:40:09.553+0000] {logging_mixin.py:151} INFO - Mis à jour population pour: Western Sahara
[2025-06-23T12:40:09.555+0000] {logging_mixin.py:151} INFO - Mis à jour population pour: Yemen
[2025-06-23T12:40:09.556+0000] {logging_mixin.py:151} INFO - Mis à jour population pour: Zambia
[2025-06-23T12:40:09.558+0000] {logging_mixin.py:151} INFO - Mis à jour population pour: Zimbabwe
[2025-06-23T12:40:09.561+0000] {logging_mixin.py:151} INFO - Insertion des locations avec population terminée.
[2025-06-23T12:40:09.564+0000] {python.py:194} INFO - Done. Returned value was: None
[2025-06-23T12:40:09.579+0000] {taskinstance.py:1400} INFO - Marking task as SUCCESS. dag_id=Airflow_ETL_DAG_with_Population, task_id=insert_locations_with_population, execution_date=20250623T123208, start_date=20250623T124008, end_date=20250623T124009
[2025-06-23T12:40:09.609+0000] {local_task_job_runner.py:228} INFO - Task exited with return code 0
[2025-06-23T12:40:09.644+0000] {taskinstance.py:2778} INFO - 1 downstream tasks scheduled from follow-on schedule check
