[2025-05-03T07:18:48.562+0000] {processor.py:157} INFO - Started process (PID=174) to work on /opt/airflow/dags/airflow_etl.py
[2025-05-03T07:18:48.563+0000] {processor.py:829} INFO - Processing file /opt/airflow/dags/airflow_etl.py for tasks to queue
[2025-05-03T07:18:48.565+0000] {logging_mixin.py:151} INFO - [2025-05-03T07:18:48.564+0000] {dagbag.py:536} INFO - Filling up the DagBag from /opt/airflow/dags/airflow_etl.py
[2025-05-03T07:18:50.597+0000] {processor.py:839} INFO - DAG(s) dict_keys(['Airflow_ETL_DAG']) retrieved from /opt/airflow/dags/airflow_etl.py
[2025-05-03T07:18:50.735+0000] {logging_mixin.py:151} INFO - [2025-05-03T07:18:50.735+0000] {manager.py:499} INFO - Created Permission View: %s
[2025-05-03T07:18:50.756+0000] {logging_mixin.py:151} INFO - [2025-05-03T07:18:50.756+0000] {manager.py:499} INFO - Created Permission View: %s
[2025-05-03T07:18:50.767+0000] {logging_mixin.py:151} INFO - [2025-05-03T07:18:50.766+0000] {manager.py:499} INFO - Created Permission View: %s
[2025-05-03T07:18:50.768+0000] {logging_mixin.py:151} INFO - [2025-05-03T07:18:50.767+0000] {dag.py:2941} INFO - Sync 1 DAGs
[2025-05-03T07:18:50.781+0000] {logging_mixin.py:151} INFO - [2025-05-03T07:18:50.780+0000] {dag.py:2963} INFO - Creating ORM DAG for Airflow_ETL_DAG
[2025-05-03T07:18:50.793+0000] {logging_mixin.py:151} INFO - [2025-05-03T07:18:50.792+0000] {dag.py:3722} INFO - Setting next_dagrun for Airflow_ETL_DAG to 2025-03-10T00:00:00+00:00, run_after=2025-03-10T00:00:00+00:00
[2025-05-03T07:18:50.817+0000] {processor.py:179} INFO - Processing /opt/airflow/dags/airflow_etl.py took 2.259 seconds
[2025-05-03T07:19:21.018+0000] {processor.py:157} INFO - Started process (PID=187) to work on /opt/airflow/dags/airflow_etl.py
[2025-05-03T07:19:21.019+0000] {processor.py:829} INFO - Processing file /opt/airflow/dags/airflow_etl.py for tasks to queue
[2025-05-03T07:19:21.021+0000] {logging_mixin.py:151} INFO - [2025-05-03T07:19:21.020+0000] {dagbag.py:536} INFO - Filling up the DagBag from /opt/airflow/dags/airflow_etl.py
[2025-05-03T07:19:21.632+0000] {processor.py:839} INFO - DAG(s) dict_keys(['Airflow_ETL_DAG']) retrieved from /opt/airflow/dags/airflow_etl.py
[2025-05-03T07:19:21.656+0000] {logging_mixin.py:151} INFO - [2025-05-03T07:19:21.656+0000] {dag.py:2941} INFO - Sync 1 DAGs
[2025-05-03T07:19:21.679+0000] {logging_mixin.py:151} INFO - [2025-05-03T07:19:21.679+0000] {dag.py:3722} INFO - Setting next_dagrun for Airflow_ETL_DAG to 2025-03-10T00:00:00+00:00, run_after=2025-03-10T00:00:00+00:00
[2025-05-03T07:19:21.700+0000] {processor.py:179} INFO - Processing /opt/airflow/dags/airflow_etl.py took 0.685 seconds
[2025-05-03T07:19:52.252+0000] {processor.py:157} INFO - Started process (PID=198) to work on /opt/airflow/dags/airflow_etl.py
[2025-05-03T07:19:52.253+0000] {processor.py:829} INFO - Processing file /opt/airflow/dags/airflow_etl.py for tasks to queue
[2025-05-03T07:19:52.254+0000] {logging_mixin.py:151} INFO - [2025-05-03T07:19:52.254+0000] {dagbag.py:536} INFO - Filling up the DagBag from /opt/airflow/dags/airflow_etl.py
[2025-05-03T07:19:52.835+0000] {processor.py:839} INFO - DAG(s) dict_keys(['Airflow_ETL_DAG']) retrieved from /opt/airflow/dags/airflow_etl.py
[2025-05-03T07:19:52.866+0000] {logging_mixin.py:151} INFO - [2025-05-03T07:19:52.865+0000] {dag.py:2941} INFO - Sync 1 DAGs
[2025-05-03T07:19:52.892+0000] {logging_mixin.py:151} INFO - [2025-05-03T07:19:52.892+0000] {dag.py:3722} INFO - Setting next_dagrun for Airflow_ETL_DAG to 2025-03-10T00:00:00+00:00, run_after=2025-03-10T00:00:00+00:00
[2025-05-03T07:19:52.928+0000] {processor.py:179} INFO - Processing /opt/airflow/dags/airflow_etl.py took 0.679 seconds
[2025-05-03T07:20:23.673+0000] {processor.py:157} INFO - Started process (PID=209) to work on /opt/airflow/dags/airflow_etl.py
[2025-05-03T07:20:23.674+0000] {processor.py:829} INFO - Processing file /opt/airflow/dags/airflow_etl.py for tasks to queue
[2025-05-03T07:20:23.675+0000] {logging_mixin.py:151} INFO - [2025-05-03T07:20:23.675+0000] {dagbag.py:536} INFO - Filling up the DagBag from /opt/airflow/dags/airflow_etl.py
[2025-05-03T07:20:24.174+0000] {processor.py:839} INFO - DAG(s) dict_keys(['Airflow_ETL_DAG']) retrieved from /opt/airflow/dags/airflow_etl.py
[2025-05-03T07:20:24.200+0000] {logging_mixin.py:151} INFO - [2025-05-03T07:20:24.199+0000] {dag.py:2941} INFO - Sync 1 DAGs
[2025-05-03T07:20:24.222+0000] {logging_mixin.py:151} INFO - [2025-05-03T07:20:24.222+0000] {dag.py:3722} INFO - Setting next_dagrun for Airflow_ETL_DAG to 2025-03-10T00:00:00+00:00, run_after=2025-03-10T00:00:00+00:00
[2025-05-03T07:20:24.241+0000] {processor.py:179} INFO - Processing /opt/airflow/dags/airflow_etl.py took 0.571 seconds
[2025-05-03T07:20:55.049+0000] {processor.py:157} INFO - Started process (PID=220) to work on /opt/airflow/dags/airflow_etl.py
[2025-05-03T07:20:55.050+0000] {processor.py:829} INFO - Processing file /opt/airflow/dags/airflow_etl.py for tasks to queue
[2025-05-03T07:20:55.053+0000] {logging_mixin.py:151} INFO - [2025-05-03T07:20:55.051+0000] {dagbag.py:536} INFO - Filling up the DagBag from /opt/airflow/dags/airflow_etl.py
[2025-05-03T07:20:55.594+0000] {processor.py:839} INFO - DAG(s) dict_keys(['Airflow_ETL_DAG']) retrieved from /opt/airflow/dags/airflow_etl.py
[2025-05-03T07:20:55.624+0000] {logging_mixin.py:151} INFO - [2025-05-03T07:20:55.623+0000] {dag.py:2941} INFO - Sync 1 DAGs
[2025-05-03T07:20:55.649+0000] {logging_mixin.py:151} INFO - [2025-05-03T07:20:55.649+0000] {dag.py:3722} INFO - Setting next_dagrun for Airflow_ETL_DAG to 2025-03-10T00:00:00+00:00, run_after=2025-03-10T00:00:00+00:00
[2025-05-03T07:20:55.675+0000] {processor.py:179} INFO - Processing /opt/airflow/dags/airflow_etl.py took 0.631 seconds
[2025-05-03T07:21:26.442+0000] {processor.py:157} INFO - Started process (PID=231) to work on /opt/airflow/dags/airflow_etl.py
[2025-05-03T07:21:26.443+0000] {processor.py:829} INFO - Processing file /opt/airflow/dags/airflow_etl.py for tasks to queue
[2025-05-03T07:21:26.444+0000] {logging_mixin.py:151} INFO - [2025-05-03T07:21:26.443+0000] {dagbag.py:536} INFO - Filling up the DagBag from /opt/airflow/dags/airflow_etl.py
[2025-05-03T07:21:26.983+0000] {processor.py:839} INFO - DAG(s) dict_keys(['Airflow_ETL_DAG']) retrieved from /opt/airflow/dags/airflow_etl.py
[2025-05-03T07:21:27.046+0000] {logging_mixin.py:151} INFO - [2025-05-03T07:21:27.045+0000] {dag.py:2941} INFO - Sync 1 DAGs
[2025-05-03T07:21:27.069+0000] {logging_mixin.py:151} INFO - [2025-05-03T07:21:27.069+0000] {dag.py:3722} INFO - Setting next_dagrun for Airflow_ETL_DAG to 2025-03-10T00:00:00+00:00, run_after=2025-03-10T00:00:00+00:00
[2025-05-03T07:21:27.130+0000] {processor.py:179} INFO - Processing /opt/airflow/dags/airflow_etl.py took 0.693 seconds
[2025-05-03T07:21:57.887+0000] {processor.py:157} INFO - Started process (PID=242) to work on /opt/airflow/dags/airflow_etl.py
[2025-05-03T07:21:57.888+0000] {processor.py:829} INFO - Processing file /opt/airflow/dags/airflow_etl.py for tasks to queue
[2025-05-03T07:21:57.889+0000] {logging_mixin.py:151} INFO - [2025-05-03T07:21:57.889+0000] {dagbag.py:536} INFO - Filling up the DagBag from /opt/airflow/dags/airflow_etl.py
[2025-05-03T07:21:58.482+0000] {processor.py:839} INFO - DAG(s) dict_keys(['Airflow_ETL_DAG']) retrieved from /opt/airflow/dags/airflow_etl.py
[2025-05-03T07:21:58.505+0000] {logging_mixin.py:151} INFO - [2025-05-03T07:21:58.504+0000] {dag.py:2941} INFO - Sync 1 DAGs
[2025-05-03T07:21:58.528+0000] {logging_mixin.py:151} INFO - [2025-05-03T07:21:58.528+0000] {dag.py:3722} INFO - Setting next_dagrun for Airflow_ETL_DAG to 2025-03-10T00:00:00+00:00, run_after=2025-03-10T00:00:00+00:00
[2025-05-03T07:21:58.550+0000] {processor.py:179} INFO - Processing /opt/airflow/dags/airflow_etl.py took 0.667 seconds
[2025-05-03T07:22:29.300+0000] {processor.py:157} INFO - Started process (PID=262) to work on /opt/airflow/dags/airflow_etl.py
[2025-05-03T07:22:29.304+0000] {processor.py:829} INFO - Processing file /opt/airflow/dags/airflow_etl.py for tasks to queue
[2025-05-03T07:22:29.306+0000] {logging_mixin.py:151} INFO - [2025-05-03T07:22:29.305+0000] {dagbag.py:536} INFO - Filling up the DagBag from /opt/airflow/dags/airflow_etl.py
[2025-05-03T07:22:30.102+0000] {processor.py:839} INFO - DAG(s) dict_keys(['Airflow_ETL_DAG']) retrieved from /opt/airflow/dags/airflow_etl.py
[2025-05-03T07:22:30.137+0000] {logging_mixin.py:151} INFO - [2025-05-03T07:22:30.136+0000] {dag.py:2941} INFO - Sync 1 DAGs
[2025-05-03T07:22:30.168+0000] {logging_mixin.py:151} INFO - [2025-05-03T07:22:30.168+0000] {dag.py:3722} INFO - Setting next_dagrun for Airflow_ETL_DAG to None, run_after=None
[2025-05-03T07:22:30.200+0000] {processor.py:179} INFO - Processing /opt/airflow/dags/airflow_etl.py took 0.906 seconds
[2025-05-03T07:23:00.817+0000] {processor.py:157} INFO - Started process (PID=273) to work on /opt/airflow/dags/airflow_etl.py
[2025-05-03T07:23:00.819+0000] {processor.py:829} INFO - Processing file /opt/airflow/dags/airflow_etl.py for tasks to queue
[2025-05-03T07:23:00.822+0000] {logging_mixin.py:151} INFO - [2025-05-03T07:23:00.821+0000] {dagbag.py:536} INFO - Filling up the DagBag from /opt/airflow/dags/airflow_etl.py
[2025-05-03T07:23:02.021+0000] {processor.py:839} INFO - DAG(s) dict_keys(['Airflow_ETL_DAG']) retrieved from /opt/airflow/dags/airflow_etl.py
[2025-05-03T07:23:02.073+0000] {logging_mixin.py:151} INFO - [2025-05-03T07:23:02.072+0000] {dag.py:2941} INFO - Sync 1 DAGs
[2025-05-03T07:23:02.126+0000] {logging_mixin.py:151} INFO - [2025-05-03T07:23:02.125+0000] {dag.py:3722} INFO - Setting next_dagrun for Airflow_ETL_DAG to None, run_after=None
[2025-05-03T07:23:02.172+0000] {processor.py:179} INFO - Processing /opt/airflow/dags/airflow_etl.py took 1.366 seconds
[2025-05-03T07:23:32.515+0000] {processor.py:157} INFO - Started process (PID=284) to work on /opt/airflow/dags/airflow_etl.py
[2025-05-03T07:23:32.517+0000] {processor.py:829} INFO - Processing file /opt/airflow/dags/airflow_etl.py for tasks to queue
[2025-05-03T07:23:32.519+0000] {logging_mixin.py:151} INFO - [2025-05-03T07:23:32.518+0000] {dagbag.py:536} INFO - Filling up the DagBag from /opt/airflow/dags/airflow_etl.py
[2025-05-03T07:23:33.798+0000] {processor.py:839} INFO - DAG(s) dict_keys(['Airflow_ETL_DAG']) retrieved from /opt/airflow/dags/airflow_etl.py
[2025-05-03T07:23:33.846+0000] {logging_mixin.py:151} INFO - [2025-05-03T07:23:33.846+0000] {dag.py:2941} INFO - Sync 1 DAGs
[2025-05-03T07:23:33.883+0000] {logging_mixin.py:151} INFO - [2025-05-03T07:23:33.883+0000] {dag.py:3722} INFO - Setting next_dagrun for Airflow_ETL_DAG to None, run_after=None
[2025-05-03T07:23:33.910+0000] {processor.py:179} INFO - Processing /opt/airflow/dags/airflow_etl.py took 1.402 seconds
[2025-05-03T07:24:04.195+0000] {processor.py:157} INFO - Started process (PID=295) to work on /opt/airflow/dags/airflow_etl.py
[2025-05-03T07:24:04.196+0000] {processor.py:829} INFO - Processing file /opt/airflow/dags/airflow_etl.py for tasks to queue
[2025-05-03T07:24:04.197+0000] {logging_mixin.py:151} INFO - [2025-05-03T07:24:04.197+0000] {dagbag.py:536} INFO - Filling up the DagBag from /opt/airflow/dags/airflow_etl.py
[2025-05-03T07:24:05.332+0000] {processor.py:839} INFO - DAG(s) dict_keys(['Airflow_ETL_DAG']) retrieved from /opt/airflow/dags/airflow_etl.py
[2025-05-03T07:24:05.384+0000] {logging_mixin.py:151} INFO - [2025-05-03T07:24:05.384+0000] {dag.py:2941} INFO - Sync 1 DAGs
[2025-05-03T07:24:05.425+0000] {logging_mixin.py:151} INFO - [2025-05-03T07:24:05.425+0000] {dag.py:3722} INFO - Setting next_dagrun for Airflow_ETL_DAG to None, run_after=None
[2025-05-03T07:24:05.450+0000] {processor.py:179} INFO - Processing /opt/airflow/dags/airflow_etl.py took 1.276 seconds
[2025-05-03T07:24:35.735+0000] {processor.py:157} INFO - Started process (PID=306) to work on /opt/airflow/dags/airflow_etl.py
[2025-05-03T07:24:35.737+0000] {processor.py:829} INFO - Processing file /opt/airflow/dags/airflow_etl.py for tasks to queue
[2025-05-03T07:24:35.738+0000] {logging_mixin.py:151} INFO - [2025-05-03T07:24:35.738+0000] {dagbag.py:536} INFO - Filling up the DagBag from /opt/airflow/dags/airflow_etl.py
[2025-05-03T07:24:38.298+0000] {processor.py:839} INFO - DAG(s) dict_keys(['Airflow_ETL_DAG']) retrieved from /opt/airflow/dags/airflow_etl.py
[2025-05-03T07:24:38.328+0000] {logging_mixin.py:151} INFO - [2025-05-03T07:24:38.328+0000] {dag.py:2941} INFO - Sync 1 DAGs
[2025-05-03T07:24:38.357+0000] {logging_mixin.py:151} INFO - [2025-05-03T07:24:38.357+0000] {dag.py:3722} INFO - Setting next_dagrun for Airflow_ETL_DAG to None, run_after=None
[2025-05-03T07:24:38.391+0000] {processor.py:179} INFO - Processing /opt/airflow/dags/airflow_etl.py took 2.662 seconds
[2025-05-03T07:25:09.060+0000] {processor.py:157} INFO - Started process (PID=317) to work on /opt/airflow/dags/airflow_etl.py
[2025-05-03T07:25:09.061+0000] {processor.py:829} INFO - Processing file /opt/airflow/dags/airflow_etl.py for tasks to queue
[2025-05-03T07:25:09.063+0000] {logging_mixin.py:151} INFO - [2025-05-03T07:25:09.062+0000] {dagbag.py:536} INFO - Filling up the DagBag from /opt/airflow/dags/airflow_etl.py
[2025-05-03T07:25:09.836+0000] {processor.py:839} INFO - DAG(s) dict_keys(['Airflow_ETL_DAG']) retrieved from /opt/airflow/dags/airflow_etl.py
[2025-05-03T07:25:09.883+0000] {logging_mixin.py:151} INFO - [2025-05-03T07:25:09.882+0000] {dag.py:2941} INFO - Sync 1 DAGs
[2025-05-03T07:25:09.928+0000] {logging_mixin.py:151} INFO - [2025-05-03T07:25:09.927+0000] {dag.py:3722} INFO - Setting next_dagrun for Airflow_ETL_DAG to None, run_after=None
[2025-05-03T07:25:09.966+0000] {processor.py:179} INFO - Processing /opt/airflow/dags/airflow_etl.py took 0.910 seconds
[2025-05-03T07:25:40.474+0000] {processor.py:157} INFO - Started process (PID=328) to work on /opt/airflow/dags/airflow_etl.py
[2025-05-03T07:25:40.475+0000] {processor.py:829} INFO - Processing file /opt/airflow/dags/airflow_etl.py for tasks to queue
[2025-05-03T07:25:40.476+0000] {logging_mixin.py:151} INFO - [2025-05-03T07:25:40.476+0000] {dagbag.py:536} INFO - Filling up the DagBag from /opt/airflow/dags/airflow_etl.py
[2025-05-03T07:25:41.264+0000] {processor.py:839} INFO - DAG(s) dict_keys(['Airflow_ETL_DAG']) retrieved from /opt/airflow/dags/airflow_etl.py
[2025-05-03T07:25:41.294+0000] {logging_mixin.py:151} INFO - [2025-05-03T07:25:41.293+0000] {dag.py:2941} INFO - Sync 1 DAGs
[2025-05-03T07:25:41.318+0000] {logging_mixin.py:151} INFO - [2025-05-03T07:25:41.317+0000] {dag.py:3722} INFO - Setting next_dagrun for Airflow_ETL_DAG to None, run_after=None
[2025-05-03T07:25:41.340+0000] {processor.py:179} INFO - Processing /opt/airflow/dags/airflow_etl.py took 0.871 seconds
[2025-05-03T07:26:11.803+0000] {processor.py:157} INFO - Started process (PID=339) to work on /opt/airflow/dags/airflow_etl.py
[2025-05-03T07:26:11.804+0000] {processor.py:829} INFO - Processing file /opt/airflow/dags/airflow_etl.py for tasks to queue
[2025-05-03T07:26:11.806+0000] {logging_mixin.py:151} INFO - [2025-05-03T07:26:11.805+0000] {dagbag.py:536} INFO - Filling up the DagBag from /opt/airflow/dags/airflow_etl.py
[2025-05-03T07:26:12.420+0000] {processor.py:839} INFO - DAG(s) dict_keys(['Airflow_ETL_DAG']) retrieved from /opt/airflow/dags/airflow_etl.py
[2025-05-03T07:26:12.452+0000] {logging_mixin.py:151} INFO - [2025-05-03T07:26:12.452+0000] {dag.py:2941} INFO - Sync 1 DAGs
[2025-05-03T07:26:12.483+0000] {logging_mixin.py:151} INFO - [2025-05-03T07:26:12.483+0000] {dag.py:3722} INFO - Setting next_dagrun for Airflow_ETL_DAG to None, run_after=None
[2025-05-03T07:26:12.513+0000] {processor.py:179} INFO - Processing /opt/airflow/dags/airflow_etl.py took 0.714 seconds
[2025-05-03T07:26:43.061+0000] {processor.py:157} INFO - Started process (PID=350) to work on /opt/airflow/dags/airflow_etl.py
[2025-05-03T07:26:43.062+0000] {processor.py:829} INFO - Processing file /opt/airflow/dags/airflow_etl.py for tasks to queue
[2025-05-03T07:26:43.064+0000] {logging_mixin.py:151} INFO - [2025-05-03T07:26:43.063+0000] {dagbag.py:536} INFO - Filling up the DagBag from /opt/airflow/dags/airflow_etl.py
[2025-05-03T07:26:43.588+0000] {processor.py:839} INFO - DAG(s) dict_keys(['Airflow_ETL_DAG']) retrieved from /opt/airflow/dags/airflow_etl.py
[2025-05-03T07:26:43.621+0000] {logging_mixin.py:151} INFO - [2025-05-03T07:26:43.621+0000] {dag.py:2941} INFO - Sync 1 DAGs
[2025-05-03T07:26:43.646+0000] {logging_mixin.py:151} INFO - [2025-05-03T07:26:43.645+0000] {dag.py:3722} INFO - Setting next_dagrun for Airflow_ETL_DAG to None, run_after=None
[2025-05-03T07:26:43.675+0000] {processor.py:179} INFO - Processing /opt/airflow/dags/airflow_etl.py took 0.618 seconds
[2025-05-03T07:27:14.422+0000] {processor.py:157} INFO - Started process (PID=361) to work on /opt/airflow/dags/airflow_etl.py
[2025-05-03T07:27:14.424+0000] {processor.py:829} INFO - Processing file /opt/airflow/dags/airflow_etl.py for tasks to queue
[2025-05-03T07:27:14.425+0000] {logging_mixin.py:151} INFO - [2025-05-03T07:27:14.425+0000] {dagbag.py:536} INFO - Filling up the DagBag from /opt/airflow/dags/airflow_etl.py
[2025-05-03T07:27:14.956+0000] {processor.py:839} INFO - DAG(s) dict_keys(['Airflow_ETL_DAG']) retrieved from /opt/airflow/dags/airflow_etl.py
[2025-05-03T07:27:14.985+0000] {logging_mixin.py:151} INFO - [2025-05-03T07:27:14.984+0000] {dag.py:2941} INFO - Sync 1 DAGs
[2025-05-03T07:27:15.006+0000] {logging_mixin.py:151} INFO - [2025-05-03T07:27:15.005+0000] {dag.py:3722} INFO - Setting next_dagrun for Airflow_ETL_DAG to None, run_after=None
[2025-05-03T07:27:15.030+0000] {processor.py:179} INFO - Processing /opt/airflow/dags/airflow_etl.py took 0.611 seconds
[2025-05-03T07:27:45.803+0000] {processor.py:157} INFO - Started process (PID=372) to work on /opt/airflow/dags/airflow_etl.py
[2025-05-03T07:27:45.804+0000] {processor.py:829} INFO - Processing file /opt/airflow/dags/airflow_etl.py for tasks to queue
[2025-05-03T07:27:45.804+0000] {logging_mixin.py:151} INFO - [2025-05-03T07:27:45.804+0000] {dagbag.py:536} INFO - Filling up the DagBag from /opt/airflow/dags/airflow_etl.py
[2025-05-03T07:27:46.294+0000] {processor.py:839} INFO - DAG(s) dict_keys(['Airflow_ETL_DAG']) retrieved from /opt/airflow/dags/airflow_etl.py
[2025-05-03T07:27:46.316+0000] {logging_mixin.py:151} INFO - [2025-05-03T07:27:46.316+0000] {dag.py:2941} INFO - Sync 1 DAGs
[2025-05-03T07:27:46.335+0000] {logging_mixin.py:151} INFO - [2025-05-03T07:27:46.334+0000] {dag.py:3722} INFO - Setting next_dagrun for Airflow_ETL_DAG to None, run_after=None
[2025-05-03T07:27:46.357+0000] {processor.py:179} INFO - Processing /opt/airflow/dags/airflow_etl.py took 0.558 seconds
[2025-05-03T07:28:17.176+0000] {processor.py:157} INFO - Started process (PID=383) to work on /opt/airflow/dags/airflow_etl.py
[2025-05-03T07:28:17.177+0000] {processor.py:829} INFO - Processing file /opt/airflow/dags/airflow_etl.py for tasks to queue
[2025-05-03T07:28:17.178+0000] {logging_mixin.py:151} INFO - [2025-05-03T07:28:17.178+0000] {dagbag.py:536} INFO - Filling up the DagBag from /opt/airflow/dags/airflow_etl.py
[2025-05-03T07:28:17.629+0000] {processor.py:839} INFO - DAG(s) dict_keys(['Airflow_ETL_DAG']) retrieved from /opt/airflow/dags/airflow_etl.py
[2025-05-03T07:28:17.654+0000] {logging_mixin.py:151} INFO - [2025-05-03T07:28:17.653+0000] {dag.py:2941} INFO - Sync 1 DAGs
[2025-05-03T07:28:17.677+0000] {logging_mixin.py:151} INFO - [2025-05-03T07:28:17.676+0000] {dag.py:3722} INFO - Setting next_dagrun for Airflow_ETL_DAG to None, run_after=None
[2025-05-03T07:28:17.698+0000] {processor.py:179} INFO - Processing /opt/airflow/dags/airflow_etl.py took 0.526 seconds
[2025-05-03T07:28:48.545+0000] {processor.py:157} INFO - Started process (PID=394) to work on /opt/airflow/dags/airflow_etl.py
[2025-05-03T07:28:48.545+0000] {processor.py:829} INFO - Processing file /opt/airflow/dags/airflow_etl.py for tasks to queue
[2025-05-03T07:28:48.547+0000] {logging_mixin.py:151} INFO - [2025-05-03T07:28:48.546+0000] {dagbag.py:536} INFO - Filling up the DagBag from /opt/airflow/dags/airflow_etl.py
[2025-05-03T07:28:49.047+0000] {processor.py:839} INFO - DAG(s) dict_keys(['Airflow_ETL_DAG']) retrieved from /opt/airflow/dags/airflow_etl.py
[2025-05-03T07:28:49.087+0000] {logging_mixin.py:151} INFO - [2025-05-03T07:28:49.086+0000] {dag.py:2941} INFO - Sync 1 DAGs
[2025-05-03T07:28:49.109+0000] {logging_mixin.py:151} INFO - [2025-05-03T07:28:49.109+0000] {dag.py:3722} INFO - Setting next_dagrun for Airflow_ETL_DAG to None, run_after=None
[2025-05-03T07:28:49.131+0000] {processor.py:179} INFO - Processing /opt/airflow/dags/airflow_etl.py took 0.590 seconds
[2025-05-03T07:29:19.936+0000] {processor.py:157} INFO - Started process (PID=405) to work on /opt/airflow/dags/airflow_etl.py
[2025-05-03T07:29:19.938+0000] {processor.py:829} INFO - Processing file /opt/airflow/dags/airflow_etl.py for tasks to queue
[2025-05-03T07:29:19.940+0000] {logging_mixin.py:151} INFO - [2025-05-03T07:29:19.939+0000] {dagbag.py:536} INFO - Filling up the DagBag from /opt/airflow/dags/airflow_etl.py
[2025-05-03T07:29:20.542+0000] {processor.py:839} INFO - DAG(s) dict_keys(['Airflow_ETL_DAG']) retrieved from /opt/airflow/dags/airflow_etl.py
[2025-05-03T07:29:20.570+0000] {logging_mixin.py:151} INFO - [2025-05-03T07:29:20.570+0000] {dag.py:2941} INFO - Sync 1 DAGs
[2025-05-03T07:29:20.594+0000] {logging_mixin.py:151} INFO - [2025-05-03T07:29:20.594+0000] {dag.py:3722} INFO - Setting next_dagrun for Airflow_ETL_DAG to None, run_after=None
[2025-05-03T07:29:20.621+0000] {processor.py:179} INFO - Processing /opt/airflow/dags/airflow_etl.py took 0.690 seconds
[2025-05-03T07:29:51.282+0000] {processor.py:157} INFO - Started process (PID=416) to work on /opt/airflow/dags/airflow_etl.py
[2025-05-03T07:29:51.283+0000] {processor.py:829} INFO - Processing file /opt/airflow/dags/airflow_etl.py for tasks to queue
[2025-05-03T07:29:51.284+0000] {logging_mixin.py:151} INFO - [2025-05-03T07:29:51.283+0000] {dagbag.py:536} INFO - Filling up the DagBag from /opt/airflow/dags/airflow_etl.py
[2025-05-03T07:29:51.736+0000] {processor.py:839} INFO - DAG(s) dict_keys(['Airflow_ETL_DAG']) retrieved from /opt/airflow/dags/airflow_etl.py
[2025-05-03T07:29:51.760+0000] {logging_mixin.py:151} INFO - [2025-05-03T07:29:51.759+0000] {dag.py:2941} INFO - Sync 1 DAGs
[2025-05-03T07:29:51.782+0000] {logging_mixin.py:151} INFO - [2025-05-03T07:29:51.782+0000] {dag.py:3722} INFO - Setting next_dagrun for Airflow_ETL_DAG to None, run_after=None
[2025-05-03T07:29:51.804+0000] {processor.py:179} INFO - Processing /opt/airflow/dags/airflow_etl.py took 0.526 seconds
[2025-05-03T07:30:22.646+0000] {processor.py:157} INFO - Started process (PID=427) to work on /opt/airflow/dags/airflow_etl.py
[2025-05-03T07:30:22.647+0000] {processor.py:829} INFO - Processing file /opt/airflow/dags/airflow_etl.py for tasks to queue
[2025-05-03T07:30:22.648+0000] {logging_mixin.py:151} INFO - [2025-05-03T07:30:22.648+0000] {dagbag.py:536} INFO - Filling up the DagBag from /opt/airflow/dags/airflow_etl.py
[2025-05-03T07:30:23.159+0000] {processor.py:839} INFO - DAG(s) dict_keys(['Airflow_ETL_DAG']) retrieved from /opt/airflow/dags/airflow_etl.py
[2025-05-03T07:30:23.185+0000] {logging_mixin.py:151} INFO - [2025-05-03T07:30:23.184+0000] {dag.py:2941} INFO - Sync 1 DAGs
[2025-05-03T07:30:23.207+0000] {logging_mixin.py:151} INFO - [2025-05-03T07:30:23.206+0000] {dag.py:3722} INFO - Setting next_dagrun for Airflow_ETL_DAG to None, run_after=None
[2025-05-03T07:30:23.227+0000] {processor.py:179} INFO - Processing /opt/airflow/dags/airflow_etl.py took 0.584 seconds
[2025-05-03T07:30:54.121+0000] {processor.py:157} INFO - Started process (PID=438) to work on /opt/airflow/dags/airflow_etl.py
[2025-05-03T07:30:54.122+0000] {processor.py:829} INFO - Processing file /opt/airflow/dags/airflow_etl.py for tasks to queue
[2025-05-03T07:30:54.123+0000] {logging_mixin.py:151} INFO - [2025-05-03T07:30:54.122+0000] {dagbag.py:536} INFO - Filling up the DagBag from /opt/airflow/dags/airflow_etl.py
[2025-05-03T07:30:54.620+0000] {processor.py:839} INFO - DAG(s) dict_keys(['Airflow_ETL_DAG']) retrieved from /opt/airflow/dags/airflow_etl.py
[2025-05-03T07:30:54.644+0000] {logging_mixin.py:151} INFO - [2025-05-03T07:30:54.644+0000] {dag.py:2941} INFO - Sync 1 DAGs
[2025-05-03T07:30:54.664+0000] {logging_mixin.py:151} INFO - [2025-05-03T07:30:54.664+0000] {dag.py:3722} INFO - Setting next_dagrun for Airflow_ETL_DAG to None, run_after=None
[2025-05-03T07:30:54.685+0000] {processor.py:179} INFO - Processing /opt/airflow/dags/airflow_etl.py took 0.567 seconds
[2025-05-03T07:31:25.570+0000] {processor.py:157} INFO - Started process (PID=449) to work on /opt/airflow/dags/airflow_etl.py
[2025-05-03T07:31:25.571+0000] {processor.py:829} INFO - Processing file /opt/airflow/dags/airflow_etl.py for tasks to queue
[2025-05-03T07:31:25.573+0000] {logging_mixin.py:151} INFO - [2025-05-03T07:31:25.572+0000] {dagbag.py:536} INFO - Filling up the DagBag from /opt/airflow/dags/airflow_etl.py
[2025-05-03T07:31:26.110+0000] {processor.py:839} INFO - DAG(s) dict_keys(['Airflow_ETL_DAG']) retrieved from /opt/airflow/dags/airflow_etl.py
[2025-05-03T07:31:26.138+0000] {logging_mixin.py:151} INFO - [2025-05-03T07:31:26.136+0000] {dag.py:2941} INFO - Sync 1 DAGs
[2025-05-03T07:31:26.162+0000] {logging_mixin.py:151} INFO - [2025-05-03T07:31:26.162+0000] {dag.py:3722} INFO - Setting next_dagrun for Airflow_ETL_DAG to None, run_after=None
[2025-05-03T07:31:26.184+0000] {processor.py:179} INFO - Processing /opt/airflow/dags/airflow_etl.py took 0.618 seconds
[2025-05-03T07:31:56.962+0000] {processor.py:157} INFO - Started process (PID=460) to work on /opt/airflow/dags/airflow_etl.py
[2025-05-03T07:31:56.964+0000] {processor.py:829} INFO - Processing file /opt/airflow/dags/airflow_etl.py for tasks to queue
[2025-05-03T07:31:56.966+0000] {logging_mixin.py:151} INFO - [2025-05-03T07:31:56.965+0000] {dagbag.py:536} INFO - Filling up the DagBag from /opt/airflow/dags/airflow_etl.py
[2025-05-03T07:31:57.807+0000] {processor.py:839} INFO - DAG(s) dict_keys(['Airflow_ETL_DAG']) retrieved from /opt/airflow/dags/airflow_etl.py
[2025-05-03T07:31:57.844+0000] {logging_mixin.py:151} INFO - [2025-05-03T07:31:57.843+0000] {dag.py:2941} INFO - Sync 1 DAGs
[2025-05-03T07:31:57.869+0000] {logging_mixin.py:151} INFO - [2025-05-03T07:31:57.868+0000] {dag.py:3722} INFO - Setting next_dagrun for Airflow_ETL_DAG to None, run_after=None
[2025-05-03T07:31:57.933+0000] {processor.py:179} INFO - Processing /opt/airflow/dags/airflow_etl.py took 0.979 seconds
[2025-05-03T07:32:28.242+0000] {processor.py:157} INFO - Started process (PID=471) to work on /opt/airflow/dags/airflow_etl.py
[2025-05-03T07:32:28.243+0000] {processor.py:829} INFO - Processing file /opt/airflow/dags/airflow_etl.py for tasks to queue
[2025-05-03T07:32:28.245+0000] {logging_mixin.py:151} INFO - [2025-05-03T07:32:28.244+0000] {dagbag.py:536} INFO - Filling up the DagBag from /opt/airflow/dags/airflow_etl.py
[2025-05-03T07:32:28.854+0000] {processor.py:839} INFO - DAG(s) dict_keys(['Airflow_ETL_DAG']) retrieved from /opt/airflow/dags/airflow_etl.py
[2025-05-03T07:32:28.879+0000] {logging_mixin.py:151} INFO - [2025-05-03T07:32:28.878+0000] {dag.py:2941} INFO - Sync 1 DAGs
[2025-05-03T07:32:28.900+0000] {logging_mixin.py:151} INFO - [2025-05-03T07:32:28.900+0000] {dag.py:3722} INFO - Setting next_dagrun for Airflow_ETL_DAG to None, run_after=None
[2025-05-03T07:32:28.961+0000] {processor.py:179} INFO - Processing /opt/airflow/dags/airflow_etl.py took 0.724 seconds
[2025-05-03T07:32:59.657+0000] {processor.py:157} INFO - Started process (PID=482) to work on /opt/airflow/dags/airflow_etl.py
[2025-05-03T07:32:59.658+0000] {processor.py:829} INFO - Processing file /opt/airflow/dags/airflow_etl.py for tasks to queue
[2025-05-03T07:32:59.659+0000] {logging_mixin.py:151} INFO - [2025-05-03T07:32:59.659+0000] {dagbag.py:536} INFO - Filling up the DagBag from /opt/airflow/dags/airflow_etl.py
[2025-05-03T07:33:00.139+0000] {processor.py:839} INFO - DAG(s) dict_keys(['Airflow_ETL_DAG']) retrieved from /opt/airflow/dags/airflow_etl.py
[2025-05-03T07:33:00.165+0000] {logging_mixin.py:151} INFO - [2025-05-03T07:33:00.164+0000] {dag.py:2941} INFO - Sync 1 DAGs
[2025-05-03T07:33:00.196+0000] {logging_mixin.py:151} INFO - [2025-05-03T07:33:00.195+0000] {dag.py:3722} INFO - Setting next_dagrun for Airflow_ETL_DAG to None, run_after=None
[2025-05-03T07:33:00.254+0000] {processor.py:179} INFO - Processing /opt/airflow/dags/airflow_etl.py took 0.599 seconds
[2025-05-03T07:33:31.094+0000] {processor.py:157} INFO - Started process (PID=493) to work on /opt/airflow/dags/airflow_etl.py
[2025-05-03T07:33:31.095+0000] {processor.py:829} INFO - Processing file /opt/airflow/dags/airflow_etl.py for tasks to queue
[2025-05-03T07:33:31.097+0000] {logging_mixin.py:151} INFO - [2025-05-03T07:33:31.096+0000] {dagbag.py:536} INFO - Filling up the DagBag from /opt/airflow/dags/airflow_etl.py
[2025-05-03T07:33:31.646+0000] {processor.py:839} INFO - DAG(s) dict_keys(['Airflow_ETL_DAG']) retrieved from /opt/airflow/dags/airflow_etl.py
[2025-05-03T07:33:31.677+0000] {logging_mixin.py:151} INFO - [2025-05-03T07:33:31.677+0000] {dag.py:2941} INFO - Sync 1 DAGs
[2025-05-03T07:33:31.701+0000] {logging_mixin.py:151} INFO - [2025-05-03T07:33:31.700+0000] {dag.py:3722} INFO - Setting next_dagrun for Airflow_ETL_DAG to None, run_after=None
[2025-05-03T07:33:31.734+0000] {processor.py:179} INFO - Processing /opt/airflow/dags/airflow_etl.py took 0.645 seconds
[2025-05-03T07:34:02.618+0000] {processor.py:157} INFO - Started process (PID=507) to work on /opt/airflow/dags/airflow_etl.py
[2025-05-03T07:34:02.620+0000] {processor.py:829} INFO - Processing file /opt/airflow/dags/airflow_etl.py for tasks to queue
[2025-05-03T07:34:02.622+0000] {logging_mixin.py:151} INFO - [2025-05-03T07:34:02.622+0000] {dagbag.py:536} INFO - Filling up the DagBag from /opt/airflow/dags/airflow_etl.py
[2025-05-03T07:34:03.372+0000] {processor.py:839} INFO - DAG(s) dict_keys(['Airflow_ETL_DAG']) retrieved from /opt/airflow/dags/airflow_etl.py
[2025-05-03T07:34:03.401+0000] {logging_mixin.py:151} INFO - [2025-05-03T07:34:03.401+0000] {dag.py:2941} INFO - Sync 1 DAGs
[2025-05-03T07:34:03.423+0000] {logging_mixin.py:151} INFO - [2025-05-03T07:34:03.423+0000] {dag.py:3722} INFO - Setting next_dagrun for Airflow_ETL_DAG to None, run_after=None
[2025-05-03T07:34:03.486+0000] {processor.py:179} INFO - Processing /opt/airflow/dags/airflow_etl.py took 0.872 seconds
[2025-05-03T07:34:34.123+0000] {processor.py:157} INFO - Started process (PID=520) to work on /opt/airflow/dags/airflow_etl.py
[2025-05-03T07:34:34.124+0000] {processor.py:829} INFO - Processing file /opt/airflow/dags/airflow_etl.py for tasks to queue
[2025-05-03T07:34:34.130+0000] {logging_mixin.py:151} INFO - [2025-05-03T07:34:34.129+0000] {dagbag.py:536} INFO - Filling up the DagBag from /opt/airflow/dags/airflow_etl.py
[2025-05-03T07:34:34.662+0000] {processor.py:839} INFO - DAG(s) dict_keys(['Airflow_ETL_DAG']) retrieved from /opt/airflow/dags/airflow_etl.py
[2025-05-03T07:34:34.687+0000] {logging_mixin.py:151} INFO - [2025-05-03T07:34:34.686+0000] {dag.py:2941} INFO - Sync 1 DAGs
[2025-05-03T07:34:34.708+0000] {logging_mixin.py:151} INFO - [2025-05-03T07:34:34.708+0000] {dag.py:3722} INFO - Setting next_dagrun for Airflow_ETL_DAG to None, run_after=None
[2025-05-03T07:34:34.776+0000] {processor.py:179} INFO - Processing /opt/airflow/dags/airflow_etl.py took 0.658 seconds
[2025-05-03T07:35:05.567+0000] {processor.py:157} INFO - Started process (PID=531) to work on /opt/airflow/dags/airflow_etl.py
[2025-05-03T07:35:05.568+0000] {processor.py:829} INFO - Processing file /opt/airflow/dags/airflow_etl.py for tasks to queue
[2025-05-03T07:35:05.569+0000] {logging_mixin.py:151} INFO - [2025-05-03T07:35:05.569+0000] {dagbag.py:536} INFO - Filling up the DagBag from /opt/airflow/dags/airflow_etl.py
[2025-05-03T07:35:06.064+0000] {processor.py:839} INFO - DAG(s) dict_keys(['Airflow_ETL_DAG']) retrieved from /opt/airflow/dags/airflow_etl.py
[2025-05-03T07:35:06.089+0000] {logging_mixin.py:151} INFO - [2025-05-03T07:35:06.088+0000] {dag.py:2941} INFO - Sync 1 DAGs
[2025-05-03T07:35:06.110+0000] {logging_mixin.py:151} INFO - [2025-05-03T07:35:06.109+0000] {dag.py:3722} INFO - Setting next_dagrun for Airflow_ETL_DAG to None, run_after=None
[2025-05-03T07:35:06.131+0000] {processor.py:179} INFO - Processing /opt/airflow/dags/airflow_etl.py took 0.569 seconds
[2025-05-03T07:35:36.203+0000] {processor.py:157} INFO - Started process (PID=542) to work on /opt/airflow/dags/airflow_etl.py
[2025-05-03T07:35:36.204+0000] {processor.py:829} INFO - Processing file /opt/airflow/dags/airflow_etl.py for tasks to queue
[2025-05-03T07:35:36.208+0000] {logging_mixin.py:151} INFO - [2025-05-03T07:35:36.208+0000] {dagbag.py:536} INFO - Filling up the DagBag from /opt/airflow/dags/airflow_etl.py
[2025-05-03T07:35:36.859+0000] {processor.py:839} INFO - DAG(s) dict_keys(['Airflow_ETL_DAG']) retrieved from /opt/airflow/dags/airflow_etl.py
[2025-05-03T07:35:36.889+0000] {logging_mixin.py:151} INFO - [2025-05-03T07:35:36.888+0000] {dag.py:2941} INFO - Sync 1 DAGs
[2025-05-03T07:35:36.914+0000] {logging_mixin.py:151} INFO - [2025-05-03T07:35:36.913+0000] {dag.py:3722} INFO - Setting next_dagrun for Airflow_ETL_DAG to None, run_after=None
[2025-05-03T07:35:36.939+0000] {processor.py:179} INFO - Processing /opt/airflow/dags/airflow_etl.py took 0.742 seconds
[2025-05-03T07:36:07.238+0000] {processor.py:157} INFO - Started process (PID=553) to work on /opt/airflow/dags/airflow_etl.py
[2025-05-03T07:36:07.239+0000] {processor.py:829} INFO - Processing file /opt/airflow/dags/airflow_etl.py for tasks to queue
[2025-05-03T07:36:07.240+0000] {logging_mixin.py:151} INFO - [2025-05-03T07:36:07.240+0000] {dagbag.py:536} INFO - Filling up the DagBag from /opt/airflow/dags/airflow_etl.py
[2025-05-03T07:36:08.214+0000] {processor.py:839} INFO - DAG(s) dict_keys(['Airflow_ETL_DAG']) retrieved from /opt/airflow/dags/airflow_etl.py
[2025-05-03T07:36:08.302+0000] {logging_mixin.py:151} INFO - [2025-05-03T07:36:08.301+0000] {dag.py:2941} INFO - Sync 1 DAGs
[2025-05-03T07:36:08.380+0000] {logging_mixin.py:151} INFO - [2025-05-03T07:36:08.380+0000] {dag.py:3722} INFO - Setting next_dagrun for Airflow_ETL_DAG to None, run_after=None
[2025-05-03T07:36:08.438+0000] {processor.py:179} INFO - Processing /opt/airflow/dags/airflow_etl.py took 1.203 seconds
[2025-05-03T07:36:38.673+0000] {processor.py:157} INFO - Started process (PID=564) to work on /opt/airflow/dags/airflow_etl.py
[2025-05-03T07:36:38.674+0000] {processor.py:829} INFO - Processing file /opt/airflow/dags/airflow_etl.py for tasks to queue
[2025-05-03T07:36:38.675+0000] {logging_mixin.py:151} INFO - [2025-05-03T07:36:38.674+0000] {dagbag.py:536} INFO - Filling up the DagBag from /opt/airflow/dags/airflow_etl.py
[2025-05-03T07:36:39.186+0000] {processor.py:839} INFO - DAG(s) dict_keys(['Airflow_ETL_DAG']) retrieved from /opt/airflow/dags/airflow_etl.py
[2025-05-03T07:36:39.211+0000] {logging_mixin.py:151} INFO - [2025-05-03T07:36:39.211+0000] {dag.py:2941} INFO - Sync 1 DAGs
[2025-05-03T07:36:39.235+0000] {logging_mixin.py:151} INFO - [2025-05-03T07:36:39.235+0000] {dag.py:3722} INFO - Setting next_dagrun for Airflow_ETL_DAG to None, run_after=None
[2025-05-03T07:36:39.255+0000] {processor.py:179} INFO - Processing /opt/airflow/dags/airflow_etl.py took 0.586 seconds
[2025-05-03T07:37:09.654+0000] {processor.py:157} INFO - Started process (PID=575) to work on /opt/airflow/dags/airflow_etl.py
[2025-05-03T07:37:09.662+0000] {processor.py:829} INFO - Processing file /opt/airflow/dags/airflow_etl.py for tasks to queue
[2025-05-03T07:37:09.670+0000] {logging_mixin.py:151} INFO - [2025-05-03T07:37:09.669+0000] {dagbag.py:536} INFO - Filling up the DagBag from /opt/airflow/dags/airflow_etl.py
[2025-05-03T07:37:10.854+0000] {processor.py:839} INFO - DAG(s) dict_keys(['Airflow_ETL_DAG']) retrieved from /opt/airflow/dags/airflow_etl.py
[2025-05-03T07:37:10.925+0000] {logging_mixin.py:151} INFO - [2025-05-03T07:37:10.922+0000] {dag.py:2941} INFO - Sync 1 DAGs
[2025-05-03T07:37:10.969+0000] {logging_mixin.py:151} INFO - [2025-05-03T07:37:10.969+0000] {dag.py:3722} INFO - Setting next_dagrun for Airflow_ETL_DAG to None, run_after=None
[2025-05-03T07:37:11.026+0000] {processor.py:179} INFO - Processing /opt/airflow/dags/airflow_etl.py took 1.383 seconds
[2025-05-03T07:37:41.255+0000] {processor.py:157} INFO - Started process (PID=586) to work on /opt/airflow/dags/airflow_etl.py
[2025-05-03T07:37:41.256+0000] {processor.py:829} INFO - Processing file /opt/airflow/dags/airflow_etl.py for tasks to queue
[2025-05-03T07:37:41.258+0000] {logging_mixin.py:151} INFO - [2025-05-03T07:37:41.258+0000] {dagbag.py:536} INFO - Filling up the DagBag from /opt/airflow/dags/airflow_etl.py
[2025-05-03T07:37:42.250+0000] {processor.py:839} INFO - DAG(s) dict_keys(['Airflow_ETL_DAG']) retrieved from /opt/airflow/dags/airflow_etl.py
[2025-05-03T07:37:42.294+0000] {logging_mixin.py:151} INFO - [2025-05-03T07:37:42.293+0000] {dag.py:2941} INFO - Sync 1 DAGs
[2025-05-03T07:37:42.338+0000] {logging_mixin.py:151} INFO - [2025-05-03T07:37:42.337+0000] {dag.py:3722} INFO - Setting next_dagrun for Airflow_ETL_DAG to None, run_after=None
[2025-05-03T07:37:42.371+0000] {processor.py:179} INFO - Processing /opt/airflow/dags/airflow_etl.py took 1.122 seconds
[2025-05-03T07:38:12.642+0000] {processor.py:157} INFO - Started process (PID=597) to work on /opt/airflow/dags/airflow_etl.py
[2025-05-03T07:38:12.643+0000] {processor.py:829} INFO - Processing file /opt/airflow/dags/airflow_etl.py for tasks to queue
[2025-05-03T07:38:12.644+0000] {logging_mixin.py:151} INFO - [2025-05-03T07:38:12.643+0000] {dagbag.py:536} INFO - Filling up the DagBag from /opt/airflow/dags/airflow_etl.py
[2025-05-03T07:38:13.344+0000] {processor.py:839} INFO - DAG(s) dict_keys(['Airflow_ETL_DAG']) retrieved from /opt/airflow/dags/airflow_etl.py
[2025-05-03T07:38:13.371+0000] {logging_mixin.py:151} INFO - [2025-05-03T07:38:13.371+0000] {dag.py:2941} INFO - Sync 1 DAGs
[2025-05-03T07:38:13.397+0000] {logging_mixin.py:151} INFO - [2025-05-03T07:38:13.397+0000] {dag.py:3722} INFO - Setting next_dagrun for Airflow_ETL_DAG to None, run_after=None
[2025-05-03T07:38:13.426+0000] {processor.py:179} INFO - Processing /opt/airflow/dags/airflow_etl.py took 0.788 seconds
[2025-05-03T07:38:44.098+0000] {processor.py:157} INFO - Started process (PID=608) to work on /opt/airflow/dags/airflow_etl.py
[2025-05-03T07:38:44.109+0000] {processor.py:829} INFO - Processing file /opt/airflow/dags/airflow_etl.py for tasks to queue
[2025-05-03T07:38:44.112+0000] {logging_mixin.py:151} INFO - [2025-05-03T07:38:44.111+0000] {dagbag.py:536} INFO - Filling up the DagBag from /opt/airflow/dags/airflow_etl.py
[2025-05-03T07:38:45.514+0000] {processor.py:839} INFO - DAG(s) dict_keys(['Airflow_ETL_DAG']) retrieved from /opt/airflow/dags/airflow_etl.py
[2025-05-03T07:38:45.591+0000] {logging_mixin.py:151} INFO - [2025-05-03T07:38:45.590+0000] {dag.py:2941} INFO - Sync 1 DAGs
[2025-05-03T07:38:45.652+0000] {logging_mixin.py:151} INFO - [2025-05-03T07:38:45.652+0000] {dag.py:3722} INFO - Setting next_dagrun for Airflow_ETL_DAG to None, run_after=None
[2025-05-03T07:38:45.711+0000] {processor.py:179} INFO - Processing /opt/airflow/dags/airflow_etl.py took 1.621 seconds
[2025-05-03T07:39:15.837+0000] {processor.py:157} INFO - Started process (PID=619) to work on /opt/airflow/dags/airflow_etl.py
[2025-05-03T07:39:15.838+0000] {processor.py:829} INFO - Processing file /opt/airflow/dags/airflow_etl.py for tasks to queue
[2025-05-03T07:39:15.840+0000] {logging_mixin.py:151} INFO - [2025-05-03T07:39:15.839+0000] {dagbag.py:536} INFO - Filling up the DagBag from /opt/airflow/dags/airflow_etl.py
[2025-05-03T07:39:16.798+0000] {processor.py:839} INFO - DAG(s) dict_keys(['Airflow_ETL_DAG']) retrieved from /opt/airflow/dags/airflow_etl.py
[2025-05-03T07:39:16.850+0000] {logging_mixin.py:151} INFO - [2025-05-03T07:39:16.849+0000] {dag.py:2941} INFO - Sync 1 DAGs
[2025-05-03T07:39:16.898+0000] {logging_mixin.py:151} INFO - [2025-05-03T07:39:16.898+0000] {dag.py:3722} INFO - Setting next_dagrun for Airflow_ETL_DAG to None, run_after=None
[2025-05-03T07:39:16.943+0000] {processor.py:179} INFO - Processing /opt/airflow/dags/airflow_etl.py took 1.114 seconds
[2025-05-03T07:39:47.227+0000] {processor.py:157} INFO - Started process (PID=630) to work on /opt/airflow/dags/airflow_etl.py
[2025-05-03T07:39:47.228+0000] {processor.py:829} INFO - Processing file /opt/airflow/dags/airflow_etl.py for tasks to queue
[2025-05-03T07:39:47.229+0000] {logging_mixin.py:151} INFO - [2025-05-03T07:39:47.229+0000] {dagbag.py:536} INFO - Filling up the DagBag from /opt/airflow/dags/airflow_etl.py
[2025-05-03T07:39:47.809+0000] {processor.py:839} INFO - DAG(s) dict_keys(['Airflow_ETL_DAG']) retrieved from /opt/airflow/dags/airflow_etl.py
[2025-05-03T07:39:47.843+0000] {logging_mixin.py:151} INFO - [2025-05-03T07:39:47.843+0000] {dag.py:2941} INFO - Sync 1 DAGs
[2025-05-03T07:39:47.867+0000] {logging_mixin.py:151} INFO - [2025-05-03T07:39:47.867+0000] {dag.py:3722} INFO - Setting next_dagrun for Airflow_ETL_DAG to None, run_after=None
[2025-05-03T07:39:47.893+0000] {processor.py:179} INFO - Processing /opt/airflow/dags/airflow_etl.py took 0.670 seconds
[2025-05-03T07:40:18.452+0000] {processor.py:157} INFO - Started process (PID=641) to work on /opt/airflow/dags/airflow_etl.py
[2025-05-03T07:40:18.453+0000] {processor.py:829} INFO - Processing file /opt/airflow/dags/airflow_etl.py for tasks to queue
[2025-05-03T07:40:18.455+0000] {logging_mixin.py:151} INFO - [2025-05-03T07:40:18.454+0000] {dagbag.py:536} INFO - Filling up the DagBag from /opt/airflow/dags/airflow_etl.py
[2025-05-03T07:40:19.025+0000] {processor.py:839} INFO - DAG(s) dict_keys(['Airflow_ETL_DAG']) retrieved from /opt/airflow/dags/airflow_etl.py
[2025-05-03T07:40:19.056+0000] {logging_mixin.py:151} INFO - [2025-05-03T07:40:19.055+0000] {dag.py:2941} INFO - Sync 1 DAGs
[2025-05-03T07:40:19.082+0000] {logging_mixin.py:151} INFO - [2025-05-03T07:40:19.082+0000] {dag.py:3722} INFO - Setting next_dagrun for Airflow_ETL_DAG to None, run_after=None
[2025-05-03T07:40:19.107+0000] {processor.py:179} INFO - Processing /opt/airflow/dags/airflow_etl.py took 0.659 seconds
[2025-05-03T07:40:49.799+0000] {processor.py:157} INFO - Started process (PID=652) to work on /opt/airflow/dags/airflow_etl.py
[2025-05-03T07:40:49.800+0000] {processor.py:829} INFO - Processing file /opt/airflow/dags/airflow_etl.py for tasks to queue
[2025-05-03T07:40:49.801+0000] {logging_mixin.py:151} INFO - [2025-05-03T07:40:49.800+0000] {dagbag.py:536} INFO - Filling up the DagBag from /opt/airflow/dags/airflow_etl.py
[2025-05-03T07:40:50.376+0000] {processor.py:839} INFO - DAG(s) dict_keys(['Airflow_ETL_DAG']) retrieved from /opt/airflow/dags/airflow_etl.py
[2025-05-03T07:40:50.402+0000] {logging_mixin.py:151} INFO - [2025-05-03T07:40:50.402+0000] {dag.py:2941} INFO - Sync 1 DAGs
[2025-05-03T07:40:50.429+0000] {logging_mixin.py:151} INFO - [2025-05-03T07:40:50.428+0000] {dag.py:3722} INFO - Setting next_dagrun for Airflow_ETL_DAG to None, run_after=None
[2025-05-03T07:40:50.452+0000] {processor.py:179} INFO - Processing /opt/airflow/dags/airflow_etl.py took 0.657 seconds
[2025-05-03T07:41:21.217+0000] {processor.py:157} INFO - Started process (PID=663) to work on /opt/airflow/dags/airflow_etl.py
[2025-05-03T07:41:21.218+0000] {processor.py:829} INFO - Processing file /opt/airflow/dags/airflow_etl.py for tasks to queue
[2025-05-03T07:41:21.219+0000] {logging_mixin.py:151} INFO - [2025-05-03T07:41:21.219+0000] {dagbag.py:536} INFO - Filling up the DagBag from /opt/airflow/dags/airflow_etl.py
[2025-05-03T07:41:21.718+0000] {processor.py:839} INFO - DAG(s) dict_keys(['Airflow_ETL_DAG']) retrieved from /opt/airflow/dags/airflow_etl.py
[2025-05-03T07:41:21.743+0000] {logging_mixin.py:151} INFO - [2025-05-03T07:41:21.743+0000] {dag.py:2941} INFO - Sync 1 DAGs
[2025-05-03T07:41:21.763+0000] {logging_mixin.py:151} INFO - [2025-05-03T07:41:21.762+0000] {dag.py:3722} INFO - Setting next_dagrun for Airflow_ETL_DAG to None, run_after=None
[2025-05-03T07:41:21.792+0000] {processor.py:179} INFO - Processing /opt/airflow/dags/airflow_etl.py took 0.580 seconds
[2025-05-03T07:41:52.610+0000] {processor.py:157} INFO - Started process (PID=674) to work on /opt/airflow/dags/airflow_etl.py
[2025-05-03T07:41:52.611+0000] {processor.py:829} INFO - Processing file /opt/airflow/dags/airflow_etl.py for tasks to queue
[2025-05-03T07:41:52.613+0000] {logging_mixin.py:151} INFO - [2025-05-03T07:41:52.612+0000] {dagbag.py:536} INFO - Filling up the DagBag from /opt/airflow/dags/airflow_etl.py
[2025-05-03T07:41:53.440+0000] {processor.py:839} INFO - DAG(s) dict_keys(['Airflow_ETL_DAG']) retrieved from /opt/airflow/dags/airflow_etl.py
[2025-05-03T07:41:53.490+0000] {logging_mixin.py:151} INFO - [2025-05-03T07:41:53.488+0000] {dag.py:2941} INFO - Sync 1 DAGs
[2025-05-03T07:41:53.525+0000] {logging_mixin.py:151} INFO - [2025-05-03T07:41:53.525+0000] {dag.py:3722} INFO - Setting next_dagrun for Airflow_ETL_DAG to None, run_after=None
[2025-05-03T07:41:53.551+0000] {processor.py:179} INFO - Processing /opt/airflow/dags/airflow_etl.py took 0.948 seconds
[2025-05-03T07:42:23.958+0000] {processor.py:157} INFO - Started process (PID=685) to work on /opt/airflow/dags/airflow_etl.py
[2025-05-03T07:42:23.959+0000] {processor.py:829} INFO - Processing file /opt/airflow/dags/airflow_etl.py for tasks to queue
[2025-05-03T07:42:23.960+0000] {logging_mixin.py:151} INFO - [2025-05-03T07:42:23.960+0000] {dagbag.py:536} INFO - Filling up the DagBag from /opt/airflow/dags/airflow_etl.py
[2025-05-03T07:42:24.801+0000] {processor.py:839} INFO - DAG(s) dict_keys(['Airflow_ETL_DAG']) retrieved from /opt/airflow/dags/airflow_etl.py
[2025-05-03T07:42:24.840+0000] {logging_mixin.py:151} INFO - [2025-05-03T07:42:24.839+0000] {dag.py:2941} INFO - Sync 1 DAGs
[2025-05-03T07:42:24.869+0000] {logging_mixin.py:151} INFO - [2025-05-03T07:42:24.868+0000] {dag.py:3722} INFO - Setting next_dagrun for Airflow_ETL_DAG to None, run_after=None
[2025-05-03T07:42:24.896+0000] {processor.py:179} INFO - Processing /opt/airflow/dags/airflow_etl.py took 0.943 seconds
[2025-05-03T07:42:55.314+0000] {processor.py:157} INFO - Started process (PID=696) to work on /opt/airflow/dags/airflow_etl.py
[2025-05-03T07:42:55.315+0000] {processor.py:829} INFO - Processing file /opt/airflow/dags/airflow_etl.py for tasks to queue
[2025-05-03T07:42:55.316+0000] {logging_mixin.py:151} INFO - [2025-05-03T07:42:55.316+0000] {dagbag.py:536} INFO - Filling up the DagBag from /opt/airflow/dags/airflow_etl.py
[2025-05-03T07:42:55.766+0000] {processor.py:839} INFO - DAG(s) dict_keys(['Airflow_ETL_DAG']) retrieved from /opt/airflow/dags/airflow_etl.py
[2025-05-03T07:42:55.795+0000] {logging_mixin.py:151} INFO - [2025-05-03T07:42:55.794+0000] {dag.py:2941} INFO - Sync 1 DAGs
[2025-05-03T07:42:55.820+0000] {logging_mixin.py:151} INFO - [2025-05-03T07:42:55.820+0000] {dag.py:3722} INFO - Setting next_dagrun for Airflow_ETL_DAG to None, run_after=None
[2025-05-03T07:42:55.846+0000] {processor.py:179} INFO - Processing /opt/airflow/dags/airflow_etl.py took 0.534 seconds
[2025-05-03T07:43:26.581+0000] {processor.py:157} INFO - Started process (PID=707) to work on /opt/airflow/dags/airflow_etl.py
[2025-05-03T07:43:26.581+0000] {processor.py:829} INFO - Processing file /opt/airflow/dags/airflow_etl.py for tasks to queue
[2025-05-03T07:43:26.583+0000] {logging_mixin.py:151} INFO - [2025-05-03T07:43:26.583+0000] {dagbag.py:536} INFO - Filling up the DagBag from /opt/airflow/dags/airflow_etl.py
[2025-05-03T07:43:27.101+0000] {processor.py:839} INFO - DAG(s) dict_keys(['Airflow_ETL_DAG']) retrieved from /opt/airflow/dags/airflow_etl.py
[2025-05-03T07:43:27.125+0000] {logging_mixin.py:151} INFO - [2025-05-03T07:43:27.124+0000] {dag.py:2941} INFO - Sync 1 DAGs
[2025-05-03T07:43:27.147+0000] {logging_mixin.py:151} INFO - [2025-05-03T07:43:27.147+0000] {dag.py:3722} INFO - Setting next_dagrun for Airflow_ETL_DAG to None, run_after=None
[2025-05-03T07:43:27.168+0000] {processor.py:179} INFO - Processing /opt/airflow/dags/airflow_etl.py took 0.594 seconds
[2025-05-03T07:43:58.033+0000] {processor.py:157} INFO - Started process (PID=718) to work on /opt/airflow/dags/airflow_etl.py
[2025-05-03T07:43:58.034+0000] {processor.py:829} INFO - Processing file /opt/airflow/dags/airflow_etl.py for tasks to queue
[2025-05-03T07:43:58.036+0000] {logging_mixin.py:151} INFO - [2025-05-03T07:43:58.035+0000] {dagbag.py:536} INFO - Filling up the DagBag from /opt/airflow/dags/airflow_etl.py
[2025-05-03T07:43:58.599+0000] {processor.py:839} INFO - DAG(s) dict_keys(['Airflow_ETL_DAG']) retrieved from /opt/airflow/dags/airflow_etl.py
[2025-05-03T07:43:58.647+0000] {logging_mixin.py:151} INFO - [2025-05-03T07:43:58.646+0000] {dag.py:2941} INFO - Sync 1 DAGs
[2025-05-03T07:43:58.678+0000] {logging_mixin.py:151} INFO - [2025-05-03T07:43:58.678+0000] {dag.py:3722} INFO - Setting next_dagrun for Airflow_ETL_DAG to None, run_after=None
[2025-05-03T07:43:58.745+0000] {processor.py:179} INFO - Processing /opt/airflow/dags/airflow_etl.py took 0.716 seconds
[2025-05-03T07:44:29.307+0000] {processor.py:157} INFO - Started process (PID=729) to work on /opt/airflow/dags/airflow_etl.py
[2025-05-03T07:44:29.308+0000] {processor.py:829} INFO - Processing file /opt/airflow/dags/airflow_etl.py for tasks to queue
[2025-05-03T07:44:29.309+0000] {logging_mixin.py:151} INFO - [2025-05-03T07:44:29.309+0000] {dagbag.py:536} INFO - Filling up the DagBag from /opt/airflow/dags/airflow_etl.py
[2025-05-03T07:44:29.754+0000] {processor.py:839} INFO - DAG(s) dict_keys(['Airflow_ETL_DAG']) retrieved from /opt/airflow/dags/airflow_etl.py
[2025-05-03T07:44:29.779+0000] {logging_mixin.py:151} INFO - [2025-05-03T07:44:29.778+0000] {dag.py:2941} INFO - Sync 1 DAGs
[2025-05-03T07:44:29.797+0000] {logging_mixin.py:151} INFO - [2025-05-03T07:44:29.797+0000] {dag.py:3722} INFO - Setting next_dagrun for Airflow_ETL_DAG to None, run_after=None
[2025-05-03T07:44:29.853+0000] {processor.py:179} INFO - Processing /opt/airflow/dags/airflow_etl.py took 0.550 seconds
[2025-05-03T07:45:00.727+0000] {processor.py:157} INFO - Started process (PID=740) to work on /opt/airflow/dags/airflow_etl.py
[2025-05-03T07:45:00.728+0000] {processor.py:829} INFO - Processing file /opt/airflow/dags/airflow_etl.py for tasks to queue
[2025-05-03T07:45:00.729+0000] {logging_mixin.py:151} INFO - [2025-05-03T07:45:00.729+0000] {dagbag.py:536} INFO - Filling up the DagBag from /opt/airflow/dags/airflow_etl.py
[2025-05-03T07:45:01.420+0000] {processor.py:839} INFO - DAG(s) dict_keys(['Airflow_ETL_DAG']) retrieved from /opt/airflow/dags/airflow_etl.py
[2025-05-03T07:45:01.450+0000] {logging_mixin.py:151} INFO - [2025-05-03T07:45:01.449+0000] {dag.py:2941} INFO - Sync 1 DAGs
[2025-05-03T07:45:01.476+0000] {logging_mixin.py:151} INFO - [2025-05-03T07:45:01.476+0000] {dag.py:3722} INFO - Setting next_dagrun for Airflow_ETL_DAG to None, run_after=None
[2025-05-03T07:45:01.506+0000] {processor.py:179} INFO - Processing /opt/airflow/dags/airflow_etl.py took 0.784 seconds
[2025-05-03T07:45:32.089+0000] {processor.py:157} INFO - Started process (PID=751) to work on /opt/airflow/dags/airflow_etl.py
[2025-05-03T07:45:32.090+0000] {processor.py:829} INFO - Processing file /opt/airflow/dags/airflow_etl.py for tasks to queue
[2025-05-03T07:45:32.091+0000] {logging_mixin.py:151} INFO - [2025-05-03T07:45:32.090+0000] {dagbag.py:536} INFO - Filling up the DagBag from /opt/airflow/dags/airflow_etl.py
[2025-05-03T07:45:32.551+0000] {processor.py:839} INFO - DAG(s) dict_keys(['Airflow_ETL_DAG']) retrieved from /opt/airflow/dags/airflow_etl.py
[2025-05-03T07:45:32.582+0000] {logging_mixin.py:151} INFO - [2025-05-03T07:45:32.581+0000] {dag.py:2941} INFO - Sync 1 DAGs
[2025-05-03T07:45:32.604+0000] {logging_mixin.py:151} INFO - [2025-05-03T07:45:32.604+0000] {dag.py:3722} INFO - Setting next_dagrun for Airflow_ETL_DAG to None, run_after=None
[2025-05-03T07:45:32.625+0000] {processor.py:179} INFO - Processing /opt/airflow/dags/airflow_etl.py took 0.539 seconds
[2025-05-03T07:46:03.462+0000] {processor.py:157} INFO - Started process (PID=762) to work on /opt/airflow/dags/airflow_etl.py
[2025-05-03T07:46:03.463+0000] {processor.py:829} INFO - Processing file /opt/airflow/dags/airflow_etl.py for tasks to queue
[2025-05-03T07:46:03.464+0000] {logging_mixin.py:151} INFO - [2025-05-03T07:46:03.464+0000] {dagbag.py:536} INFO - Filling up the DagBag from /opt/airflow/dags/airflow_etl.py
[2025-05-03T07:46:03.982+0000] {processor.py:839} INFO - DAG(s) dict_keys(['Airflow_ETL_DAG']) retrieved from /opt/airflow/dags/airflow_etl.py
[2025-05-03T07:46:04.017+0000] {logging_mixin.py:151} INFO - [2025-05-03T07:46:04.017+0000] {dag.py:2941} INFO - Sync 1 DAGs
[2025-05-03T07:46:04.041+0000] {logging_mixin.py:151} INFO - [2025-05-03T07:46:04.041+0000] {dag.py:3722} INFO - Setting next_dagrun for Airflow_ETL_DAG to None, run_after=None
[2025-05-03T07:46:04.067+0000] {processor.py:179} INFO - Processing /opt/airflow/dags/airflow_etl.py took 0.609 seconds
