[2025-05-03T07:18:48.547+0000] {processor.py:157} INFO - Started process (PID=171) to work on /opt/airflow/dags/clean_tables.py
[2025-05-03T07:18:48.548+0000] {processor.py:829} INFO - Processing file /opt/airflow/dags/clean_tables.py for tasks to queue
[2025-05-03T07:18:48.553+0000] {logging_mixin.py:151} INFO - [2025-05-03T07:18:48.549+0000] {dagbag.py:536} INFO - Filling up the DagBag from /opt/airflow/dags/clean_tables.py
[2025-05-03T07:18:48.606+0000] {processor.py:839} INFO - DAG(s) dict_keys(['clean_tables_dag']) retrieved from /opt/airflow/dags/clean_tables.py
[2025-05-03T07:18:48.996+0000] {logging_mixin.py:151} INFO - [2025-05-03T07:18:48.995+0000] {manager.py:499} INFO - Created Permission View: %s
[2025-05-03T07:18:49.007+0000] {logging_mixin.py:151} INFO - [2025-05-03T07:18:49.007+0000] {manager.py:499} INFO - Created Permission View: %s
[2025-05-03T07:18:49.020+0000] {logging_mixin.py:151} INFO - [2025-05-03T07:18:49.019+0000] {manager.py:499} INFO - Created Permission View: %s
[2025-05-03T07:18:49.020+0000] {logging_mixin.py:151} INFO - [2025-05-03T07:18:49.020+0000] {dag.py:2941} INFO - Sync 1 DAGs
[2025-05-03T07:18:49.033+0000] {logging_mixin.py:151} INFO - [2025-05-03T07:18:49.033+0000] {dag.py:2963} INFO - Creating ORM DAG for clean_tables_dag
[2025-05-03T07:18:49.044+0000] {logging_mixin.py:151} INFO - [2025-05-03T07:18:49.044+0000] {dag.py:3722} INFO - Setting next_dagrun for clean_tables_dag to 2025-03-10T00:00:00+00:00, run_after=2025-03-10T00:00:00+00:00
[2025-05-03T07:18:49.082+0000] {processor.py:179} INFO - Processing /opt/airflow/dags/clean_tables.py took 0.540 seconds
[2025-05-03T07:19:19.826+0000] {processor.py:157} INFO - Started process (PID=182) to work on /opt/airflow/dags/clean_tables.py
[2025-05-03T07:19:19.828+0000] {processor.py:829} INFO - Processing file /opt/airflow/dags/clean_tables.py for tasks to queue
[2025-05-03T07:19:19.829+0000] {logging_mixin.py:151} INFO - [2025-05-03T07:19:19.829+0000] {dagbag.py:536} INFO - Filling up the DagBag from /opt/airflow/dags/clean_tables.py
[2025-05-03T07:19:19.856+0000] {processor.py:839} INFO - DAG(s) dict_keys(['clean_tables_dag']) retrieved from /opt/airflow/dags/clean_tables.py
[2025-05-03T07:19:19.900+0000] {logging_mixin.py:151} INFO - [2025-05-03T07:19:19.900+0000] {dag.py:2941} INFO - Sync 1 DAGs
[2025-05-03T07:19:19.934+0000] {logging_mixin.py:151} INFO - [2025-05-03T07:19:19.933+0000] {dag.py:3722} INFO - Setting next_dagrun for clean_tables_dag to 2025-03-10T00:00:00+00:00, run_after=2025-03-10T00:00:00+00:00
[2025-05-03T07:19:19.961+0000] {processor.py:179} INFO - Processing /opt/airflow/dags/clean_tables.py took 0.141 seconds
[2025-05-03T07:19:50.219+0000] {processor.py:157} INFO - Started process (PID=193) to work on /opt/airflow/dags/clean_tables.py
[2025-05-03T07:19:50.220+0000] {processor.py:829} INFO - Processing file /opt/airflow/dags/clean_tables.py for tasks to queue
[2025-05-03T07:19:50.222+0000] {logging_mixin.py:151} INFO - [2025-05-03T07:19:50.221+0000] {dagbag.py:536} INFO - Filling up the DagBag from /opt/airflow/dags/clean_tables.py
[2025-05-03T07:19:50.253+0000] {processor.py:839} INFO - DAG(s) dict_keys(['clean_tables_dag']) retrieved from /opt/airflow/dags/clean_tables.py
[2025-05-03T07:19:50.317+0000] {logging_mixin.py:151} INFO - [2025-05-03T07:19:50.317+0000] {dag.py:2941} INFO - Sync 1 DAGs
[2025-05-03T07:19:50.369+0000] {logging_mixin.py:151} INFO - [2025-05-03T07:19:50.369+0000] {dag.py:3722} INFO - Setting next_dagrun for clean_tables_dag to 2025-03-10T00:00:00+00:00, run_after=2025-03-10T00:00:00+00:00
[2025-05-03T07:19:50.401+0000] {processor.py:179} INFO - Processing /opt/airflow/dags/clean_tables.py took 0.187 seconds
[2025-05-03T07:20:20.640+0000] {processor.py:157} INFO - Started process (PID=204) to work on /opt/airflow/dags/clean_tables.py
[2025-05-03T07:20:20.641+0000] {processor.py:829} INFO - Processing file /opt/airflow/dags/clean_tables.py for tasks to queue
[2025-05-03T07:20:20.642+0000] {logging_mixin.py:151} INFO - [2025-05-03T07:20:20.642+0000] {dagbag.py:536} INFO - Filling up the DagBag from /opt/airflow/dags/clean_tables.py
[2025-05-03T07:20:20.662+0000] {processor.py:839} INFO - DAG(s) dict_keys(['clean_tables_dag']) retrieved from /opt/airflow/dags/clean_tables.py
[2025-05-03T07:20:20.691+0000] {logging_mixin.py:151} INFO - [2025-05-03T07:20:20.691+0000] {dag.py:2941} INFO - Sync 1 DAGs
[2025-05-03T07:20:20.717+0000] {logging_mixin.py:151} INFO - [2025-05-03T07:20:20.717+0000] {dag.py:3722} INFO - Setting next_dagrun for clean_tables_dag to 2025-03-10T00:00:00+00:00, run_after=2025-03-10T00:00:00+00:00
[2025-05-03T07:20:20.744+0000] {processor.py:179} INFO - Processing /opt/airflow/dags/clean_tables.py took 0.107 seconds
[2025-05-03T07:20:51.008+0000] {processor.py:157} INFO - Started process (PID=215) to work on /opt/airflow/dags/clean_tables.py
[2025-05-03T07:20:51.010+0000] {processor.py:829} INFO - Processing file /opt/airflow/dags/clean_tables.py for tasks to queue
[2025-05-03T07:20:51.012+0000] {logging_mixin.py:151} INFO - [2025-05-03T07:20:51.012+0000] {dagbag.py:536} INFO - Filling up the DagBag from /opt/airflow/dags/clean_tables.py
[2025-05-03T07:20:51.037+0000] {processor.py:839} INFO - DAG(s) dict_keys(['clean_tables_dag']) retrieved from /opt/airflow/dags/clean_tables.py
[2025-05-03T07:20:51.081+0000] {logging_mixin.py:151} INFO - [2025-05-03T07:20:51.080+0000] {dag.py:2941} INFO - Sync 1 DAGs
[2025-05-03T07:20:51.112+0000] {logging_mixin.py:151} INFO - [2025-05-03T07:20:51.112+0000] {dag.py:3722} INFO - Setting next_dagrun for clean_tables_dag to 2025-03-10T00:00:00+00:00, run_after=2025-03-10T00:00:00+00:00
[2025-05-03T07:20:51.138+0000] {processor.py:179} INFO - Processing /opt/airflow/dags/clean_tables.py took 0.134 seconds
[2025-05-03T07:21:21.403+0000] {processor.py:157} INFO - Started process (PID=226) to work on /opt/airflow/dags/clean_tables.py
[2025-05-03T07:21:21.404+0000] {processor.py:829} INFO - Processing file /opt/airflow/dags/clean_tables.py for tasks to queue
[2025-05-03T07:21:21.406+0000] {logging_mixin.py:151} INFO - [2025-05-03T07:21:21.405+0000] {dagbag.py:536} INFO - Filling up the DagBag from /opt/airflow/dags/clean_tables.py
[2025-05-03T07:21:21.427+0000] {processor.py:839} INFO - DAG(s) dict_keys(['clean_tables_dag']) retrieved from /opt/airflow/dags/clean_tables.py
[2025-05-03T07:21:21.460+0000] {logging_mixin.py:151} INFO - [2025-05-03T07:21:21.460+0000] {dag.py:2941} INFO - Sync 1 DAGs
[2025-05-03T07:21:21.493+0000] {logging_mixin.py:151} INFO - [2025-05-03T07:21:21.492+0000] {dag.py:3722} INFO - Setting next_dagrun for clean_tables_dag to 2025-03-10T00:00:00+00:00, run_after=2025-03-10T00:00:00+00:00
[2025-05-03T07:21:21.545+0000] {processor.py:179} INFO - Processing /opt/airflow/dags/clean_tables.py took 0.148 seconds
[2025-05-03T07:21:51.831+0000] {processor.py:157} INFO - Started process (PID=237) to work on /opt/airflow/dags/clean_tables.py
[2025-05-03T07:21:51.832+0000] {processor.py:829} INFO - Processing file /opt/airflow/dags/clean_tables.py for tasks to queue
[2025-05-03T07:21:51.833+0000] {logging_mixin.py:151} INFO - [2025-05-03T07:21:51.833+0000] {dagbag.py:536} INFO - Filling up the DagBag from /opt/airflow/dags/clean_tables.py
[2025-05-03T07:21:51.863+0000] {processor.py:839} INFO - DAG(s) dict_keys(['clean_tables_dag']) retrieved from /opt/airflow/dags/clean_tables.py
[2025-05-03T07:21:51.902+0000] {logging_mixin.py:151} INFO - [2025-05-03T07:21:51.901+0000] {dag.py:2941} INFO - Sync 1 DAGs
[2025-05-03T07:21:51.929+0000] {logging_mixin.py:151} INFO - [2025-05-03T07:21:51.929+0000] {dag.py:3722} INFO - Setting next_dagrun for clean_tables_dag to 2025-03-10T00:00:00+00:00, run_after=2025-03-10T00:00:00+00:00
[2025-05-03T07:21:51.955+0000] {processor.py:179} INFO - Processing /opt/airflow/dags/clean_tables.py took 0.127 seconds
[2025-05-03T07:22:22.246+0000] {processor.py:157} INFO - Started process (PID=257) to work on /opt/airflow/dags/clean_tables.py
[2025-05-03T07:22:22.247+0000] {processor.py:829} INFO - Processing file /opt/airflow/dags/clean_tables.py for tasks to queue
[2025-05-03T07:22:22.248+0000] {logging_mixin.py:151} INFO - [2025-05-03T07:22:22.248+0000] {dagbag.py:536} INFO - Filling up the DagBag from /opt/airflow/dags/clean_tables.py
[2025-05-03T07:22:22.279+0000] {processor.py:839} INFO - DAG(s) dict_keys(['clean_tables_dag']) retrieved from /opt/airflow/dags/clean_tables.py
[2025-05-03T07:22:22.327+0000] {logging_mixin.py:151} INFO - [2025-05-03T07:22:22.327+0000] {dag.py:2941} INFO - Sync 1 DAGs
[2025-05-03T07:22:22.367+0000] {logging_mixin.py:151} INFO - [2025-05-03T07:22:22.366+0000] {dag.py:3722} INFO - Setting next_dagrun for clean_tables_dag to 2025-03-10T00:00:00+00:00, run_after=2025-03-10T00:00:00+00:00
[2025-05-03T07:22:22.399+0000] {processor.py:179} INFO - Processing /opt/airflow/dags/clean_tables.py took 0.159 seconds
[2025-05-03T07:22:52.702+0000] {processor.py:157} INFO - Started process (PID=268) to work on /opt/airflow/dags/clean_tables.py
[2025-05-03T07:22:52.704+0000] {processor.py:829} INFO - Processing file /opt/airflow/dags/clean_tables.py for tasks to queue
[2025-05-03T07:22:52.707+0000] {logging_mixin.py:151} INFO - [2025-05-03T07:22:52.705+0000] {dagbag.py:536} INFO - Filling up the DagBag from /opt/airflow/dags/clean_tables.py
[2025-05-03T07:22:52.749+0000] {processor.py:839} INFO - DAG(s) dict_keys(['clean_tables_dag']) retrieved from /opt/airflow/dags/clean_tables.py
[2025-05-03T07:22:52.826+0000] {logging_mixin.py:151} INFO - [2025-05-03T07:22:52.826+0000] {dag.py:2941} INFO - Sync 1 DAGs
[2025-05-03T07:22:52.883+0000] {logging_mixin.py:151} INFO - [2025-05-03T07:22:52.883+0000] {dag.py:3722} INFO - Setting next_dagrun for clean_tables_dag to 2025-03-10T00:00:00+00:00, run_after=2025-03-10T00:00:00+00:00
[2025-05-03T07:22:52.936+0000] {processor.py:179} INFO - Processing /opt/airflow/dags/clean_tables.py took 0.242 seconds
[2025-05-03T07:23:23.290+0000] {processor.py:157} INFO - Started process (PID=279) to work on /opt/airflow/dags/clean_tables.py
[2025-05-03T07:23:23.294+0000] {processor.py:829} INFO - Processing file /opt/airflow/dags/clean_tables.py for tasks to queue
[2025-05-03T07:23:23.296+0000] {logging_mixin.py:151} INFO - [2025-05-03T07:23:23.296+0000] {dagbag.py:536} INFO - Filling up the DagBag from /opt/airflow/dags/clean_tables.py
[2025-05-03T07:23:23.359+0000] {processor.py:839} INFO - DAG(s) dict_keys(['clean_tables_dag']) retrieved from /opt/airflow/dags/clean_tables.py
[2025-05-03T07:23:23.441+0000] {logging_mixin.py:151} INFO - [2025-05-03T07:23:23.441+0000] {dag.py:2941} INFO - Sync 1 DAGs
[2025-05-03T07:23:23.497+0000] {logging_mixin.py:151} INFO - [2025-05-03T07:23:23.497+0000] {dag.py:3722} INFO - Setting next_dagrun for clean_tables_dag to 2025-03-10T00:00:00+00:00, run_after=2025-03-10T00:00:00+00:00
[2025-05-03T07:23:23.536+0000] {processor.py:179} INFO - Processing /opt/airflow/dags/clean_tables.py took 0.267 seconds
[2025-05-03T07:23:53.935+0000] {processor.py:157} INFO - Started process (PID=290) to work on /opt/airflow/dags/clean_tables.py
[2025-05-03T07:23:53.937+0000] {processor.py:829} INFO - Processing file /opt/airflow/dags/clean_tables.py for tasks to queue
[2025-05-03T07:23:53.945+0000] {logging_mixin.py:151} INFO - [2025-05-03T07:23:53.942+0000] {dagbag.py:536} INFO - Filling up the DagBag from /opt/airflow/dags/clean_tables.py
[2025-05-03T07:23:54.066+0000] {processor.py:839} INFO - DAG(s) dict_keys(['clean_tables_dag']) retrieved from /opt/airflow/dags/clean_tables.py
[2025-05-03T07:23:54.156+0000] {logging_mixin.py:151} INFO - [2025-05-03T07:23:54.156+0000] {dag.py:2941} INFO - Sync 1 DAGs
[2025-05-03T07:23:54.315+0000] {logging_mixin.py:151} INFO - [2025-05-03T07:23:54.315+0000] {dag.py:3722} INFO - Setting next_dagrun for clean_tables_dag to 2025-03-10T00:00:00+00:00, run_after=2025-03-10T00:00:00+00:00
[2025-05-03T07:23:54.378+0000] {processor.py:179} INFO - Processing /opt/airflow/dags/clean_tables.py took 0.459 seconds
[2025-05-03T07:24:24.800+0000] {processor.py:157} INFO - Started process (PID=301) to work on /opt/airflow/dags/clean_tables.py
[2025-05-03T07:24:24.805+0000] {processor.py:829} INFO - Processing file /opt/airflow/dags/clean_tables.py for tasks to queue
[2025-05-03T07:24:24.820+0000] {logging_mixin.py:151} INFO - [2025-05-03T07:24:24.812+0000] {dagbag.py:536} INFO - Filling up the DagBag from /opt/airflow/dags/clean_tables.py
[2025-05-03T07:24:25.133+0000] {processor.py:839} INFO - DAG(s) dict_keys(['clean_tables_dag']) retrieved from /opt/airflow/dags/clean_tables.py
[2025-05-03T07:24:25.453+0000] {logging_mixin.py:151} INFO - [2025-05-03T07:24:25.452+0000] {dag.py:2941} INFO - Sync 1 DAGs
[2025-05-03T07:24:25.606+0000] {logging_mixin.py:151} INFO - [2025-05-03T07:24:25.606+0000] {dag.py:3722} INFO - Setting next_dagrun for clean_tables_dag to 2025-03-10T00:00:00+00:00, run_after=2025-03-10T00:00:00+00:00
[2025-05-03T07:24:25.676+0000] {processor.py:179} INFO - Processing /opt/airflow/dags/clean_tables.py took 0.957 seconds
[2025-05-03T07:24:55.949+0000] {processor.py:157} INFO - Started process (PID=312) to work on /opt/airflow/dags/clean_tables.py
[2025-05-03T07:24:55.951+0000] {processor.py:829} INFO - Processing file /opt/airflow/dags/clean_tables.py for tasks to queue
[2025-05-03T07:24:55.953+0000] {logging_mixin.py:151} INFO - [2025-05-03T07:24:55.952+0000] {dagbag.py:536} INFO - Filling up the DagBag from /opt/airflow/dags/clean_tables.py
[2025-05-03T07:24:55.996+0000] {processor.py:839} INFO - DAG(s) dict_keys(['clean_tables_dag']) retrieved from /opt/airflow/dags/clean_tables.py
[2025-05-03T07:24:56.035+0000] {logging_mixin.py:151} INFO - [2025-05-03T07:24:56.034+0000] {dag.py:2941} INFO - Sync 1 DAGs
[2025-05-03T07:24:56.066+0000] {logging_mixin.py:151} INFO - [2025-05-03T07:24:56.066+0000] {dag.py:3722} INFO - Setting next_dagrun for clean_tables_dag to 2025-03-10T00:00:00+00:00, run_after=2025-03-10T00:00:00+00:00
[2025-05-03T07:24:56.100+0000] {processor.py:179} INFO - Processing /opt/airflow/dags/clean_tables.py took 0.155 seconds
[2025-05-03T07:25:26.226+0000] {processor.py:157} INFO - Started process (PID=323) to work on /opt/airflow/dags/clean_tables.py
[2025-05-03T07:25:26.228+0000] {processor.py:829} INFO - Processing file /opt/airflow/dags/clean_tables.py for tasks to queue
[2025-05-03T07:25:26.230+0000] {logging_mixin.py:151} INFO - [2025-05-03T07:25:26.229+0000] {dagbag.py:536} INFO - Filling up the DagBag from /opt/airflow/dags/clean_tables.py
[2025-05-03T07:25:26.283+0000] {processor.py:839} INFO - DAG(s) dict_keys(['clean_tables_dag']) retrieved from /opt/airflow/dags/clean_tables.py
[2025-05-03T07:25:26.346+0000] {logging_mixin.py:151} INFO - [2025-05-03T07:25:26.345+0000] {dag.py:2941} INFO - Sync 1 DAGs
[2025-05-03T07:25:26.396+0000] {logging_mixin.py:151} INFO - [2025-05-03T07:25:26.396+0000] {dag.py:3722} INFO - Setting next_dagrun for clean_tables_dag to 2025-03-10T00:00:00+00:00, run_after=2025-03-10T00:00:00+00:00
[2025-05-03T07:25:26.432+0000] {processor.py:179} INFO - Processing /opt/airflow/dags/clean_tables.py took 0.218 seconds
[2025-05-03T07:25:56.515+0000] {processor.py:157} INFO - Started process (PID=334) to work on /opt/airflow/dags/clean_tables.py
[2025-05-03T07:25:56.516+0000] {processor.py:829} INFO - Processing file /opt/airflow/dags/clean_tables.py for tasks to queue
[2025-05-03T07:25:56.518+0000] {logging_mixin.py:151} INFO - [2025-05-03T07:25:56.518+0000] {dagbag.py:536} INFO - Filling up the DagBag from /opt/airflow/dags/clean_tables.py
[2025-05-03T07:25:56.550+0000] {processor.py:839} INFO - DAG(s) dict_keys(['clean_tables_dag']) retrieved from /opt/airflow/dags/clean_tables.py
[2025-05-03T07:25:56.597+0000] {logging_mixin.py:151} INFO - [2025-05-03T07:25:56.597+0000] {dag.py:2941} INFO - Sync 1 DAGs
[2025-05-03T07:25:56.640+0000] {logging_mixin.py:151} INFO - [2025-05-03T07:25:56.639+0000] {dag.py:3722} INFO - Setting next_dagrun for clean_tables_dag to 2025-03-10T00:00:00+00:00, run_after=2025-03-10T00:00:00+00:00
[2025-05-03T07:25:56.676+0000] {processor.py:179} INFO - Processing /opt/airflow/dags/clean_tables.py took 0.165 seconds
[2025-05-03T07:26:26.937+0000] {processor.py:157} INFO - Started process (PID=345) to work on /opt/airflow/dags/clean_tables.py
[2025-05-03T07:26:26.938+0000] {processor.py:829} INFO - Processing file /opt/airflow/dags/clean_tables.py for tasks to queue
[2025-05-03T07:26:26.939+0000] {logging_mixin.py:151} INFO - [2025-05-03T07:26:26.939+0000] {dagbag.py:536} INFO - Filling up the DagBag from /opt/airflow/dags/clean_tables.py
[2025-05-03T07:26:26.963+0000] {processor.py:839} INFO - DAG(s) dict_keys(['clean_tables_dag']) retrieved from /opt/airflow/dags/clean_tables.py
[2025-05-03T07:26:26.993+0000] {logging_mixin.py:151} INFO - [2025-05-03T07:26:26.993+0000] {dag.py:2941} INFO - Sync 1 DAGs
[2025-05-03T07:26:27.016+0000] {logging_mixin.py:151} INFO - [2025-05-03T07:26:27.016+0000] {dag.py:3722} INFO - Setting next_dagrun for clean_tables_dag to 2025-03-10T00:00:00+00:00, run_after=2025-03-10T00:00:00+00:00
[2025-05-03T07:26:27.059+0000] {processor.py:179} INFO - Processing /opt/airflow/dags/clean_tables.py took 0.126 seconds
[2025-05-03T07:26:57.299+0000] {processor.py:157} INFO - Started process (PID=356) to work on /opt/airflow/dags/clean_tables.py
[2025-05-03T07:26:57.300+0000] {processor.py:829} INFO - Processing file /opt/airflow/dags/clean_tables.py for tasks to queue
[2025-05-03T07:26:57.302+0000] {logging_mixin.py:151} INFO - [2025-05-03T07:26:57.302+0000] {dagbag.py:536} INFO - Filling up the DagBag from /opt/airflow/dags/clean_tables.py
[2025-05-03T07:26:57.328+0000] {processor.py:839} INFO - DAG(s) dict_keys(['clean_tables_dag']) retrieved from /opt/airflow/dags/clean_tables.py
[2025-05-03T07:26:57.363+0000] {logging_mixin.py:151} INFO - [2025-05-03T07:26:57.363+0000] {dag.py:2941} INFO - Sync 1 DAGs
[2025-05-03T07:26:57.390+0000] {logging_mixin.py:151} INFO - [2025-05-03T07:26:57.390+0000] {dag.py:3722} INFO - Setting next_dagrun for clean_tables_dag to 2025-03-10T00:00:00+00:00, run_after=2025-03-10T00:00:00+00:00
[2025-05-03T07:26:57.413+0000] {processor.py:179} INFO - Processing /opt/airflow/dags/clean_tables.py took 0.118 seconds
[2025-05-03T07:27:27.646+0000] {processor.py:157} INFO - Started process (PID=367) to work on /opt/airflow/dags/clean_tables.py
[2025-05-03T07:27:27.647+0000] {processor.py:829} INFO - Processing file /opt/airflow/dags/clean_tables.py for tasks to queue
[2025-05-03T07:27:27.648+0000] {logging_mixin.py:151} INFO - [2025-05-03T07:27:27.648+0000] {dagbag.py:536} INFO - Filling up the DagBag from /opt/airflow/dags/clean_tables.py
[2025-05-03T07:27:27.671+0000] {processor.py:839} INFO - DAG(s) dict_keys(['clean_tables_dag']) retrieved from /opt/airflow/dags/clean_tables.py
[2025-05-03T07:27:27.712+0000] {logging_mixin.py:151} INFO - [2025-05-03T07:27:27.712+0000] {dag.py:2941} INFO - Sync 1 DAGs
[2025-05-03T07:27:27.735+0000] {logging_mixin.py:151} INFO - [2025-05-03T07:27:27.735+0000] {dag.py:3722} INFO - Setting next_dagrun for clean_tables_dag to 2025-03-10T00:00:00+00:00, run_after=2025-03-10T00:00:00+00:00
[2025-05-03T07:27:27.777+0000] {processor.py:179} INFO - Processing /opt/airflow/dags/clean_tables.py took 0.135 seconds
[2025-05-03T07:27:58.030+0000] {processor.py:157} INFO - Started process (PID=378) to work on /opt/airflow/dags/clean_tables.py
[2025-05-03T07:27:58.031+0000] {processor.py:829} INFO - Processing file /opt/airflow/dags/clean_tables.py for tasks to queue
[2025-05-03T07:27:58.032+0000] {logging_mixin.py:151} INFO - [2025-05-03T07:27:58.032+0000] {dagbag.py:536} INFO - Filling up the DagBag from /opt/airflow/dags/clean_tables.py
[2025-05-03T07:27:58.061+0000] {processor.py:839} INFO - DAG(s) dict_keys(['clean_tables_dag']) retrieved from /opt/airflow/dags/clean_tables.py
[2025-05-03T07:27:58.102+0000] {logging_mixin.py:151} INFO - [2025-05-03T07:27:58.101+0000] {dag.py:2941} INFO - Sync 1 DAGs
[2025-05-03T07:27:58.130+0000] {logging_mixin.py:151} INFO - [2025-05-03T07:27:58.129+0000] {dag.py:3722} INFO - Setting next_dagrun for clean_tables_dag to 2025-03-10T00:00:00+00:00, run_after=2025-03-10T00:00:00+00:00
[2025-05-03T07:27:58.158+0000] {processor.py:179} INFO - Processing /opt/airflow/dags/clean_tables.py took 0.133 seconds
[2025-05-03T07:28:28.395+0000] {processor.py:157} INFO - Started process (PID=389) to work on /opt/airflow/dags/clean_tables.py
[2025-05-03T07:28:28.395+0000] {processor.py:829} INFO - Processing file /opt/airflow/dags/clean_tables.py for tasks to queue
[2025-05-03T07:28:28.397+0000] {logging_mixin.py:151} INFO - [2025-05-03T07:28:28.396+0000] {dagbag.py:536} INFO - Filling up the DagBag from /opt/airflow/dags/clean_tables.py
[2025-05-03T07:28:28.423+0000] {processor.py:839} INFO - DAG(s) dict_keys(['clean_tables_dag']) retrieved from /opt/airflow/dags/clean_tables.py
[2025-05-03T07:28:28.451+0000] {logging_mixin.py:151} INFO - [2025-05-03T07:28:28.451+0000] {dag.py:2941} INFO - Sync 1 DAGs
[2025-05-03T07:28:28.476+0000] {logging_mixin.py:151} INFO - [2025-05-03T07:28:28.476+0000] {dag.py:3722} INFO - Setting next_dagrun for clean_tables_dag to 2025-03-10T00:00:00+00:00, run_after=2025-03-10T00:00:00+00:00
[2025-05-03T07:28:28.498+0000] {processor.py:179} INFO - Processing /opt/airflow/dags/clean_tables.py took 0.107 seconds
[2025-05-03T07:28:58.749+0000] {processor.py:157} INFO - Started process (PID=400) to work on /opt/airflow/dags/clean_tables.py
[2025-05-03T07:28:58.750+0000] {processor.py:829} INFO - Processing file /opt/airflow/dags/clean_tables.py for tasks to queue
[2025-05-03T07:28:58.751+0000] {logging_mixin.py:151} INFO - [2025-05-03T07:28:58.751+0000] {dagbag.py:536} INFO - Filling up the DagBag from /opt/airflow/dags/clean_tables.py
[2025-05-03T07:28:58.782+0000] {processor.py:839} INFO - DAG(s) dict_keys(['clean_tables_dag']) retrieved from /opt/airflow/dags/clean_tables.py
[2025-05-03T07:28:58.816+0000] {logging_mixin.py:151} INFO - [2025-05-03T07:28:58.816+0000] {dag.py:2941} INFO - Sync 1 DAGs
[2025-05-03T07:28:58.839+0000] {logging_mixin.py:151} INFO - [2025-05-03T07:28:58.838+0000] {dag.py:3722} INFO - Setting next_dagrun for clean_tables_dag to 2025-03-10T00:00:00+00:00, run_after=2025-03-10T00:00:00+00:00
[2025-05-03T07:28:58.867+0000] {processor.py:179} INFO - Processing /opt/airflow/dags/clean_tables.py took 0.121 seconds
[2025-05-03T07:29:29.105+0000] {processor.py:157} INFO - Started process (PID=411) to work on /opt/airflow/dags/clean_tables.py
[2025-05-03T07:29:29.106+0000] {processor.py:829} INFO - Processing file /opt/airflow/dags/clean_tables.py for tasks to queue
[2025-05-03T07:29:29.107+0000] {logging_mixin.py:151} INFO - [2025-05-03T07:29:29.107+0000] {dagbag.py:536} INFO - Filling up the DagBag from /opt/airflow/dags/clean_tables.py
[2025-05-03T07:29:29.132+0000] {processor.py:839} INFO - DAG(s) dict_keys(['clean_tables_dag']) retrieved from /opt/airflow/dags/clean_tables.py
[2025-05-03T07:29:29.162+0000] {logging_mixin.py:151} INFO - [2025-05-03T07:29:29.162+0000] {dag.py:2941} INFO - Sync 1 DAGs
[2025-05-03T07:29:29.185+0000] {logging_mixin.py:151} INFO - [2025-05-03T07:29:29.184+0000] {dag.py:3722} INFO - Setting next_dagrun for clean_tables_dag to 2025-03-10T00:00:00+00:00, run_after=2025-03-10T00:00:00+00:00
[2025-05-03T07:29:29.210+0000] {processor.py:179} INFO - Processing /opt/airflow/dags/clean_tables.py took 0.109 seconds
[2025-05-03T07:29:59.492+0000] {processor.py:157} INFO - Started process (PID=422) to work on /opt/airflow/dags/clean_tables.py
[2025-05-03T07:29:59.493+0000] {processor.py:829} INFO - Processing file /opt/airflow/dags/clean_tables.py for tasks to queue
[2025-05-03T07:29:59.494+0000] {logging_mixin.py:151} INFO - [2025-05-03T07:29:59.494+0000] {dagbag.py:536} INFO - Filling up the DagBag from /opt/airflow/dags/clean_tables.py
[2025-05-03T07:29:59.524+0000] {processor.py:839} INFO - DAG(s) dict_keys(['clean_tables_dag']) retrieved from /opt/airflow/dags/clean_tables.py
[2025-05-03T07:29:59.561+0000] {logging_mixin.py:151} INFO - [2025-05-03T07:29:59.560+0000] {dag.py:2941} INFO - Sync 1 DAGs
[2025-05-03T07:29:59.588+0000] {logging_mixin.py:151} INFO - [2025-05-03T07:29:59.588+0000] {dag.py:3722} INFO - Setting next_dagrun for clean_tables_dag to 2025-03-10T00:00:00+00:00, run_after=2025-03-10T00:00:00+00:00
[2025-05-03T07:29:59.655+0000] {processor.py:179} INFO - Processing /opt/airflow/dags/clean_tables.py took 0.168 seconds
[2025-05-03T07:30:29.953+0000] {processor.py:157} INFO - Started process (PID=433) to work on /opt/airflow/dags/clean_tables.py
[2025-05-03T07:30:29.954+0000] {processor.py:829} INFO - Processing file /opt/airflow/dags/clean_tables.py for tasks to queue
[2025-05-03T07:30:29.955+0000] {logging_mixin.py:151} INFO - [2025-05-03T07:30:29.955+0000] {dagbag.py:536} INFO - Filling up the DagBag from /opt/airflow/dags/clean_tables.py
[2025-05-03T07:30:29.976+0000] {processor.py:839} INFO - DAG(s) dict_keys(['clean_tables_dag']) retrieved from /opt/airflow/dags/clean_tables.py
[2025-05-03T07:30:30.004+0000] {logging_mixin.py:151} INFO - [2025-05-03T07:30:30.004+0000] {dag.py:2941} INFO - Sync 1 DAGs
[2025-05-03T07:30:30.025+0000] {logging_mixin.py:151} INFO - [2025-05-03T07:30:30.025+0000] {dag.py:3722} INFO - Setting next_dagrun for clean_tables_dag to 2025-03-10T00:00:00+00:00, run_after=2025-03-10T00:00:00+00:00
[2025-05-03T07:30:30.055+0000] {processor.py:179} INFO - Processing /opt/airflow/dags/clean_tables.py took 0.105 seconds
[2025-05-03T07:31:00.287+0000] {processor.py:157} INFO - Started process (PID=444) to work on /opt/airflow/dags/clean_tables.py
[2025-05-03T07:31:00.288+0000] {processor.py:829} INFO - Processing file /opt/airflow/dags/clean_tables.py for tasks to queue
[2025-05-03T07:31:00.289+0000] {logging_mixin.py:151} INFO - [2025-05-03T07:31:00.289+0000] {dagbag.py:536} INFO - Filling up the DagBag from /opt/airflow/dags/clean_tables.py
[2025-05-03T07:31:00.310+0000] {processor.py:839} INFO - DAG(s) dict_keys(['clean_tables_dag']) retrieved from /opt/airflow/dags/clean_tables.py
[2025-05-03T07:31:00.339+0000] {logging_mixin.py:151} INFO - [2025-05-03T07:31:00.338+0000] {dag.py:2941} INFO - Sync 1 DAGs
[2025-05-03T07:31:00.363+0000] {logging_mixin.py:151} INFO - [2025-05-03T07:31:00.363+0000] {dag.py:3722} INFO - Setting next_dagrun for clean_tables_dag to 2025-03-10T00:00:00+00:00, run_after=2025-03-10T00:00:00+00:00
[2025-05-03T07:31:00.431+0000] {processor.py:179} INFO - Processing /opt/airflow/dags/clean_tables.py took 0.147 seconds
[2025-05-03T07:31:30.669+0000] {processor.py:157} INFO - Started process (PID=455) to work on /opt/airflow/dags/clean_tables.py
[2025-05-03T07:31:30.671+0000] {processor.py:829} INFO - Processing file /opt/airflow/dags/clean_tables.py for tasks to queue
[2025-05-03T07:31:30.672+0000] {logging_mixin.py:151} INFO - [2025-05-03T07:31:30.671+0000] {dagbag.py:536} INFO - Filling up the DagBag from /opt/airflow/dags/clean_tables.py
[2025-05-03T07:31:30.699+0000] {processor.py:839} INFO - DAG(s) dict_keys(['clean_tables_dag']) retrieved from /opt/airflow/dags/clean_tables.py
[2025-05-03T07:31:30.737+0000] {logging_mixin.py:151} INFO - [2025-05-03T07:31:30.737+0000] {dag.py:2941} INFO - Sync 1 DAGs
[2025-05-03T07:31:30.762+0000] {logging_mixin.py:151} INFO - [2025-05-03T07:31:30.761+0000] {dag.py:3722} INFO - Setting next_dagrun for clean_tables_dag to 2025-03-10T00:00:00+00:00, run_after=2025-03-10T00:00:00+00:00
[2025-05-03T07:31:30.787+0000] {processor.py:179} INFO - Processing /opt/airflow/dags/clean_tables.py took 0.122 seconds
[2025-05-03T07:32:01.027+0000] {processor.py:157} INFO - Started process (PID=466) to work on /opt/airflow/dags/clean_tables.py
[2025-05-03T07:32:01.028+0000] {processor.py:829} INFO - Processing file /opt/airflow/dags/clean_tables.py for tasks to queue
[2025-05-03T07:32:01.029+0000] {logging_mixin.py:151} INFO - [2025-05-03T07:32:01.029+0000] {dagbag.py:536} INFO - Filling up the DagBag from /opt/airflow/dags/clean_tables.py
[2025-05-03T07:32:01.058+0000] {processor.py:839} INFO - DAG(s) dict_keys(['clean_tables_dag']) retrieved from /opt/airflow/dags/clean_tables.py
[2025-05-03T07:32:01.097+0000] {logging_mixin.py:151} INFO - [2025-05-03T07:32:01.096+0000] {dag.py:2941} INFO - Sync 1 DAGs
[2025-05-03T07:32:01.132+0000] {logging_mixin.py:151} INFO - [2025-05-03T07:32:01.132+0000] {dag.py:3722} INFO - Setting next_dagrun for clean_tables_dag to 2025-03-10T00:00:00+00:00, run_after=2025-03-10T00:00:00+00:00
[2025-05-03T07:32:01.198+0000] {processor.py:179} INFO - Processing /opt/airflow/dags/clean_tables.py took 0.176 seconds
[2025-05-03T07:32:31.433+0000] {processor.py:157} INFO - Started process (PID=477) to work on /opt/airflow/dags/clean_tables.py
[2025-05-03T07:32:31.434+0000] {processor.py:829} INFO - Processing file /opt/airflow/dags/clean_tables.py for tasks to queue
[2025-05-03T07:32:31.436+0000] {logging_mixin.py:151} INFO - [2025-05-03T07:32:31.435+0000] {dagbag.py:536} INFO - Filling up the DagBag from /opt/airflow/dags/clean_tables.py
[2025-05-03T07:32:31.462+0000] {processor.py:839} INFO - DAG(s) dict_keys(['clean_tables_dag']) retrieved from /opt/airflow/dags/clean_tables.py
[2025-05-03T07:32:31.496+0000] {logging_mixin.py:151} INFO - [2025-05-03T07:32:31.496+0000] {dag.py:2941} INFO - Sync 1 DAGs
[2025-05-03T07:32:31.523+0000] {logging_mixin.py:151} INFO - [2025-05-03T07:32:31.523+0000] {dag.py:3722} INFO - Setting next_dagrun for clean_tables_dag to 2025-03-10T00:00:00+00:00, run_after=2025-03-10T00:00:00+00:00
[2025-05-03T07:32:31.591+0000] {processor.py:179} INFO - Processing /opt/airflow/dags/clean_tables.py took 0.162 seconds
[2025-05-03T07:33:01.839+0000] {processor.py:157} INFO - Started process (PID=488) to work on /opt/airflow/dags/clean_tables.py
[2025-05-03T07:33:01.840+0000] {processor.py:829} INFO - Processing file /opt/airflow/dags/clean_tables.py for tasks to queue
[2025-05-03T07:33:01.842+0000] {logging_mixin.py:151} INFO - [2025-05-03T07:33:01.841+0000] {dagbag.py:536} INFO - Filling up the DagBag from /opt/airflow/dags/clean_tables.py
[2025-05-03T07:33:01.865+0000] {processor.py:839} INFO - DAG(s) dict_keys(['clean_tables_dag']) retrieved from /opt/airflow/dags/clean_tables.py
[2025-05-03T07:33:01.902+0000] {logging_mixin.py:151} INFO - [2025-05-03T07:33:01.902+0000] {dag.py:2941} INFO - Sync 1 DAGs
[2025-05-03T07:33:01.924+0000] {logging_mixin.py:151} INFO - [2025-05-03T07:33:01.924+0000] {dag.py:3722} INFO - Setting next_dagrun for clean_tables_dag to 2025-03-10T00:00:00+00:00, run_after=2025-03-10T00:00:00+00:00
[2025-05-03T07:33:01.950+0000] {processor.py:179} INFO - Processing /opt/airflow/dags/clean_tables.py took 0.115 seconds
[2025-05-03T07:33:32.205+0000] {processor.py:157} INFO - Started process (PID=499) to work on /opt/airflow/dags/clean_tables.py
[2025-05-03T07:33:32.206+0000] {processor.py:829} INFO - Processing file /opt/airflow/dags/clean_tables.py for tasks to queue
[2025-05-03T07:33:32.207+0000] {logging_mixin.py:151} INFO - [2025-05-03T07:33:32.207+0000] {dagbag.py:536} INFO - Filling up the DagBag from /opt/airflow/dags/clean_tables.py
[2025-05-03T07:33:32.232+0000] {processor.py:839} INFO - DAG(s) dict_keys(['clean_tables_dag']) retrieved from /opt/airflow/dags/clean_tables.py
[2025-05-03T07:33:32.262+0000] {logging_mixin.py:151} INFO - [2025-05-03T07:33:32.262+0000] {dag.py:2941} INFO - Sync 1 DAGs
[2025-05-03T07:33:32.291+0000] {logging_mixin.py:151} INFO - [2025-05-03T07:33:32.291+0000] {dag.py:3722} INFO - Setting next_dagrun for clean_tables_dag to 2025-03-10T00:00:00+00:00, run_after=2025-03-10T00:00:00+00:00
[2025-05-03T07:33:32.340+0000] {processor.py:179} INFO - Processing /opt/airflow/dags/clean_tables.py took 0.139 seconds
[2025-05-03T07:34:02.600+0000] {processor.py:157} INFO - Started process (PID=504) to work on /opt/airflow/dags/clean_tables.py
[2025-05-03T07:34:02.601+0000] {processor.py:829} INFO - Processing file /opt/airflow/dags/clean_tables.py for tasks to queue
[2025-05-03T07:34:02.605+0000] {logging_mixin.py:151} INFO - [2025-05-03T07:34:02.602+0000] {dagbag.py:536} INFO - Filling up the DagBag from /opt/airflow/dags/clean_tables.py
[2025-05-03T07:34:02.641+0000] {processor.py:839} INFO - DAG(s) dict_keys(['clean_tables_dag']) retrieved from /opt/airflow/dags/clean_tables.py
[2025-05-03T07:34:02.684+0000] {logging_mixin.py:151} INFO - [2025-05-03T07:34:02.683+0000] {dag.py:2941} INFO - Sync 1 DAGs
[2025-05-03T07:34:02.716+0000] {logging_mixin.py:151} INFO - [2025-05-03T07:34:02.715+0000] {dag.py:3722} INFO - Setting next_dagrun for clean_tables_dag to 2025-03-10T00:00:00+00:00, run_after=2025-03-10T00:00:00+00:00
[2025-05-03T07:34:02.789+0000] {processor.py:179} INFO - Processing /opt/airflow/dags/clean_tables.py took 0.194 seconds
[2025-05-03T07:34:33.087+0000] {processor.py:157} INFO - Started process (PID=515) to work on /opt/airflow/dags/clean_tables.py
[2025-05-03T07:34:33.088+0000] {processor.py:829} INFO - Processing file /opt/airflow/dags/clean_tables.py for tasks to queue
[2025-05-03T07:34:33.089+0000] {logging_mixin.py:151} INFO - [2025-05-03T07:34:33.089+0000] {dagbag.py:536} INFO - Filling up the DagBag from /opt/airflow/dags/clean_tables.py
[2025-05-03T07:34:33.125+0000] {processor.py:839} INFO - DAG(s) dict_keys(['clean_tables_dag']) retrieved from /opt/airflow/dags/clean_tables.py
[2025-05-03T07:34:33.159+0000] {logging_mixin.py:151} INFO - [2025-05-03T07:34:33.159+0000] {dag.py:2941} INFO - Sync 1 DAGs
[2025-05-03T07:34:33.193+0000] {logging_mixin.py:151} INFO - [2025-05-03T07:34:33.193+0000] {dag.py:3722} INFO - Setting next_dagrun for clean_tables_dag to 2025-03-10T00:00:00+00:00, run_after=2025-03-10T00:00:00+00:00
[2025-05-03T07:34:33.260+0000] {processor.py:179} INFO - Processing /opt/airflow/dags/clean_tables.py took 0.177 seconds
[2025-05-03T07:35:03.534+0000] {processor.py:157} INFO - Started process (PID=526) to work on /opt/airflow/dags/clean_tables.py
[2025-05-03T07:35:03.535+0000] {processor.py:829} INFO - Processing file /opt/airflow/dags/clean_tables.py for tasks to queue
[2025-05-03T07:35:03.536+0000] {logging_mixin.py:151} INFO - [2025-05-03T07:35:03.536+0000] {dagbag.py:536} INFO - Filling up the DagBag from /opt/airflow/dags/clean_tables.py
[2025-05-03T07:35:03.557+0000] {processor.py:839} INFO - DAG(s) dict_keys(['clean_tables_dag']) retrieved from /opt/airflow/dags/clean_tables.py
[2025-05-03T07:35:03.636+0000] {logging_mixin.py:151} INFO - [2025-05-03T07:35:03.635+0000] {dag.py:2941} INFO - Sync 1 DAGs
[2025-05-03T07:35:03.664+0000] {logging_mixin.py:151} INFO - [2025-05-03T07:35:03.664+0000] {dag.py:3722} INFO - Setting next_dagrun for clean_tables_dag to 2025-03-10T00:00:00+00:00, run_after=2025-03-10T00:00:00+00:00
[2025-05-03T07:35:03.692+0000] {processor.py:179} INFO - Processing /opt/airflow/dags/clean_tables.py took 0.162 seconds
[2025-05-03T07:35:33.973+0000] {processor.py:157} INFO - Started process (PID=537) to work on /opt/airflow/dags/clean_tables.py
[2025-05-03T07:35:33.974+0000] {processor.py:829} INFO - Processing file /opt/airflow/dags/clean_tables.py for tasks to queue
[2025-05-03T07:35:33.975+0000] {logging_mixin.py:151} INFO - [2025-05-03T07:35:33.975+0000] {dagbag.py:536} INFO - Filling up the DagBag from /opt/airflow/dags/clean_tables.py
[2025-05-03T07:35:34.006+0000] {processor.py:839} INFO - DAG(s) dict_keys(['clean_tables_dag']) retrieved from /opt/airflow/dags/clean_tables.py
[2025-05-03T07:35:34.042+0000] {logging_mixin.py:151} INFO - [2025-05-03T07:35:34.042+0000] {dag.py:2941} INFO - Sync 1 DAGs
[2025-05-03T07:35:34.072+0000] {logging_mixin.py:151} INFO - [2025-05-03T07:35:34.072+0000] {dag.py:3722} INFO - Setting next_dagrun for clean_tables_dag to 2025-03-10T00:00:00+00:00, run_after=2025-03-10T00:00:00+00:00
[2025-05-03T07:35:34.116+0000] {processor.py:179} INFO - Processing /opt/airflow/dags/clean_tables.py took 0.147 seconds
[2025-05-03T07:36:04.196+0000] {processor.py:157} INFO - Started process (PID=548) to work on /opt/airflow/dags/clean_tables.py
[2025-05-03T07:36:04.197+0000] {processor.py:829} INFO - Processing file /opt/airflow/dags/clean_tables.py for tasks to queue
[2025-05-03T07:36:04.199+0000] {logging_mixin.py:151} INFO - [2025-05-03T07:36:04.198+0000] {dagbag.py:536} INFO - Filling up the DagBag from /opt/airflow/dags/clean_tables.py
[2025-05-03T07:36:04.224+0000] {processor.py:839} INFO - DAG(s) dict_keys(['clean_tables_dag']) retrieved from /opt/airflow/dags/clean_tables.py
[2025-05-03T07:36:04.260+0000] {logging_mixin.py:151} INFO - [2025-05-03T07:36:04.259+0000] {dag.py:2941} INFO - Sync 1 DAGs
[2025-05-03T07:36:04.297+0000] {logging_mixin.py:151} INFO - [2025-05-03T07:36:04.297+0000] {dag.py:3722} INFO - Setting next_dagrun for clean_tables_dag to 2025-03-10T00:00:00+00:00, run_after=2025-03-10T00:00:00+00:00
[2025-05-03T07:36:04.325+0000] {processor.py:179} INFO - Processing /opt/airflow/dags/clean_tables.py took 0.133 seconds
[2025-05-03T07:36:34.637+0000] {processor.py:157} INFO - Started process (PID=559) to work on /opt/airflow/dags/clean_tables.py
[2025-05-03T07:36:34.638+0000] {processor.py:829} INFO - Processing file /opt/airflow/dags/clean_tables.py for tasks to queue
[2025-05-03T07:36:34.639+0000] {logging_mixin.py:151} INFO - [2025-05-03T07:36:34.638+0000] {dagbag.py:536} INFO - Filling up the DagBag from /opt/airflow/dags/clean_tables.py
[2025-05-03T07:36:34.662+0000] {processor.py:839} INFO - DAG(s) dict_keys(['clean_tables_dag']) retrieved from /opt/airflow/dags/clean_tables.py
[2025-05-03T07:36:34.700+0000] {logging_mixin.py:151} INFO - [2025-05-03T07:36:34.699+0000] {dag.py:2941} INFO - Sync 1 DAGs
[2025-05-03T07:36:34.725+0000] {logging_mixin.py:151} INFO - [2025-05-03T07:36:34.725+0000] {dag.py:3722} INFO - Setting next_dagrun for clean_tables_dag to 2025-03-10T00:00:00+00:00, run_after=2025-03-10T00:00:00+00:00
[2025-05-03T07:36:34.749+0000] {processor.py:179} INFO - Processing /opt/airflow/dags/clean_tables.py took 0.116 seconds
[2025-05-03T07:37:05.144+0000] {processor.py:157} INFO - Started process (PID=570) to work on /opt/airflow/dags/clean_tables.py
[2025-05-03T07:37:05.146+0000] {processor.py:829} INFO - Processing file /opt/airflow/dags/clean_tables.py for tasks to queue
[2025-05-03T07:37:05.150+0000] {logging_mixin.py:151} INFO - [2025-05-03T07:37:05.148+0000] {dagbag.py:536} INFO - Filling up the DagBag from /opt/airflow/dags/clean_tables.py
[2025-05-03T07:37:05.245+0000] {processor.py:839} INFO - DAG(s) dict_keys(['clean_tables_dag']) retrieved from /opt/airflow/dags/clean_tables.py
[2025-05-03T07:37:05.343+0000] {logging_mixin.py:151} INFO - [2025-05-03T07:37:05.342+0000] {dag.py:2941} INFO - Sync 1 DAGs
[2025-05-03T07:37:05.413+0000] {logging_mixin.py:151} INFO - [2025-05-03T07:37:05.412+0000] {dag.py:3722} INFO - Setting next_dagrun for clean_tables_dag to 2025-03-10T00:00:00+00:00, run_after=2025-03-10T00:00:00+00:00
[2025-05-03T07:37:05.478+0000] {processor.py:179} INFO - Processing /opt/airflow/dags/clean_tables.py took 0.363 seconds
[2025-05-03T07:37:36.029+0000] {processor.py:157} INFO - Started process (PID=581) to work on /opt/airflow/dags/clean_tables.py
[2025-05-03T07:37:36.030+0000] {processor.py:829} INFO - Processing file /opt/airflow/dags/clean_tables.py for tasks to queue
[2025-05-03T07:37:36.031+0000] {logging_mixin.py:151} INFO - [2025-05-03T07:37:36.030+0000] {dagbag.py:536} INFO - Filling up the DagBag from /opt/airflow/dags/clean_tables.py
[2025-05-03T07:37:36.069+0000] {processor.py:839} INFO - DAG(s) dict_keys(['clean_tables_dag']) retrieved from /opt/airflow/dags/clean_tables.py
[2025-05-03T07:37:36.100+0000] {logging_mixin.py:151} INFO - [2025-05-03T07:37:36.100+0000] {dag.py:2941} INFO - Sync 1 DAGs
[2025-05-03T07:37:36.123+0000] {logging_mixin.py:151} INFO - [2025-05-03T07:37:36.123+0000] {dag.py:3722} INFO - Setting next_dagrun for clean_tables_dag to 2025-03-10T00:00:00+00:00, run_after=2025-03-10T00:00:00+00:00
[2025-05-03T07:37:36.145+0000] {processor.py:179} INFO - Processing /opt/airflow/dags/clean_tables.py took 0.125 seconds
[2025-05-03T07:38:06.448+0000] {processor.py:157} INFO - Started process (PID=592) to work on /opt/airflow/dags/clean_tables.py
[2025-05-03T07:38:06.449+0000] {processor.py:829} INFO - Processing file /opt/airflow/dags/clean_tables.py for tasks to queue
[2025-05-03T07:38:06.451+0000] {logging_mixin.py:151} INFO - [2025-05-03T07:38:06.450+0000] {dagbag.py:536} INFO - Filling up the DagBag from /opt/airflow/dags/clean_tables.py
[2025-05-03T07:38:06.478+0000] {processor.py:839} INFO - DAG(s) dict_keys(['clean_tables_dag']) retrieved from /opt/airflow/dags/clean_tables.py
[2025-05-03T07:38:06.512+0000] {logging_mixin.py:151} INFO - [2025-05-03T07:38:06.512+0000] {dag.py:2941} INFO - Sync 1 DAGs
[2025-05-03T07:38:06.541+0000] {logging_mixin.py:151} INFO - [2025-05-03T07:38:06.541+0000] {dag.py:3722} INFO - Setting next_dagrun for clean_tables_dag to 2025-03-10T00:00:00+00:00, run_after=2025-03-10T00:00:00+00:00
[2025-05-03T07:38:06.567+0000] {processor.py:179} INFO - Processing /opt/airflow/dags/clean_tables.py took 0.122 seconds
[2025-05-03T07:38:36.841+0000] {processor.py:157} INFO - Started process (PID=603) to work on /opt/airflow/dags/clean_tables.py
[2025-05-03T07:38:36.846+0000] {processor.py:829} INFO - Processing file /opt/airflow/dags/clean_tables.py for tasks to queue
[2025-05-03T07:38:36.850+0000] {logging_mixin.py:151} INFO - [2025-05-03T07:38:36.850+0000] {dagbag.py:536} INFO - Filling up the DagBag from /opt/airflow/dags/clean_tables.py
[2025-05-03T07:38:36.911+0000] {processor.py:839} INFO - DAG(s) dict_keys(['clean_tables_dag']) retrieved from /opt/airflow/dags/clean_tables.py
[2025-05-03T07:38:36.998+0000] {logging_mixin.py:151} INFO - [2025-05-03T07:38:36.997+0000] {dag.py:2941} INFO - Sync 1 DAGs
[2025-05-03T07:38:37.064+0000] {logging_mixin.py:151} INFO - [2025-05-03T07:38:37.064+0000] {dag.py:3722} INFO - Setting next_dagrun for clean_tables_dag to 2025-03-10T00:00:00+00:00, run_after=2025-03-10T00:00:00+00:00
[2025-05-03T07:38:37.118+0000] {processor.py:179} INFO - Processing /opt/airflow/dags/clean_tables.py took 0.288 seconds
[2025-05-03T07:39:07.501+0000] {processor.py:157} INFO - Started process (PID=614) to work on /opt/airflow/dags/clean_tables.py
[2025-05-03T07:39:07.502+0000] {processor.py:829} INFO - Processing file /opt/airflow/dags/clean_tables.py for tasks to queue
[2025-05-03T07:39:07.504+0000] {logging_mixin.py:151} INFO - [2025-05-03T07:39:07.503+0000] {dagbag.py:536} INFO - Filling up the DagBag from /opt/airflow/dags/clean_tables.py
[2025-05-03T07:39:07.547+0000] {processor.py:839} INFO - DAG(s) dict_keys(['clean_tables_dag']) retrieved from /opt/airflow/dags/clean_tables.py
[2025-05-03T07:39:07.609+0000] {logging_mixin.py:151} INFO - [2025-05-03T07:39:07.608+0000] {dag.py:2941} INFO - Sync 1 DAGs
[2025-05-03T07:39:07.654+0000] {logging_mixin.py:151} INFO - [2025-05-03T07:39:07.653+0000] {dag.py:3722} INFO - Setting next_dagrun for clean_tables_dag to 2025-03-10T00:00:00+00:00, run_after=2025-03-10T00:00:00+00:00
[2025-05-03T07:39:07.692+0000] {processor.py:179} INFO - Processing /opt/airflow/dags/clean_tables.py took 0.201 seconds
[2025-05-03T07:39:38.006+0000] {processor.py:157} INFO - Started process (PID=625) to work on /opt/airflow/dags/clean_tables.py
[2025-05-03T07:39:38.008+0000] {processor.py:829} INFO - Processing file /opt/airflow/dags/clean_tables.py for tasks to queue
[2025-05-03T07:39:38.010+0000] {logging_mixin.py:151} INFO - [2025-05-03T07:39:38.009+0000] {dagbag.py:536} INFO - Filling up the DagBag from /opt/airflow/dags/clean_tables.py
[2025-05-03T07:39:38.041+0000] {processor.py:839} INFO - DAG(s) dict_keys(['clean_tables_dag']) retrieved from /opt/airflow/dags/clean_tables.py
[2025-05-03T07:39:38.084+0000] {logging_mixin.py:151} INFO - [2025-05-03T07:39:38.084+0000] {dag.py:2941} INFO - Sync 1 DAGs
[2025-05-03T07:39:38.114+0000] {logging_mixin.py:151} INFO - [2025-05-03T07:39:38.114+0000] {dag.py:3722} INFO - Setting next_dagrun for clean_tables_dag to 2025-03-10T00:00:00+00:00, run_after=2025-03-10T00:00:00+00:00
[2025-05-03T07:39:38.140+0000] {processor.py:179} INFO - Processing /opt/airflow/dags/clean_tables.py took 0.140 seconds
[2025-05-03T07:40:08.375+0000] {processor.py:157} INFO - Started process (PID=636) to work on /opt/airflow/dags/clean_tables.py
[2025-05-03T07:40:08.376+0000] {processor.py:829} INFO - Processing file /opt/airflow/dags/clean_tables.py for tasks to queue
[2025-05-03T07:40:08.378+0000] {logging_mixin.py:151} INFO - [2025-05-03T07:40:08.378+0000] {dagbag.py:536} INFO - Filling up the DagBag from /opt/airflow/dags/clean_tables.py
[2025-05-03T07:40:08.403+0000] {processor.py:839} INFO - DAG(s) dict_keys(['clean_tables_dag']) retrieved from /opt/airflow/dags/clean_tables.py
[2025-05-03T07:40:08.436+0000] {logging_mixin.py:151} INFO - [2025-05-03T07:40:08.436+0000] {dag.py:2941} INFO - Sync 1 DAGs
[2025-05-03T07:40:08.465+0000] {logging_mixin.py:151} INFO - [2025-05-03T07:40:08.465+0000] {dag.py:3722} INFO - Setting next_dagrun for clean_tables_dag to 2025-03-10T00:00:00+00:00, run_after=2025-03-10T00:00:00+00:00
[2025-05-03T07:40:08.492+0000] {processor.py:179} INFO - Processing /opt/airflow/dags/clean_tables.py took 0.121 seconds
[2025-05-03T07:40:38.713+0000] {processor.py:157} INFO - Started process (PID=647) to work on /opt/airflow/dags/clean_tables.py
[2025-05-03T07:40:38.714+0000] {processor.py:829} INFO - Processing file /opt/airflow/dags/clean_tables.py for tasks to queue
[2025-05-03T07:40:38.716+0000] {logging_mixin.py:151} INFO - [2025-05-03T07:40:38.715+0000] {dagbag.py:536} INFO - Filling up the DagBag from /opt/airflow/dags/clean_tables.py
[2025-05-03T07:40:38.741+0000] {processor.py:839} INFO - DAG(s) dict_keys(['clean_tables_dag']) retrieved from /opt/airflow/dags/clean_tables.py
[2025-05-03T07:40:38.774+0000] {logging_mixin.py:151} INFO - [2025-05-03T07:40:38.774+0000] {dag.py:2941} INFO - Sync 1 DAGs
[2025-05-03T07:40:38.801+0000] {logging_mixin.py:151} INFO - [2025-05-03T07:40:38.801+0000] {dag.py:3722} INFO - Setting next_dagrun for clean_tables_dag to 2025-03-10T00:00:00+00:00, run_after=2025-03-10T00:00:00+00:00
[2025-05-03T07:40:38.827+0000] {processor.py:179} INFO - Processing /opt/airflow/dags/clean_tables.py took 0.118 seconds
[2025-05-03T07:41:09.120+0000] {processor.py:157} INFO - Started process (PID=658) to work on /opt/airflow/dags/clean_tables.py
[2025-05-03T07:41:09.121+0000] {processor.py:829} INFO - Processing file /opt/airflow/dags/clean_tables.py for tasks to queue
[2025-05-03T07:41:09.123+0000] {logging_mixin.py:151} INFO - [2025-05-03T07:41:09.122+0000] {dagbag.py:536} INFO - Filling up the DagBag from /opt/airflow/dags/clean_tables.py
[2025-05-03T07:41:09.147+0000] {processor.py:839} INFO - DAG(s) dict_keys(['clean_tables_dag']) retrieved from /opt/airflow/dags/clean_tables.py
[2025-05-03T07:41:09.177+0000] {logging_mixin.py:151} INFO - [2025-05-03T07:41:09.177+0000] {dag.py:2941} INFO - Sync 1 DAGs
[2025-05-03T07:41:09.201+0000] {logging_mixin.py:151} INFO - [2025-05-03T07:41:09.201+0000] {dag.py:3722} INFO - Setting next_dagrun for clean_tables_dag to 2025-03-10T00:00:00+00:00, run_after=2025-03-10T00:00:00+00:00
[2025-05-03T07:41:09.230+0000] {processor.py:179} INFO - Processing /opt/airflow/dags/clean_tables.py took 0.114 seconds
[2025-05-03T07:41:39.482+0000] {processor.py:157} INFO - Started process (PID=669) to work on /opt/airflow/dags/clean_tables.py
[2025-05-03T07:41:39.484+0000] {processor.py:829} INFO - Processing file /opt/airflow/dags/clean_tables.py for tasks to queue
[2025-05-03T07:41:39.485+0000] {logging_mixin.py:151} INFO - [2025-05-03T07:41:39.485+0000] {dagbag.py:536} INFO - Filling up the DagBag from /opt/airflow/dags/clean_tables.py
[2025-05-03T07:41:39.512+0000] {processor.py:839} INFO - DAG(s) dict_keys(['clean_tables_dag']) retrieved from /opt/airflow/dags/clean_tables.py
[2025-05-03T07:41:39.547+0000] {logging_mixin.py:151} INFO - [2025-05-03T07:41:39.547+0000] {dag.py:2941} INFO - Sync 1 DAGs
[2025-05-03T07:41:39.572+0000] {logging_mixin.py:151} INFO - [2025-05-03T07:41:39.572+0000] {dag.py:3722} INFO - Setting next_dagrun for clean_tables_dag to 2025-03-10T00:00:00+00:00, run_after=2025-03-10T00:00:00+00:00
[2025-05-03T07:41:39.593+0000] {processor.py:179} INFO - Processing /opt/airflow/dags/clean_tables.py took 0.114 seconds
[2025-05-03T07:42:09.772+0000] {processor.py:157} INFO - Started process (PID=680) to work on /opt/airflow/dags/clean_tables.py
[2025-05-03T07:42:09.774+0000] {processor.py:829} INFO - Processing file /opt/airflow/dags/clean_tables.py for tasks to queue
[2025-05-03T07:42:09.776+0000] {logging_mixin.py:151} INFO - [2025-05-03T07:42:09.775+0000] {dagbag.py:536} INFO - Filling up the DagBag from /opt/airflow/dags/clean_tables.py
[2025-05-03T07:42:09.827+0000] {processor.py:839} INFO - DAG(s) dict_keys(['clean_tables_dag']) retrieved from /opt/airflow/dags/clean_tables.py
[2025-05-03T07:42:09.868+0000] {logging_mixin.py:151} INFO - [2025-05-03T07:42:09.868+0000] {dag.py:2941} INFO - Sync 1 DAGs
[2025-05-03T07:42:09.906+0000] {logging_mixin.py:151} INFO - [2025-05-03T07:42:09.906+0000] {dag.py:3722} INFO - Setting next_dagrun for clean_tables_dag to 2025-03-10T00:00:00+00:00, run_after=2025-03-10T00:00:00+00:00
[2025-05-03T07:42:09.942+0000] {processor.py:179} INFO - Processing /opt/airflow/dags/clean_tables.py took 0.179 seconds
[2025-05-03T07:42:40.075+0000] {processor.py:157} INFO - Started process (PID=691) to work on /opt/airflow/dags/clean_tables.py
[2025-05-03T07:42:40.076+0000] {processor.py:829} INFO - Processing file /opt/airflow/dags/clean_tables.py for tasks to queue
[2025-05-03T07:42:40.077+0000] {logging_mixin.py:151} INFO - [2025-05-03T07:42:40.076+0000] {dagbag.py:536} INFO - Filling up the DagBag from /opt/airflow/dags/clean_tables.py
[2025-05-03T07:42:40.104+0000] {processor.py:839} INFO - DAG(s) dict_keys(['clean_tables_dag']) retrieved from /opt/airflow/dags/clean_tables.py
[2025-05-03T07:42:40.137+0000] {logging_mixin.py:151} INFO - [2025-05-03T07:42:40.137+0000] {dag.py:2941} INFO - Sync 1 DAGs
[2025-05-03T07:42:40.159+0000] {logging_mixin.py:151} INFO - [2025-05-03T07:42:40.159+0000] {dag.py:3722} INFO - Setting next_dagrun for clean_tables_dag to 2025-03-10T00:00:00+00:00, run_after=2025-03-10T00:00:00+00:00
[2025-05-03T07:42:40.178+0000] {processor.py:179} INFO - Processing /opt/airflow/dags/clean_tables.py took 0.107 seconds
[2025-05-03T07:43:10.434+0000] {processor.py:157} INFO - Started process (PID=702) to work on /opt/airflow/dags/clean_tables.py
[2025-05-03T07:43:10.435+0000] {processor.py:829} INFO - Processing file /opt/airflow/dags/clean_tables.py for tasks to queue
[2025-05-03T07:43:10.436+0000] {logging_mixin.py:151} INFO - [2025-05-03T07:43:10.436+0000] {dagbag.py:536} INFO - Filling up the DagBag from /opt/airflow/dags/clean_tables.py
[2025-05-03T07:43:10.458+0000] {processor.py:839} INFO - DAG(s) dict_keys(['clean_tables_dag']) retrieved from /opt/airflow/dags/clean_tables.py
[2025-05-03T07:43:10.481+0000] {logging_mixin.py:151} INFO - [2025-05-03T07:43:10.481+0000] {dag.py:2941} INFO - Sync 1 DAGs
[2025-05-03T07:43:10.501+0000] {logging_mixin.py:151} INFO - [2025-05-03T07:43:10.501+0000] {dag.py:3722} INFO - Setting next_dagrun for clean_tables_dag to 2025-03-10T00:00:00+00:00, run_after=2025-03-10T00:00:00+00:00
[2025-05-03T07:43:10.528+0000] {processor.py:179} INFO - Processing /opt/airflow/dags/clean_tables.py took 0.098 seconds
[2025-05-03T07:43:40.801+0000] {processor.py:157} INFO - Started process (PID=713) to work on /opt/airflow/dags/clean_tables.py
[2025-05-03T07:43:40.803+0000] {processor.py:829} INFO - Processing file /opt/airflow/dags/clean_tables.py for tasks to queue
[2025-05-03T07:43:40.804+0000] {logging_mixin.py:151} INFO - [2025-05-03T07:43:40.803+0000] {dagbag.py:536} INFO - Filling up the DagBag from /opt/airflow/dags/clean_tables.py
[2025-05-03T07:43:40.830+0000] {processor.py:839} INFO - DAG(s) dict_keys(['clean_tables_dag']) retrieved from /opt/airflow/dags/clean_tables.py
[2025-05-03T07:43:40.862+0000] {logging_mixin.py:151} INFO - [2025-05-03T07:43:40.861+0000] {dag.py:2941} INFO - Sync 1 DAGs
[2025-05-03T07:43:40.884+0000] {logging_mixin.py:151} INFO - [2025-05-03T07:43:40.884+0000] {dag.py:3722} INFO - Setting next_dagrun for clean_tables_dag to 2025-03-10T00:00:00+00:00, run_after=2025-03-10T00:00:00+00:00
[2025-05-03T07:43:40.907+0000] {processor.py:179} INFO - Processing /opt/airflow/dags/clean_tables.py took 0.110 seconds
[2025-05-03T07:44:11.164+0000] {processor.py:157} INFO - Started process (PID=724) to work on /opt/airflow/dags/clean_tables.py
[2025-05-03T07:44:11.165+0000] {processor.py:829} INFO - Processing file /opt/airflow/dags/clean_tables.py for tasks to queue
[2025-05-03T07:44:11.166+0000] {logging_mixin.py:151} INFO - [2025-05-03T07:44:11.165+0000] {dagbag.py:536} INFO - Filling up the DagBag from /opt/airflow/dags/clean_tables.py
[2025-05-03T07:44:11.190+0000] {processor.py:839} INFO - DAG(s) dict_keys(['clean_tables_dag']) retrieved from /opt/airflow/dags/clean_tables.py
[2025-05-03T07:44:11.220+0000] {logging_mixin.py:151} INFO - [2025-05-03T07:44:11.220+0000] {dag.py:2941} INFO - Sync 1 DAGs
[2025-05-03T07:44:11.245+0000] {logging_mixin.py:151} INFO - [2025-05-03T07:44:11.244+0000] {dag.py:3722} INFO - Setting next_dagrun for clean_tables_dag to 2025-03-10T00:00:00+00:00, run_after=2025-03-10T00:00:00+00:00
[2025-05-03T07:44:11.267+0000] {processor.py:179} INFO - Processing /opt/airflow/dags/clean_tables.py took 0.107 seconds
[2025-05-03T07:44:41.560+0000] {processor.py:157} INFO - Started process (PID=735) to work on /opt/airflow/dags/clean_tables.py
[2025-05-03T07:44:41.561+0000] {processor.py:829} INFO - Processing file /opt/airflow/dags/clean_tables.py for tasks to queue
[2025-05-03T07:44:41.563+0000] {logging_mixin.py:151} INFO - [2025-05-03T07:44:41.562+0000] {dagbag.py:536} INFO - Filling up the DagBag from /opt/airflow/dags/clean_tables.py
[2025-05-03T07:44:41.589+0000] {processor.py:839} INFO - DAG(s) dict_keys(['clean_tables_dag']) retrieved from /opt/airflow/dags/clean_tables.py
[2025-05-03T07:44:41.621+0000] {logging_mixin.py:151} INFO - [2025-05-03T07:44:41.621+0000] {dag.py:2941} INFO - Sync 1 DAGs
[2025-05-03T07:44:41.647+0000] {logging_mixin.py:151} INFO - [2025-05-03T07:44:41.647+0000] {dag.py:3722} INFO - Setting next_dagrun for clean_tables_dag to 2025-03-10T00:00:00+00:00, run_after=2025-03-10T00:00:00+00:00
[2025-05-03T07:44:41.675+0000] {processor.py:179} INFO - Processing /opt/airflow/dags/clean_tables.py took 0.119 seconds
[2025-05-03T07:45:11.939+0000] {processor.py:157} INFO - Started process (PID=746) to work on /opt/airflow/dags/clean_tables.py
[2025-05-03T07:45:11.940+0000] {processor.py:829} INFO - Processing file /opt/airflow/dags/clean_tables.py for tasks to queue
[2025-05-03T07:45:11.942+0000] {logging_mixin.py:151} INFO - [2025-05-03T07:45:11.941+0000] {dagbag.py:536} INFO - Filling up the DagBag from /opt/airflow/dags/clean_tables.py
[2025-05-03T07:45:11.972+0000] {processor.py:839} INFO - DAG(s) dict_keys(['clean_tables_dag']) retrieved from /opt/airflow/dags/clean_tables.py
[2025-05-03T07:45:12.005+0000] {logging_mixin.py:151} INFO - [2025-05-03T07:45:12.005+0000] {dag.py:2941} INFO - Sync 1 DAGs
[2025-05-03T07:45:12.031+0000] {logging_mixin.py:151} INFO - [2025-05-03T07:45:12.031+0000] {dag.py:3722} INFO - Setting next_dagrun for clean_tables_dag to 2025-03-10T00:00:00+00:00, run_after=2025-03-10T00:00:00+00:00
[2025-05-03T07:45:12.059+0000] {processor.py:179} INFO - Processing /opt/airflow/dags/clean_tables.py took 0.125 seconds
[2025-05-03T07:45:42.310+0000] {processor.py:157} INFO - Started process (PID=757) to work on /opt/airflow/dags/clean_tables.py
[2025-05-03T07:45:42.311+0000] {processor.py:829} INFO - Processing file /opt/airflow/dags/clean_tables.py for tasks to queue
[2025-05-03T07:45:42.312+0000] {logging_mixin.py:151} INFO - [2025-05-03T07:45:42.311+0000] {dagbag.py:536} INFO - Filling up the DagBag from /opt/airflow/dags/clean_tables.py
[2025-05-03T07:45:42.337+0000] {processor.py:839} INFO - DAG(s) dict_keys(['clean_tables_dag']) retrieved from /opt/airflow/dags/clean_tables.py
[2025-05-03T07:45:42.370+0000] {logging_mixin.py:151} INFO - [2025-05-03T07:45:42.369+0000] {dag.py:2941} INFO - Sync 1 DAGs
[2025-05-03T07:45:42.400+0000] {logging_mixin.py:151} INFO - [2025-05-03T07:45:42.400+0000] {dag.py:3722} INFO - Setting next_dagrun for clean_tables_dag to 2025-03-10T00:00:00+00:00, run_after=2025-03-10T00:00:00+00:00
[2025-05-03T07:45:42.463+0000] {processor.py:179} INFO - Processing /opt/airflow/dags/clean_tables.py took 0.156 seconds
[2025-05-03T07:46:12.714+0000] {processor.py:157} INFO - Started process (PID=768) to work on /opt/airflow/dags/clean_tables.py
[2025-05-03T07:46:12.715+0000] {processor.py:829} INFO - Processing file /opt/airflow/dags/clean_tables.py for tasks to queue
[2025-05-03T07:46:12.716+0000] {logging_mixin.py:151} INFO - [2025-05-03T07:46:12.716+0000] {dagbag.py:536} INFO - Filling up the DagBag from /opt/airflow/dags/clean_tables.py
[2025-05-03T07:46:12.744+0000] {processor.py:839} INFO - DAG(s) dict_keys(['clean_tables_dag']) retrieved from /opt/airflow/dags/clean_tables.py
[2025-05-03T07:46:12.779+0000] {logging_mixin.py:151} INFO - [2025-05-03T07:46:12.779+0000] {dag.py:2941} INFO - Sync 1 DAGs
[2025-05-03T07:46:12.805+0000] {logging_mixin.py:151} INFO - [2025-05-03T07:46:12.804+0000] {dag.py:3722} INFO - Setting next_dagrun for clean_tables_dag to 2025-03-10T00:00:00+00:00, run_after=2025-03-10T00:00:00+00:00
[2025-05-03T07:46:12.833+0000] {processor.py:179} INFO - Processing /opt/airflow/dags/clean_tables.py took 0.124 seconds
