[2025-06-03T12:14:45.477+0000] {processor.py:157} INFO - Started process (PID=174) to work on /opt/airflow/dags/airflow_etl.py
[2025-06-03T12:14:45.479+0000] {processor.py:829} INFO - Processing file /opt/airflow/dags/airflow_etl.py for tasks to queue
[2025-06-03T12:14:45.481+0000] {logging_mixin.py:151} INFO - [2025-06-03T12:14:45.481+0000] {dagbag.py:536} INFO - Filling up the DagBag from /opt/airflow/dags/airflow_etl.py
[2025-06-03T12:14:49.487+0000] {processor.py:839} INFO - DAG(s) dict_keys(['Airflow_ETL_DAG']) retrieved from /opt/airflow/dags/airflow_etl.py
[2025-06-03T12:14:49.524+0000] {logging_mixin.py:151} INFO - [2025-06-03T12:14:49.523+0000] {dag.py:2941} INFO - Sync 1 DAGs
[2025-06-03T12:14:49.552+0000] {logging_mixin.py:151} INFO - [2025-06-03T12:14:49.552+0000] {dag.py:3722} INFO - Setting next_dagrun for Airflow_ETL_DAG to None, run_after=None
[2025-06-03T12:14:49.584+0000] {processor.py:179} INFO - Processing /opt/airflow/dags/airflow_etl.py took 4.127 seconds
[2025-06-03T12:15:19.910+0000] {processor.py:157} INFO - Started process (PID=187) to work on /opt/airflow/dags/airflow_etl.py
[2025-06-03T12:15:19.912+0000] {processor.py:829} INFO - Processing file /opt/airflow/dags/airflow_etl.py for tasks to queue
[2025-06-03T12:15:19.913+0000] {logging_mixin.py:151} INFO - [2025-06-03T12:15:19.913+0000] {dagbag.py:536} INFO - Filling up the DagBag from /opt/airflow/dags/airflow_etl.py
[2025-06-03T12:15:20.595+0000] {processor.py:839} INFO - DAG(s) dict_keys(['Airflow_ETL_DAG']) retrieved from /opt/airflow/dags/airflow_etl.py
[2025-06-03T12:15:20.636+0000] {logging_mixin.py:151} INFO - [2025-06-03T12:15:20.635+0000] {dag.py:2941} INFO - Sync 1 DAGs
[2025-06-03T12:15:20.657+0000] {logging_mixin.py:151} INFO - [2025-06-03T12:15:20.657+0000] {dag.py:3722} INFO - Setting next_dagrun for Airflow_ETL_DAG to None, run_after=None
[2025-06-03T12:15:20.684+0000] {processor.py:179} INFO - Processing /opt/airflow/dags/airflow_etl.py took 0.778 seconds
[2025-06-03T12:15:51.186+0000] {processor.py:157} INFO - Started process (PID=198) to work on /opt/airflow/dags/airflow_etl.py
[2025-06-03T12:15:51.187+0000] {processor.py:829} INFO - Processing file /opt/airflow/dags/airflow_etl.py for tasks to queue
[2025-06-03T12:15:51.188+0000] {logging_mixin.py:151} INFO - [2025-06-03T12:15:51.188+0000] {dagbag.py:536} INFO - Filling up the DagBag from /opt/airflow/dags/airflow_etl.py
[2025-06-03T12:15:51.708+0000] {processor.py:839} INFO - DAG(s) dict_keys(['Airflow_ETL_DAG']) retrieved from /opt/airflow/dags/airflow_etl.py
[2025-06-03T12:15:51.738+0000] {logging_mixin.py:151} INFO - [2025-06-03T12:15:51.738+0000] {dag.py:2941} INFO - Sync 1 DAGs
[2025-06-03T12:15:51.760+0000] {logging_mixin.py:151} INFO - [2025-06-03T12:15:51.760+0000] {dag.py:3722} INFO - Setting next_dagrun for Airflow_ETL_DAG to None, run_after=None
[2025-06-03T12:15:51.785+0000] {processor.py:179} INFO - Processing /opt/airflow/dags/airflow_etl.py took 0.601 seconds
[2025-06-03T12:16:22.673+0000] {processor.py:157} INFO - Started process (PID=209) to work on /opt/airflow/dags/airflow_etl.py
[2025-06-03T12:16:22.674+0000] {processor.py:829} INFO - Processing file /opt/airflow/dags/airflow_etl.py for tasks to queue
[2025-06-03T12:16:22.675+0000] {logging_mixin.py:151} INFO - [2025-06-03T12:16:22.675+0000] {dagbag.py:536} INFO - Filling up the DagBag from /opt/airflow/dags/airflow_etl.py
[2025-06-03T12:16:23.299+0000] {processor.py:839} INFO - DAG(s) dict_keys(['Airflow_ETL_DAG']) retrieved from /opt/airflow/dags/airflow_etl.py
[2025-06-03T12:16:23.354+0000] {logging_mixin.py:151} INFO - [2025-06-03T12:16:23.353+0000] {dag.py:2941} INFO - Sync 1 DAGs
[2025-06-03T12:16:23.379+0000] {logging_mixin.py:151} INFO - [2025-06-03T12:16:23.378+0000] {dag.py:3722} INFO - Setting next_dagrun for Airflow_ETL_DAG to None, run_after=None
[2025-06-03T12:16:23.425+0000] {processor.py:179} INFO - Processing /opt/airflow/dags/airflow_etl.py took 0.756 seconds
[2025-06-03T12:16:54.014+0000] {processor.py:157} INFO - Started process (PID=220) to work on /opt/airflow/dags/airflow_etl.py
[2025-06-03T12:16:54.015+0000] {processor.py:829} INFO - Processing file /opt/airflow/dags/airflow_etl.py for tasks to queue
[2025-06-03T12:16:54.016+0000] {logging_mixin.py:151} INFO - [2025-06-03T12:16:54.016+0000] {dagbag.py:536} INFO - Filling up the DagBag from /opt/airflow/dags/airflow_etl.py
[2025-06-03T12:16:54.621+0000] {processor.py:839} INFO - DAG(s) dict_keys(['Airflow_ETL_DAG']) retrieved from /opt/airflow/dags/airflow_etl.py
[2025-06-03T12:16:54.651+0000] {logging_mixin.py:151} INFO - [2025-06-03T12:16:54.650+0000] {dag.py:2941} INFO - Sync 1 DAGs
[2025-06-03T12:16:54.676+0000] {logging_mixin.py:151} INFO - [2025-06-03T12:16:54.676+0000] {dag.py:3722} INFO - Setting next_dagrun for Airflow_ETL_DAG to None, run_after=None
[2025-06-03T12:16:54.709+0000] {processor.py:179} INFO - Processing /opt/airflow/dags/airflow_etl.py took 0.699 seconds
[2025-06-03T12:17:25.459+0000] {processor.py:157} INFO - Started process (PID=231) to work on /opt/airflow/dags/airflow_etl.py
[2025-06-03T12:17:25.461+0000] {processor.py:829} INFO - Processing file /opt/airflow/dags/airflow_etl.py for tasks to queue
[2025-06-03T12:17:25.463+0000] {logging_mixin.py:151} INFO - [2025-06-03T12:17:25.462+0000] {dagbag.py:536} INFO - Filling up the DagBag from /opt/airflow/dags/airflow_etl.py
[2025-06-03T12:17:26.236+0000] {processor.py:839} INFO - DAG(s) dict_keys(['Airflow_ETL_DAG']) retrieved from /opt/airflow/dags/airflow_etl.py
[2025-06-03T12:17:26.265+0000] {logging_mixin.py:151} INFO - [2025-06-03T12:17:26.265+0000] {dag.py:2941} INFO - Sync 1 DAGs
[2025-06-03T12:17:26.291+0000] {logging_mixin.py:151} INFO - [2025-06-03T12:17:26.291+0000] {dag.py:3722} INFO - Setting next_dagrun for Airflow_ETL_DAG to None, run_after=None
[2025-06-03T12:17:26.326+0000] {processor.py:179} INFO - Processing /opt/airflow/dags/airflow_etl.py took 0.882 seconds
[2025-06-03T12:17:56.961+0000] {processor.py:157} INFO - Started process (PID=242) to work on /opt/airflow/dags/airflow_etl.py
[2025-06-03T12:17:56.963+0000] {processor.py:829} INFO - Processing file /opt/airflow/dags/airflow_etl.py for tasks to queue
[2025-06-03T12:17:56.964+0000] {logging_mixin.py:151} INFO - [2025-06-03T12:17:56.963+0000] {dagbag.py:536} INFO - Filling up the DagBag from /opt/airflow/dags/airflow_etl.py
[2025-06-03T12:17:58.355+0000] {processor.py:839} INFO - DAG(s) dict_keys(['Airflow_ETL_DAG']) retrieved from /opt/airflow/dags/airflow_etl.py
[2025-06-03T12:17:58.392+0000] {logging_mixin.py:151} INFO - [2025-06-03T12:17:58.391+0000] {dag.py:2941} INFO - Sync 1 DAGs
[2025-06-03T12:17:58.438+0000] {logging_mixin.py:151} INFO - [2025-06-03T12:17:58.437+0000] {dag.py:3722} INFO - Setting next_dagrun for Airflow_ETL_DAG to None, run_after=None
[2025-06-03T12:17:58.479+0000] {processor.py:179} INFO - Processing /opt/airflow/dags/airflow_etl.py took 1.521 seconds
[2025-06-03T12:18:28.633+0000] {processor.py:157} INFO - Started process (PID=253) to work on /opt/airflow/dags/airflow_etl.py
[2025-06-03T12:18:28.634+0000] {processor.py:829} INFO - Processing file /opt/airflow/dags/airflow_etl.py for tasks to queue
[2025-06-03T12:18:28.636+0000] {logging_mixin.py:151} INFO - [2025-06-03T12:18:28.635+0000] {dagbag.py:536} INFO - Filling up the DagBag from /opt/airflow/dags/airflow_etl.py
[2025-06-03T12:18:29.505+0000] {processor.py:839} INFO - DAG(s) dict_keys(['Airflow_ETL_DAG']) retrieved from /opt/airflow/dags/airflow_etl.py
[2025-06-03T12:18:29.544+0000] {logging_mixin.py:151} INFO - [2025-06-03T12:18:29.544+0000] {dag.py:2941} INFO - Sync 1 DAGs
[2025-06-03T12:18:29.578+0000] {logging_mixin.py:151} INFO - [2025-06-03T12:18:29.577+0000] {dag.py:3722} INFO - Setting next_dagrun for Airflow_ETL_DAG to None, run_after=None
[2025-06-03T12:18:29.610+0000] {processor.py:179} INFO - Processing /opt/airflow/dags/airflow_etl.py took 0.982 seconds
[2025-06-03T12:19:00.008+0000] {processor.py:157} INFO - Started process (PID=264) to work on /opt/airflow/dags/airflow_etl.py
[2025-06-03T12:19:00.010+0000] {processor.py:829} INFO - Processing file /opt/airflow/dags/airflow_etl.py for tasks to queue
[2025-06-03T12:19:00.011+0000] {logging_mixin.py:151} INFO - [2025-06-03T12:19:00.011+0000] {dagbag.py:536} INFO - Filling up the DagBag from /opt/airflow/dags/airflow_etl.py
[2025-06-03T12:19:00.794+0000] {processor.py:839} INFO - DAG(s) dict_keys(['Airflow_ETL_DAG']) retrieved from /opt/airflow/dags/airflow_etl.py
[2025-06-03T12:19:00.831+0000] {logging_mixin.py:151} INFO - [2025-06-03T12:19:00.831+0000] {dag.py:2941} INFO - Sync 1 DAGs
[2025-06-03T12:19:00.866+0000] {logging_mixin.py:151} INFO - [2025-06-03T12:19:00.866+0000] {dag.py:3722} INFO - Setting next_dagrun for Airflow_ETL_DAG to None, run_after=None
[2025-06-03T12:19:00.901+0000] {processor.py:179} INFO - Processing /opt/airflow/dags/airflow_etl.py took 0.896 seconds
[2025-06-03T12:19:31.319+0000] {processor.py:157} INFO - Started process (PID=275) to work on /opt/airflow/dags/airflow_etl.py
[2025-06-03T12:19:31.320+0000] {processor.py:829} INFO - Processing file /opt/airflow/dags/airflow_etl.py for tasks to queue
[2025-06-03T12:19:31.321+0000] {logging_mixin.py:151} INFO - [2025-06-03T12:19:31.320+0000] {dagbag.py:536} INFO - Filling up the DagBag from /opt/airflow/dags/airflow_etl.py
[2025-06-03T12:19:31.831+0000] {processor.py:839} INFO - DAG(s) dict_keys(['Airflow_ETL_DAG']) retrieved from /opt/airflow/dags/airflow_etl.py
[2025-06-03T12:19:31.858+0000] {logging_mixin.py:151} INFO - [2025-06-03T12:19:31.858+0000] {dag.py:2941} INFO - Sync 1 DAGs
[2025-06-03T12:19:31.879+0000] {logging_mixin.py:151} INFO - [2025-06-03T12:19:31.879+0000] {dag.py:3722} INFO - Setting next_dagrun for Airflow_ETL_DAG to None, run_after=None
[2025-06-03T12:19:31.899+0000] {processor.py:179} INFO - Processing /opt/airflow/dags/airflow_etl.py took 0.583 seconds
[2025-06-03T12:20:02.595+0000] {processor.py:157} INFO - Started process (PID=286) to work on /opt/airflow/dags/airflow_etl.py
[2025-06-03T12:20:02.596+0000] {processor.py:829} INFO - Processing file /opt/airflow/dags/airflow_etl.py for tasks to queue
[2025-06-03T12:20:02.598+0000] {logging_mixin.py:151} INFO - [2025-06-03T12:20:02.597+0000] {dagbag.py:536} INFO - Filling up the DagBag from /opt/airflow/dags/airflow_etl.py
[2025-06-03T12:20:03.112+0000] {processor.py:839} INFO - DAG(s) dict_keys(['Airflow_ETL_DAG']) retrieved from /opt/airflow/dags/airflow_etl.py
[2025-06-03T12:20:03.141+0000] {logging_mixin.py:151} INFO - [2025-06-03T12:20:03.141+0000] {dag.py:2941} INFO - Sync 1 DAGs
[2025-06-03T12:20:03.165+0000] {logging_mixin.py:151} INFO - [2025-06-03T12:20:03.164+0000] {dag.py:3722} INFO - Setting next_dagrun for Airflow_ETL_DAG to None, run_after=None
[2025-06-03T12:20:03.226+0000] {processor.py:179} INFO - Processing /opt/airflow/dags/airflow_etl.py took 0.633 seconds
[2025-06-03T12:20:33.957+0000] {processor.py:157} INFO - Started process (PID=297) to work on /opt/airflow/dags/airflow_etl.py
[2025-06-03T12:20:33.958+0000] {processor.py:829} INFO - Processing file /opt/airflow/dags/airflow_etl.py for tasks to queue
[2025-06-03T12:20:33.960+0000] {logging_mixin.py:151} INFO - [2025-06-03T12:20:33.959+0000] {dagbag.py:536} INFO - Filling up the DagBag from /opt/airflow/dags/airflow_etl.py
[2025-06-03T12:20:34.682+0000] {processor.py:839} INFO - DAG(s) dict_keys(['Airflow_ETL_DAG']) retrieved from /opt/airflow/dags/airflow_etl.py
[2025-06-03T12:20:34.722+0000] {logging_mixin.py:151} INFO - [2025-06-03T12:20:34.721+0000] {dag.py:2941} INFO - Sync 1 DAGs
[2025-06-03T12:20:34.745+0000] {logging_mixin.py:151} INFO - [2025-06-03T12:20:34.745+0000] {dag.py:3722} INFO - Setting next_dagrun for Airflow_ETL_DAG to None, run_after=None
[2025-06-03T12:20:34.777+0000] {processor.py:179} INFO - Processing /opt/airflow/dags/airflow_etl.py took 0.825 seconds
[2025-06-03T12:21:05.369+0000] {processor.py:157} INFO - Started process (PID=308) to work on /opt/airflow/dags/airflow_etl.py
[2025-06-03T12:21:05.370+0000] {processor.py:829} INFO - Processing file /opt/airflow/dags/airflow_etl.py for tasks to queue
[2025-06-03T12:21:05.371+0000] {logging_mixin.py:151} INFO - [2025-06-03T12:21:05.371+0000] {dagbag.py:536} INFO - Filling up the DagBag from /opt/airflow/dags/airflow_etl.py
[2025-06-03T12:21:06.128+0000] {processor.py:839} INFO - DAG(s) dict_keys(['Airflow_ETL_DAG']) retrieved from /opt/airflow/dags/airflow_etl.py
[2025-06-03T12:21:06.155+0000] {logging_mixin.py:151} INFO - [2025-06-03T12:21:06.155+0000] {dag.py:2941} INFO - Sync 1 DAGs
[2025-06-03T12:21:06.181+0000] {logging_mixin.py:151} INFO - [2025-06-03T12:21:06.181+0000] {dag.py:3722} INFO - Setting next_dagrun for Airflow_ETL_DAG to None, run_after=None
[2025-06-03T12:21:06.248+0000] {processor.py:179} INFO - Processing /opt/airflow/dags/airflow_etl.py took 0.884 seconds
[2025-06-03T12:21:36.993+0000] {processor.py:157} INFO - Started process (PID=319) to work on /opt/airflow/dags/airflow_etl.py
[2025-06-03T12:21:36.995+0000] {processor.py:829} INFO - Processing file /opt/airflow/dags/airflow_etl.py for tasks to queue
[2025-06-03T12:21:36.996+0000] {logging_mixin.py:151} INFO - [2025-06-03T12:21:36.995+0000] {dagbag.py:536} INFO - Filling up the DagBag from /opt/airflow/dags/airflow_etl.py
[2025-06-03T12:21:37.584+0000] {processor.py:839} INFO - DAG(s) dict_keys(['Airflow_ETL_DAG']) retrieved from /opt/airflow/dags/airflow_etl.py
[2025-06-03T12:21:37.614+0000] {logging_mixin.py:151} INFO - [2025-06-03T12:21:37.613+0000] {dag.py:2941} INFO - Sync 1 DAGs
[2025-06-03T12:21:37.645+0000] {logging_mixin.py:151} INFO - [2025-06-03T12:21:37.645+0000] {dag.py:3722} INFO - Setting next_dagrun for Airflow_ETL_DAG to None, run_after=None
[2025-06-03T12:21:37.670+0000] {processor.py:179} INFO - Processing /opt/airflow/dags/airflow_etl.py took 0.679 seconds
[2025-06-03T12:22:08.492+0000] {processor.py:157} INFO - Started process (PID=330) to work on /opt/airflow/dags/airflow_etl.py
[2025-06-03T12:22:08.493+0000] {processor.py:829} INFO - Processing file /opt/airflow/dags/airflow_etl.py for tasks to queue
[2025-06-03T12:22:08.494+0000] {logging_mixin.py:151} INFO - [2025-06-03T12:22:08.494+0000] {dagbag.py:536} INFO - Filling up the DagBag from /opt/airflow/dags/airflow_etl.py
[2025-06-03T12:22:08.999+0000] {processor.py:839} INFO - DAG(s) dict_keys(['Airflow_ETL_DAG']) retrieved from /opt/airflow/dags/airflow_etl.py
[2025-06-03T12:22:09.023+0000] {logging_mixin.py:151} INFO - [2025-06-03T12:22:09.022+0000] {dag.py:2941} INFO - Sync 1 DAGs
[2025-06-03T12:22:09.047+0000] {logging_mixin.py:151} INFO - [2025-06-03T12:22:09.046+0000] {dag.py:3722} INFO - Setting next_dagrun for Airflow_ETL_DAG to None, run_after=None
[2025-06-03T12:22:09.068+0000] {processor.py:179} INFO - Processing /opt/airflow/dags/airflow_etl.py took 0.578 seconds
[2025-06-03T12:22:39.893+0000] {processor.py:157} INFO - Started process (PID=341) to work on /opt/airflow/dags/airflow_etl.py
[2025-06-03T12:22:39.894+0000] {processor.py:829} INFO - Processing file /opt/airflow/dags/airflow_etl.py for tasks to queue
[2025-06-03T12:22:39.896+0000] {logging_mixin.py:151} INFO - [2025-06-03T12:22:39.895+0000] {dagbag.py:536} INFO - Filling up the DagBag from /opt/airflow/dags/airflow_etl.py
[2025-06-03T12:22:40.661+0000] {processor.py:839} INFO - DAG(s) dict_keys(['Airflow_ETL_DAG']) retrieved from /opt/airflow/dags/airflow_etl.py
[2025-06-03T12:22:40.726+0000] {logging_mixin.py:151} INFO - [2025-06-03T12:22:40.726+0000] {dag.py:2941} INFO - Sync 1 DAGs
[2025-06-03T12:22:40.749+0000] {logging_mixin.py:151} INFO - [2025-06-03T12:22:40.749+0000] {dag.py:3722} INFO - Setting next_dagrun for Airflow_ETL_DAG to None, run_after=None
[2025-06-03T12:22:40.811+0000] {processor.py:179} INFO - Processing /opt/airflow/dags/airflow_etl.py took 0.922 seconds
[2025-06-03T12:23:11.337+0000] {processor.py:157} INFO - Started process (PID=352) to work on /opt/airflow/dags/airflow_etl.py
[2025-06-03T12:23:11.338+0000] {processor.py:829} INFO - Processing file /opt/airflow/dags/airflow_etl.py for tasks to queue
[2025-06-03T12:23:11.340+0000] {logging_mixin.py:151} INFO - [2025-06-03T12:23:11.339+0000] {dagbag.py:536} INFO - Filling up the DagBag from /opt/airflow/dags/airflow_etl.py
[2025-06-03T12:23:11.941+0000] {processor.py:839} INFO - DAG(s) dict_keys(['Airflow_ETL_DAG']) retrieved from /opt/airflow/dags/airflow_etl.py
[2025-06-03T12:23:11.973+0000] {logging_mixin.py:151} INFO - [2025-06-03T12:23:11.972+0000] {dag.py:2941} INFO - Sync 1 DAGs
[2025-06-03T12:23:11.998+0000] {logging_mixin.py:151} INFO - [2025-06-03T12:23:11.997+0000] {dag.py:3722} INFO - Setting next_dagrun for Airflow_ETL_DAG to None, run_after=None
[2025-06-03T12:23:12.028+0000] {processor.py:179} INFO - Processing /opt/airflow/dags/airflow_etl.py took 0.694 seconds
[2025-06-03T12:23:42.603+0000] {processor.py:157} INFO - Started process (PID=363) to work on /opt/airflow/dags/airflow_etl.py
[2025-06-03T12:23:42.604+0000] {processor.py:829} INFO - Processing file /opt/airflow/dags/airflow_etl.py for tasks to queue
[2025-06-03T12:23:42.606+0000] {logging_mixin.py:151} INFO - [2025-06-03T12:23:42.605+0000] {dagbag.py:536} INFO - Filling up the DagBag from /opt/airflow/dags/airflow_etl.py
[2025-06-03T12:23:43.231+0000] {processor.py:839} INFO - DAG(s) dict_keys(['Airflow_ETL_DAG']) retrieved from /opt/airflow/dags/airflow_etl.py
[2025-06-03T12:23:43.260+0000] {logging_mixin.py:151} INFO - [2025-06-03T12:23:43.259+0000] {dag.py:2941} INFO - Sync 1 DAGs
[2025-06-03T12:23:43.284+0000] {logging_mixin.py:151} INFO - [2025-06-03T12:23:43.283+0000] {dag.py:3722} INFO - Setting next_dagrun for Airflow_ETL_DAG to None, run_after=None
[2025-06-03T12:23:43.349+0000] {processor.py:179} INFO - Processing /opt/airflow/dags/airflow_etl.py took 0.751 seconds
[2025-06-03T12:24:14.031+0000] {processor.py:157} INFO - Started process (PID=374) to work on /opt/airflow/dags/airflow_etl.py
[2025-06-03T12:24:14.031+0000] {processor.py:829} INFO - Processing file /opt/airflow/dags/airflow_etl.py for tasks to queue
[2025-06-03T12:24:14.032+0000] {logging_mixin.py:151} INFO - [2025-06-03T12:24:14.032+0000] {dagbag.py:536} INFO - Filling up the DagBag from /opt/airflow/dags/airflow_etl.py
[2025-06-03T12:24:14.549+0000] {processor.py:839} INFO - DAG(s) dict_keys(['Airflow_ETL_DAG']) retrieved from /opt/airflow/dags/airflow_etl.py
[2025-06-03T12:24:14.575+0000] {logging_mixin.py:151} INFO - [2025-06-03T12:24:14.574+0000] {dag.py:2941} INFO - Sync 1 DAGs
[2025-06-03T12:24:14.599+0000] {logging_mixin.py:151} INFO - [2025-06-03T12:24:14.599+0000] {dag.py:3722} INFO - Setting next_dagrun for Airflow_ETL_DAG to None, run_after=None
[2025-06-03T12:24:14.620+0000] {processor.py:179} INFO - Processing /opt/airflow/dags/airflow_etl.py took 0.592 seconds
[2025-06-03T12:24:45.459+0000] {processor.py:157} INFO - Started process (PID=385) to work on /opt/airflow/dags/airflow_etl.py
[2025-06-03T12:24:45.460+0000] {processor.py:829} INFO - Processing file /opt/airflow/dags/airflow_etl.py for tasks to queue
[2025-06-03T12:24:45.461+0000] {logging_mixin.py:151} INFO - [2025-06-03T12:24:45.461+0000] {dagbag.py:536} INFO - Filling up the DagBag from /opt/airflow/dags/airflow_etl.py
[2025-06-03T12:24:46.146+0000] {processor.py:839} INFO - DAG(s) dict_keys(['Airflow_ETL_DAG']) retrieved from /opt/airflow/dags/airflow_etl.py
[2025-06-03T12:24:46.177+0000] {logging_mixin.py:151} INFO - [2025-06-03T12:24:46.177+0000] {dag.py:2941} INFO - Sync 1 DAGs
[2025-06-03T12:24:46.202+0000] {logging_mixin.py:151} INFO - [2025-06-03T12:24:46.201+0000] {dag.py:3722} INFO - Setting next_dagrun for Airflow_ETL_DAG to None, run_after=None
[2025-06-03T12:24:46.238+0000] {processor.py:179} INFO - Processing /opt/airflow/dags/airflow_etl.py took 0.781 seconds
[2025-06-03T12:25:16.515+0000] {processor.py:157} INFO - Started process (PID=396) to work on /opt/airflow/dags/airflow_etl.py
[2025-06-03T12:25:16.516+0000] {processor.py:829} INFO - Processing file /opt/airflow/dags/airflow_etl.py for tasks to queue
[2025-06-03T12:25:16.517+0000] {logging_mixin.py:151} INFO - [2025-06-03T12:25:16.517+0000] {dagbag.py:536} INFO - Filling up the DagBag from /opt/airflow/dags/airflow_etl.py
[2025-06-03T12:25:17.009+0000] {processor.py:839} INFO - DAG(s) dict_keys(['Airflow_ETL_DAG']) retrieved from /opt/airflow/dags/airflow_etl.py
[2025-06-03T12:25:17.032+0000] {logging_mixin.py:151} INFO - [2025-06-03T12:25:17.032+0000] {dag.py:2941} INFO - Sync 1 DAGs
[2025-06-03T12:25:17.054+0000] {logging_mixin.py:151} INFO - [2025-06-03T12:25:17.054+0000] {dag.py:3722} INFO - Setting next_dagrun for Airflow_ETL_DAG to None, run_after=None
[2025-06-03T12:25:17.075+0000] {processor.py:179} INFO - Processing /opt/airflow/dags/airflow_etl.py took 0.564 seconds
[2025-06-03T12:25:47.911+0000] {processor.py:157} INFO - Started process (PID=407) to work on /opt/airflow/dags/airflow_etl.py
[2025-06-03T12:25:47.914+0000] {processor.py:829} INFO - Processing file /opt/airflow/dags/airflow_etl.py for tasks to queue
[2025-06-03T12:25:47.916+0000] {logging_mixin.py:151} INFO - [2025-06-03T12:25:47.915+0000] {dagbag.py:536} INFO - Filling up the DagBag from /opt/airflow/dags/airflow_etl.py
[2025-06-03T12:25:48.439+0000] {processor.py:839} INFO - DAG(s) dict_keys(['Airflow_ETL_DAG']) retrieved from /opt/airflow/dags/airflow_etl.py
[2025-06-03T12:25:48.471+0000] {logging_mixin.py:151} INFO - [2025-06-03T12:25:48.471+0000] {dag.py:2941} INFO - Sync 1 DAGs
[2025-06-03T12:25:48.497+0000] {logging_mixin.py:151} INFO - [2025-06-03T12:25:48.497+0000] {dag.py:3722} INFO - Setting next_dagrun for Airflow_ETL_DAG to None, run_after=None
[2025-06-03T12:25:48.560+0000] {processor.py:179} INFO - Processing /opt/airflow/dags/airflow_etl.py took 0.655 seconds
[2025-06-03T12:26:19.350+0000] {processor.py:157} INFO - Started process (PID=418) to work on /opt/airflow/dags/airflow_etl.py
[2025-06-03T12:26:19.351+0000] {processor.py:829} INFO - Processing file /opt/airflow/dags/airflow_etl.py for tasks to queue
[2025-06-03T12:26:19.352+0000] {logging_mixin.py:151} INFO - [2025-06-03T12:26:19.352+0000] {dagbag.py:536} INFO - Filling up the DagBag from /opt/airflow/dags/airflow_etl.py
[2025-06-03T12:26:19.870+0000] {processor.py:839} INFO - DAG(s) dict_keys(['Airflow_ETL_DAG']) retrieved from /opt/airflow/dags/airflow_etl.py
[2025-06-03T12:26:19.906+0000] {logging_mixin.py:151} INFO - [2025-06-03T12:26:19.905+0000] {dag.py:2941} INFO - Sync 1 DAGs
[2025-06-03T12:26:19.935+0000] {logging_mixin.py:151} INFO - [2025-06-03T12:26:19.935+0000] {dag.py:3722} INFO - Setting next_dagrun for Airflow_ETL_DAG to None, run_after=None
[2025-06-03T12:26:19.960+0000] {processor.py:179} INFO - Processing /opt/airflow/dags/airflow_etl.py took 0.613 seconds
[2025-06-03T12:26:50.759+0000] {processor.py:157} INFO - Started process (PID=429) to work on /opt/airflow/dags/airflow_etl.py
[2025-06-03T12:26:50.761+0000] {processor.py:829} INFO - Processing file /opt/airflow/dags/airflow_etl.py for tasks to queue
[2025-06-03T12:26:50.763+0000] {logging_mixin.py:151} INFO - [2025-06-03T12:26:50.762+0000] {dagbag.py:536} INFO - Filling up the DagBag from /opt/airflow/dags/airflow_etl.py
[2025-06-03T12:26:51.308+0000] {processor.py:839} INFO - DAG(s) dict_keys(['Airflow_ETL_DAG']) retrieved from /opt/airflow/dags/airflow_etl.py
[2025-06-03T12:26:51.336+0000] {logging_mixin.py:151} INFO - [2025-06-03T12:26:51.335+0000] {dag.py:2941} INFO - Sync 1 DAGs
[2025-06-03T12:26:51.357+0000] {logging_mixin.py:151} INFO - [2025-06-03T12:26:51.357+0000] {dag.py:3722} INFO - Setting next_dagrun for Airflow_ETL_DAG to None, run_after=None
[2025-06-03T12:26:51.381+0000] {processor.py:179} INFO - Processing /opt/airflow/dags/airflow_etl.py took 0.626 seconds
[2025-06-03T12:27:22.131+0000] {processor.py:157} INFO - Started process (PID=440) to work on /opt/airflow/dags/airflow_etl.py
[2025-06-03T12:27:22.132+0000] {processor.py:829} INFO - Processing file /opt/airflow/dags/airflow_etl.py for tasks to queue
[2025-06-03T12:27:22.133+0000] {logging_mixin.py:151} INFO - [2025-06-03T12:27:22.132+0000] {dagbag.py:536} INFO - Filling up the DagBag from /opt/airflow/dags/airflow_etl.py
[2025-06-03T12:27:22.671+0000] {processor.py:839} INFO - DAG(s) dict_keys(['Airflow_ETL_DAG']) retrieved from /opt/airflow/dags/airflow_etl.py
[2025-06-03T12:27:22.703+0000] {logging_mixin.py:151} INFO - [2025-06-03T12:27:22.703+0000] {dag.py:2941} INFO - Sync 1 DAGs
[2025-06-03T12:27:22.727+0000] {logging_mixin.py:151} INFO - [2025-06-03T12:27:22.727+0000] {dag.py:3722} INFO - Setting next_dagrun for Airflow_ETL_DAG to None, run_after=None
[2025-06-03T12:27:22.747+0000] {processor.py:179} INFO - Processing /opt/airflow/dags/airflow_etl.py took 0.622 seconds
[2025-06-03T12:27:53.523+0000] {processor.py:157} INFO - Started process (PID=451) to work on /opt/airflow/dags/airflow_etl.py
[2025-06-03T12:27:53.524+0000] {processor.py:829} INFO - Processing file /opt/airflow/dags/airflow_etl.py for tasks to queue
[2025-06-03T12:27:53.525+0000] {logging_mixin.py:151} INFO - [2025-06-03T12:27:53.525+0000] {dagbag.py:536} INFO - Filling up the DagBag from /opt/airflow/dags/airflow_etl.py
[2025-06-03T12:27:54.084+0000] {processor.py:839} INFO - DAG(s) dict_keys(['Airflow_ETL_DAG']) retrieved from /opt/airflow/dags/airflow_etl.py
[2025-06-03T12:27:54.116+0000] {logging_mixin.py:151} INFO - [2025-06-03T12:27:54.115+0000] {dag.py:2941} INFO - Sync 1 DAGs
[2025-06-03T12:27:54.144+0000] {logging_mixin.py:151} INFO - [2025-06-03T12:27:54.143+0000] {dag.py:3722} INFO - Setting next_dagrun for Airflow_ETL_DAG to None, run_after=None
[2025-06-03T12:27:54.169+0000] {processor.py:179} INFO - Processing /opt/airflow/dags/airflow_etl.py took 0.648 seconds
[2025-06-03T12:28:24.968+0000] {processor.py:157} INFO - Started process (PID=462) to work on /opt/airflow/dags/airflow_etl.py
[2025-06-03T12:28:24.969+0000] {processor.py:829} INFO - Processing file /opt/airflow/dags/airflow_etl.py for tasks to queue
[2025-06-03T12:28:24.970+0000] {logging_mixin.py:151} INFO - [2025-06-03T12:28:24.970+0000] {dagbag.py:536} INFO - Filling up the DagBag from /opt/airflow/dags/airflow_etl.py
[2025-06-03T12:28:25.494+0000] {processor.py:839} INFO - DAG(s) dict_keys(['Airflow_ETL_DAG']) retrieved from /opt/airflow/dags/airflow_etl.py
[2025-06-03T12:28:25.519+0000] {logging_mixin.py:151} INFO - [2025-06-03T12:28:25.518+0000] {dag.py:2941} INFO - Sync 1 DAGs
[2025-06-03T12:28:25.539+0000] {logging_mixin.py:151} INFO - [2025-06-03T12:28:25.539+0000] {dag.py:3722} INFO - Setting next_dagrun for Airflow_ETL_DAG to None, run_after=None
[2025-06-03T12:28:25.600+0000] {processor.py:179} INFO - Processing /opt/airflow/dags/airflow_etl.py took 0.642 seconds
[2025-06-03T12:28:56.428+0000] {processor.py:157} INFO - Started process (PID=473) to work on /opt/airflow/dags/airflow_etl.py
[2025-06-03T12:28:56.429+0000] {processor.py:829} INFO - Processing file /opt/airflow/dags/airflow_etl.py for tasks to queue
[2025-06-03T12:28:56.430+0000] {logging_mixin.py:151} INFO - [2025-06-03T12:28:56.429+0000] {dagbag.py:536} INFO - Filling up the DagBag from /opt/airflow/dags/airflow_etl.py
[2025-06-03T12:28:57.133+0000] {processor.py:839} INFO - DAG(s) dict_keys(['Airflow_ETL_DAG']) retrieved from /opt/airflow/dags/airflow_etl.py
[2025-06-03T12:28:57.156+0000] {logging_mixin.py:151} INFO - [2025-06-03T12:28:57.155+0000] {dag.py:2941} INFO - Sync 1 DAGs
[2025-06-03T12:28:57.176+0000] {logging_mixin.py:151} INFO - [2025-06-03T12:28:57.176+0000] {dag.py:3722} INFO - Setting next_dagrun for Airflow_ETL_DAG to None, run_after=None
[2025-06-03T12:28:57.236+0000] {processor.py:179} INFO - Processing /opt/airflow/dags/airflow_etl.py took 0.816 seconds
[2025-06-03T12:29:27.770+0000] {processor.py:157} INFO - Started process (PID=487) to work on /opt/airflow/dags/airflow_etl.py
[2025-06-03T12:29:27.771+0000] {processor.py:829} INFO - Processing file /opt/airflow/dags/airflow_etl.py for tasks to queue
[2025-06-03T12:29:27.774+0000] {logging_mixin.py:151} INFO - [2025-06-03T12:29:27.773+0000] {dagbag.py:536} INFO - Filling up the DagBag from /opt/airflow/dags/airflow_etl.py
[2025-06-03T12:29:28.476+0000] {processor.py:839} INFO - DAG(s) dict_keys(['Airflow_ETL_DAG']) retrieved from /opt/airflow/dags/airflow_etl.py
[2025-06-03T12:29:28.505+0000] {logging_mixin.py:151} INFO - [2025-06-03T12:29:28.504+0000] {dag.py:2941} INFO - Sync 1 DAGs
[2025-06-03T12:29:28.532+0000] {logging_mixin.py:151} INFO - [2025-06-03T12:29:28.532+0000] {dag.py:3722} INFO - Setting next_dagrun for Airflow_ETL_DAG to None, run_after=None
[2025-06-03T12:29:28.600+0000] {processor.py:179} INFO - Processing /opt/airflow/dags/airflow_etl.py took 0.836 seconds
[2025-06-03T12:29:59.230+0000] {processor.py:157} INFO - Started process (PID=500) to work on /opt/airflow/dags/airflow_etl.py
[2025-06-03T12:29:59.231+0000] {processor.py:829} INFO - Processing file /opt/airflow/dags/airflow_etl.py for tasks to queue
[2025-06-03T12:29:59.233+0000] {logging_mixin.py:151} INFO - [2025-06-03T12:29:59.232+0000] {dagbag.py:536} INFO - Filling up the DagBag from /opt/airflow/dags/airflow_etl.py
[2025-06-03T12:29:59.761+0000] {processor.py:839} INFO - DAG(s) dict_keys(['Airflow_ETL_DAG']) retrieved from /opt/airflow/dags/airflow_etl.py
[2025-06-03T12:29:59.787+0000] {logging_mixin.py:151} INFO - [2025-06-03T12:29:59.786+0000] {dag.py:2941} INFO - Sync 1 DAGs
[2025-06-03T12:29:59.814+0000] {logging_mixin.py:151} INFO - [2025-06-03T12:29:59.813+0000] {dag.py:3722} INFO - Setting next_dagrun for Airflow_ETL_DAG to None, run_after=None
[2025-06-03T12:29:59.878+0000] {processor.py:179} INFO - Processing /opt/airflow/dags/airflow_etl.py took 0.652 seconds
[2025-06-03T12:30:30.534+0000] {processor.py:157} INFO - Started process (PID=511) to work on /opt/airflow/dags/airflow_etl.py
[2025-06-03T12:30:30.535+0000] {processor.py:829} INFO - Processing file /opt/airflow/dags/airflow_etl.py for tasks to queue
[2025-06-03T12:30:30.536+0000] {logging_mixin.py:151} INFO - [2025-06-03T12:30:30.536+0000] {dagbag.py:536} INFO - Filling up the DagBag from /opt/airflow/dags/airflow_etl.py
[2025-06-03T12:30:31.256+0000] {processor.py:839} INFO - DAG(s) dict_keys(['Airflow_ETL_DAG']) retrieved from /opt/airflow/dags/airflow_etl.py
[2025-06-03T12:30:31.288+0000] {logging_mixin.py:151} INFO - [2025-06-03T12:30:31.287+0000] {dag.py:2941} INFO - Sync 1 DAGs
[2025-06-03T12:30:31.315+0000] {logging_mixin.py:151} INFO - [2025-06-03T12:30:31.315+0000] {dag.py:3722} INFO - Setting next_dagrun for Airflow_ETL_DAG to None, run_after=None
[2025-06-03T12:30:31.382+0000] {processor.py:179} INFO - Processing /opt/airflow/dags/airflow_etl.py took 0.851 seconds
[2025-06-03T12:31:02.096+0000] {processor.py:157} INFO - Started process (PID=522) to work on /opt/airflow/dags/airflow_etl.py
[2025-06-03T12:31:02.097+0000] {processor.py:829} INFO - Processing file /opt/airflow/dags/airflow_etl.py for tasks to queue
[2025-06-03T12:31:02.097+0000] {logging_mixin.py:151} INFO - [2025-06-03T12:31:02.097+0000] {dagbag.py:536} INFO - Filling up the DagBag from /opt/airflow/dags/airflow_etl.py
[2025-06-03T12:31:02.749+0000] {processor.py:839} INFO - DAG(s) dict_keys(['Airflow_ETL_DAG']) retrieved from /opt/airflow/dags/airflow_etl.py
[2025-06-03T12:31:02.790+0000] {logging_mixin.py:151} INFO - [2025-06-03T12:31:02.789+0000] {dag.py:2941} INFO - Sync 1 DAGs
[2025-06-03T12:31:02.812+0000] {logging_mixin.py:151} INFO - [2025-06-03T12:31:02.811+0000] {dag.py:3722} INFO - Setting next_dagrun for Airflow_ETL_DAG to None, run_after=None
[2025-06-03T12:31:02.833+0000] {processor.py:179} INFO - Processing /opt/airflow/dags/airflow_etl.py took 0.740 seconds
