[2025-06-03T12:14:45.408+0000] {processor.py:157} INFO - Started process (PID=171) to work on /opt/airflow/dags/clean_tables.py
[2025-06-03T12:14:45.412+0000] {processor.py:829} INFO - Processing file /opt/airflow/dags/clean_tables.py for tasks to queue
[2025-06-03T12:14:45.414+0000] {logging_mixin.py:151} INFO - [2025-06-03T12:14:45.414+0000] {dagbag.py:536} INFO - Filling up the DagBag from /opt/airflow/dags/clean_tables.py
[2025-06-03T12:14:45.610+0000] {processor.py:839} INFO - DAG(s) dict_keys(['clean_tables_dag']) retrieved from /opt/airflow/dags/clean_tables.py
[2025-06-03T12:14:46.219+0000] {logging_mixin.py:151} INFO - [2025-06-03T12:14:46.218+0000] {dag.py:2941} INFO - Sync 1 DAGs
[2025-06-03T12:14:46.336+0000] {logging_mixin.py:151} INFO - [2025-06-03T12:14:46.335+0000] {dag.py:3722} INFO - Setting next_dagrun for clean_tables_dag to 2025-03-10T00:00:00+00:00, run_after=2025-03-10T00:00:00+00:00
[2025-06-03T12:14:46.425+0000] {processor.py:179} INFO - Processing /opt/airflow/dags/clean_tables.py took 1.028 seconds
[2025-06-03T12:15:16.800+0000] {processor.py:157} INFO - Started process (PID=182) to work on /opt/airflow/dags/clean_tables.py
[2025-06-03T12:15:16.801+0000] {processor.py:829} INFO - Processing file /opt/airflow/dags/clean_tables.py for tasks to queue
[2025-06-03T12:15:16.802+0000] {logging_mixin.py:151} INFO - [2025-06-03T12:15:16.802+0000] {dagbag.py:536} INFO - Filling up the DagBag from /opt/airflow/dags/clean_tables.py
[2025-06-03T12:15:16.834+0000] {processor.py:839} INFO - DAG(s) dict_keys(['clean_tables_dag']) retrieved from /opt/airflow/dags/clean_tables.py
[2025-06-03T12:15:16.878+0000] {logging_mixin.py:151} INFO - [2025-06-03T12:15:16.877+0000] {dag.py:2941} INFO - Sync 1 DAGs
[2025-06-03T12:15:16.910+0000] {logging_mixin.py:151} INFO - [2025-06-03T12:15:16.909+0000] {dag.py:3722} INFO - Setting next_dagrun for clean_tables_dag to 2025-03-10T00:00:00+00:00, run_after=2025-03-10T00:00:00+00:00
[2025-06-03T12:15:16.935+0000] {processor.py:179} INFO - Processing /opt/airflow/dags/clean_tables.py took 0.141 seconds
[2025-06-03T12:15:47.157+0000] {processor.py:157} INFO - Started process (PID=193) to work on /opt/airflow/dags/clean_tables.py
[2025-06-03T12:15:47.159+0000] {processor.py:829} INFO - Processing file /opt/airflow/dags/clean_tables.py for tasks to queue
[2025-06-03T12:15:47.160+0000] {logging_mixin.py:151} INFO - [2025-06-03T12:15:47.159+0000] {dagbag.py:536} INFO - Filling up the DagBag from /opt/airflow/dags/clean_tables.py
[2025-06-03T12:15:47.187+0000] {processor.py:839} INFO - DAG(s) dict_keys(['clean_tables_dag']) retrieved from /opt/airflow/dags/clean_tables.py
[2025-06-03T12:15:47.227+0000] {logging_mixin.py:151} INFO - [2025-06-03T12:15:47.227+0000] {dag.py:2941} INFO - Sync 1 DAGs
[2025-06-03T12:15:47.258+0000] {logging_mixin.py:151} INFO - [2025-06-03T12:15:47.258+0000] {dag.py:3722} INFO - Setting next_dagrun for clean_tables_dag to 2025-03-10T00:00:00+00:00, run_after=2025-03-10T00:00:00+00:00
[2025-06-03T12:15:47.284+0000] {processor.py:179} INFO - Processing /opt/airflow/dags/clean_tables.py took 0.131 seconds
[2025-06-03T12:16:17.596+0000] {processor.py:157} INFO - Started process (PID=204) to work on /opt/airflow/dags/clean_tables.py
[2025-06-03T12:16:17.597+0000] {processor.py:829} INFO - Processing file /opt/airflow/dags/clean_tables.py for tasks to queue
[2025-06-03T12:16:17.598+0000] {logging_mixin.py:151} INFO - [2025-06-03T12:16:17.598+0000] {dagbag.py:536} INFO - Filling up the DagBag from /opt/airflow/dags/clean_tables.py
[2025-06-03T12:16:17.618+0000] {processor.py:839} INFO - DAG(s) dict_keys(['clean_tables_dag']) retrieved from /opt/airflow/dags/clean_tables.py
[2025-06-03T12:16:17.645+0000] {logging_mixin.py:151} INFO - [2025-06-03T12:16:17.645+0000] {dag.py:2941} INFO - Sync 1 DAGs
[2025-06-03T12:16:17.671+0000] {logging_mixin.py:151} INFO - [2025-06-03T12:16:17.671+0000] {dag.py:3722} INFO - Setting next_dagrun for clean_tables_dag to 2025-03-10T00:00:00+00:00, run_after=2025-03-10T00:00:00+00:00
[2025-06-03T12:16:17.694+0000] {processor.py:179} INFO - Processing /opt/airflow/dags/clean_tables.py took 0.100 seconds
[2025-06-03T12:16:47.955+0000] {processor.py:157} INFO - Started process (PID=215) to work on /opt/airflow/dags/clean_tables.py
[2025-06-03T12:16:47.956+0000] {processor.py:829} INFO - Processing file /opt/airflow/dags/clean_tables.py for tasks to queue
[2025-06-03T12:16:47.957+0000] {logging_mixin.py:151} INFO - [2025-06-03T12:16:47.956+0000] {dagbag.py:536} INFO - Filling up the DagBag from /opt/airflow/dags/clean_tables.py
[2025-06-03T12:16:47.994+0000] {processor.py:839} INFO - DAG(s) dict_keys(['clean_tables_dag']) retrieved from /opt/airflow/dags/clean_tables.py
[2025-06-03T12:16:48.024+0000] {logging_mixin.py:151} INFO - [2025-06-03T12:16:48.023+0000] {dag.py:2941} INFO - Sync 1 DAGs
[2025-06-03T12:16:48.047+0000] {logging_mixin.py:151} INFO - [2025-06-03T12:16:48.046+0000] {dag.py:3722} INFO - Setting next_dagrun for clean_tables_dag to 2025-03-10T00:00:00+00:00, run_after=2025-03-10T00:00:00+00:00
[2025-06-03T12:16:48.069+0000] {processor.py:179} INFO - Processing /opt/airflow/dags/clean_tables.py took 0.117 seconds
[2025-06-03T12:17:18.368+0000] {processor.py:157} INFO - Started process (PID=226) to work on /opt/airflow/dags/clean_tables.py
[2025-06-03T12:17:18.370+0000] {processor.py:829} INFO - Processing file /opt/airflow/dags/clean_tables.py for tasks to queue
[2025-06-03T12:17:18.372+0000] {logging_mixin.py:151} INFO - [2025-06-03T12:17:18.371+0000] {dagbag.py:536} INFO - Filling up the DagBag from /opt/airflow/dags/clean_tables.py
[2025-06-03T12:17:18.398+0000] {processor.py:839} INFO - DAG(s) dict_keys(['clean_tables_dag']) retrieved from /opt/airflow/dags/clean_tables.py
[2025-06-03T12:17:18.436+0000] {logging_mixin.py:151} INFO - [2025-06-03T12:17:18.436+0000] {dag.py:2941} INFO - Sync 1 DAGs
[2025-06-03T12:17:18.467+0000] {logging_mixin.py:151} INFO - [2025-06-03T12:17:18.466+0000] {dag.py:3722} INFO - Setting next_dagrun for clean_tables_dag to 2025-03-10T00:00:00+00:00, run_after=2025-03-10T00:00:00+00:00
[2025-06-03T12:17:18.506+0000] {processor.py:179} INFO - Processing /opt/airflow/dags/clean_tables.py took 0.144 seconds
[2025-06-03T12:17:48.894+0000] {processor.py:157} INFO - Started process (PID=237) to work on /opt/airflow/dags/clean_tables.py
[2025-06-03T12:17:48.896+0000] {processor.py:829} INFO - Processing file /opt/airflow/dags/clean_tables.py for tasks to queue
[2025-06-03T12:17:48.897+0000] {logging_mixin.py:151} INFO - [2025-06-03T12:17:48.896+0000] {dagbag.py:536} INFO - Filling up the DagBag from /opt/airflow/dags/clean_tables.py
[2025-06-03T12:17:48.922+0000] {processor.py:839} INFO - DAG(s) dict_keys(['clean_tables_dag']) retrieved from /opt/airflow/dags/clean_tables.py
[2025-06-03T12:17:48.950+0000] {logging_mixin.py:151} INFO - [2025-06-03T12:17:48.950+0000] {dag.py:2941} INFO - Sync 1 DAGs
[2025-06-03T12:17:48.975+0000] {logging_mixin.py:151} INFO - [2025-06-03T12:17:48.974+0000] {dag.py:3722} INFO - Setting next_dagrun for clean_tables_dag to 2025-03-10T00:00:00+00:00, run_after=2025-03-10T00:00:00+00:00
[2025-06-03T12:17:49.023+0000] {processor.py:179} INFO - Processing /opt/airflow/dags/clean_tables.py took 0.136 seconds
[2025-06-03T12:18:19.318+0000] {processor.py:157} INFO - Started process (PID=248) to work on /opt/airflow/dags/clean_tables.py
[2025-06-03T12:18:19.321+0000] {processor.py:829} INFO - Processing file /opt/airflow/dags/clean_tables.py for tasks to queue
[2025-06-03T12:18:19.323+0000] {logging_mixin.py:151} INFO - [2025-06-03T12:18:19.323+0000] {dagbag.py:536} INFO - Filling up the DagBag from /opt/airflow/dags/clean_tables.py
[2025-06-03T12:18:19.358+0000] {processor.py:839} INFO - DAG(s) dict_keys(['clean_tables_dag']) retrieved from /opt/airflow/dags/clean_tables.py
[2025-06-03T12:18:19.412+0000] {logging_mixin.py:151} INFO - [2025-06-03T12:18:19.411+0000] {dag.py:2941} INFO - Sync 1 DAGs
[2025-06-03T12:18:19.453+0000] {logging_mixin.py:151} INFO - [2025-06-03T12:18:19.452+0000] {dag.py:3722} INFO - Setting next_dagrun for clean_tables_dag to 2025-03-10T00:00:00+00:00, run_after=2025-03-10T00:00:00+00:00
[2025-06-03T12:18:19.486+0000] {processor.py:179} INFO - Processing /opt/airflow/dags/clean_tables.py took 0.173 seconds
[2025-06-03T12:18:49.875+0000] {processor.py:157} INFO - Started process (PID=259) to work on /opt/airflow/dags/clean_tables.py
[2025-06-03T12:18:49.876+0000] {processor.py:829} INFO - Processing file /opt/airflow/dags/clean_tables.py for tasks to queue
[2025-06-03T12:18:49.877+0000] {logging_mixin.py:151} INFO - [2025-06-03T12:18:49.877+0000] {dagbag.py:536} INFO - Filling up the DagBag from /opt/airflow/dags/clean_tables.py
[2025-06-03T12:18:49.902+0000] {processor.py:839} INFO - DAG(s) dict_keys(['clean_tables_dag']) retrieved from /opt/airflow/dags/clean_tables.py
[2025-06-03T12:18:49.944+0000] {logging_mixin.py:151} INFO - [2025-06-03T12:18:49.944+0000] {dag.py:2941} INFO - Sync 1 DAGs
[2025-06-03T12:18:49.972+0000] {logging_mixin.py:151} INFO - [2025-06-03T12:18:49.972+0000] {dag.py:3722} INFO - Setting next_dagrun for clean_tables_dag to 2025-03-10T00:00:00+00:00, run_after=2025-03-10T00:00:00+00:00
[2025-06-03T12:18:49.997+0000] {processor.py:179} INFO - Processing /opt/airflow/dags/clean_tables.py took 0.125 seconds
[2025-06-03T12:19:20.117+0000] {processor.py:157} INFO - Started process (PID=270) to work on /opt/airflow/dags/clean_tables.py
[2025-06-03T12:19:20.119+0000] {processor.py:829} INFO - Processing file /opt/airflow/dags/clean_tables.py for tasks to queue
[2025-06-03T12:19:20.121+0000] {logging_mixin.py:151} INFO - [2025-06-03T12:19:20.120+0000] {dagbag.py:536} INFO - Filling up the DagBag from /opt/airflow/dags/clean_tables.py
[2025-06-03T12:19:20.145+0000] {processor.py:839} INFO - DAG(s) dict_keys(['clean_tables_dag']) retrieved from /opt/airflow/dags/clean_tables.py
[2025-06-03T12:19:20.179+0000] {logging_mixin.py:151} INFO - [2025-06-03T12:19:20.179+0000] {dag.py:2941} INFO - Sync 1 DAGs
[2025-06-03T12:19:20.224+0000] {logging_mixin.py:151} INFO - [2025-06-03T12:19:20.224+0000] {dag.py:3722} INFO - Setting next_dagrun for clean_tables_dag to 2025-03-10T00:00:00+00:00, run_after=2025-03-10T00:00:00+00:00
[2025-06-03T12:19:20.250+0000] {processor.py:179} INFO - Processing /opt/airflow/dags/clean_tables.py took 0.137 seconds
[2025-06-03T12:19:50.466+0000] {processor.py:157} INFO - Started process (PID=281) to work on /opt/airflow/dags/clean_tables.py
[2025-06-03T12:19:50.466+0000] {processor.py:829} INFO - Processing file /opt/airflow/dags/clean_tables.py for tasks to queue
[2025-06-03T12:19:50.467+0000] {logging_mixin.py:151} INFO - [2025-06-03T12:19:50.467+0000] {dagbag.py:536} INFO - Filling up the DagBag from /opt/airflow/dags/clean_tables.py
[2025-06-03T12:19:50.486+0000] {processor.py:839} INFO - DAG(s) dict_keys(['clean_tables_dag']) retrieved from /opt/airflow/dags/clean_tables.py
[2025-06-03T12:19:50.512+0000] {logging_mixin.py:151} INFO - [2025-06-03T12:19:50.512+0000] {dag.py:2941} INFO - Sync 1 DAGs
[2025-06-03T12:19:50.534+0000] {logging_mixin.py:151} INFO - [2025-06-03T12:19:50.533+0000] {dag.py:3722} INFO - Setting next_dagrun for clean_tables_dag to 2025-03-10T00:00:00+00:00, run_after=2025-03-10T00:00:00+00:00
[2025-06-03T12:19:50.554+0000] {processor.py:179} INFO - Processing /opt/airflow/dags/clean_tables.py took 0.091 seconds
[2025-06-03T12:20:20.821+0000] {processor.py:157} INFO - Started process (PID=292) to work on /opt/airflow/dags/clean_tables.py
[2025-06-03T12:20:20.822+0000] {processor.py:829} INFO - Processing file /opt/airflow/dags/clean_tables.py for tasks to queue
[2025-06-03T12:20:20.822+0000] {logging_mixin.py:151} INFO - [2025-06-03T12:20:20.822+0000] {dagbag.py:536} INFO - Filling up the DagBag from /opt/airflow/dags/clean_tables.py
[2025-06-03T12:20:20.842+0000] {processor.py:839} INFO - DAG(s) dict_keys(['clean_tables_dag']) retrieved from /opt/airflow/dags/clean_tables.py
[2025-06-03T12:20:20.874+0000] {logging_mixin.py:151} INFO - [2025-06-03T12:20:20.873+0000] {dag.py:2941} INFO - Sync 1 DAGs
[2025-06-03T12:20:20.897+0000] {logging_mixin.py:151} INFO - [2025-06-03T12:20:20.897+0000] {dag.py:3722} INFO - Setting next_dagrun for clean_tables_dag to 2025-03-10T00:00:00+00:00, run_after=2025-03-10T00:00:00+00:00
[2025-06-03T12:20:20.957+0000] {processor.py:179} INFO - Processing /opt/airflow/dags/clean_tables.py took 0.140 seconds
[2025-06-03T12:20:51.239+0000] {processor.py:157} INFO - Started process (PID=303) to work on /opt/airflow/dags/clean_tables.py
[2025-06-03T12:20:51.240+0000] {processor.py:829} INFO - Processing file /opt/airflow/dags/clean_tables.py for tasks to queue
[2025-06-03T12:20:51.242+0000] {logging_mixin.py:151} INFO - [2025-06-03T12:20:51.241+0000] {dagbag.py:536} INFO - Filling up the DagBag from /opt/airflow/dags/clean_tables.py
[2025-06-03T12:20:51.270+0000] {processor.py:839} INFO - DAG(s) dict_keys(['clean_tables_dag']) retrieved from /opt/airflow/dags/clean_tables.py
[2025-06-03T12:20:51.358+0000] {logging_mixin.py:151} INFO - [2025-06-03T12:20:51.358+0000] {dag.py:2941} INFO - Sync 1 DAGs
[2025-06-03T12:20:51.389+0000] {logging_mixin.py:151} INFO - [2025-06-03T12:20:51.389+0000] {dag.py:3722} INFO - Setting next_dagrun for clean_tables_dag to 2025-03-10T00:00:00+00:00, run_after=2025-03-10T00:00:00+00:00
[2025-06-03T12:20:51.460+0000] {processor.py:179} INFO - Processing /opt/airflow/dags/clean_tables.py took 0.226 seconds
[2025-06-03T12:21:21.837+0000] {processor.py:157} INFO - Started process (PID=314) to work on /opt/airflow/dags/clean_tables.py
[2025-06-03T12:21:21.837+0000] {processor.py:829} INFO - Processing file /opt/airflow/dags/clean_tables.py for tasks to queue
[2025-06-03T12:21:21.839+0000] {logging_mixin.py:151} INFO - [2025-06-03T12:21:21.838+0000] {dagbag.py:536} INFO - Filling up the DagBag from /opt/airflow/dags/clean_tables.py
[2025-06-03T12:21:21.858+0000] {processor.py:839} INFO - DAG(s) dict_keys(['clean_tables_dag']) retrieved from /opt/airflow/dags/clean_tables.py
[2025-06-03T12:21:21.883+0000] {logging_mixin.py:151} INFO - [2025-06-03T12:21:21.882+0000] {dag.py:2941} INFO - Sync 1 DAGs
[2025-06-03T12:21:21.906+0000] {logging_mixin.py:151} INFO - [2025-06-03T12:21:21.905+0000] {dag.py:3722} INFO - Setting next_dagrun for clean_tables_dag to 2025-03-10T00:00:00+00:00, run_after=2025-03-10T00:00:00+00:00
[2025-06-03T12:21:21.968+0000] {processor.py:179} INFO - Processing /opt/airflow/dags/clean_tables.py took 0.134 seconds
[2025-06-03T12:21:52.401+0000] {processor.py:157} INFO - Started process (PID=325) to work on /opt/airflow/dags/clean_tables.py
[2025-06-03T12:21:52.402+0000] {processor.py:829} INFO - Processing file /opt/airflow/dags/clean_tables.py for tasks to queue
[2025-06-03T12:21:52.403+0000] {logging_mixin.py:151} INFO - [2025-06-03T12:21:52.403+0000] {dagbag.py:536} INFO - Filling up the DagBag from /opt/airflow/dags/clean_tables.py
[2025-06-03T12:21:52.425+0000] {processor.py:839} INFO - DAG(s) dict_keys(['clean_tables_dag']) retrieved from /opt/airflow/dags/clean_tables.py
[2025-06-03T12:21:52.464+0000] {logging_mixin.py:151} INFO - [2025-06-03T12:21:52.464+0000] {dag.py:2941} INFO - Sync 1 DAGs
[2025-06-03T12:21:52.489+0000] {logging_mixin.py:151} INFO - [2025-06-03T12:21:52.489+0000] {dag.py:3722} INFO - Setting next_dagrun for clean_tables_dag to 2025-03-10T00:00:00+00:00, run_after=2025-03-10T00:00:00+00:00
[2025-06-03T12:21:52.514+0000] {processor.py:179} INFO - Processing /opt/airflow/dags/clean_tables.py took 0.116 seconds
[2025-06-03T12:22:22.711+0000] {processor.py:157} INFO - Started process (PID=336) to work on /opt/airflow/dags/clean_tables.py
[2025-06-03T12:22:22.712+0000] {processor.py:829} INFO - Processing file /opt/airflow/dags/clean_tables.py for tasks to queue
[2025-06-03T12:22:22.715+0000] {logging_mixin.py:151} INFO - [2025-06-03T12:22:22.714+0000] {dagbag.py:536} INFO - Filling up the DagBag from /opt/airflow/dags/clean_tables.py
[2025-06-03T12:22:22.740+0000] {processor.py:839} INFO - DAG(s) dict_keys(['clean_tables_dag']) retrieved from /opt/airflow/dags/clean_tables.py
[2025-06-03T12:22:22.777+0000] {logging_mixin.py:151} INFO - [2025-06-03T12:22:22.777+0000] {dag.py:2941} INFO - Sync 1 DAGs
[2025-06-03T12:22:22.805+0000] {logging_mixin.py:151} INFO - [2025-06-03T12:22:22.804+0000] {dag.py:3722} INFO - Setting next_dagrun for clean_tables_dag to 2025-03-10T00:00:00+00:00, run_after=2025-03-10T00:00:00+00:00
[2025-06-03T12:22:22.837+0000] {processor.py:179} INFO - Processing /opt/airflow/dags/clean_tables.py took 0.131 seconds
[2025-06-03T12:22:53.027+0000] {processor.py:157} INFO - Started process (PID=347) to work on /opt/airflow/dags/clean_tables.py
[2025-06-03T12:22:53.029+0000] {processor.py:829} INFO - Processing file /opt/airflow/dags/clean_tables.py for tasks to queue
[2025-06-03T12:22:53.030+0000] {logging_mixin.py:151} INFO - [2025-06-03T12:22:53.029+0000] {dagbag.py:536} INFO - Filling up the DagBag from /opt/airflow/dags/clean_tables.py
[2025-06-03T12:22:53.054+0000] {processor.py:839} INFO - DAG(s) dict_keys(['clean_tables_dag']) retrieved from /opt/airflow/dags/clean_tables.py
[2025-06-03T12:22:53.090+0000] {logging_mixin.py:151} INFO - [2025-06-03T12:22:53.090+0000] {dag.py:2941} INFO - Sync 1 DAGs
[2025-06-03T12:22:53.121+0000] {logging_mixin.py:151} INFO - [2025-06-03T12:22:53.121+0000] {dag.py:3722} INFO - Setting next_dagrun for clean_tables_dag to 2025-03-10T00:00:00+00:00, run_after=2025-03-10T00:00:00+00:00
[2025-06-03T12:22:53.154+0000] {processor.py:179} INFO - Processing /opt/airflow/dags/clean_tables.py took 0.131 seconds
[2025-06-03T12:23:23.452+0000] {processor.py:157} INFO - Started process (PID=358) to work on /opt/airflow/dags/clean_tables.py
[2025-06-03T12:23:23.453+0000] {processor.py:829} INFO - Processing file /opt/airflow/dags/clean_tables.py for tasks to queue
[2025-06-03T12:23:23.454+0000] {logging_mixin.py:151} INFO - [2025-06-03T12:23:23.454+0000] {dagbag.py:536} INFO - Filling up the DagBag from /opt/airflow/dags/clean_tables.py
[2025-06-03T12:23:23.477+0000] {processor.py:839} INFO - DAG(s) dict_keys(['clean_tables_dag']) retrieved from /opt/airflow/dags/clean_tables.py
[2025-06-03T12:23:23.509+0000] {logging_mixin.py:151} INFO - [2025-06-03T12:23:23.509+0000] {dag.py:2941} INFO - Sync 1 DAGs
[2025-06-03T12:23:23.540+0000] {logging_mixin.py:151} INFO - [2025-06-03T12:23:23.540+0000] {dag.py:3722} INFO - Setting next_dagrun for clean_tables_dag to 2025-03-10T00:00:00+00:00, run_after=2025-03-10T00:00:00+00:00
[2025-06-03T12:23:23.612+0000] {processor.py:179} INFO - Processing /opt/airflow/dags/clean_tables.py took 0.164 seconds
[2025-06-03T12:23:53.855+0000] {processor.py:157} INFO - Started process (PID=369) to work on /opt/airflow/dags/clean_tables.py
[2025-06-03T12:23:53.857+0000] {processor.py:829} INFO - Processing file /opt/airflow/dags/clean_tables.py for tasks to queue
[2025-06-03T12:23:53.857+0000] {logging_mixin.py:151} INFO - [2025-06-03T12:23:53.857+0000] {dagbag.py:536} INFO - Filling up the DagBag from /opt/airflow/dags/clean_tables.py
[2025-06-03T12:23:53.877+0000] {processor.py:839} INFO - DAG(s) dict_keys(['clean_tables_dag']) retrieved from /opt/airflow/dags/clean_tables.py
[2025-06-03T12:23:53.902+0000] {logging_mixin.py:151} INFO - [2025-06-03T12:23:53.902+0000] {dag.py:2941} INFO - Sync 1 DAGs
[2025-06-03T12:23:53.931+0000] {logging_mixin.py:151} INFO - [2025-06-03T12:23:53.931+0000] {dag.py:3722} INFO - Setting next_dagrun for clean_tables_dag to 2025-03-10T00:00:00+00:00, run_after=2025-03-10T00:00:00+00:00
[2025-06-03T12:23:53.954+0000] {processor.py:179} INFO - Processing /opt/airflow/dags/clean_tables.py took 0.102 seconds
[2025-06-03T12:24:24.217+0000] {processor.py:157} INFO - Started process (PID=380) to work on /opt/airflow/dags/clean_tables.py
[2025-06-03T12:24:24.217+0000] {processor.py:829} INFO - Processing file /opt/airflow/dags/clean_tables.py for tasks to queue
[2025-06-03T12:24:24.218+0000] {logging_mixin.py:151} INFO - [2025-06-03T12:24:24.218+0000] {dagbag.py:536} INFO - Filling up the DagBag from /opt/airflow/dags/clean_tables.py
[2025-06-03T12:24:24.238+0000] {processor.py:839} INFO - DAG(s) dict_keys(['clean_tables_dag']) retrieved from /opt/airflow/dags/clean_tables.py
[2025-06-03T12:24:24.263+0000] {logging_mixin.py:151} INFO - [2025-06-03T12:24:24.263+0000] {dag.py:2941} INFO - Sync 1 DAGs
[2025-06-03T12:24:24.286+0000] {logging_mixin.py:151} INFO - [2025-06-03T12:24:24.286+0000] {dag.py:3722} INFO - Setting next_dagrun for clean_tables_dag to 2025-03-10T00:00:00+00:00, run_after=2025-03-10T00:00:00+00:00
[2025-06-03T12:24:24.306+0000] {processor.py:179} INFO - Processing /opt/airflow/dags/clean_tables.py took 0.094 seconds
[2025-06-03T12:24:54.357+0000] {processor.py:157} INFO - Started process (PID=391) to work on /opt/airflow/dags/clean_tables.py
[2025-06-03T12:24:54.357+0000] {processor.py:829} INFO - Processing file /opt/airflow/dags/clean_tables.py for tasks to queue
[2025-06-03T12:24:54.358+0000] {logging_mixin.py:151} INFO - [2025-06-03T12:24:54.358+0000] {dagbag.py:536} INFO - Filling up the DagBag from /opt/airflow/dags/clean_tables.py
[2025-06-03T12:24:54.378+0000] {processor.py:839} INFO - DAG(s) dict_keys(['clean_tables_dag']) retrieved from /opt/airflow/dags/clean_tables.py
[2025-06-03T12:24:54.403+0000] {logging_mixin.py:151} INFO - [2025-06-03T12:24:54.403+0000] {dag.py:2941} INFO - Sync 1 DAGs
[2025-06-03T12:24:54.426+0000] {logging_mixin.py:151} INFO - [2025-06-03T12:24:54.426+0000] {dag.py:3722} INFO - Setting next_dagrun for clean_tables_dag to 2025-03-10T00:00:00+00:00, run_after=2025-03-10T00:00:00+00:00
[2025-06-03T12:24:54.448+0000] {processor.py:179} INFO - Processing /opt/airflow/dags/clean_tables.py took 0.095 seconds
[2025-06-03T12:25:24.691+0000] {processor.py:157} INFO - Started process (PID=402) to work on /opt/airflow/dags/clean_tables.py
[2025-06-03T12:25:24.692+0000] {processor.py:829} INFO - Processing file /opt/airflow/dags/clean_tables.py for tasks to queue
[2025-06-03T12:25:24.693+0000] {logging_mixin.py:151} INFO - [2025-06-03T12:25:24.693+0000] {dagbag.py:536} INFO - Filling up the DagBag from /opt/airflow/dags/clean_tables.py
[2025-06-03T12:25:24.717+0000] {processor.py:839} INFO - DAG(s) dict_keys(['clean_tables_dag']) retrieved from /opt/airflow/dags/clean_tables.py
[2025-06-03T12:25:24.757+0000] {logging_mixin.py:151} INFO - [2025-06-03T12:25:24.756+0000] {dag.py:2941} INFO - Sync 1 DAGs
[2025-06-03T12:25:24.788+0000] {logging_mixin.py:151} INFO - [2025-06-03T12:25:24.787+0000] {dag.py:3722} INFO - Setting next_dagrun for clean_tables_dag to 2025-03-10T00:00:00+00:00, run_after=2025-03-10T00:00:00+00:00
[2025-06-03T12:25:24.844+0000] {processor.py:179} INFO - Processing /opt/airflow/dags/clean_tables.py took 0.158 seconds
[2025-06-03T12:25:55.104+0000] {processor.py:157} INFO - Started process (PID=413) to work on /opt/airflow/dags/clean_tables.py
[2025-06-03T12:25:55.105+0000] {processor.py:829} INFO - Processing file /opt/airflow/dags/clean_tables.py for tasks to queue
[2025-06-03T12:25:55.107+0000] {logging_mixin.py:151} INFO - [2025-06-03T12:25:55.106+0000] {dagbag.py:536} INFO - Filling up the DagBag from /opt/airflow/dags/clean_tables.py
[2025-06-03T12:25:55.128+0000] {processor.py:839} INFO - DAG(s) dict_keys(['clean_tables_dag']) retrieved from /opt/airflow/dags/clean_tables.py
[2025-06-03T12:25:55.158+0000] {logging_mixin.py:151} INFO - [2025-06-03T12:25:55.158+0000] {dag.py:2941} INFO - Sync 1 DAGs
[2025-06-03T12:25:55.183+0000] {logging_mixin.py:151} INFO - [2025-06-03T12:25:55.183+0000] {dag.py:3722} INFO - Setting next_dagrun for clean_tables_dag to 2025-03-10T00:00:00+00:00, run_after=2025-03-10T00:00:00+00:00
[2025-06-03T12:25:55.248+0000] {processor.py:179} INFO - Processing /opt/airflow/dags/clean_tables.py took 0.152 seconds
[2025-06-03T12:26:25.536+0000] {processor.py:157} INFO - Started process (PID=424) to work on /opt/airflow/dags/clean_tables.py
[2025-06-03T12:26:25.537+0000] {processor.py:829} INFO - Processing file /opt/airflow/dags/clean_tables.py for tasks to queue
[2025-06-03T12:26:25.538+0000] {logging_mixin.py:151} INFO - [2025-06-03T12:26:25.538+0000] {dagbag.py:536} INFO - Filling up the DagBag from /opt/airflow/dags/clean_tables.py
[2025-06-03T12:26:25.560+0000] {processor.py:839} INFO - DAG(s) dict_keys(['clean_tables_dag']) retrieved from /opt/airflow/dags/clean_tables.py
[2025-06-03T12:26:25.594+0000] {logging_mixin.py:151} INFO - [2025-06-03T12:26:25.594+0000] {dag.py:2941} INFO - Sync 1 DAGs
[2025-06-03T12:26:25.621+0000] {logging_mixin.py:151} INFO - [2025-06-03T12:26:25.621+0000] {dag.py:3722} INFO - Setting next_dagrun for clean_tables_dag to 2025-03-10T00:00:00+00:00, run_after=2025-03-10T00:00:00+00:00
[2025-06-03T12:26:25.688+0000] {processor.py:179} INFO - Processing /opt/airflow/dags/clean_tables.py took 0.156 seconds
[2025-06-03T12:26:55.916+0000] {processor.py:157} INFO - Started process (PID=435) to work on /opt/airflow/dags/clean_tables.py
[2025-06-03T12:26:55.917+0000] {processor.py:829} INFO - Processing file /opt/airflow/dags/clean_tables.py for tasks to queue
[2025-06-03T12:26:55.919+0000] {logging_mixin.py:151} INFO - [2025-06-03T12:26:55.918+0000] {dagbag.py:536} INFO - Filling up the DagBag from /opt/airflow/dags/clean_tables.py
[2025-06-03T12:26:55.937+0000] {processor.py:839} INFO - DAG(s) dict_keys(['clean_tables_dag']) retrieved from /opt/airflow/dags/clean_tables.py
[2025-06-03T12:26:55.966+0000] {logging_mixin.py:151} INFO - [2025-06-03T12:26:55.965+0000] {dag.py:2941} INFO - Sync 1 DAGs
[2025-06-03T12:26:55.987+0000] {logging_mixin.py:151} INFO - [2025-06-03T12:26:55.987+0000] {dag.py:3722} INFO - Setting next_dagrun for clean_tables_dag to 2025-03-10T00:00:00+00:00, run_after=2025-03-10T00:00:00+00:00
[2025-06-03T12:26:56.007+0000] {processor.py:179} INFO - Processing /opt/airflow/dags/clean_tables.py took 0.094 seconds
[2025-06-03T12:27:26.288+0000] {processor.py:157} INFO - Started process (PID=446) to work on /opt/airflow/dags/clean_tables.py
[2025-06-03T12:27:26.289+0000] {processor.py:829} INFO - Processing file /opt/airflow/dags/clean_tables.py for tasks to queue
[2025-06-03T12:27:26.289+0000] {logging_mixin.py:151} INFO - [2025-06-03T12:27:26.289+0000] {dagbag.py:536} INFO - Filling up the DagBag from /opt/airflow/dags/clean_tables.py
[2025-06-03T12:27:26.307+0000] {processor.py:839} INFO - DAG(s) dict_keys(['clean_tables_dag']) retrieved from /opt/airflow/dags/clean_tables.py
[2025-06-03T12:27:26.334+0000] {logging_mixin.py:151} INFO - [2025-06-03T12:27:26.334+0000] {dag.py:2941} INFO - Sync 1 DAGs
[2025-06-03T12:27:26.356+0000] {logging_mixin.py:151} INFO - [2025-06-03T12:27:26.356+0000] {dag.py:3722} INFO - Setting next_dagrun for clean_tables_dag to 2025-03-10T00:00:00+00:00, run_after=2025-03-10T00:00:00+00:00
[2025-06-03T12:27:26.409+0000] {processor.py:179} INFO - Processing /opt/airflow/dags/clean_tables.py took 0.126 seconds
[2025-06-03T12:27:56.716+0000] {processor.py:157} INFO - Started process (PID=457) to work on /opt/airflow/dags/clean_tables.py
[2025-06-03T12:27:56.718+0000] {processor.py:829} INFO - Processing file /opt/airflow/dags/clean_tables.py for tasks to queue
[2025-06-03T12:27:56.719+0000] {logging_mixin.py:151} INFO - [2025-06-03T12:27:56.718+0000] {dagbag.py:536} INFO - Filling up the DagBag from /opt/airflow/dags/clean_tables.py
[2025-06-03T12:27:56.745+0000] {processor.py:839} INFO - DAG(s) dict_keys(['clean_tables_dag']) retrieved from /opt/airflow/dags/clean_tables.py
[2025-06-03T12:27:56.782+0000] {logging_mixin.py:151} INFO - [2025-06-03T12:27:56.781+0000] {dag.py:2941} INFO - Sync 1 DAGs
[2025-06-03T12:27:56.812+0000] {logging_mixin.py:151} INFO - [2025-06-03T12:27:56.812+0000] {dag.py:3722} INFO - Setting next_dagrun for clean_tables_dag to 2025-03-10T00:00:00+00:00, run_after=2025-03-10T00:00:00+00:00
[2025-06-03T12:27:56.834+0000] {processor.py:179} INFO - Processing /opt/airflow/dags/clean_tables.py took 0.121 seconds
[2025-06-03T12:28:27.097+0000] {processor.py:157} INFO - Started process (PID=468) to work on /opt/airflow/dags/clean_tables.py
[2025-06-03T12:28:27.098+0000] {processor.py:829} INFO - Processing file /opt/airflow/dags/clean_tables.py for tasks to queue
[2025-06-03T12:28:27.099+0000] {logging_mixin.py:151} INFO - [2025-06-03T12:28:27.099+0000] {dagbag.py:536} INFO - Filling up the DagBag from /opt/airflow/dags/clean_tables.py
[2025-06-03T12:28:27.125+0000] {processor.py:839} INFO - DAG(s) dict_keys(['clean_tables_dag']) retrieved from /opt/airflow/dags/clean_tables.py
[2025-06-03T12:28:27.157+0000] {logging_mixin.py:151} INFO - [2025-06-03T12:28:27.156+0000] {dag.py:2941} INFO - Sync 1 DAGs
[2025-06-03T12:28:27.182+0000] {logging_mixin.py:151} INFO - [2025-06-03T12:28:27.182+0000] {dag.py:3722} INFO - Setting next_dagrun for clean_tables_dag to 2025-03-10T00:00:00+00:00, run_after=2025-03-10T00:00:00+00:00
[2025-06-03T12:28:27.217+0000] {processor.py:179} INFO - Processing /opt/airflow/dags/clean_tables.py took 0.122 seconds
[2025-06-03T12:28:57.295+0000] {processor.py:157} INFO - Started process (PID=479) to work on /opt/airflow/dags/clean_tables.py
[2025-06-03T12:28:57.296+0000] {processor.py:829} INFO - Processing file /opt/airflow/dags/clean_tables.py for tasks to queue
[2025-06-03T12:28:57.297+0000] {logging_mixin.py:151} INFO - [2025-06-03T12:28:57.297+0000] {dagbag.py:536} INFO - Filling up the DagBag from /opt/airflow/dags/clean_tables.py
[2025-06-03T12:28:57.317+0000] {processor.py:839} INFO - DAG(s) dict_keys(['clean_tables_dag']) retrieved from /opt/airflow/dags/clean_tables.py
[2025-06-03T12:28:57.384+0000] {logging_mixin.py:151} INFO - [2025-06-03T12:28:57.384+0000] {dag.py:2941} INFO - Sync 1 DAGs
[2025-06-03T12:28:57.404+0000] {logging_mixin.py:151} INFO - [2025-06-03T12:28:57.403+0000] {dag.py:3722} INFO - Setting next_dagrun for clean_tables_dag to 2025-03-10T00:00:00+00:00, run_after=2025-03-10T00:00:00+00:00
[2025-06-03T12:28:57.464+0000] {processor.py:179} INFO - Processing /opt/airflow/dags/clean_tables.py took 0.172 seconds
[2025-06-03T12:29:27.736+0000] {processor.py:157} INFO - Started process (PID=484) to work on /opt/airflow/dags/clean_tables.py
[2025-06-03T12:29:27.737+0000] {processor.py:829} INFO - Processing file /opt/airflow/dags/clean_tables.py for tasks to queue
[2025-06-03T12:29:27.738+0000] {logging_mixin.py:151} INFO - [2025-06-03T12:29:27.738+0000] {dagbag.py:536} INFO - Filling up the DagBag from /opt/airflow/dags/clean_tables.py
[2025-06-03T12:29:27.780+0000] {processor.py:839} INFO - DAG(s) dict_keys(['clean_tables_dag']) retrieved from /opt/airflow/dags/clean_tables.py
[2025-06-03T12:29:27.824+0000] {logging_mixin.py:151} INFO - [2025-06-03T12:29:27.823+0000] {dag.py:2941} INFO - Sync 1 DAGs
[2025-06-03T12:29:27.857+0000] {logging_mixin.py:151} INFO - [2025-06-03T12:29:27.857+0000] {dag.py:3722} INFO - Setting next_dagrun for clean_tables_dag to 2025-03-10T00:00:00+00:00, run_after=2025-03-10T00:00:00+00:00
[2025-06-03T12:29:27.924+0000] {processor.py:179} INFO - Processing /opt/airflow/dags/clean_tables.py took 0.193 seconds
[2025-06-03T12:29:58.032+0000] {processor.py:157} INFO - Started process (PID=495) to work on /opt/airflow/dags/clean_tables.py
[2025-06-03T12:29:58.034+0000] {processor.py:829} INFO - Processing file /opt/airflow/dags/clean_tables.py for tasks to queue
[2025-06-03T12:29:58.037+0000] {logging_mixin.py:151} INFO - [2025-06-03T12:29:58.037+0000] {dagbag.py:536} INFO - Filling up the DagBag from /opt/airflow/dags/clean_tables.py
[2025-06-03T12:29:58.070+0000] {processor.py:839} INFO - DAG(s) dict_keys(['clean_tables_dag']) retrieved from /opt/airflow/dags/clean_tables.py
[2025-06-03T12:29:58.109+0000] {logging_mixin.py:151} INFO - [2025-06-03T12:29:58.109+0000] {dag.py:2941} INFO - Sync 1 DAGs
[2025-06-03T12:29:58.145+0000] {logging_mixin.py:151} INFO - [2025-06-03T12:29:58.144+0000] {dag.py:3722} INFO - Setting next_dagrun for clean_tables_dag to 2025-03-10T00:00:00+00:00, run_after=2025-03-10T00:00:00+00:00
[2025-06-03T12:29:58.208+0000] {processor.py:179} INFO - Processing /opt/airflow/dags/clean_tables.py took 0.189 seconds
[2025-06-03T12:30:28.506+0000] {processor.py:157} INFO - Started process (PID=506) to work on /opt/airflow/dags/clean_tables.py
[2025-06-03T12:30:28.509+0000] {processor.py:829} INFO - Processing file /opt/airflow/dags/clean_tables.py for tasks to queue
[2025-06-03T12:30:28.510+0000] {logging_mixin.py:151} INFO - [2025-06-03T12:30:28.510+0000] {dagbag.py:536} INFO - Filling up the DagBag from /opt/airflow/dags/clean_tables.py
[2025-06-03T12:30:28.542+0000] {processor.py:839} INFO - DAG(s) dict_keys(['clean_tables_dag']) retrieved from /opt/airflow/dags/clean_tables.py
[2025-06-03T12:30:28.611+0000] {logging_mixin.py:151} INFO - [2025-06-03T12:30:28.611+0000] {dag.py:2941} INFO - Sync 1 DAGs
[2025-06-03T12:30:28.640+0000] {logging_mixin.py:151} INFO - [2025-06-03T12:30:28.639+0000] {dag.py:3722} INFO - Setting next_dagrun for clean_tables_dag to 2025-03-10T00:00:00+00:00, run_after=2025-03-10T00:00:00+00:00
[2025-06-03T12:30:28.673+0000] {processor.py:179} INFO - Processing /opt/airflow/dags/clean_tables.py took 0.172 seconds
[2025-06-03T12:30:59.077+0000] {processor.py:157} INFO - Started process (PID=517) to work on /opt/airflow/dags/clean_tables.py
[2025-06-03T12:30:59.078+0000] {processor.py:829} INFO - Processing file /opt/airflow/dags/clean_tables.py for tasks to queue
[2025-06-03T12:30:59.080+0000] {logging_mixin.py:151} INFO - [2025-06-03T12:30:59.080+0000] {dagbag.py:536} INFO - Filling up the DagBag from /opt/airflow/dags/clean_tables.py
[2025-06-03T12:30:59.118+0000] {processor.py:839} INFO - DAG(s) dict_keys(['clean_tables_dag']) retrieved from /opt/airflow/dags/clean_tables.py
[2025-06-03T12:30:59.171+0000] {logging_mixin.py:151} INFO - [2025-06-03T12:30:59.170+0000] {dag.py:2941} INFO - Sync 1 DAGs
[2025-06-03T12:30:59.225+0000] {logging_mixin.py:151} INFO - [2025-06-03T12:30:59.224+0000] {dag.py:3722} INFO - Setting next_dagrun for clean_tables_dag to 2025-03-10T00:00:00+00:00, run_after=2025-03-10T00:00:00+00:00
[2025-06-03T12:30:59.275+0000] {processor.py:179} INFO - Processing /opt/airflow/dags/clean_tables.py took 0.210 seconds
[2025-06-03T12:31:29.575+0000] {processor.py:157} INFO - Started process (PID=528) to work on /opt/airflow/dags/clean_tables.py
[2025-06-03T12:31:29.576+0000] {processor.py:829} INFO - Processing file /opt/airflow/dags/clean_tables.py for tasks to queue
[2025-06-03T12:31:29.577+0000] {logging_mixin.py:151} INFO - [2025-06-03T12:31:29.577+0000] {dagbag.py:536} INFO - Filling up the DagBag from /opt/airflow/dags/clean_tables.py
[2025-06-03T12:31:29.616+0000] {processor.py:839} INFO - DAG(s) dict_keys(['clean_tables_dag']) retrieved from /opt/airflow/dags/clean_tables.py
[2025-06-03T12:31:29.670+0000] {logging_mixin.py:151} INFO - [2025-06-03T12:31:29.670+0000] {dag.py:2941} INFO - Sync 1 DAGs
[2025-06-03T12:31:29.713+0000] {logging_mixin.py:151} INFO - [2025-06-03T12:31:29.713+0000] {dag.py:3722} INFO - Setting next_dagrun for clean_tables_dag to 2025-03-10T00:00:00+00:00, run_after=2025-03-10T00:00:00+00:00
[2025-06-03T12:31:29.747+0000] {processor.py:179} INFO - Processing /opt/airflow/dags/clean_tables.py took 0.176 seconds
[2025-06-03T12:32:00.059+0000] {processor.py:157} INFO - Started process (PID=539) to work on /opt/airflow/dags/clean_tables.py
[2025-06-03T12:32:00.061+0000] {processor.py:829} INFO - Processing file /opt/airflow/dags/clean_tables.py for tasks to queue
[2025-06-03T12:32:00.063+0000] {logging_mixin.py:151} INFO - [2025-06-03T12:32:00.062+0000] {dagbag.py:536} INFO - Filling up the DagBag from /opt/airflow/dags/clean_tables.py
[2025-06-03T12:32:00.098+0000] {processor.py:839} INFO - DAG(s) dict_keys(['clean_tables_dag']) retrieved from /opt/airflow/dags/clean_tables.py
[2025-06-03T12:32:00.179+0000] {logging_mixin.py:151} INFO - [2025-06-03T12:32:00.179+0000] {dag.py:2941} INFO - Sync 1 DAGs
[2025-06-03T12:32:00.217+0000] {logging_mixin.py:151} INFO - [2025-06-03T12:32:00.217+0000] {dag.py:3722} INFO - Setting next_dagrun for clean_tables_dag to 2025-03-10T00:00:00+00:00, run_after=2025-03-10T00:00:00+00:00
[2025-06-03T12:32:00.252+0000] {processor.py:179} INFO - Processing /opt/airflow/dags/clean_tables.py took 0.211 seconds
[2025-06-03T12:32:30.506+0000] {processor.py:157} INFO - Started process (PID=550) to work on /opt/airflow/dags/clean_tables.py
[2025-06-03T12:32:30.507+0000] {processor.py:829} INFO - Processing file /opt/airflow/dags/clean_tables.py for tasks to queue
[2025-06-03T12:32:30.508+0000] {logging_mixin.py:151} INFO - [2025-06-03T12:32:30.507+0000] {dagbag.py:536} INFO - Filling up the DagBag from /opt/airflow/dags/clean_tables.py
[2025-06-03T12:32:30.530+0000] {processor.py:839} INFO - DAG(s) dict_keys(['clean_tables_dag']) retrieved from /opt/airflow/dags/clean_tables.py
[2025-06-03T12:32:30.557+0000] {logging_mixin.py:151} INFO - [2025-06-03T12:32:30.557+0000] {dag.py:2941} INFO - Sync 1 DAGs
[2025-06-03T12:32:30.582+0000] {logging_mixin.py:151} INFO - [2025-06-03T12:32:30.582+0000] {dag.py:3722} INFO - Setting next_dagrun for clean_tables_dag to 2025-03-10T00:00:00+00:00, run_after=2025-03-10T00:00:00+00:00
[2025-06-03T12:32:30.601+0000] {processor.py:179} INFO - Processing /opt/airflow/dags/clean_tables.py took 0.098 seconds
[2025-06-03T12:33:00.836+0000] {processor.py:157} INFO - Started process (PID=561) to work on /opt/airflow/dags/clean_tables.py
[2025-06-03T12:33:00.837+0000] {processor.py:829} INFO - Processing file /opt/airflow/dags/clean_tables.py for tasks to queue
[2025-06-03T12:33:00.838+0000] {logging_mixin.py:151} INFO - [2025-06-03T12:33:00.838+0000] {dagbag.py:536} INFO - Filling up the DagBag from /opt/airflow/dags/clean_tables.py
[2025-06-03T12:33:00.859+0000] {processor.py:839} INFO - DAG(s) dict_keys(['clean_tables_dag']) retrieved from /opt/airflow/dags/clean_tables.py
[2025-06-03T12:33:00.889+0000] {logging_mixin.py:151} INFO - [2025-06-03T12:33:00.889+0000] {dag.py:2941} INFO - Sync 1 DAGs
[2025-06-03T12:33:00.912+0000] {logging_mixin.py:151} INFO - [2025-06-03T12:33:00.912+0000] {dag.py:3722} INFO - Setting next_dagrun for clean_tables_dag to 2025-03-10T00:00:00+00:00, run_after=2025-03-10T00:00:00+00:00
[2025-06-03T12:33:00.958+0000] {processor.py:179} INFO - Processing /opt/airflow/dags/clean_tables.py took 0.126 seconds
[2025-06-03T12:33:31.486+0000] {processor.py:157} INFO - Started process (PID=572) to work on /opt/airflow/dags/clean_tables.py
[2025-06-03T12:33:31.488+0000] {processor.py:829} INFO - Processing file /opt/airflow/dags/clean_tables.py for tasks to queue
[2025-06-03T12:33:31.491+0000] {logging_mixin.py:151} INFO - [2025-06-03T12:33:31.490+0000] {dagbag.py:536} INFO - Filling up the DagBag from /opt/airflow/dags/clean_tables.py
[2025-06-03T12:33:31.531+0000] {processor.py:839} INFO - DAG(s) dict_keys(['clean_tables_dag']) retrieved from /opt/airflow/dags/clean_tables.py
[2025-06-03T12:33:31.585+0000] {logging_mixin.py:151} INFO - [2025-06-03T12:33:31.585+0000] {dag.py:2941} INFO - Sync 1 DAGs
[2025-06-03T12:33:31.625+0000] {logging_mixin.py:151} INFO - [2025-06-03T12:33:31.624+0000] {dag.py:3722} INFO - Setting next_dagrun for clean_tables_dag to 2025-03-10T00:00:00+00:00, run_after=2025-03-10T00:00:00+00:00
[2025-06-03T12:33:31.696+0000] {processor.py:179} INFO - Processing /opt/airflow/dags/clean_tables.py took 0.221 seconds
[2025-06-03T12:34:02.013+0000] {processor.py:157} INFO - Started process (PID=583) to work on /opt/airflow/dags/clean_tables.py
[2025-06-03T12:34:02.014+0000] {processor.py:829} INFO - Processing file /opt/airflow/dags/clean_tables.py for tasks to queue
[2025-06-03T12:34:02.016+0000] {logging_mixin.py:151} INFO - [2025-06-03T12:34:02.015+0000] {dagbag.py:536} INFO - Filling up the DagBag from /opt/airflow/dags/clean_tables.py
[2025-06-03T12:34:02.056+0000] {processor.py:839} INFO - DAG(s) dict_keys(['clean_tables_dag']) retrieved from /opt/airflow/dags/clean_tables.py
[2025-06-03T12:34:02.149+0000] {logging_mixin.py:151} INFO - [2025-06-03T12:34:02.149+0000] {dag.py:2941} INFO - Sync 1 DAGs
[2025-06-03T12:34:02.222+0000] {logging_mixin.py:151} INFO - [2025-06-03T12:34:02.222+0000] {dag.py:3722} INFO - Setting next_dagrun for clean_tables_dag to 2025-03-10T00:00:00+00:00, run_after=2025-03-10T00:00:00+00:00
[2025-06-03T12:34:02.306+0000] {processor.py:179} INFO - Processing /opt/airflow/dags/clean_tables.py took 0.298 seconds
[2025-06-03T12:34:32.565+0000] {processor.py:157} INFO - Started process (PID=594) to work on /opt/airflow/dags/clean_tables.py
[2025-06-03T12:34:32.566+0000] {processor.py:829} INFO - Processing file /opt/airflow/dags/clean_tables.py for tasks to queue
[2025-06-03T12:34:32.567+0000] {logging_mixin.py:151} INFO - [2025-06-03T12:34:32.566+0000] {dagbag.py:536} INFO - Filling up the DagBag from /opt/airflow/dags/clean_tables.py
[2025-06-03T12:34:32.591+0000] {processor.py:839} INFO - DAG(s) dict_keys(['clean_tables_dag']) retrieved from /opt/airflow/dags/clean_tables.py
[2025-06-03T12:34:32.625+0000] {logging_mixin.py:151} INFO - [2025-06-03T12:34:32.625+0000] {dag.py:2941} INFO - Sync 1 DAGs
[2025-06-03T12:34:32.658+0000] {logging_mixin.py:151} INFO - [2025-06-03T12:34:32.658+0000] {dag.py:3722} INFO - Setting next_dagrun for clean_tables_dag to 2025-03-10T00:00:00+00:00, run_after=2025-03-10T00:00:00+00:00
[2025-06-03T12:34:32.726+0000] {processor.py:179} INFO - Processing /opt/airflow/dags/clean_tables.py took 0.165 seconds
[2025-06-03T12:35:03.115+0000] {processor.py:157} INFO - Started process (PID=605) to work on /opt/airflow/dags/clean_tables.py
[2025-06-03T12:35:03.116+0000] {processor.py:829} INFO - Processing file /opt/airflow/dags/clean_tables.py for tasks to queue
[2025-06-03T12:35:03.118+0000] {logging_mixin.py:151} INFO - [2025-06-03T12:35:03.117+0000] {dagbag.py:536} INFO - Filling up the DagBag from /opt/airflow/dags/clean_tables.py
[2025-06-03T12:35:03.140+0000] {processor.py:839} INFO - DAG(s) dict_keys(['clean_tables_dag']) retrieved from /opt/airflow/dags/clean_tables.py
[2025-06-03T12:35:03.186+0000] {logging_mixin.py:151} INFO - [2025-06-03T12:35:03.185+0000] {dag.py:2941} INFO - Sync 1 DAGs
[2025-06-03T12:35:03.215+0000] {logging_mixin.py:151} INFO - [2025-06-03T12:35:03.215+0000] {dag.py:3722} INFO - Setting next_dagrun for clean_tables_dag to 2025-03-10T00:00:00+00:00, run_after=2025-03-10T00:00:00+00:00
[2025-06-03T12:35:03.290+0000] {processor.py:179} INFO - Processing /opt/airflow/dags/clean_tables.py took 0.178 seconds
[2025-06-03T12:35:33.602+0000] {processor.py:157} INFO - Started process (PID=616) to work on /opt/airflow/dags/clean_tables.py
[2025-06-03T12:35:33.603+0000] {processor.py:829} INFO - Processing file /opt/airflow/dags/clean_tables.py for tasks to queue
[2025-06-03T12:35:33.604+0000] {logging_mixin.py:151} INFO - [2025-06-03T12:35:33.604+0000] {dagbag.py:536} INFO - Filling up the DagBag from /opt/airflow/dags/clean_tables.py
[2025-06-03T12:35:33.631+0000] {processor.py:839} INFO - DAG(s) dict_keys(['clean_tables_dag']) retrieved from /opt/airflow/dags/clean_tables.py
[2025-06-03T12:35:33.665+0000] {logging_mixin.py:151} INFO - [2025-06-03T12:35:33.665+0000] {dag.py:2941} INFO - Sync 1 DAGs
[2025-06-03T12:35:33.698+0000] {logging_mixin.py:151} INFO - [2025-06-03T12:35:33.697+0000] {dag.py:3722} INFO - Setting next_dagrun for clean_tables_dag to 2025-03-10T00:00:00+00:00, run_after=2025-03-10T00:00:00+00:00
[2025-06-03T12:35:33.729+0000] {processor.py:179} INFO - Processing /opt/airflow/dags/clean_tables.py took 0.131 seconds
[2025-06-03T12:36:03.808+0000] {processor.py:157} INFO - Started process (PID=627) to work on /opt/airflow/dags/clean_tables.py
[2025-06-03T12:36:03.810+0000] {processor.py:829} INFO - Processing file /opt/airflow/dags/clean_tables.py for tasks to queue
[2025-06-03T12:36:03.811+0000] {logging_mixin.py:151} INFO - [2025-06-03T12:36:03.811+0000] {dagbag.py:536} INFO - Filling up the DagBag from /opt/airflow/dags/clean_tables.py
[2025-06-03T12:36:03.838+0000] {processor.py:839} INFO - DAG(s) dict_keys(['clean_tables_dag']) retrieved from /opt/airflow/dags/clean_tables.py
[2025-06-03T12:36:03.866+0000] {logging_mixin.py:151} INFO - [2025-06-03T12:36:03.865+0000] {dag.py:2941} INFO - Sync 1 DAGs
[2025-06-03T12:36:03.895+0000] {logging_mixin.py:151} INFO - [2025-06-03T12:36:03.894+0000] {dag.py:3722} INFO - Setting next_dagrun for clean_tables_dag to 2025-03-10T00:00:00+00:00, run_after=2025-03-10T00:00:00+00:00
[2025-06-03T12:36:03.961+0000] {processor.py:179} INFO - Processing /opt/airflow/dags/clean_tables.py took 0.157 seconds
[2025-06-03T12:36:34.199+0000] {processor.py:157} INFO - Started process (PID=638) to work on /opt/airflow/dags/clean_tables.py
[2025-06-03T12:36:34.200+0000] {processor.py:829} INFO - Processing file /opt/airflow/dags/clean_tables.py for tasks to queue
[2025-06-03T12:36:34.201+0000] {logging_mixin.py:151} INFO - [2025-06-03T12:36:34.201+0000] {dagbag.py:536} INFO - Filling up the DagBag from /opt/airflow/dags/clean_tables.py
[2025-06-03T12:36:34.222+0000] {processor.py:839} INFO - DAG(s) dict_keys(['clean_tables_dag']) retrieved from /opt/airflow/dags/clean_tables.py
[2025-06-03T12:36:34.252+0000] {logging_mixin.py:151} INFO - [2025-06-03T12:36:34.252+0000] {dag.py:2941} INFO - Sync 1 DAGs
[2025-06-03T12:36:34.277+0000] {logging_mixin.py:151} INFO - [2025-06-03T12:36:34.276+0000] {dag.py:3722} INFO - Setting next_dagrun for clean_tables_dag to 2025-03-10T00:00:00+00:00, run_after=2025-03-10T00:00:00+00:00
[2025-06-03T12:36:34.344+0000] {processor.py:179} INFO - Processing /opt/airflow/dags/clean_tables.py took 0.149 seconds
