[2025-04-28T06:54:10.620+0000] {taskinstance.py:1159} INFO - Dependencies all met for dep_context=non-requeueable deps ti=<TaskInstance: clean_tables_dag.truncate_tables scheduled__2025-03-10T00:00:00+00:00 [queued]>
[2025-04-28T06:54:10.630+0000] {taskinstance.py:1159} INFO - Dependencies all met for dep_context=requeueable deps ti=<TaskInstance: clean_tables_dag.truncate_tables scheduled__2025-03-10T00:00:00+00:00 [queued]>
[2025-04-28T06:54:10.631+0000] {taskinstance.py:1361} INFO - Starting attempt 1 of 2
[2025-04-28T06:54:10.646+0000] {taskinstance.py:1382} INFO - Executing <Task(PythonOperator): truncate_tables> on 2025-03-10 00:00:00+00:00
[2025-04-28T06:54:10.652+0000] {standard_task_runner.py:57} INFO - Started process 591 to run task
[2025-04-28T06:54:10.654+0000] {standard_task_runner.py:84} INFO - Running: ['airflow', 'tasks', 'run', 'clean_tables_dag', 'truncate_tables', 'scheduled__2025-03-10T00:00:00+00:00', '--job-id', '19', '--raw', '--subdir', 'DAGS_FOLDER/clean_tables.py', '--cfg-path', '/tmp/tmpii3ej630']
[2025-04-28T06:54:10.657+0000] {standard_task_runner.py:85} INFO - Job 19: Subtask truncate_tables
[2025-04-28T06:54:10.706+0000] {task_command.py:416} INFO - Running <TaskInstance: clean_tables_dag.truncate_tables scheduled__2025-03-10T00:00:00+00:00 [running]> on host 77b690a9fde8
[2025-04-28T06:54:10.822+0000] {taskinstance.py:1662} INFO - Exporting env vars: AIRFLOW_CTX_DAG_OWNER='airflow' AIRFLOW_CTX_DAG_ID='clean_tables_dag' AIRFLOW_CTX_TASK_ID='truncate_tables' AIRFLOW_CTX_EXECUTION_DATE='2025-03-10T00:00:00+00:00' AIRFLOW_CTX_TRY_NUMBER='1' AIRFLOW_CTX_DAG_RUN_ID='scheduled__2025-03-10T00:00:00+00:00'
[2025-04-28T06:54:10.855+0000] {logging_mixin.py:151} INFO - Les tables ont été vidées avec succès.
[2025-04-28T06:54:10.867+0000] {python.py:194} INFO - Done. Returned value was: None
[2025-04-28T06:54:10.879+0000] {taskinstance.py:1400} INFO - Marking task as SUCCESS. dag_id=clean_tables_dag, task_id=truncate_tables, execution_date=20250310T000000, start_date=20250428T065410, end_date=20250428T065410
[2025-04-28T06:54:10.908+0000] {local_task_job_runner.py:228} INFO - Task exited with return code 0
[2025-04-28T06:54:10.927+0000] {taskinstance.py:2778} INFO - 0 downstream tasks scheduled from follow-on schedule check
[2025-06-07T13:29:55.190+0000] {logging_mixin.py:151} INFO - Changing /opt/airflow/logs/dag_id=clean_tables_dag/run_id=scheduled__2025-03-10T00:00:00+00:00/task_id=truncate_tables permission to 509
[2025-06-07T13:29:55.191+0000] {logging_mixin.py:151} INFO - Failed to change /opt/airflow/logs/dag_id=clean_tables_dag/run_id=scheduled__2025-03-10T00:00:00+00:00/task_id=truncate_tables permission to 509: [Errno 1] Operation not permitted: '/opt/airflow/logs/dag_id=clean_tables_dag/run_id=scheduled__2025-03-10T00:00:00+00:00/task_id=truncate_tables'
[2025-06-07T13:29:55.293+0000] {logging_mixin.py:151} INFO - Changing /opt/airflow/logs/dag_id=clean_tables_dag/run_id=scheduled__2025-03-10T00:00:00+00:00/task_id=truncate_tables permission to 509
[2025-06-07T13:29:55.294+0000] {logging_mixin.py:151} INFO - Failed to change /opt/airflow/logs/dag_id=clean_tables_dag/run_id=scheduled__2025-03-10T00:00:00+00:00/task_id=truncate_tables permission to 509: [Errno 1] Operation not permitted: '/opt/airflow/logs/dag_id=clean_tables_dag/run_id=scheduled__2025-03-10T00:00:00+00:00/task_id=truncate_tables'
[2025-06-07T13:29:55.355+0000] {taskinstance.py:1159} INFO - Dependencies all met for dep_context=non-requeueable deps ti=<TaskInstance: clean_tables_dag.truncate_tables scheduled__2025-03-10T00:00:00+00:00 [queued]>
[2025-06-07T13:29:55.366+0000] {taskinstance.py:1159} INFO - Dependencies all met for dep_context=requeueable deps ti=<TaskInstance: clean_tables_dag.truncate_tables scheduled__2025-03-10T00:00:00+00:00 [queued]>
[2025-06-07T13:29:55.366+0000] {taskinstance.py:1361} INFO - Starting attempt 1 of 2
[2025-06-07T13:29:55.419+0000] {taskinstance.py:1382} INFO - Executing <Task(PythonOperator): truncate_tables> on 2025-03-10 00:00:00+00:00
[2025-06-07T13:29:55.428+0000] {standard_task_runner.py:57} INFO - Started process 188 to run task
[2025-06-07T13:29:55.431+0000] {standard_task_runner.py:84} INFO - Running: ['airflow', 'tasks', 'run', 'clean_tables_dag', 'truncate_tables', 'scheduled__2025-03-10T00:00:00+00:00', '--job-id', '6', '--raw', '--subdir', 'DAGS_FOLDER/clean_tables.py', '--cfg-path', '/tmp/tmp85e11_83']
[2025-06-07T13:29:55.434+0000] {standard_task_runner.py:85} INFO - Job 6: Subtask truncate_tables
[2025-06-07T13:29:55.504+0000] {logging_mixin.py:151} INFO - Changing /opt/airflow/logs/dag_id=clean_tables_dag/run_id=scheduled__2025-03-10T00:00:00+00:00/task_id=truncate_tables permission to 509
[2025-06-07T13:29:55.504+0000] {logging_mixin.py:151} INFO - Failed to change /opt/airflow/logs/dag_id=clean_tables_dag/run_id=scheduled__2025-03-10T00:00:00+00:00/task_id=truncate_tables permission to 509: [Errno 1] Operation not permitted: '/opt/airflow/logs/dag_id=clean_tables_dag/run_id=scheduled__2025-03-10T00:00:00+00:00/task_id=truncate_tables'
[2025-06-07T13:29:55.508+0000] {task_command.py:416} INFO - Running <TaskInstance: clean_tables_dag.truncate_tables scheduled__2025-03-10T00:00:00+00:00 [running]> on host 2d493ff3eb0a
[2025-06-07T13:29:55.613+0000] {taskinstance.py:1662} INFO - Exporting env vars: AIRFLOW_CTX_DAG_OWNER='airflow' AIRFLOW_CTX_DAG_ID='clean_tables_dag' AIRFLOW_CTX_TASK_ID='truncate_tables' AIRFLOW_CTX_EXECUTION_DATE='2025-03-10T00:00:00+00:00' AIRFLOW_CTX_TRY_NUMBER='1' AIRFLOW_CTX_DAG_RUN_ID='scheduled__2025-03-10T00:00:00+00:00'
[2025-06-07T13:29:55.654+0000] {logging_mixin.py:151} INFO - Les tables ont été vidées avec succès.
[2025-06-07T13:29:55.659+0000] {python.py:194} INFO - Done. Returned value was: None
[2025-06-07T13:29:55.672+0000] {taskinstance.py:1400} INFO - Marking task as SUCCESS. dag_id=clean_tables_dag, task_id=truncate_tables, execution_date=20250310T000000, start_date=20250607T132955, end_date=20250607T132955
[2025-06-07T13:29:55.725+0000] {local_task_job_runner.py:228} INFO - Task exited with return code 0
[2025-06-07T13:29:55.747+0000] {taskinstance.py:2778} INFO - 0 downstream tasks scheduled from follow-on schedule check
[2025-06-07T13:42:37.195+0000] {logging_mixin.py:151} INFO - Changing /opt/airflow/logs/dag_id=clean_tables_dag/run_id=scheduled__2025-03-10T00:00:00+00:00/task_id=truncate_tables permission to 509
[2025-06-07T13:42:37.206+0000] {logging_mixin.py:151} INFO - Failed to change /opt/airflow/logs/dag_id=clean_tables_dag/run_id=scheduled__2025-03-10T00:00:00+00:00/task_id=truncate_tables permission to 509: [Errno 1] Operation not permitted: '/opt/airflow/logs/dag_id=clean_tables_dag/run_id=scheduled__2025-03-10T00:00:00+00:00/task_id=truncate_tables'
[2025-06-07T13:42:37.280+0000] {logging_mixin.py:151} INFO - Changing /opt/airflow/logs/dag_id=clean_tables_dag/run_id=scheduled__2025-03-10T00:00:00+00:00/task_id=truncate_tables permission to 509
[2025-06-07T13:42:37.282+0000] {logging_mixin.py:151} INFO - Failed to change /opt/airflow/logs/dag_id=clean_tables_dag/run_id=scheduled__2025-03-10T00:00:00+00:00/task_id=truncate_tables permission to 509: [Errno 1] Operation not permitted: '/opt/airflow/logs/dag_id=clean_tables_dag/run_id=scheduled__2025-03-10T00:00:00+00:00/task_id=truncate_tables'
[2025-06-07T13:42:37.389+0000] {taskinstance.py:1159} INFO - Dependencies all met for dep_context=non-requeueable deps ti=<TaskInstance: clean_tables_dag.truncate_tables scheduled__2025-03-10T00:00:00+00:00 [queued]>
[2025-06-07T13:42:37.416+0000] {taskinstance.py:1159} INFO - Dependencies all met for dep_context=requeueable deps ti=<TaskInstance: clean_tables_dag.truncate_tables scheduled__2025-03-10T00:00:00+00:00 [queued]>
[2025-06-07T13:42:37.417+0000] {taskinstance.py:1361} INFO - Starting attempt 1 of 2
[2025-06-07T13:42:37.487+0000] {taskinstance.py:1382} INFO - Executing <Task(PythonOperator): truncate_tables> on 2025-03-10 00:00:00+00:00
[2025-06-07T13:42:37.505+0000] {standard_task_runner.py:57} INFO - Started process 381 to run task
[2025-06-07T13:42:37.511+0000] {standard_task_runner.py:84} INFO - Running: ['airflow', 'tasks', 'run', 'clean_tables_dag', 'truncate_tables', 'scheduled__2025-03-10T00:00:00+00:00', '--job-id', '4', '--raw', '--subdir', 'DAGS_FOLDER/clean_tables.py', '--cfg-path', '/tmp/tmpw6sdcvxh']
[2025-06-07T13:42:37.522+0000] {standard_task_runner.py:85} INFO - Job 4: Subtask truncate_tables
[2025-06-07T13:42:37.670+0000] {logging_mixin.py:151} INFO - Changing /opt/airflow/logs/dag_id=clean_tables_dag/run_id=scheduled__2025-03-10T00:00:00+00:00/task_id=truncate_tables permission to 509
[2025-06-07T13:42:37.671+0000] {logging_mixin.py:151} INFO - Failed to change /opt/airflow/logs/dag_id=clean_tables_dag/run_id=scheduled__2025-03-10T00:00:00+00:00/task_id=truncate_tables permission to 509: [Errno 1] Operation not permitted: '/opt/airflow/logs/dag_id=clean_tables_dag/run_id=scheduled__2025-03-10T00:00:00+00:00/task_id=truncate_tables'
[2025-06-07T13:42:37.677+0000] {task_command.py:416} INFO - Running <TaskInstance: clean_tables_dag.truncate_tables scheduled__2025-03-10T00:00:00+00:00 [running]> on host 4cec46ae5e0e
[2025-06-07T13:42:37.983+0000] {taskinstance.py:1662} INFO - Exporting env vars: AIRFLOW_CTX_DAG_OWNER='airflow' AIRFLOW_CTX_DAG_ID='clean_tables_dag' AIRFLOW_CTX_TASK_ID='truncate_tables' AIRFLOW_CTX_EXECUTION_DATE='2025-03-10T00:00:00+00:00' AIRFLOW_CTX_TRY_NUMBER='1' AIRFLOW_CTX_DAG_RUN_ID='scheduled__2025-03-10T00:00:00+00:00'
[2025-06-07T13:42:38.035+0000] {logging_mixin.py:151} INFO - Les tables ont été vidées avec succès.
[2025-06-07T13:42:38.042+0000] {python.py:194} INFO - Done. Returned value was: None
[2025-06-07T13:42:38.060+0000] {taskinstance.py:1400} INFO - Marking task as SUCCESS. dag_id=clean_tables_dag, task_id=truncate_tables, execution_date=20250310T000000, start_date=20250607T134237, end_date=20250607T134238
[2025-06-07T13:42:38.104+0000] {local_task_job_runner.py:228} INFO - Task exited with return code 0
[2025-06-07T13:42:38.137+0000] {taskinstance.py:2778} INFO - 0 downstream tasks scheduled from follow-on schedule check
[2025-06-23T12:38:15.781+0000] {logging_mixin.py:151} INFO - Changing /opt/airflow/logs/dag_id=clean_tables_dag/run_id=scheduled__2025-03-10T00:00:00+00:00/task_id=truncate_tables permission to 509
[2025-06-23T12:38:15.782+0000] {logging_mixin.py:151} INFO - Failed to change /opt/airflow/logs/dag_id=clean_tables_dag/run_id=scheduled__2025-03-10T00:00:00+00:00/task_id=truncate_tables permission to 509: [Errno 1] Operation not permitted: '/opt/airflow/logs/dag_id=clean_tables_dag/run_id=scheduled__2025-03-10T00:00:00+00:00/task_id=truncate_tables'
[2025-06-23T12:38:15.811+0000] {logging_mixin.py:151} INFO - Changing /opt/airflow/logs/dag_id=clean_tables_dag/run_id=scheduled__2025-03-10T00:00:00+00:00/task_id=truncate_tables permission to 509
[2025-06-23T12:38:15.811+0000] {logging_mixin.py:151} INFO - Failed to change /opt/airflow/logs/dag_id=clean_tables_dag/run_id=scheduled__2025-03-10T00:00:00+00:00/task_id=truncate_tables permission to 509: [Errno 1] Operation not permitted: '/opt/airflow/logs/dag_id=clean_tables_dag/run_id=scheduled__2025-03-10T00:00:00+00:00/task_id=truncate_tables'
[2025-06-23T12:38:15.852+0000] {taskinstance.py:1159} INFO - Dependencies all met for dep_context=non-requeueable deps ti=<TaskInstance: clean_tables_dag.truncate_tables scheduled__2025-03-10T00:00:00+00:00 [queued]>
[2025-06-23T12:38:15.861+0000] {taskinstance.py:1159} INFO - Dependencies all met for dep_context=requeueable deps ti=<TaskInstance: clean_tables_dag.truncate_tables scheduled__2025-03-10T00:00:00+00:00 [queued]>
[2025-06-23T12:38:15.862+0000] {taskinstance.py:1361} INFO - Starting attempt 1 of 2
[2025-06-23T12:38:15.876+0000] {taskinstance.py:1382} INFO - Executing <Task(PythonOperator): truncate_tables> on 2025-03-10 00:00:00+00:00
[2025-06-23T12:38:15.882+0000] {standard_task_runner.py:57} INFO - Started process 374 to run task
[2025-06-23T12:38:15.885+0000] {standard_task_runner.py:84} INFO - Running: ['airflow', 'tasks', 'run', 'clean_tables_dag', 'truncate_tables', 'scheduled__2025-03-10T00:00:00+00:00', '--job-id', '9', '--raw', '--subdir', 'DAGS_FOLDER/clean_tables.py', '--cfg-path', '/tmp/tmpkkbp8qgg']
[2025-06-23T12:38:15.887+0000] {standard_task_runner.py:85} INFO - Job 9: Subtask truncate_tables
[2025-06-23T12:38:15.938+0000] {logging_mixin.py:151} INFO - Changing /opt/airflow/logs/dag_id=clean_tables_dag/run_id=scheduled__2025-03-10T00:00:00+00:00/task_id=truncate_tables permission to 509
[2025-06-23T12:38:15.939+0000] {logging_mixin.py:151} INFO - Failed to change /opt/airflow/logs/dag_id=clean_tables_dag/run_id=scheduled__2025-03-10T00:00:00+00:00/task_id=truncate_tables permission to 509: [Errno 1] Operation not permitted: '/opt/airflow/logs/dag_id=clean_tables_dag/run_id=scheduled__2025-03-10T00:00:00+00:00/task_id=truncate_tables'
[2025-06-23T12:38:15.941+0000] {task_command.py:416} INFO - Running <TaskInstance: clean_tables_dag.truncate_tables scheduled__2025-03-10T00:00:00+00:00 [running]> on host efd474e5dada
[2025-06-23T12:38:16.017+0000] {taskinstance.py:1662} INFO - Exporting env vars: AIRFLOW_CTX_DAG_OWNER='airflow' AIRFLOW_CTX_DAG_ID='clean_tables_dag' AIRFLOW_CTX_TASK_ID='truncate_tables' AIRFLOW_CTX_EXECUTION_DATE='2025-03-10T00:00:00+00:00' AIRFLOW_CTX_TRY_NUMBER='1' AIRFLOW_CTX_DAG_RUN_ID='scheduled__2025-03-10T00:00:00+00:00'
[2025-06-23T12:38:16.055+0000] {logging_mixin.py:151} INFO - Les tables ont été vidées avec succès.
[2025-06-23T12:38:16.064+0000] {python.py:194} INFO - Done. Returned value was: None
[2025-06-23T12:38:16.076+0000] {taskinstance.py:1400} INFO - Marking task as SUCCESS. dag_id=clean_tables_dag, task_id=truncate_tables, execution_date=20250310T000000, start_date=20250623T123815, end_date=20250623T123816
[2025-06-23T12:38:16.098+0000] {local_task_job_runner.py:228} INFO - Task exited with return code 0
[2025-06-23T12:38:16.115+0000] {taskinstance.py:2778} INFO - 0 downstream tasks scheduled from follow-on schedule check
